<?xml version="1.0" encoding="UTF-8"?>
<testsuite name="ru.stqa.pft.sandbox.PrimeTests" tests="3" skipped="0" failures="0" errors="0" timestamp="2019-09-27T17:46:24" hostname="SPB-5CD810B9KL" time="54.516">
  <properties/>
  <testcase name="testPrimes" classname="ru.stqa.pft.sandbox.PrimeTests" time="12.182"/>
  <testcase name="testPrimesLong" classname="ru.stqa.pft.sandbox.PrimeTests" time="42.33"/>
  <testcase name="testoNonPrimes" classname="ru.stqa.pft.sandbox.PrimeTests" time="0.0"/>
  <system-out><![CDATA[]]></system-out>
  <system-err><![CDATA[]]></system-err>
</testsuite>
