<?xml version="1.0" encoding="UTF-8"?>
<testsuite name="ru.stqa.pft.secondtask.PointTest" tests="1" skipped="0" failures="0" errors="0" timestamp="2019-09-12T14:42:24" hostname="SPB-5CD810B9KL" time="0.014">
  <properties/>
  <testcase name="testArea" classname="ru.stqa.pft.secondtask.PointTest" time="0.014"/>
  <system-out><![CDATA[]]></system-out>
  <system-err><![CDATA[]]></system-err>
</testsuite>
