<?xml version="1.0" encoding="UTF-8"?>
<testsuite name="ru.stqa.pft.mantis.tests.UserPasswordChangeTests" tests="1" skipped="0" failures="0" errors="0" timestamp="2019-10-28T21:29:21" hostname="SPB-5CD810B9KL" time="19.318">
  <properties/>
  <testcase name="testUserPasswordChange" classname="ru.stqa.pft.mantis.tests.UserPasswordChangeTests" time="19.318"/>
  <system-out><![CDATA[00:29:33.291 [Test worker] DEBUG org.jboss.logging - Logging Provider: org.jboss.logging.Slf4jLoggerProvider
00:29:33.328 [Test worker] DEBUG o.h.i.internal.IntegratorServiceImpl - Adding Integrator [org.hibernate.cfg.beanvalidation.BeanValidationIntegrator].
00:29:33.331 [Test worker] DEBUG o.h.i.internal.IntegratorServiceImpl - Adding Integrator [org.hibernate.secure.spi.JaccIntegrator].
00:29:33.335 [Test worker] DEBUG o.h.i.internal.IntegratorServiceImpl - Adding Integrator [org.hibernate.cache.internal.CollectionCacheInvalidator].
00:29:33.480 [Test worker] INFO  org.hibernate.Version - HHH000412: Hibernate Core {5.1.0.Final}
00:29:33.482 [Test worker] INFO  org.hibernate.cfg.Environment - HHH000206: hibernate.properties not found
00:29:33.485 [Test worker] INFO  org.hibernate.cfg.Environment - HHH000021: Bytecode provider name : javassist
00:29:33.511 [Test worker] DEBUG o.h.b.j.i.s.LocalXmlResourceResolver - Interpreting public/system identifier : [-//Hibernate/Hibernate Configuration DTD 3.0//EN] - [http://www.hibernate.org/dtd/hibernate-configuration-3.0.dtd]
00:29:33.511 [Test worker] DEBUG o.h.b.j.i.s.LocalXmlResourceResolver - Recognized hibernate-configuration identifier; attempting to resolve on classpath under org/hibernate/
00:29:33.519 [Test worker] DEBUG o.h.b.c.internal.JaxbCfgProcessor - cfg.xml document did not define namespaces; wrapping in custom event reader to introduce namespace information
00:29:33.803 [Test worker] DEBUG o.h.service.spi.ServiceBinding - Overriding existing service binding [org.hibernate.secure.spi.JaccService]
00:29:33.835 [Test worker] DEBUG o.h.c.i.RegionFactoryInitiator - Cache region factory : org.hibernate.cache.internal.NoCachingRegionFactory
00:29:33.851 [Test worker] INFO  o.h.annotations.common.Version - HCANN000001: Hibernate Commons Annotations {5.0.1.Final}
00:29:33.891 [Test worker] DEBUG org.hibernate.type.BasicTypeRegistry - Adding type registration boolean -> org.hibernate.type.BooleanType@44c5d7d3
00:29:33.891 [Test worker] DEBUG org.hibernate.type.BasicTypeRegistry - Adding type registration boolean -> org.hibernate.type.BooleanType@44c5d7d3
00:29:33.892 [Test worker] DEBUG org.hibernate.type.BasicTypeRegistry - Adding type registration java.lang.Boolean -> org.hibernate.type.BooleanType@44c5d7d3
00:29:33.895 [Test worker] DEBUG org.hibernate.type.BasicTypeRegistry - Adding type registration numeric_boolean -> org.hibernate.type.NumericBooleanType@6f8d2128
00:29:33.898 [Test worker] DEBUG org.hibernate.type.BasicTypeRegistry - Adding type registration true_false -> org.hibernate.type.TrueFalseType@5dd42dfa
00:29:33.899 [Test worker] DEBUG org.hibernate.type.BasicTypeRegistry - Adding type registration yes_no -> org.hibernate.type.YesNoType@44272e92
00:29:33.902 [Test worker] DEBUG org.hibernate.type.BasicTypeRegistry - Adding type registration byte -> org.hibernate.type.ByteType@57382c06
00:29:33.903 [Test worker] DEBUG org.hibernate.type.BasicTypeRegistry - Adding type registration byte -> org.hibernate.type.ByteType@57382c06
00:29:33.904 [Test worker] DEBUG org.hibernate.type.BasicTypeRegistry - Adding type registration java.lang.Byte -> org.hibernate.type.ByteType@57382c06
00:29:33.906 [Test worker] DEBUG org.hibernate.type.BasicTypeRegistry - Adding type registration character -> org.hibernate.type.CharacterType@37b7612a
00:29:33.906 [Test worker] DEBUG org.hibernate.type.BasicTypeRegistry - Adding type registration char -> org.hibernate.type.CharacterType@37b7612a
00:29:33.906 [Test worker] DEBUG org.hibernate.type.BasicTypeRegistry - Adding type registration java.lang.Character -> org.hibernate.type.CharacterType@37b7612a
00:29:33.910 [Test worker] DEBUG org.hibernate.type.BasicTypeRegistry - Adding type registration short -> org.hibernate.type.ShortType@11eddf9
00:29:33.910 [Test worker] DEBUG org.hibernate.type.BasicTypeRegistry - Adding type registration short -> org.hibernate.type.ShortType@11eddf9
00:29:33.911 [Test worker] DEBUG org.hibernate.type.BasicTypeRegistry - Adding type registration java.lang.Short -> org.hibernate.type.ShortType@11eddf9
00:29:33.913 [Test worker] DEBUG org.hibernate.type.BasicTypeRegistry - Adding type registration integer -> org.hibernate.type.IntegerType@44214019
00:29:33.913 [Test worker] DEBUG org.hibernate.type.BasicTypeRegistry - Adding type registration int -> org.hibernate.type.IntegerType@44214019
00:29:33.914 [Test worker] DEBUG org.hibernate.type.BasicTypeRegistry - Adding type registration java.lang.Integer -> org.hibernate.type.IntegerType@44214019
00:29:33.917 [Test worker] DEBUG org.hibernate.type.BasicTypeRegistry - Adding type registration long -> org.hibernate.type.LongType@2eb738f7
00:29:33.917 [Test worker] DEBUG org.hibernate.type.BasicTypeRegistry - Adding type registration long -> org.hibernate.type.LongType@2eb738f7
00:29:33.917 [Test worker] DEBUG org.hibernate.type.BasicTypeRegistry - Adding type registration java.lang.Long -> org.hibernate.type.LongType@2eb738f7
00:29:33.920 [Test worker] DEBUG org.hibernate.type.BasicTypeRegistry - Adding type registration float -> org.hibernate.type.FloatType@4a8e73cf
00:29:33.920 [Test worker] DEBUG org.hibernate.type.BasicTypeRegistry - Adding type registration float -> org.hibernate.type.FloatType@4a8e73cf
00:29:33.921 [Test worker] DEBUG org.hibernate.type.BasicTypeRegistry - Adding type registration java.lang.Float -> org.hibernate.type.FloatType@4a8e73cf
00:29:33.922 [Test worker] DEBUG org.hibernate.type.BasicTypeRegistry - Adding type registration double -> org.hibernate.type.DoubleType@1ba3cc9f
00:29:33.923 [Test worker] DEBUG org.hibernate.type.BasicTypeRegistry - Adding type registration double -> org.hibernate.type.DoubleType@1ba3cc9f
00:29:33.923 [Test worker] DEBUG org.hibernate.type.BasicTypeRegistry - Adding type registration java.lang.Double -> org.hibernate.type.DoubleType@1ba3cc9f
00:29:33.926 [Test worker] DEBUG org.hibernate.type.BasicTypeRegistry - Adding type registration big_decimal -> org.hibernate.type.BigDecimalType@763e8b79
00:29:33.926 [Test worker] DEBUG org.hibernate.type.BasicTypeRegistry - Adding type registration java.math.BigDecimal -> org.hibernate.type.BigDecimalType@763e8b79
00:29:33.928 [Test worker] DEBUG org.hibernate.type.BasicTypeRegistry - Adding type registration big_integer -> org.hibernate.type.BigIntegerType@ef7870d
00:29:33.929 [Test worker] DEBUG org.hibernate.type.BasicTypeRegistry - Adding type registration java.math.BigInteger -> org.hibernate.type.BigIntegerType@ef7870d
00:29:33.931 [Test worker] DEBUG org.hibernate.type.BasicTypeRegistry - Adding type registration string -> org.hibernate.type.StringType@2e8b95f0
00:29:33.931 [Test worker] DEBUG org.hibernate.type.BasicTypeRegistry - Adding type registration java.lang.String -> org.hibernate.type.StringType@2e8b95f0
00:29:33.933 [Test worker] DEBUG org.hibernate.type.BasicTypeRegistry - Adding type registration nstring -> org.hibernate.type.StringNVarcharType@442e5d82
00:29:33.935 [Test worker] DEBUG org.hibernate.type.BasicTypeRegistry - Adding type registration ncharacter -> org.hibernate.type.CharacterNCharType@650fed68
00:29:33.937 [Test worker] DEBUG org.hibernate.type.BasicTypeRegistry - Adding type registration url -> org.hibernate.type.UrlType@60544a32
00:29:33.937 [Test worker] DEBUG org.hibernate.type.BasicTypeRegistry - Adding type registration java.net.URL -> org.hibernate.type.UrlType@60544a32
00:29:33.940 [Test worker] DEBUG org.hibernate.type.BasicTypeRegistry - Adding type registration date -> org.hibernate.type.DateType@624adbda
00:29:33.941 [Test worker] DEBUG org.hibernate.type.BasicTypeRegistry - Adding type registration java.sql.Date -> org.hibernate.type.DateType@624adbda
00:29:33.944 [Test worker] DEBUG org.hibernate.type.BasicTypeRegistry - Adding type registration time -> org.hibernate.type.TimeType@692156c4
00:29:33.944 [Test worker] DEBUG org.hibernate.type.BasicTypeRegistry - Adding type registration java.sql.Time -> org.hibernate.type.TimeType@692156c4
00:29:33.947 [Test worker] DEBUG org.hibernate.type.BasicTypeRegistry - Adding type registration timestamp -> org.hibernate.type.TimestampType@35129b27
00:29:33.949 [Test worker] DEBUG org.hibernate.type.BasicTypeRegistry - Adding type registration java.sql.Timestamp -> org.hibernate.type.TimestampType@35129b27
00:29:33.949 [Test worker] DEBUG org.hibernate.type.BasicTypeRegistry - Adding type registration java.util.Date -> org.hibernate.type.TimestampType@35129b27
00:29:33.952 [Test worker] DEBUG org.hibernate.type.BasicTypeRegistry - Adding type registration dbtimestamp -> org.hibernate.type.DbTimestampType@24e7a3c0
00:29:33.954 [Test worker] DEBUG org.hibernate.type.BasicTypeRegistry - Adding type registration calendar -> org.hibernate.type.CalendarType@4b81780c
00:29:33.954 [Test worker] DEBUG org.hibernate.type.BasicTypeRegistry - Adding type registration java.util.Calendar -> org.hibernate.type.CalendarType@4b81780c
00:29:33.954 [Test worker] DEBUG org.hibernate.type.BasicTypeRegistry - Adding type registration java.util.GregorianCalendar -> org.hibernate.type.CalendarType@4b81780c
00:29:33.955 [Test worker] DEBUG org.hibernate.type.BasicTypeRegistry - Adding type registration calendar_date -> org.hibernate.type.CalendarDateType@85f5e60
00:29:33.957 [Test worker] DEBUG org.hibernate.type.BasicTypeRegistry - Adding type registration locale -> org.hibernate.type.LocaleType@6287ade3
00:29:33.957 [Test worker] DEBUG org.hibernate.type.BasicTypeRegistry - Adding type registration java.util.Locale -> org.hibernate.type.LocaleType@6287ade3
00:29:33.960 [Test worker] DEBUG org.hibernate.type.BasicTypeRegistry - Adding type registration currency -> org.hibernate.type.CurrencyType@62479f49
00:29:33.960 [Test worker] DEBUG org.hibernate.type.BasicTypeRegistry - Adding type registration java.util.Currency -> org.hibernate.type.CurrencyType@62479f49
00:29:33.962 [Test worker] DEBUG org.hibernate.type.BasicTypeRegistry - Adding type registration timezone -> org.hibernate.type.TimeZoneType@41235792
00:29:33.963 [Test worker] DEBUG org.hibernate.type.BasicTypeRegistry - Adding type registration java.util.TimeZone -> org.hibernate.type.TimeZoneType@41235792
00:29:33.964 [Test worker] DEBUG org.hibernate.type.BasicTypeRegistry - Adding type registration class -> org.hibernate.type.ClassType@746dcca3
00:29:33.965 [Test worker] DEBUG org.hibernate.type.BasicTypeRegistry - Adding type registration java.lang.Class -> org.hibernate.type.ClassType@746dcca3
00:29:33.968 [Test worker] DEBUG org.hibernate.type.BasicTypeRegistry - Adding type registration uuid-binary -> org.hibernate.type.UUIDBinaryType@26696629
00:29:33.968 [Test worker] DEBUG org.hibernate.type.BasicTypeRegistry - Adding type registration java.util.UUID -> org.hibernate.type.UUIDBinaryType@26696629
00:29:33.969 [Test worker] DEBUG org.hibernate.type.BasicTypeRegistry - Adding type registration uuid-char -> org.hibernate.type.UUIDCharType@7fe6ce32
00:29:33.972 [Test worker] DEBUG org.hibernate.type.BasicTypeRegistry - Adding type registration binary -> org.hibernate.type.BinaryType@4fedeb8a
00:29:33.972 [Test worker] DEBUG org.hibernate.type.BasicTypeRegistry - Adding type registration byte[] -> org.hibernate.type.BinaryType@4fedeb8a
00:29:33.972 [Test worker] DEBUG org.hibernate.type.BasicTypeRegistry - Adding type registration [B -> org.hibernate.type.BinaryType@4fedeb8a
00:29:33.974 [Test worker] DEBUG org.hibernate.type.BasicTypeRegistry - Adding type registration wrapper-binary -> org.hibernate.type.WrapperBinaryType@45e0ad49
00:29:33.975 [Test worker] DEBUG org.hibernate.type.BasicTypeRegistry - Adding type registration Byte[] -> org.hibernate.type.WrapperBinaryType@45e0ad49
00:29:33.975 [Test worker] DEBUG org.hibernate.type.BasicTypeRegistry - Adding type registration [Ljava.lang.Byte; -> org.hibernate.type.WrapperBinaryType@45e0ad49
00:29:33.977 [Test worker] DEBUG org.hibernate.type.BasicTypeRegistry - Adding type registration image -> org.hibernate.type.ImageType@29070567
00:29:33.978 [Test worker] DEBUG org.hibernate.type.BasicTypeRegistry - Adding type registration characters -> org.hibernate.type.CharArrayType@1bd306ce
00:29:33.979 [Test worker] DEBUG org.hibernate.type.BasicTypeRegistry - Adding type registration char[] -> org.hibernate.type.CharArrayType@1bd306ce
00:29:33.979 [Test worker] DEBUG org.hibernate.type.BasicTypeRegistry - Adding type registration [C -> org.hibernate.type.CharArrayType@1bd306ce
00:29:33.981 [Test worker] DEBUG org.hibernate.type.BasicTypeRegistry - Adding type registration wrapper-characters -> org.hibernate.type.CharacterArrayType@1efb8755
00:29:33.982 [Test worker] DEBUG org.hibernate.type.BasicTypeRegistry - Adding type registration [Ljava.lang.Character; -> org.hibernate.type.CharacterArrayType@1efb8755
00:29:33.982 [Test worker] DEBUG org.hibernate.type.BasicTypeRegistry - Adding type registration Character[] -> org.hibernate.type.CharacterArrayType@1efb8755
00:29:33.984 [Test worker] DEBUG org.hibernate.type.BasicTypeRegistry - Adding type registration text -> org.hibernate.type.TextType@6a6f3473
00:29:33.984 [Test worker] DEBUG org.hibernate.type.BasicTypeRegistry - Adding type registration ntext -> org.hibernate.type.NTextType@36bad493
00:29:33.992 [Test worker] DEBUG org.hibernate.type.BasicTypeRegistry - Adding type registration blob -> org.hibernate.type.BlobType@44ce6b42
00:29:33.992 [Test worker] DEBUG org.hibernate.type.BasicTypeRegistry - Adding type registration java.sql.Blob -> org.hibernate.type.BlobType@44ce6b42
00:29:33.993 [Test worker] DEBUG org.hibernate.type.BasicTypeRegistry - Adding type registration materialized_blob -> org.hibernate.type.MaterializedBlobType@3c821f07
00:29:33.998 [Test worker] DEBUG org.hibernate.type.BasicTypeRegistry - Adding type registration clob -> org.hibernate.type.ClobType@75e8186
00:29:33.998 [Test worker] DEBUG org.hibernate.type.BasicTypeRegistry - Adding type registration java.sql.Clob -> org.hibernate.type.ClobType@75e8186
00:29:34.002 [Test worker] DEBUG org.hibernate.type.BasicTypeRegistry - Adding type registration nclob -> org.hibernate.type.NClobType@79029aec
00:29:34.003 [Test worker] DEBUG org.hibernate.type.BasicTypeRegistry - Adding type registration java.sql.NClob -> org.hibernate.type.NClobType@79029aec
00:29:34.004 [Test worker] DEBUG org.hibernate.type.BasicTypeRegistry - Adding type registration materialized_clob -> org.hibernate.type.MaterializedClobType@33e97408
00:29:34.004 [Test worker] DEBUG org.hibernate.type.BasicTypeRegistry - Adding type registration materialized_nclob -> org.hibernate.type.MaterializedNClobType@1c197b50
00:29:34.008 [Test worker] DEBUG org.hibernate.type.BasicTypeRegistry - Adding type registration serializable -> org.hibernate.type.SerializableType@1d9c5717
00:29:34.013 [Test worker] DEBUG org.hibernate.type.BasicTypeRegistry - Adding type registration object -> org.hibernate.type.ObjectType@43d617a3
00:29:34.013 [Test worker] DEBUG org.hibernate.type.BasicTypeRegistry - Adding type registration java.lang.Object -> org.hibernate.type.ObjectType@43d617a3
00:29:34.014 [Test worker] DEBUG org.hibernate.type.BasicTypeRegistry - Adding type registration imm_date -> org.hibernate.type.AdaptedImmutableType@1a5f1c11
00:29:34.015 [Test worker] DEBUG org.hibernate.type.BasicTypeRegistry - Adding type registration imm_time -> org.hibernate.type.AdaptedImmutableType@69476bf6
00:29:34.015 [Test worker] DEBUG org.hibernate.type.BasicTypeRegistry - Adding type registration imm_timestamp -> org.hibernate.type.AdaptedImmutableType@170692f3
00:29:34.015 [Test worker] DEBUG org.hibernate.type.BasicTypeRegistry - Adding type registration imm_dbtimestamp -> org.hibernate.type.AdaptedImmutableType@73e9a7
00:29:34.015 [Test worker] DEBUG org.hibernate.type.BasicTypeRegistry - Adding type registration imm_calendar -> org.hibernate.type.AdaptedImmutableType@62aed22c
00:29:34.015 [Test worker] DEBUG org.hibernate.type.BasicTypeRegistry - Adding type registration imm_calendar_date -> org.hibernate.type.AdaptedImmutableType@30640d54
00:29:34.015 [Test worker] DEBUG org.hibernate.type.BasicTypeRegistry - Adding type registration imm_binary -> org.hibernate.type.AdaptedImmutableType@13d690a1
00:29:34.016 [Test worker] DEBUG org.hibernate.type.BasicTypeRegistry - Adding type registration imm_serializable -> org.hibernate.type.AdaptedImmutableType@cf77dad
00:29:34.033 [Test worker] WARN  org.hibernate.orm.connections - HHH10001002: Using Hibernate built-in connection pool (not for production use!)
00:29:34.046 [Test worker] INFO  org.hibernate.orm.connections - HHH10001005: using driver [com.mysql.jdbc.Driver] at URL [jdbc:mysql://localhost:3306/bugtracker?serverTimezone=UTC]
00:29:34.050 [Test worker] INFO  org.hibernate.orm.connections - HHH10001001: Connection properties: {user=root, password=}
00:29:34.050 [Test worker] INFO  org.hibernate.orm.connections - HHH10001003: Autocommit mode: false
00:29:34.055 [Test worker] DEBUG o.h.e.j.c.i.DriverManagerConnectionProviderImpl - Initializing Connection pool with 1 Connections
00:29:34.055 [Test worker] INFO  o.h.e.j.c.i.DriverManagerConnectionProviderImpl - HHH000115: Hibernate connection pool size: 1 (min=1)
00:29:34.319 [Test worker] DEBUG o.h.e.j.e.i.JdbcEnvironmentInitiator - Database ->
       name : MySQL
    version : 5.5.5-10.4.6-MariaDB
      major : 5
      minor : 5
00:29:34.319 [Test worker] DEBUG o.h.e.j.e.i.JdbcEnvironmentInitiator - Driver ->
       name : MySQL Connector/J
    version : mysql-connector-java-8.0.18 (Revision: fef2894d751d47223192b706977b4a5bc41e6be4)
      major : 8
      minor : 0
00:29:34.319 [Test worker] DEBUG o.h.e.j.e.i.JdbcEnvironmentInitiator - JDBC version : 4.2
00:29:34.337 [Test worker] INFO  org.hibernate.dialect.Dialect - HHH000400: Using dialect: org.hibernate.dialect.MySQLDialect
00:29:34.360 [Test worker] DEBUG o.h.e.j.c.i.StandardRefCursorSupport - Unexpected error trying to gauge level of JDBC REF_CURSOR support : null
00:29:34.403 [Test worker] DEBUG o.h.e.j.e.s.IdentifierHelperBuilder - JDBC driver metadata reported database stores quoted identifiers in more than one case
00:29:34.407 [Test worker] DEBUG o.h.e.j.e.s.IdentifierHelperBuilder - IdentifierCaseStrategy for both quoted and unquoted identifiers was set to the same strategy [LOWER]; that will likely lead to problems in schema update and validation if using quoted identifiers
00:29:34.469 [Test worker] DEBUG o.h.i.f.i.DefaultIdentifierGeneratorFactory - Registering IdentifierGenerator strategy [uuid2] -> [org.hibernate.id.UUIDGenerator]
00:29:34.470 [Test worker] DEBUG o.h.i.f.i.DefaultIdentifierGeneratorFactory - Registering IdentifierGenerator strategy [guid] -> [org.hibernate.id.GUIDGenerator]
00:29:34.472 [Test worker] DEBUG o.h.i.f.i.DefaultIdentifierGeneratorFactory - Registering IdentifierGenerator strategy [uuid] -> [org.hibernate.id.UUIDHexGenerator]
00:29:34.472 [Test worker] DEBUG o.h.i.f.i.DefaultIdentifierGeneratorFactory - Registering IdentifierGenerator strategy [uuid.hex] -> [org.hibernate.id.UUIDHexGenerator]
00:29:34.473 [Test worker] DEBUG o.h.i.f.i.DefaultIdentifierGeneratorFactory - Registering IdentifierGenerator strategy [assigned] -> [org.hibernate.id.Assigned]
00:29:34.475 [Test worker] DEBUG o.h.i.f.i.DefaultIdentifierGeneratorFactory - Registering IdentifierGenerator strategy [identity] -> [org.hibernate.id.IdentityGenerator]
00:29:34.478 [Test worker] DEBUG o.h.i.f.i.DefaultIdentifierGeneratorFactory - Registering IdentifierGenerator strategy [select] -> [org.hibernate.id.SelectGenerator]
00:29:34.480 [Test worker] DEBUG o.h.i.f.i.DefaultIdentifierGeneratorFactory - Registering IdentifierGenerator strategy [sequence] -> [org.hibernate.id.enhanced.SequenceStyleGenerator]
00:29:34.482 [Test worker] DEBUG o.h.i.f.i.DefaultIdentifierGeneratorFactory - Registering IdentifierGenerator strategy [seqhilo] -> [org.hibernate.id.SequenceHiLoGenerator]
00:29:34.484 [Test worker] DEBUG o.h.i.f.i.DefaultIdentifierGeneratorFactory - Registering IdentifierGenerator strategy [increment] -> [org.hibernate.id.IncrementGenerator]
00:29:34.485 [Test worker] DEBUG o.h.i.f.i.DefaultIdentifierGeneratorFactory - Registering IdentifierGenerator strategy [foreign] -> [org.hibernate.id.ForeignGenerator]
00:29:34.487 [Test worker] DEBUG o.h.i.f.i.DefaultIdentifierGeneratorFactory - Registering IdentifierGenerator strategy [sequence-identity] -> [org.hibernate.id.SequenceIdentityGenerator]
00:29:34.488 [Test worker] DEBUG o.h.i.f.i.DefaultIdentifierGeneratorFactory - Registering IdentifierGenerator strategy [enhanced-sequence] -> [org.hibernate.id.enhanced.SequenceStyleGenerator]
00:29:34.489 [Test worker] DEBUG o.h.i.f.i.DefaultIdentifierGeneratorFactory - Registering IdentifierGenerator strategy [enhanced-table] -> [org.hibernate.id.enhanced.TableGenerator]
00:29:34.543 [Test worker] DEBUG o.h.boot.model.relational.Namespace - Created database namespace [logicalName=Name{catalog=null, schema=null}, physicalName=Name{catalog=null, schema=null}]
00:29:34.589 [Test worker] DEBUG org.hibernate.cfg.AnnotationBinder - Binding entity from annotated class: ru.stqa.pft.mantis.model.UserData
00:29:34.632 [Test worker] DEBUG org.hibernate.cfg.Ejb3Column - Binding column: Ejb3DiscriminatorColumn{logicalColumnName'DTYPE', discriminatorTypeName='string'}
00:29:34.645 [Test worker] DEBUG o.h.cfg.annotations.EntityBinder - Import with entity name UserData
00:29:34.653 [Test worker] DEBUG o.h.cfg.annotations.EntityBinder - Bind entity ru.stqa.pft.mantis.model.UserData on table mantis_user_table
00:29:34.695 [Test worker] DEBUG org.hibernate.cfg.Ejb3Column - Binding column: Ejb3Column{table=org.hibernate.mapping.Table(mantis_user_table), mappingColumn=id, insertable=true, updatable=true, unique=false}
00:29:34.702 [Test worker] DEBUG o.h.cfg.annotations.PropertyBinder - MetadataSourceProcessor property id with lazy=false
00:29:34.706 [Test worker] DEBUG o.h.cfg.AbstractPropertyHolder - Attempting to locate auto-apply AttributeConverter for property [ru.stqa.pft.mantis.model.UserData:id]
00:29:34.709 [Test worker] DEBUG o.h.c.annotations.SimpleValueBinder - building SimpleValue for id
00:29:34.712 [Test worker] DEBUG o.h.cfg.annotations.PropertyBinder - Building property id
00:29:34.718 [Test worker] DEBUG org.hibernate.cfg.Ejb3Column - Binding column: Ejb3Column{table=org.hibernate.mapping.Table(mantis_user_table), mappingColumn=email, insertable=true, updatable=true, unique=false}
00:29:34.718 [Test worker] DEBUG o.h.cfg.annotations.PropertyBinder - MetadataSourceProcessor property email with lazy=false
00:29:34.719 [Test worker] DEBUG o.h.cfg.AbstractPropertyHolder - Attempting to locate auto-apply AttributeConverter for property [ru.stqa.pft.mantis.model.UserData:email]
00:29:34.719 [Test worker] DEBUG o.h.c.annotations.SimpleValueBinder - building SimpleValue for email
00:29:34.719 [Test worker] DEBUG o.h.cfg.annotations.PropertyBinder - Building property email
00:29:34.720 [Test worker] DEBUG org.hibernate.cfg.Ejb3Column - Binding column: Ejb3Column{table=org.hibernate.mapping.Table(mantis_user_table), mappingColumn=password, insertable=true, updatable=true, unique=false}
00:29:34.720 [Test worker] DEBUG o.h.cfg.annotations.PropertyBinder - MetadataSourceProcessor property password with lazy=false
00:29:34.720 [Test worker] DEBUG o.h.cfg.AbstractPropertyHolder - Attempting to locate auto-apply AttributeConverter for property [ru.stqa.pft.mantis.model.UserData:password]
00:29:34.720 [Test worker] DEBUG o.h.c.annotations.SimpleValueBinder - building SimpleValue for password
00:29:34.720 [Test worker] DEBUG o.h.cfg.annotations.PropertyBinder - Building property password
00:29:34.721 [Test worker] DEBUG org.hibernate.cfg.Ejb3Column - Binding column: Ejb3Column{table=org.hibernate.mapping.Table(mantis_user_table), mappingColumn=username, insertable=true, updatable=true, unique=false}
00:29:34.721 [Test worker] DEBUG o.h.cfg.annotations.PropertyBinder - MetadataSourceProcessor property username with lazy=false
00:29:34.721 [Test worker] DEBUG o.h.cfg.AbstractPropertyHolder - Attempting to locate auto-apply AttributeConverter for property [ru.stqa.pft.mantis.model.UserData:username]
00:29:34.722 [Test worker] DEBUG o.h.c.annotations.SimpleValueBinder - building SimpleValue for username
00:29:34.722 [Test worker] DEBUG o.h.cfg.annotations.PropertyBinder - Building property username
00:29:34.724 [Test worker] DEBUG o.h.c.annotations.SimpleValueBinder - Starting fillSimpleValue for id
00:29:34.724 [Test worker] DEBUG o.h.c.annotations.SimpleValueBinder - Starting fillSimpleValue for email
00:29:34.725 [Test worker] DEBUG o.h.c.annotations.SimpleValueBinder - Starting fillSimpleValue for password
00:29:34.725 [Test worker] DEBUG o.h.c.annotations.SimpleValueBinder - Starting fillSimpleValue for username
00:29:34.728 [Test worker] DEBUG org.hibernate.mapping.PrimaryKey - Forcing column [id] to be non-null as it is part of the primary key for table [mantis_user_table]
00:29:34.783 [Test worker] DEBUG o.h.internal.SessionFactoryImpl - Building session factory
00:29:34.785 [Test worker] DEBUG org.hibernate.cfg.Settings - SessionFactory name : null
00:29:34.785 [Test worker] DEBUG org.hibernate.cfg.Settings - Automatic flush during beforeCompletion(): disabled
00:29:34.785 [Test worker] DEBUG org.hibernate.cfg.Settings - Automatic session close at end of transaction: disabled
00:29:34.786 [Test worker] DEBUG org.hibernate.cfg.Settings - Statistics: disabled
00:29:34.786 [Test worker] DEBUG org.hibernate.cfg.Settings - Deleted entity synthetic identifier rollback: disabled
00:29:34.786 [Test worker] DEBUG org.hibernate.cfg.Settings - Default entity-mode: pojo
00:29:34.786 [Test worker] DEBUG org.hibernate.cfg.Settings - Check Nullability in Core (should be disabled when Bean Validation is on): enabled
00:29:34.786 [Test worker] DEBUG org.hibernate.cfg.Settings - Allow initialization of lazy state outside session : disabled
00:29:34.787 [Test worker] DEBUG org.hibernate.cfg.Settings - Using BatchFetchStyle : LEGACY
00:29:34.787 [Test worker] DEBUG org.hibernate.cfg.Settings - Default batch fetch size: -1
00:29:34.787 [Test worker] DEBUG org.hibernate.cfg.Settings - Maximum outer join fetch depth: 2
00:29:34.787 [Test worker] DEBUG org.hibernate.cfg.Settings - Default null ordering: NONE
00:29:34.788 [Test worker] DEBUG org.hibernate.cfg.Settings - Order SQL updates by primary key: disabled
00:29:34.788 [Test worker] DEBUG org.hibernate.cfg.Settings - Order SQL inserts for batching: disabled
00:29:34.788 [Test worker] DEBUG org.hibernate.cfg.Settings - multi-tenancy strategy : NONE
00:29:34.789 [Test worker] DEBUG org.hibernate.cfg.Settings - JTA Track by Thread: enabled
00:29:34.790 [Test worker] DEBUG org.hibernate.cfg.Settings - Query language substitutions: {}
00:29:34.791 [Test worker] DEBUG org.hibernate.cfg.Settings - JPA query language strict compliance: disabled
00:29:34.791 [Test worker] DEBUG org.hibernate.cfg.Settings - Named query checking : enabled
00:29:34.791 [Test worker] DEBUG org.hibernate.cfg.Settings - Second-level cache: enabled
00:29:34.792 [Test worker] DEBUG org.hibernate.cfg.Settings - Second-level query cache: disabled
00:29:34.792 [Test worker] DEBUG org.hibernate.cfg.Settings - Second-level query cache factory: org.hibernate.cache.internal.StandardQueryCacheFactory@5f36d325
00:29:34.792 [Test worker] DEBUG org.hibernate.cfg.Settings - Second-level cache region prefix: null
00:29:34.792 [Test worker] DEBUG org.hibernate.cfg.Settings - Optimize second-level cache for minimal puts: disabled
00:29:34.792 [Test worker] DEBUG org.hibernate.cfg.Settings - Structured second-level cache entries: disabled
00:29:34.792 [Test worker] DEBUG org.hibernate.cfg.Settings - Second-level cache direct-reference entries: disabled
00:29:34.792 [Test worker] DEBUG org.hibernate.cfg.Settings - Automatic eviction of collection cache: disabled
00:29:34.792 [Test worker] DEBUG org.hibernate.cfg.Settings - JDBC batch size: 15
00:29:34.792 [Test worker] DEBUG org.hibernate.cfg.Settings - JDBC batch updates for versioned data: enabled
00:29:34.793 [Test worker] DEBUG org.hibernate.cfg.Settings - Scrollable result sets: enabled
00:29:34.793 [Test worker] DEBUG org.hibernate.cfg.Settings - Wrap result sets: disabled
00:29:34.793 [Test worker] DEBUG org.hibernate.cfg.Settings - JDBC3 getGeneratedKeys(): enabled
00:29:34.794 [Test worker] DEBUG org.hibernate.cfg.Settings - JDBC result set fetch size: null
00:29:34.794 [Test worker] DEBUG org.hibernate.cfg.Settings - Connection release mode: ON_CLOSE
00:29:34.794 [Test worker] DEBUG org.hibernate.cfg.Settings - Generate SQL with comments: disabled
00:29:34.867 [Test worker] DEBUG o.h.internal.SessionFactoryImpl - Session factory constructed with filter configurations : {}
00:29:34.868 [Test worker] DEBUG o.h.internal.SessionFactoryImpl - Instantiating session factory with properties: {java.vendor=Oracle Corporation, show_sql=true, sun.java.launcher=SUN_STANDARD, hibernate.connection.url=jdbc:mysql://localhost:3306/bugtracker?serverTimezone=UTC, sun.management.compiler=HotSpot 64-Bit Tiered Compilers, os.name=Windows 10, hbm2ddl.auto=validate, sun.boot.class.path=C:\Program Files\Java\jdk1.8.0_161\jre\lib\resources.jar;C:\Program Files\Java\jdk1.8.0_161\jre\lib\rt.jar;C:\Program Files\Java\jdk1.8.0_161\jre\lib\sunrsasign.jar;C:\Program Files\Java\jdk1.8.0_161\jre\lib\jsse.jar;C:\Program Files\Java\jdk1.8.0_161\jre\lib\jce.jar;C:\Program Files\Java\jdk1.8.0_161\jre\lib\charsets.jar;C:\Program Files\Java\jdk1.8.0_161\jre\lib\jfr.jar;C:\Program Files\Java\jdk1.8.0_161\jre\classes, sun.desktop=windows, java.vm.specification.vendor=Oracle Corporation, java.runtime.version=1.8.0_161-b12, hibernate.cache.provider_class=org.hibernate.cache.internal.NoCacheProvider, user.name=o.grigoreva, connection.driver_class=com.mysql.jdbc.Driver, user.language=ru, sun.boot.library.path=C:\Program Files\Java\jdk1.8.0_161\jre\bin, dialect=org.hibernate.dialect.MySQLDialect, java.version=1.8.0_161, user.timezone=Europe/Moscow, sun.arch.data.model=64, java.endorsed.dirs=C:\Program Files\Java\jdk1.8.0_161\jre\lib\endorsed, sun.cpu.isalist=amd64, sun.jnu.encoding=Cp1251, file.encoding.pkg=sun.io, file.separator=\, java.specification.name=Java Platform API Specification, java.class.version=52.0, user.country=RU, connection.url=jdbc:mysql://localhost:3306/bugtracker?serverTimezone=UTC, java.home=C:\Program Files\Java\jdk1.8.0_161\jre, java.vm.info=mixed mode, os.version=10.0, hibernate.boot.CfgXmlAccessService.key=org.hibernate.boot.cfgxml.spi.LoadedConfig@1a07049e, path.separator=;, connection.password=, java.vm.version=25.161-b12, hibernate.connection.password=, user.variant=, java.awt.printerjob=sun.awt.windows.WPrinterJob, sun.io.unicode.encoding=UnicodeLittle, awt.toolkit=sun.awt.windows.WToolkit, hibernate.connection.username=root, user.script=, user.home=C:\Users\o.grigoreva, java.specification.vendor=Oracle Corporation, hibernate.hbm2ddl.auto=validate, org.gradle.test.worker=19, java.library.path=C:\Program Files\Java\jdk1.8.0_161\bin;C:\WINDOWS\Sun\Java\bin;C:\WINDOWS\system32;C:\WINDOWS;C:\Program Files\Java\jdk1.8.0_161\\bin;C:\ProgramData\Oracle\Java\javapath;C:\Program Files (x86)\Common Files\Oracle\Java\javapath;C:\WINDOWS\system32;C:\WINDOWS;C:\WINDOWS\System32\Wbem;C:\WINDOWS\System32\WindowsPowerShell\v1.0\;C:\Program Files (x86)\Microsoft SQL Server\Client SDK\ODBC\130\Tools\Binn\;C:\Program Files (x86)\Microsoft SQL Server\140\Tools\Binn\;C:\Program Files (x86)\Microsoft SQL Server\140\DTS\Binn\;C:\Program Files (x86)\Microsoft SQL Server\140\Tools\Binn\ManagementStudio\;C:\Program Files\Intel\WiFi\bin\;C:\Program Files\Common Files\Intel\WirelessCommon\;C:\WINDOWS\System32\OpenSSH\;C:\Program Files (x86)\Intel\Intel(R) Management Engine Components\DAL;C:\Program Files\Intel\Intel(R) Management Engine Components\DAL;C:\Program Files (x86)\PICT\;C:\Program Files\Git\cmd;C:\Program Files\Git\mingw64\bin;C:\Program Files\Git\usr\bin;C:\Tools;C:\Users\o.grigoreva\AppData\Local\Microsoft\WindowsApps;C:\Users\o.grigoreva\AppData\Local\Programs\Fiddler;C:\Users\o.grigoreva\AppData\Local\Microsoft\WindowsApps;C:\Users\o.grigoreva\AppData\Local\GitHubDesktop\bin;., java.vendor.url=http://java.oracle.com/, hibernate.connection.driver_class=com.mysql.jdbc.Driver, connection.username=root, java.vm.vendor=Oracle Corporation, hibernate.dialect=org.hibernate.dialect.MySQLDialect, java.runtime.name=Java(TM) SE Runtime Environment, sun.java.command=worker.org.gradle.process.internal.worker.GradleWorkerMain 'Gradle Test Executor 19', java.class.path=E:\MY_REPOSITORIES\java_pft\mantis-tests\build\classes\java\test;E:\MY_REPOSITORIES\java_pft\mantis-tests\build\resources\test;E:\MY_REPOSITORIES\java_pft\mantis-tests\build\classes\java\main;E:\MY_REPOSITORIES\java_pft\mantis-tests\build\resources\main;C:\Users\o.grigoreva\.gradle\caches\modules-2\files-2.1\org.testng\testng\6.9.10\6feb3e964aeb7097aff30c372aac3ec0f8d87ede\testng-6.9.10.jar;C:\Users\o.grigoreva\.gradle\caches\modules-2\files-2.1\org.seleniumhq.selenium\selenium-java\4.0.0-alpha-2\8f2a279fc4fd4f4ced4acf17501817682f8b2cd7\selenium-java-4.0.0-alpha-2.jar;C:\Users\o.grigoreva\.gradle\caches\modules-2\files-2.1\ch.qos.logback\logback-classic\1.1.5\92353eb144695bba80b31f7bec4f36d871f230ac\logback-classic-1.1.5.jar;C:\Users\o.grigoreva\.gradle\caches\modules-2\files-2.1\org.hamcrest\hamcrest\2.2-rc1\601fb6d1ef2e2b74b7f1f4c551a321e82a17b51\hamcrest-2.2-rc1.jar;C:\Users\o.grigoreva\.gradle\caches\modules-2\files-2.1\org.apache.httpcomponents\httpclient\4.5.10\7ca2e4276f4ef95e4db725a8cd4a1d1e7585b9e5\httpclient-4.5.10.jar;C:\Users\o.grigoreva\.gradle\caches\modules-2\files-2.1\commons-net\commons-net\3.4\5e984db9554728564d58e90da5d90eff8ae8cf2d\commons-net-3.4.jar;C:\Users\o.grigoreva\.gradle\caches\modules-2\files-2.1\org.subethamail\subethasmtp\3.1.7\41381242daa11113c32da5b25d001bfdf4df53fb\subethasmtp-3.1.7.jar;C:\Users\o.grigoreva\.gradle\caches\modules-2\files-2.1\ru.lanwen.verbalregex\java-verbal-expressions\1.4\c33aff9dfa775b202f21ef03b4579ad4ffe3a79a\java-verbal-expressions-1.4.jar;C:\Users\o.grigoreva\.gradle\caches\modules-2\files-2.1\mysql\mysql-connector-java\8.0.18\e088efaa4b568bc7d9f7274b9c5ea1a00da1a45c\mysql-connector-java-8.0.18.jar;C:\Users\o.grigoreva\.gradle\caches\modules-2\files-2.1\org.hibernate\hibernate-core\5.1.0.Final\1b5ac619df76cfd67222ca7cddcee6b0a5db8d0c\hibernate-core-5.1.0.Final.jar;C:\Users\o.grigoreva\.gradle\caches\modules-2\files-2.1\com.beust\jcommander\1.48\bfcb96281ea3b59d626704f74bc6d625ff51cbce\jcommander-1.48.jar;C:\Users\o.grigoreva\.gradle\caches\modules-2\files-2.1\org.beanshell\bsh\2.0b4\a05f0a0feefa8d8467ac80e16e7de071489f0d9c\bsh-2.0b4.jar;C:\Users\o.grigoreva\.gradle\caches\modules-2\files-2.1\org.seleniumhq.selenium\selenium-chrome-driver\4.0.0-alpha-2\4c31ebe7c5a5f44c7c953ca4b01d47a39db21774\selenium-chrome-driver-4.0.0-alpha-2.jar;C:\Users\o.grigoreva\.gradle\caches\modules-2\files-2.1\org.seleniumhq.selenium\selenium-edgehtml-driver\4.0.0-alpha-2\4163abaf653816090b5c8993777666f6c6bedf72\selenium-edgehtml-driver-4.0.0-alpha-2.jar;C:\Users\o.grigoreva\.gradle\caches\modules-2\files-2.1\org.seleniumhq.selenium\selenium-firefox-xpi-driver\4.0.0-alpha-2\76b1bb75239178b61da7438f097e4903336e06a9\selenium-firefox-xpi-driver-4.0.0-alpha-2.jar;C:\Users\o.grigoreva\.gradle\caches\modules-2\files-2.1\org.seleniumhq.selenium\selenium-ie-driver\4.0.0-alpha-2\f2a227a86096e7cf3f0900af34ea096ebc7f6307\selenium-ie-driver-4.0.0-alpha-2.jar;C:\Users\o.grigoreva\.gradle\caches\modules-2\files-2.1\org.seleniumhq.selenium\selenium-opera-driver\4.0.0-alpha-2\6e7dac7d83c9d98e6e2e832a404e51d30ee5463\selenium-opera-driver-4.0.0-alpha-2.jar;C:\Users\o.grigoreva\.gradle\caches\modules-2\files-2.1\org.seleniumhq.selenium\selenium-safari-driver\4.0.0-alpha-2\e62373c16751f7a899aa2f0c44ef6aeece77a2ec\selenium-safari-driver-4.0.0-alpha-2.jar;C:\Users\o.grigoreva\.gradle\caches\modules-2\files-2.1\org.seleniumhq.selenium\selenium-support\4.0.0-alpha-2\ea2abcfc8e3456514bd2cb15dabcb765e6d72fce\selenium-support-4.0.0-alpha-2.jar;C:\Users\o.grigoreva\.gradle\caches\modules-2\files-2.1\ch.qos.logback\logback-core\1.1.5\16722afde74444716e299bee1f60aec9f6d1f0dc\logback-core-1.1.5.jar;C:\Users\o.grigoreva\.gradle\caches\modules-2\files-2.1\org.slf4j\slf4j-api\1.7.16\3a6274f658487d5bfff9af3862beff6da1e7fd52\slf4j-api-1.7.16.jar;C:\Users\o.grigoreva\.gradle\caches\modules-2\files-2.1\org.apache.httpcomponents\httpcore\4.4.12\21ebaf6d532bc350ba95bd81938fa5f0e511c132\httpcore-4.4.12.jar;C:\Users\o.grigoreva\.gradle\caches\modules-2\files-2.1\commons-logging\commons-logging\1.2\4bfc12adfe4842bf07b657f0369c4cb522955686\commons-logging-1.2.jar;C:\Users\o.grigoreva\.gradle\caches\modules-2\files-2.1\commons-codec\commons-codec\1.11\3acb4705652e16236558f0f4f2192cc33c3bd189\commons-codec-1.11.jar;C:\Users\o.grigoreva\.gradle\caches\modules-2\files-2.1\javax.mail\mail\1.4.4\b907ef0a02ff6e809392b1e7149198497fcc8e49\mail-1.4.4.jar;C:\Users\o.grigoreva\.gradle\caches\modules-2\files-2.1\javax.activation\activation\1.1.1\485de3a253e23f645037828c07f1d7f1af40763a\activation-1.1.1.jar;C:\Users\o.grigoreva\.gradle\caches\modules-2\files-2.1\org.seleniumhq.selenium\selenium-edge-driver\4.0.0-alpha-2\b1f2bdcb3594973629c8610d61e251b5497f6115\selenium-edge-driver-4.0.0-alpha-2.jar;C:\Users\o.grigoreva\.gradle\caches\modules-2\files-2.1\org.seleniumhq.selenium\selenium-chromium-driver\4.0.0-alpha-2\975438a10af8c75b2ab3894ab70c09c978d307fc\selenium-chromium-driver-4.0.0-alpha-2.jar;C:\Users\o.grigoreva\.gradle\caches\modules-2\files-2.1\org.seleniumhq.selenium\selenium-firefox-driver\4.0.0-alpha-2\9c12025dd09806002fcc3e81198ea868d737cf55\selenium-firefox-driver-4.0.0-alpha-2.jar;C:\Users\o.grigoreva\.gradle\caches\modules-2\files-2.1\org.seleniumhq.selenium\selenium-remote-driver\4.0.0-alpha-2\f99b149f416151e0abf40fe025bc62acedfa6fe0\selenium-remote-driver-4.0.0-alpha-2.jar;C:\Users\o.grigoreva\.gradle\caches\modules-2\files-2.1\com.google.guava\guava\27.1-jre\e47b59c893079b87743cdcfb6f17ca95c08c592c\guava-27.1-jre.jar;C:\Users\o.grigoreva\.gradle\caches\modules-2\files-2.1\com.google.code.findbugs\jsr305\3.0.2\25ea2e8b0c338a877313bd4672d3fe056ea78f0d\jsr305-3.0.2.jar;C:\Users\o.grigoreva\.gradle\caches\modules-2\files-2.1\com.google.protobuf\protobuf-java\3.6.1\d06d46ecfd92ec6d0f3b423b4cd81cb38d8b924\protobuf-java-3.6.1.jar;C:\Users\o.grigoreva\.gradle\caches\modules-2\files-2.1\org.hibernate.common\hibernate-commons-annotations\5.0.1.Final\71e1cff3fcb20d3b3af4f3363c3ddb24d33c6879\hibernate-commons-annotations-5.0.1.Final.jar;C:\Users\o.grigoreva\.gradle\caches\modules-2\files-2.1\org.jboss.logging\jboss-logging\3.3.0.Final\3616bb87707910296e2c195dc016287080bba5af\jboss-logging-3.3.0.Final.jar;C:\Users\o.grigoreva\.gradle\caches\modules-2\files-2.1\org.hibernate.javax.persistence\hibernate-jpa-2.1-api\1.0.0.Final\5e731d961297e5a07290bfaf3db1fbc8bbbf405a\hibernate-jpa-2.1-api-1.0.0.Final.jar;C:\Users\o.grigoreva\.gradle\caches\modules-2\files-2.1\org.javassist\javassist\3.20.0-GA\a9cbcdfb7e9f86fbc74d3afae65f2248bfbf82a0\javassist-3.20.0-GA.jar;C:\Users\o.grigoreva\.gradle\caches\modules-2\files-2.1\antlr\antlr\2.7.7\83cd2cd674a217ade95a4bb83a8a14f351f48bd0\antlr-2.7.7.jar;C:\Users\o.grigoreva\.gradle\caches\modules-2\files-2.1\org.apache.geronimo.specs\geronimo-jta_1.1_spec\1.1.1\aabab3165b8ea936b9360abbf448459c0d04a5a4\geronimo-jta_1.1_spec-1.1.1.jar;C:\Users\o.grigoreva\.gradle\caches\modules-2\files-2.1\org.jboss\jandex\2.0.0.Final\3e899258936f94649c777193e1be846387ed54b3\jandex-2.0.0.Final.jar;C:\Users\o.grigoreva\.gradle\caches\modules-2\files-2.1\com.fasterxml\classmate\1.3.0\183407ff982e9375f1a1c4a51ed0a9307c598fc7\classmate-1.3.0.jar;C:\Users\o.grigoreva\.gradle\caches\modules-2\files-2.1\dom4j\dom4j\1.6.1\5d3ccc056b6f056dbf0dddfdf43894b9065a8f94\dom4j-1.6.1.jar;C:\Users\o.grigoreva\.gradle\caches\modules-2\files-2.1\xml-apis\xml-apis\1.0.b2\3136ca936f64c9d68529f048c2618bd356bf85c9\xml-apis-1.0.b2.jar;C:\Users\o.grigoreva\.gradle\caches\modules-2\files-2.1\org.seleniumhq.selenium\selenium-api\4.0.0-alpha-2\4cdcaf8cde67900072b02eb2fdd9878dc88ad737\selenium-api-4.0.0-alpha-2.jar;C:\Users\o.grigoreva\.gradle\caches\modules-2\files-2.1\net.bytebuddy\byte-buddy\1.9.12\39050dbbd36862ea87eb9a64158854b04619ccd6\byte-buddy-1.9.12.jar;C:\Users\o.grigoreva\.gradle\caches\modules-2\files-2.1\org.apache.commons\commons-exec\1.3\8dfb9facd0830a27b1b5f29f84593f0aeee7773b\commons-exec-1.3.jar;C:\Users\o.grigoreva\.gradle\caches\modules-2\files-2.1\io.opentracing.contrib\opentracing-tracerresolver\0.1.7\2f1b9e8e381ece33df72c0d699b91b405b2839ec\opentracing-tracerresolver-0.1.7.jar;C:\Users\o.grigoreva\.gradle\caches\modules-2\files-2.1\com.squareup.okhttp3\okhttp\3.14.0\c3a9efd10f26a802da2c47dbe54a8d4c44a6019f\okhttp-3.14.0.jar;C:\Users\o.grigoreva\.gradle\caches\modules-2\files-2.1\io.opentracing\opentracing-util\0.33.0\132630f17e198a1748f23ce33597efdf4a807fb9\opentracing-util-0.33.0.jar;C:\Users\o.grigoreva\.gradle\caches\modules-2\files-2.1\io.opentracing\opentracing-noop\0.33.0\74b9950a587f53fbdb48c3f1f84f1ece8c10592\opentracing-noop-0.33.0.jar;C:\Users\o.grigoreva\.gradle\caches\modules-2\files-2.1\io.opentracing\opentracing-api\0.33.0\67336cfb9d93779c02e1fda4c87801d352720eda\opentracing-api-0.33.0.jar;C:\Users\o.grigoreva\.gradle\caches\modules-2\files-2.1\com.google.guava\failureaccess\1.0.1\1dcf1de382a0bf95a3d8b0849546c88bac1292c9\failureaccess-1.0.1.jar;C:\Users\o.grigoreva\.gradle\caches\modules-2\files-2.1\com.google.guava\listenablefuture\9999.0-empty-to-avoid-conflict-with-guava\b421526c5f297295adef1c886e5246c39d4ac629\listenablefuture-9999.0-empty-to-avoid-conflict-with-guava.jar;C:\Users\o.grigoreva\.gradle\caches\modules-2\files-2.1\org.checkerframework\checker-qual\2.5.2\cea74543d5904a30861a61b4643a5f2bb372efc4\checker-qual-2.5.2.jar;C:\Users\o.grigoreva\.gradle\caches\modules-2\files-2.1\com.google.errorprone\error_prone_annotations\2.2.0\88e3c593e9b3586e1c6177f89267da6fc6986f0c\error_prone_annotations-2.2.0.jar;C:\Users\o.grigoreva\.gradle\caches\modules-2\files-2.1\com.google.j2objc\j2objc-annotations\1.1\ed28ded51a8b1c6b112568def5f4b455e6809019\j2objc-annotations-1.1.jar;C:\Users\o.grigoreva\.gradle\caches\modules-2\files-2.1\org.codehaus.mojo\animal-sniffer-annotations\1.17\f97ce6decaea32b36101e37979f8b647f00681fb\animal-sniffer-annotations-1.17.jar;C:\Users\o.grigoreva\.gradle\caches\modules-2\files-2.1\com.squareup.okio\okio\1.17.2\78c7820b205002da4d2d137f6f312bd64b3d6049\okio-1.17.2.jar, org.gradle.native=false, hibernate.bytecode.use_reflection_optimizer=false, java.vm.specification.name=Java Virtual Machine Specification, java.vm.specification.version=1.8, sun.cpu.endian=little, sun.os.patch.level=, connection.pool_size=1, java.io.tmpdir=C:\Users\OCF4F~1.GRI\AppData\Local\Temp\, java.vendor.url.bug=http://bugreport.sun.com/bugreport/, os.arch=amd64, java.awt.graphicsenv=sun.awt.Win32GraphicsEnvironment, java.ext.dirs=C:\Program Files\Java\jdk1.8.0_161\jre\lib\ext;C:\WINDOWS\Sun\Java\lib\ext, user.dir=E:\MY_REPOSITORIES\java_pft\mantis-tests, line.separator=
, java.vm.name=Java HotSpot(TM) 64-Bit Server VM, cache.provider_class=org.hibernate.cache.internal.NoCacheProvider, file.encoding=windows-1251, java.specification.version=1.8, hibernate.connection.pool_size=1, hibernate.show_sql=true}
00:29:34.890 [Test worker] DEBUG o.h.secure.spi.JaccIntegrator - Skipping JACC integration as it was not enabled
00:29:34.954 [Test worker] DEBUG o.h.b.internal.ClassLoaderAccessImpl - Not known whether passed class name [ru.stqa.pft.mantis.model.UserData] is safe
00:29:34.954 [Test worker] DEBUG o.h.b.internal.ClassLoaderAccessImpl - No temp ClassLoader provided; using live ClassLoader for loading potentially unsafe class : ru.stqa.pft.mantis.model.UserData
00:29:34.988 [Test worker] DEBUG o.h.b.internal.ClassLoaderAccessImpl - Not known whether passed class name [ru.stqa.pft.mantis.model.UserData] is safe
00:29:34.988 [Test worker] DEBUG o.h.b.internal.ClassLoaderAccessImpl - No temp ClassLoader provided; using live ClassLoader for loading potentially unsafe class : ru.stqa.pft.mantis.model.UserData
00:29:35.105 [Test worker] DEBUG o.h.p.entity.AbstractEntityPersister - Static SQL for entity: ru.stqa.pft.mantis.model.UserData
00:29:35.105 [Test worker] DEBUG o.h.p.entity.AbstractEntityPersister -  Version select: select id from mantis_user_table where id =?
00:29:35.105 [Test worker] DEBUG o.h.p.entity.AbstractEntityPersister -  Snapshot select: select userdata_.id, userdata_.email as email2_0_, userdata_.password as password3_0_, userdata_.username as username4_0_ from mantis_user_table userdata_ where userdata_.id=?
00:29:35.106 [Test worker] DEBUG o.h.p.entity.AbstractEntityPersister -  Insert 0: insert into mantis_user_table (email, password, username, id) values (?, ?, ?, ?)
00:29:35.106 [Test worker] DEBUG o.h.p.entity.AbstractEntityPersister -  Update 0: update mantis_user_table set email=?, password=?, username=? where id=?
00:29:35.106 [Test worker] DEBUG o.h.p.entity.AbstractEntityPersister -  Delete 0: delete from mantis_user_table where id=?
00:29:35.146 [Test worker] DEBUG o.h.l.p.b.i.spaces.QuerySpacesImpl - Adding QuerySpace : uid = <gen:0> -> org.hibernate.loader.plan.build.internal.spaces.EntityQuerySpaceImpl@1f5fed11]
00:29:35.147 [Test worker] DEBUG o.h.p.w.spi.MetamodelGraphWalker - Visiting attribute path : email
00:29:35.148 [Test worker] DEBUG o.h.p.w.spi.MetamodelGraphWalker - Visiting attribute path : password
00:29:35.148 [Test worker] DEBUG o.h.p.w.spi.MetamodelGraphWalker - Visiting attribute path : username
00:29:35.148 [Test worker] DEBUG o.h.l.p.b.i.FetchStyleLoadPlanBuildingAssociationVisitationStrategy - Building LoadPlan...
00:29:35.175 [Test worker] DEBUG o.h.l.p.e.i.LoadQueryJoinAndFetchProcessor - processing queryspace <gen:0>
00:29:35.184 [Test worker] DEBUG o.h.l.p.b.spi.LoadPlanTreePrinter - LoadPlan(entity=ru.stqa.pft.mantis.model.UserData)
    - Returns
       - EntityReturnImpl(entity=ru.stqa.pft.mantis.model.UserData, querySpaceUid=<gen:0>, path=ru.stqa.pft.mantis.model.UserData)
    - QuerySpaces
       - EntityQuerySpaceImpl(uid=<gen:0>, entity=ru.stqa.pft.mantis.model.UserData)
          - SQL table alias mapping - userdata0_
          - alias suffix - 0_
          - suffixed key columns - {id1_0_0_}

00:29:35.189 [Test worker] DEBUG o.h.loader.entity.plan.EntityLoader - Static select for entity ru.stqa.pft.mantis.model.UserData [NONE]: select userdata0_.id as id1_0_0_, userdata0_.email as email2_0_0_, userdata0_.password as password3_0_0_, userdata0_.username as username4_0_0_ from mantis_user_table userdata0_ where userdata0_.id=?
00:29:35.190 [Test worker] DEBUG o.h.l.p.b.i.spaces.QuerySpacesImpl - Adding QuerySpace : uid = <gen:0> -> org.hibernate.loader.plan.build.internal.spaces.EntityQuerySpaceImpl@5563cbdf]
00:29:35.191 [Test worker] DEBUG o.h.p.w.spi.MetamodelGraphWalker - Visiting attribute path : email
00:29:35.192 [Test worker] DEBUG o.h.p.w.spi.MetamodelGraphWalker - Visiting attribute path : password
00:29:35.193 [Test worker] DEBUG o.h.p.w.spi.MetamodelGraphWalker - Visiting attribute path : username
00:29:35.194 [Test worker] DEBUG o.h.l.p.b.i.FetchStyleLoadPlanBuildingAssociationVisitationStrategy - Building LoadPlan...
00:29:35.196 [Test worker] DEBUG o.h.l.p.e.i.LoadQueryJoinAndFetchProcessor - processing queryspace <gen:0>
00:29:35.196 [Test worker] DEBUG o.h.l.p.b.spi.LoadPlanTreePrinter - LoadPlan(entity=ru.stqa.pft.mantis.model.UserData)
    - Returns
       - EntityReturnImpl(entity=ru.stqa.pft.mantis.model.UserData, querySpaceUid=<gen:0>, path=ru.stqa.pft.mantis.model.UserData)
    - QuerySpaces
       - EntityQuerySpaceImpl(uid=<gen:0>, entity=ru.stqa.pft.mantis.model.UserData)
          - SQL table alias mapping - userdata0_
          - alias suffix - 0_
          - suffixed key columns - {id1_0_0_}

00:29:35.203 [Test worker] DEBUG o.h.loader.entity.plan.EntityLoader - Static select for entity ru.stqa.pft.mantis.model.UserData [READ]: select userdata0_.id as id1_0_0_, userdata0_.email as email2_0_0_, userdata0_.password as password3_0_0_, userdata0_.username as username4_0_0_ from mantis_user_table userdata0_ where userdata0_.id=?
00:29:35.207 [Test worker] DEBUG o.h.l.p.b.i.spaces.QuerySpacesImpl - Adding QuerySpace : uid = <gen:0> -> org.hibernate.loader.plan.build.internal.spaces.EntityQuerySpaceImpl@2983b97d]
00:29:35.207 [Test worker] DEBUG o.h.p.w.spi.MetamodelGraphWalker - Visiting attribute path : email
00:29:35.207 [Test worker] DEBUG o.h.p.w.spi.MetamodelGraphWalker - Visiting attribute path : password
00:29:35.207 [Test worker] DEBUG o.h.p.w.spi.MetamodelGraphWalker - Visiting attribute path : username
00:29:35.208 [Test worker] DEBUG o.h.l.p.b.i.FetchStyleLoadPlanBuildingAssociationVisitationStrategy - Building LoadPlan...
00:29:35.208 [Test worker] DEBUG o.h.l.p.e.i.LoadQueryJoinAndFetchProcessor - processing queryspace <gen:0>
00:29:35.209 [Test worker] DEBUG o.h.l.p.b.spi.LoadPlanTreePrinter - LoadPlan(entity=ru.stqa.pft.mantis.model.UserData)
    - Returns
       - EntityReturnImpl(entity=ru.stqa.pft.mantis.model.UserData, querySpaceUid=<gen:0>, path=ru.stqa.pft.mantis.model.UserData)
    - QuerySpaces
       - EntityQuerySpaceImpl(uid=<gen:0>, entity=ru.stqa.pft.mantis.model.UserData)
          - SQL table alias mapping - userdata0_
          - alias suffix - 0_
          - suffixed key columns - {id1_0_0_}

00:29:35.209 [Test worker] DEBUG o.h.loader.entity.plan.EntityLoader - Static select for entity ru.stqa.pft.mantis.model.UserData [UPGRADE]: select userdata0_.id as id1_0_0_, userdata0_.email as email2_0_0_, userdata0_.password as password3_0_0_, userdata0_.username as username4_0_0_ from mantis_user_table userdata0_ where userdata0_.id=? for update
00:29:35.209 [Test worker] DEBUG o.h.l.p.b.i.spaces.QuerySpacesImpl - Adding QuerySpace : uid = <gen:0> -> org.hibernate.loader.plan.build.internal.spaces.EntityQuerySpaceImpl@35d6d6b6]
00:29:35.209 [Test worker] DEBUG o.h.p.w.spi.MetamodelGraphWalker - Visiting attribute path : email
00:29:35.209 [Test worker] DEBUG o.h.p.w.spi.MetamodelGraphWalker - Visiting attribute path : password
00:29:35.209 [Test worker] DEBUG o.h.p.w.spi.MetamodelGraphWalker - Visiting attribute path : username
00:29:35.209 [Test worker] DEBUG o.h.l.p.b.i.FetchStyleLoadPlanBuildingAssociationVisitationStrategy - Building LoadPlan...
00:29:35.210 [Test worker] DEBUG o.h.l.p.e.i.LoadQueryJoinAndFetchProcessor - processing queryspace <gen:0>
00:29:35.210 [Test worker] DEBUG o.h.l.p.b.spi.LoadPlanTreePrinter - LoadPlan(entity=ru.stqa.pft.mantis.model.UserData)
    - Returns
       - EntityReturnImpl(entity=ru.stqa.pft.mantis.model.UserData, querySpaceUid=<gen:0>, path=ru.stqa.pft.mantis.model.UserData)
    - QuerySpaces
       - EntityQuerySpaceImpl(uid=<gen:0>, entity=ru.stqa.pft.mantis.model.UserData)
          - SQL table alias mapping - userdata0_
          - alias suffix - 0_
          - suffixed key columns - {id1_0_0_}

00:29:35.210 [Test worker] DEBUG o.h.loader.entity.plan.EntityLoader - Static select for entity ru.stqa.pft.mantis.model.UserData [UPGRADE_NOWAIT]: select userdata0_.id as id1_0_0_, userdata0_.email as email2_0_0_, userdata0_.password as password3_0_0_, userdata0_.username as username4_0_0_ from mantis_user_table userdata0_ where userdata0_.id=? for update
00:29:35.211 [Test worker] DEBUG o.h.l.p.b.i.spaces.QuerySpacesImpl - Adding QuerySpace : uid = <gen:0> -> org.hibernate.loader.plan.build.internal.spaces.EntityQuerySpaceImpl@5bc2b2a6]
00:29:35.211 [Test worker] DEBUG o.h.p.w.spi.MetamodelGraphWalker - Visiting attribute path : email
00:29:35.211 [Test worker] DEBUG o.h.p.w.spi.MetamodelGraphWalker - Visiting attribute path : password
00:29:35.211 [Test worker] DEBUG o.h.p.w.spi.MetamodelGraphWalker - Visiting attribute path : username
00:29:35.211 [Test worker] DEBUG o.h.l.p.b.i.FetchStyleLoadPlanBuildingAssociationVisitationStrategy - Building LoadPlan...
00:29:35.212 [Test worker] DEBUG o.h.l.p.e.i.LoadQueryJoinAndFetchProcessor - processing queryspace <gen:0>
00:29:35.212 [Test worker] DEBUG o.h.l.p.b.spi.LoadPlanTreePrinter - LoadPlan(entity=ru.stqa.pft.mantis.model.UserData)
    - Returns
       - EntityReturnImpl(entity=ru.stqa.pft.mantis.model.UserData, querySpaceUid=<gen:0>, path=ru.stqa.pft.mantis.model.UserData)
    - QuerySpaces
       - EntityQuerySpaceImpl(uid=<gen:0>, entity=ru.stqa.pft.mantis.model.UserData)
          - SQL table alias mapping - userdata0_
          - alias suffix - 0_
          - suffixed key columns - {id1_0_0_}

00:29:35.213 [Test worker] DEBUG o.h.loader.entity.plan.EntityLoader - Static select for entity ru.stqa.pft.mantis.model.UserData [UPGRADE_SKIPLOCKED]: select userdata0_.id as id1_0_0_, userdata0_.email as email2_0_0_, userdata0_.password as password3_0_0_, userdata0_.username as username4_0_0_ from mantis_user_table userdata0_ where userdata0_.id=? for update
00:29:35.213 [Test worker] DEBUG o.h.l.p.b.i.spaces.QuerySpacesImpl - Adding QuerySpace : uid = <gen:0> -> org.hibernate.loader.plan.build.internal.spaces.EntityQuerySpaceImpl@204603d3]
00:29:35.214 [Test worker] DEBUG o.h.p.w.spi.MetamodelGraphWalker - Visiting attribute path : email
00:29:35.214 [Test worker] DEBUG o.h.p.w.spi.MetamodelGraphWalker - Visiting attribute path : password
00:29:35.214 [Test worker] DEBUG o.h.p.w.spi.MetamodelGraphWalker - Visiting attribute path : username
00:29:35.214 [Test worker] DEBUG o.h.l.p.b.i.FetchStyleLoadPlanBuildingAssociationVisitationStrategy - Building LoadPlan...
00:29:35.215 [Test worker] DEBUG o.h.l.p.e.i.LoadQueryJoinAndFetchProcessor - processing queryspace <gen:0>
00:29:35.215 [Test worker] DEBUG o.h.l.p.b.spi.LoadPlanTreePrinter - LoadPlan(entity=ru.stqa.pft.mantis.model.UserData)
    - Returns
       - EntityReturnImpl(entity=ru.stqa.pft.mantis.model.UserData, querySpaceUid=<gen:0>, path=ru.stqa.pft.mantis.model.UserData)
    - QuerySpaces
       - EntityQuerySpaceImpl(uid=<gen:0>, entity=ru.stqa.pft.mantis.model.UserData)
          - SQL table alias mapping - userdata0_
          - alias suffix - 0_
          - suffixed key columns - {id1_0_0_}

00:29:35.215 [Test worker] DEBUG o.h.loader.entity.plan.EntityLoader - Static select for entity ru.stqa.pft.mantis.model.UserData [FORCE]: select userdata0_.id as id1_0_0_, userdata0_.email as email2_0_0_, userdata0_.password as password3_0_0_, userdata0_.username as username4_0_0_ from mantis_user_table userdata0_ where userdata0_.id=? for update
00:29:35.216 [Test worker] DEBUG o.h.l.p.b.i.spaces.QuerySpacesImpl - Adding QuerySpace : uid = <gen:0> -> org.hibernate.loader.plan.build.internal.spaces.EntityQuerySpaceImpl@74480606]
00:29:35.216 [Test worker] DEBUG o.h.p.w.spi.MetamodelGraphWalker - Visiting attribute path : email
00:29:35.216 [Test worker] DEBUG o.h.p.w.spi.MetamodelGraphWalker - Visiting attribute path : password
00:29:35.216 [Test worker] DEBUG o.h.p.w.spi.MetamodelGraphWalker - Visiting attribute path : username
00:29:35.216 [Test worker] DEBUG o.h.l.p.b.i.FetchStyleLoadPlanBuildingAssociationVisitationStrategy - Building LoadPlan...
00:29:35.216 [Test worker] DEBUG o.h.l.p.e.i.LoadQueryJoinAndFetchProcessor - processing queryspace <gen:0>
00:29:35.217 [Test worker] DEBUG o.h.l.p.b.spi.LoadPlanTreePrinter - LoadPlan(entity=ru.stqa.pft.mantis.model.UserData)
    - Returns
       - EntityReturnImpl(entity=ru.stqa.pft.mantis.model.UserData, querySpaceUid=<gen:0>, path=ru.stqa.pft.mantis.model.UserData)
    - QuerySpaces
       - EntityQuerySpaceImpl(uid=<gen:0>, entity=ru.stqa.pft.mantis.model.UserData)
          - SQL table alias mapping - userdata0_
          - alias suffix - 0_
          - suffixed key columns - {id1_0_0_}

00:29:35.218 [Test worker] DEBUG o.h.loader.entity.plan.EntityLoader - Static select for entity ru.stqa.pft.mantis.model.UserData [PESSIMISTIC_READ]: select userdata0_.id as id1_0_0_, userdata0_.email as email2_0_0_, userdata0_.password as password3_0_0_, userdata0_.username as username4_0_0_ from mantis_user_table userdata0_ where userdata0_.id=? lock in share mode
00:29:35.218 [Test worker] DEBUG o.h.l.p.b.i.spaces.QuerySpacesImpl - Adding QuerySpace : uid = <gen:0> -> org.hibernate.loader.plan.build.internal.spaces.EntityQuerySpaceImpl@77a64867]
00:29:35.220 [Test worker] DEBUG o.h.p.w.spi.MetamodelGraphWalker - Visiting attribute path : email
00:29:35.220 [Test worker] DEBUG o.h.p.w.spi.MetamodelGraphWalker - Visiting attribute path : password
00:29:35.220 [Test worker] DEBUG o.h.p.w.spi.MetamodelGraphWalker - Visiting attribute path : username
00:29:35.220 [Test worker] DEBUG o.h.l.p.b.i.FetchStyleLoadPlanBuildingAssociationVisitationStrategy - Building LoadPlan...
00:29:35.220 [Test worker] DEBUG o.h.l.p.e.i.LoadQueryJoinAndFetchProcessor - processing queryspace <gen:0>
00:29:35.221 [Test worker] DEBUG o.h.l.p.b.spi.LoadPlanTreePrinter - LoadPlan(entity=ru.stqa.pft.mantis.model.UserData)
    - Returns
       - EntityReturnImpl(entity=ru.stqa.pft.mantis.model.UserData, querySpaceUid=<gen:0>, path=ru.stqa.pft.mantis.model.UserData)
    - QuerySpaces
       - EntityQuerySpaceImpl(uid=<gen:0>, entity=ru.stqa.pft.mantis.model.UserData)
          - SQL table alias mapping - userdata0_
          - alias suffix - 0_
          - suffixed key columns - {id1_0_0_}

00:29:35.221 [Test worker] DEBUG o.h.loader.entity.plan.EntityLoader - Static select for entity ru.stqa.pft.mantis.model.UserData [PESSIMISTIC_WRITE]: select userdata0_.id as id1_0_0_, userdata0_.email as email2_0_0_, userdata0_.password as password3_0_0_, userdata0_.username as username4_0_0_ from mantis_user_table userdata0_ where userdata0_.id=? for update
00:29:35.221 [Test worker] DEBUG o.h.l.p.b.i.spaces.QuerySpacesImpl - Adding QuerySpace : uid = <gen:0> -> org.hibernate.loader.plan.build.internal.spaces.EntityQuerySpaceImpl@77ac76a3]
00:29:35.221 [Test worker] DEBUG o.h.p.w.spi.MetamodelGraphWalker - Visiting attribute path : email
00:29:35.222 [Test worker] DEBUG o.h.p.w.spi.MetamodelGraphWalker - Visiting attribute path : password
00:29:35.223 [Test worker] DEBUG o.h.p.w.spi.MetamodelGraphWalker - Visiting attribute path : username
00:29:35.224 [Test worker] DEBUG o.h.l.p.b.i.FetchStyleLoadPlanBuildingAssociationVisitationStrategy - Building LoadPlan...
00:29:35.224 [Test worker] DEBUG o.h.l.p.e.i.LoadQueryJoinAndFetchProcessor - processing queryspace <gen:0>
00:29:35.224 [Test worker] DEBUG o.h.l.p.b.spi.LoadPlanTreePrinter - LoadPlan(entity=ru.stqa.pft.mantis.model.UserData)
    - Returns
       - EntityReturnImpl(entity=ru.stqa.pft.mantis.model.UserData, querySpaceUid=<gen:0>, path=ru.stqa.pft.mantis.model.UserData)
    - QuerySpaces
       - EntityQuerySpaceImpl(uid=<gen:0>, entity=ru.stqa.pft.mantis.model.UserData)
          - SQL table alias mapping - userdata0_
          - alias suffix - 0_
          - suffixed key columns - {id1_0_0_}

00:29:35.225 [Test worker] DEBUG o.h.loader.entity.plan.EntityLoader - Static select for entity ru.stqa.pft.mantis.model.UserData [PESSIMISTIC_FORCE_INCREMENT]: select userdata0_.id as id1_0_0_, userdata0_.email as email2_0_0_, userdata0_.password as password3_0_0_, userdata0_.username as username4_0_0_ from mantis_user_table userdata0_ where userdata0_.id=? for update
00:29:35.225 [Test worker] DEBUG o.h.l.p.b.i.spaces.QuerySpacesImpl - Adding QuerySpace : uid = <gen:0> -> org.hibernate.loader.plan.build.internal.spaces.EntityQuerySpaceImpl@21cf2689]
00:29:35.226 [Test worker] DEBUG o.h.p.w.spi.MetamodelGraphWalker - Visiting attribute path : email
00:29:35.226 [Test worker] DEBUG o.h.p.w.spi.MetamodelGraphWalker - Visiting attribute path : password
00:29:35.226 [Test worker] DEBUG o.h.p.w.spi.MetamodelGraphWalker - Visiting attribute path : username
00:29:35.226 [Test worker] DEBUG o.h.l.p.b.i.FetchStyleLoadPlanBuildingAssociationVisitationStrategy - Building LoadPlan...
00:29:35.227 [Test worker] DEBUG o.h.l.p.e.i.LoadQueryJoinAndFetchProcessor - processing queryspace <gen:0>
00:29:35.227 [Test worker] DEBUG o.h.l.p.b.spi.LoadPlanTreePrinter - LoadPlan(entity=ru.stqa.pft.mantis.model.UserData)
    - Returns
       - EntityReturnImpl(entity=ru.stqa.pft.mantis.model.UserData, querySpaceUid=<gen:0>, path=ru.stqa.pft.mantis.model.UserData)
    - QuerySpaces
       - EntityQuerySpaceImpl(uid=<gen:0>, entity=ru.stqa.pft.mantis.model.UserData)
          - SQL table alias mapping - userdata0_
          - alias suffix - 0_
          - suffixed key columns - {id1_0_0_}

00:29:35.227 [Test worker] DEBUG o.h.loader.entity.plan.EntityLoader - Static select for entity ru.stqa.pft.mantis.model.UserData [OPTIMISTIC]: select userdata0_.id as id1_0_0_, userdata0_.email as email2_0_0_, userdata0_.password as password3_0_0_, userdata0_.username as username4_0_0_ from mantis_user_table userdata0_ where userdata0_.id=?
00:29:35.227 [Test worker] DEBUG o.h.l.p.b.i.spaces.QuerySpacesImpl - Adding QuerySpace : uid = <gen:0> -> org.hibernate.loader.plan.build.internal.spaces.EntityQuerySpaceImpl@77e77627]
00:29:35.228 [Test worker] DEBUG o.h.p.w.spi.MetamodelGraphWalker - Visiting attribute path : email
00:29:35.228 [Test worker] DEBUG o.h.p.w.spi.MetamodelGraphWalker - Visiting attribute path : password
00:29:35.228 [Test worker] DEBUG o.h.p.w.spi.MetamodelGraphWalker - Visiting attribute path : username
00:29:35.228 [Test worker] DEBUG o.h.l.p.b.i.FetchStyleLoadPlanBuildingAssociationVisitationStrategy - Building LoadPlan...
00:29:35.228 [Test worker] DEBUG o.h.l.p.e.i.LoadQueryJoinAndFetchProcessor - processing queryspace <gen:0>
00:29:35.229 [Test worker] DEBUG o.h.l.p.b.spi.LoadPlanTreePrinter - LoadPlan(entity=ru.stqa.pft.mantis.model.UserData)
    - Returns
       - EntityReturnImpl(entity=ru.stqa.pft.mantis.model.UserData, querySpaceUid=<gen:0>, path=ru.stqa.pft.mantis.model.UserData)
    - QuerySpaces
       - EntityQuerySpaceImpl(uid=<gen:0>, entity=ru.stqa.pft.mantis.model.UserData)
          - SQL table alias mapping - userdata0_
          - alias suffix - 0_
          - suffixed key columns - {id1_0_0_}

00:29:35.229 [Test worker] DEBUG o.h.loader.entity.plan.EntityLoader - Static select for entity ru.stqa.pft.mantis.model.UserData [OPTIMISTIC_FORCE_INCREMENT]: select userdata0_.id as id1_0_0_, userdata0_.email as email2_0_0_, userdata0_.password as password3_0_0_, userdata0_.username as username4_0_0_ from mantis_user_table userdata0_ where userdata0_.id=?
00:29:35.262 [Test worker] DEBUG org.hibernate.loader.Loader - Static select for action ACTION_MERGE on entity ru.stqa.pft.mantis.model.UserData: select userdata0_.id as id1_0_0_, userdata0_.email as email2_0_0_, userdata0_.password as password3_0_0_, userdata0_.username as username4_0_0_ from mantis_user_table userdata0_ where userdata0_.id=?
00:29:35.263 [Test worker] DEBUG org.hibernate.loader.Loader - Static select for action ACTION_REFRESH on entity ru.stqa.pft.mantis.model.UserData: select userdata0_.id as id1_0_0_, userdata0_.email as email2_0_0_, userdata0_.password as password3_0_0_, userdata0_.username as username4_0_0_ from mantis_user_table userdata0_ where userdata0_.id=?
00:29:35.263 [Test worker] DEBUG o.h.internal.SessionFactoryImpl - Instantiated session factory
00:29:35.507 [Test worker] DEBUG o.h.e.t.j.p.i.JtaPlatformInitiator - No JtaPlatform was specified, checking resolver
00:29:35.508 [Test worker] DEBUG o.h.e.t.j.p.i.JtaPlatformResolverInitiator - No JtaPlatformResolver was specified, using default [org.hibernate.engine.transaction.jta.platform.internal.StandardJtaPlatformResolver]
00:29:35.513 [Test worker] DEBUG o.h.e.t.j.p.i.StandardJtaPlatformResolver - Could not resolve JtaPlatform, using default [org.hibernate.engine.transaction.jta.platform.internal.NoJtaPlatform]
00:29:35.515 [Test worker] DEBUG o.h.internal.NamedQueryRepository - Checking 0 named HQL queries
00:29:35.515 [Test worker] DEBUG o.h.internal.NamedQueryRepository - Checking 0 named SQL queries
00:29:35.518 [Test worker] DEBUG o.h.internal.SessionFactoryRegistry - Initializing SessionFactoryRegistry : org.hibernate.internal.SessionFactoryRegistry@6f5b7b52
00:29:35.522 [Test worker] DEBUG o.h.internal.SessionFactoryRegistry - Registering SessionFactory: 189c753f-f870-4c9a-995c-0c49e801887a (<unnamed>)
00:29:35.522 [Test worker] DEBUG o.h.internal.SessionFactoryRegistry - Not binding SessionFactory to JNDI, no JNDI name configured
00:29:35.595 [Test worker] DEBUG o.h.s.internal.StatisticsInitiator - Statistics initialized [enabled=false]
00:29:35.597 [Test worker] DEBUG o.h.e.t.internal.TransactionImpl - begin
00:29:35.610 [Test worker] DEBUG o.h.h.i.QueryTranslatorFactoryInitiator - QueryTranslatorFactory : org.hibernate.hql.internal.ast.ASTQueryTranslatorFactory@3078858b
00:29:35.610 [Test worker] INFO  o.h.h.i.QueryTranslatorFactoryInitiator - HHH000397: Using ASTQueryTranslatorFactory
00:29:35.712 [Test worker] DEBUG o.h.h.i.ast.QueryTranslatorImpl - parse() - HQL: from ru.stqa.pft.mantis.model.UserData where username != 'administrator'
00:29:35.726 [Test worker] DEBUG o.h.h.i.ast.QueryTranslatorImpl - --- HQL AST ---
 \-[QUERY] Node: 'query'
    +-[SELECT_FROM] Node: 'SELECT_FROM'
    |  \-[FROM] Node: 'from'
    |     \-[RANGE] Node: 'RANGE'
    |        \-[DOT] Node: '.'
    |           +-[DOT] Node: '.'
    |           |  +-[DOT] Node: '.'
    |           |  |  +-[DOT] Node: '.'
    |           |  |  |  +-[DOT] Node: '.'
    |           |  |  |  |  +-[IDENT] Node: 'ru'
    |           |  |  |  |  \-[IDENT] Node: 'stqa'
    |           |  |  |  \-[IDENT] Node: 'pft'
    |           |  |  \-[IDENT] Node: 'mantis'
    |           |  \-[IDENT] Node: 'model'
    |           \-[IDENT] Node: 'UserData'
    \-[WHERE] Node: 'where'
       \-[NE] Node: '!='
          +-[IDENT] Node: 'username'
          \-[QUOTED_STRING] Node: ''administrator''

00:29:35.727 [Test worker] DEBUG o.h.hql.internal.ast.ErrorCounter - throwQueryException() : no errors
00:29:35.773 [Test worker] DEBUG o.h.h.i.antlr.HqlSqlBaseWalker - select << begin [level=1, statement=select]
00:29:35.802 [Test worker] DEBUG o.h.h.internal.ast.tree.FromElement - FromClause{level=1} : ru.stqa.pft.mantis.model.UserData (<no alias>) -> userdata0_
00:29:35.806 [Test worker] DEBUG o.h.h.i.ast.tree.FromReferenceNode - Resolved : {synthetic-alias} -> {synthetic-alias}
00:29:35.808 [Test worker] DEBUG o.h.hql.internal.ast.tree.DotNode - getDataType() : username -> org.hibernate.type.StringType@2e8b95f0
00:29:35.809 [Test worker] DEBUG o.h.h.i.ast.tree.FromReferenceNode - Resolved : {synthetic-alias}.username -> userdata0_.username
00:29:35.812 [Test worker] DEBUG o.h.h.i.antlr.HqlSqlBaseWalker - select : finishing up [level=1, statement=select]
00:29:35.813 [Test worker] DEBUG o.h.hql.internal.ast.HqlSqlWalker - processQuery() :  ( SELECT ( FromClause{level=1} mantis_user_table userdata0_ ) ( where ( != ( userdata0_.username {synthetic-alias} username ) 'administrator' ) ) )
00:29:35.826 [Test worker] DEBUG o.h.hql.internal.ast.HqlSqlWalker - Derived SELECT clause created.
00:29:35.835 [Test worker] DEBUG o.h.h.i.ast.util.JoinProcessor - Using FROM fragment [mantis_user_table userdata0_]
00:29:35.835 [Test worker] DEBUG o.h.h.i.antlr.HqlSqlBaseWalker - select >> end [level=1, statement=select]
00:29:35.837 [Test worker] DEBUG o.h.h.i.ast.QueryTranslatorImpl - --- SQL AST ---
 \-[SELECT] QueryNode: 'SELECT'  querySpaces (mantis_user_table)
    +-[SELECT_CLAUSE] SelectClause: '{derived select clause}'
    |  +-[SELECT_EXPR] SelectExpressionImpl: 'userdata0_.id as id1_0_' {FromElement{explicit,not a collection join,not a fetch join,fetch non-lazy properties,classAlias=null,role=null,tableName=mantis_user_table,tableAlias=userdata0_,origin=null,columns={,className=ru.stqa.pft.mantis.model.UserData}}}
    |  \-[SQL_TOKEN] SqlFragment: 'userdata0_.email as email2_0_, userdata0_.password as password3_0_, userdata0_.username as username4_0_'
    +-[FROM] FromClause: 'from' FromClause{level=1, fromElementCounter=1, fromElements=1, fromElementByClassAlias=[], fromElementByTableAlias=[userdata0_], fromElementsByPath=[], collectionJoinFromElementsByPath=[], impliedElements=[]}
    |  \-[FROM_FRAGMENT] FromElement: 'mantis_user_table userdata0_' FromElement{explicit,not a collection join,not a fetch join,fetch non-lazy properties,classAlias=null,role=null,tableName=mantis_user_table,tableAlias=userdata0_,origin=null,columns={,className=ru.stqa.pft.mantis.model.UserData}}
    \-[WHERE] SqlNode: 'where'
       \-[NE] BinaryLogicOperatorNode: '!='
          +-[DOT] DotNode: 'userdata0_.username' {propertyName=username,dereferenceType=PRIMITIVE,getPropertyPath=username,path={synthetic-alias}.username,tableAlias=userdata0_,className=ru.stqa.pft.mantis.model.UserData,classAlias=null}
          |  +-[IDENT] IdentNode: '{synthetic-alias}' {originalText={synthetic-alias}}
          |  \-[IDENT] IdentNode: 'username' {originalText=username}
          \-[QUOTED_STRING] LiteralNode: ''administrator''

00:29:35.837 [Test worker] DEBUG o.h.hql.internal.ast.ErrorCounter - throwQueryException() : no errors
00:29:35.850 [Test worker] DEBUG o.h.h.i.ast.QueryTranslatorImpl - HQL: from ru.stqa.pft.mantis.model.UserData where username != 'administrator'
00:29:35.850 [Test worker] DEBUG o.h.h.i.ast.QueryTranslatorImpl - SQL: select userdata0_.id as id1_0_, userdata0_.email as email2_0_, userdata0_.password as password3_0_, userdata0_.username as username4_0_ from mantis_user_table userdata0_ where userdata0_.username<>'administrator'
00:29:35.850 [Test worker] DEBUG o.h.hql.internal.ast.ErrorCounter - throwQueryException() : no errors
00:29:35.875 [Test worker] DEBUG org.hibernate.SQL - select userdata0_.id as id1_0_, userdata0_.email as email2_0_, userdata0_.password as password3_0_, userdata0_.username as username4_0_ from mantis_user_table userdata0_ where userdata0_.username<>'administrator'
Hibernate: select userdata0_.id as id1_0_, userdata0_.email as email2_0_, userdata0_.password as password3_0_, userdata0_.username as username4_0_ from mantis_user_table userdata0_ where userdata0_.username<>'administrator'
00:29:35.900 [Test worker] DEBUG org.hibernate.loader.Loader - Result set row: 0
00:29:35.904 [Test worker] DEBUG org.hibernate.loader.Loader - Result row: EntityKey[ru.stqa.pft.mantis.model.UserData#2]
00:29:35.917 [Test worker] DEBUG o.h.engine.internal.TwoPhaseLoad - Resolving associations for [ru.stqa.pft.mantis.model.UserData#2]
00:29:35.922 [Test worker] DEBUG o.h.engine.internal.TwoPhaseLoad - Done materializing entity [ru.stqa.pft.mantis.model.UserData#2]
00:29:35.923 [Test worker] DEBUG o.h.e.t.internal.TransactionImpl - committing
00:29:35.924 [Test worker] DEBUG o.h.e.i.AbstractFlushingEventListener - Processing flush-time cascades
00:29:35.928 [Test worker] DEBUG o.h.e.i.AbstractFlushingEventListener - Dirty checking collections
00:29:35.931 [Test worker] DEBUG o.h.e.i.AbstractFlushingEventListener - Flushed: 0 insertions, 0 updates, 0 deletions to 1 objects
00:29:35.932 [Test worker] DEBUG o.h.e.i.AbstractFlushingEventListener - Flushed: 0 (re)creations, 0 updates, 0 removals to 0 collections
00:29:35.933 [Test worker] DEBUG o.h.internal.util.EntityPrinter - Listing entities:
00:29:35.934 [Test worker] DEBUG o.h.internal.util.EntityPrinter - ru.stqa.pft.mantis.model.UserData{password=88162595c58939c4ae0b35f39892e6e7, id=2, email=user1@localhost, username=user1}
00:29:37.155 [org.subethamail.smtp.server.Session-/127.0.0.1:51823] DEBUG org.subethamail.smtp.server.Session - SMTP connection from 127.0.0.1/127.0.0.1, new connection count: 1
00:29:37.155 [org.subethamail.smtp.server.Session-/127.0.0.1:51823] DEBUG org.subethamail.smtp.server.Session - Server: 220 SPB-5CD810B9KL.kontur ESMTP SubEthaSMTP 3.1.7
00:29:37.156 [org.subethamail.smtp.server.Session-/127.0.0.1:51823] DEBUG org.subethamail.smtp.server.Session - Client: HELO SPB-5CD810B9KL.kontur
00:29:37.157 [org.subethamail.smtp.server.Session-/127.0.0.1:51823] DEBUG org.subethamail.smtp.server.Session - Server: 250 SPB-5CD810B9KL.kontur
00:29:37.157 [org.subethamail.smtp.server.Session-/127.0.0.1:51823] DEBUG org.subethamail.smtp.server.Session - Client: MAIL FROM:<admin@example.com>
00:29:37.167 [org.subethamail.smtp.server.Session-/127.0.0.1:51823] DEBUG org.subethamail.smtp.server.Session - Server: 250 Ok
00:29:37.168 [org.subethamail.smtp.server.Session-/127.0.0.1:51823] DEBUG org.subethamail.smtp.server.Session - Client: RCPT TO:<user1@localhost>
00:29:37.168 [org.subethamail.smtp.server.Session-/127.0.0.1:51823] DEBUG org.subethamail.wiser.Wiser - Accepting mail from admin@example.com to user1@localhost
00:29:37.169 [org.subethamail.smtp.server.Session-/127.0.0.1:51823] DEBUG org.subethamail.smtp.server.Session - Server: 250 Ok
00:29:37.169 [org.subethamail.smtp.server.Session-/127.0.0.1:51823] DEBUG org.subethamail.smtp.server.Session - Client: DATA
00:29:37.169 [org.subethamail.smtp.server.Session-/127.0.0.1:51823] DEBUG org.subethamail.smtp.server.Session - Server: 354 End data with <CR><LF>.<CR><LF>
00:29:37.178 [org.subethamail.smtp.server.Session-/127.0.0.1:51823] DEBUG org.subethamail.wiser.Wiser - Delivering mail from admin@example.com to user1@localhost
00:29:37.179 [org.subethamail.smtp.server.Session-/127.0.0.1:51823] DEBUG org.subethamail.wiser.Wiser - Creating message from data with 1152 bytes
00:29:37.181 [org.subethamail.smtp.server.Session-/127.0.0.1:51823] DEBUG org.subethamail.smtp.server.Session - Server: 250 Ok
00:29:37.182 [org.subethamail.smtp.server.Session-/127.0.0.1:51823] DEBUG org.subethamail.smtp.server.Session - Client: QUIT
00:29:37.182 [org.subethamail.smtp.server.Session-/127.0.0.1:51823] DEBUG org.subethamail.smtp.server.Session - Server: 221 Bye
]]></system-out>
  <system-err><![CDATA[Starting ChromeDriver 77.0.3865.40 (f484704e052e0b556f8030b65b953dce96503217-refs/branch-heads/3865@{#442}) on port 22355
Only local connections are allowed.
Please protect ports used by ChromeDriver and related test frameworks to prevent access by malicious code.
[1572298166.024][WARNING]: Timed out connecting to Chrome, retrying...
окт 29, 2019 12:29:28 AM org.openqa.selenium.remote.ProtocolHandshake createSession
INFO: Detected dialect: W3C
Loading class `com.mysql.jdbc.Driver'. This is deprecated. The new driver class is `com.mysql.cj.jdbc.Driver'. The driver is automatically registered via the SPI and manual loading of the driver class is generally unnecessary.
]]></system-err>
</testsuite>
