<?xml version="1.0" encoding="UTF-8"?>
<testsuite name="ru.stqa.pft.addressbook.tests.ContactFormFieldTest" tests="3" skipped="0" failures="0" errors="0" timestamp="2019-10-14T10:25:43" hostname="SPB-5CD810B9KL" time="12.068">
  <properties/>
  <testcase name="testContactAdress" classname="ru.stqa.pft.addressbook.tests.ContactFormFieldTest" time="3.262"/>
  <testcase name="testContactEmails" classname="ru.stqa.pft.addressbook.tests.ContactFormFieldTest" time="4.405"/>
  <testcase name="testContactPhones" classname="ru.stqa.pft.addressbook.tests.ContactFormFieldTest" time="4.393"/>
  <system-out><![CDATA[]]></system-out>
  <system-err><![CDATA[]]></system-err>
</testsuite>
