<?xml version="1.0" encoding="UTF-8"?>
<testsuite name="ru.stqa.pft.rest.RestTests" tests="2" skipped="1" failures="0" errors="0" timestamp="2019-11-03T21:25:28" hostname="SPB-5CD810B9KL" time="3.482">
  <properties/>
  <testcase name="testBugfy" classname="ru.stqa.pft.rest.RestTests" time="1.217">
    <skipped/>
  </testcase>
  <testcase name="testCreateIssue" classname="ru.stqa.pft.rest.RestTests" time="2.264"/>
  <system-out><![CDATA[]]></system-out>
  <system-err><![CDATA[]]></system-err>
</testsuite>
