<?xml version="1.0" encoding="UTF-8"?>
<testsuite name="ru.stqa.pft.addressbook.ContactCreationTests" tests="1" skipped="0" failures="0" errors="0" timestamp="2019-09-14T11:23:19" hostname="SPB-5CD810B9KL" time="2.893">
  <properties/>
  <testcase name="testContactCreation" classname="ru.stqa.pft.addressbook.ContactCreationTests" time="2.893"/>
  <system-out><![CDATA[]]></system-out>
  <system-err><![CDATA[]]></system-err>
</testsuite>
