<?xml version="1.0" encoding="UTF-8"?>
<testsuite name="ru.stqa.pft.addressbook.tests.HbConnectionTest" tests="1" skipped="0" failures="0" errors="0" timestamp="2019-10-18T14:58:00" hostname="SPB-5CD810B9KL" time="0.285">
  <properties/>
  <testcase name="testHbConnection" classname="ru.stqa.pft.addressbook.tests.HbConnectionTest" time="0.285"/>
  <system-out><![CDATA[17:58:00.782 [Test worker] DEBUG o.h.s.internal.StatisticsInitiator - Statistics initialized [enabled=false]
17:58:00.783 [Test worker] DEBUG o.h.e.t.internal.TransactionImpl - begin
17:58:00.795 [Test worker] DEBUG o.h.h.i.QueryTranslatorFactoryInitiator - QueryTranslatorFactory : org.hibernate.hql.internal.ast.ASTQueryTranslatorFactory@ceee3e1
17:58:00.795 [Test worker] INFO  o.h.h.i.QueryTranslatorFactoryInitiator - HHH000397: Using ASTQueryTranslatorFactory
17:58:00.834 [Test worker] DEBUG o.h.h.i.ast.QueryTranslatorImpl - parse() - HQL: from ru.stqa.pft.addressbook.model.ContactData where deprecated = '0000-00-00'
17:58:00.847 [Test worker] DEBUG o.h.h.i.ast.QueryTranslatorImpl - --- HQL AST ---
 \-[QUERY] Node: 'query'
    +-[SELECT_FROM] Node: 'SELECT_FROM'
    |  \-[FROM] Node: 'from'
    |     \-[RANGE] Node: 'RANGE'
    |        \-[DOT] Node: '.'
    |           +-[DOT] Node: '.'
    |           |  +-[DOT] Node: '.'
    |           |  |  +-[DOT] Node: '.'
    |           |  |  |  +-[DOT] Node: '.'
    |           |  |  |  |  +-[IDENT] Node: 'ru'
    |           |  |  |  |  \-[IDENT] Node: 'stqa'
    |           |  |  |  \-[IDENT] Node: 'pft'
    |           |  |  \-[IDENT] Node: 'addressbook'
    |           |  \-[IDENT] Node: 'model'
    |           \-[IDENT] Node: 'ContactData'
    \-[WHERE] Node: 'where'
       \-[EQ] Node: '='
          +-[IDENT] Node: 'deprecated'
          \-[QUOTED_STRING] Node: ''0000-00-00''

17:58:00.847 [Test worker] DEBUG o.h.hql.internal.ast.ErrorCounter - throwQueryException() : no errors
17:58:00.878 [Test worker] DEBUG o.h.h.i.antlr.HqlSqlBaseWalker - select << begin [level=1, statement=select]
17:58:00.898 [Test worker] DEBUG o.h.h.internal.ast.tree.FromElement - FromClause{level=1} : ru.stqa.pft.addressbook.model.ContactData (<no alias>) -> contactdat0_
17:58:00.904 [Test worker] DEBUG o.h.h.i.antlr.HqlSqlBaseWalker - select : finishing up [level=1, statement=select]
17:58:00.904 [Test worker] DEBUG o.h.hql.internal.ast.HqlSqlWalker - processQuery() :  ( SELECT ( FromClause{level=1} addressbook contactdat0_ ) ( where ( = deprecated '0000-00-00' ) ) )
17:58:00.915 [Test worker] DEBUG o.h.hql.internal.ast.HqlSqlWalker - Derived SELECT clause created.
17:58:00.922 [Test worker] DEBUG o.h.h.i.ast.util.JoinProcessor - Using FROM fragment [addressbook contactdat0_]
17:58:00.927 [Test worker] DEBUG o.h.h.i.antlr.HqlSqlBaseWalker - select >> end [level=1, statement=select]
17:58:00.929 [Test worker] DEBUG o.h.h.i.ast.QueryTranslatorImpl - --- SQL AST ---
 \-[SELECT] QueryNode: 'SELECT'  querySpaces (addressbook)
    +-[SELECT_CLAUSE] SelectClause: '{derived select clause}'
    |  +-[SELECT_EXPR] SelectExpressionImpl: 'contactdat0_.id as id1_0_' {FromElement{explicit,not a collection join,not a fetch join,fetch non-lazy properties,classAlias=null,role=null,tableName=addressbook,tableAlias=contactdat0_,origin=null,columns={,className=ru.stqa.pft.addressbook.model.ContactData}}}
    |  \-[SQL_TOKEN] SqlFragment: 'contactdat0_.address as address2_0_, contactdat0_.firstname as firstnam3_0_, contactdat0_.home as home4_0_, contactdat0_.lastname as lastname5_0_, contactdat0_.mobile as mobile6_0_, contactdat0_.photo as photo7_0_, contactdat0_.work as work8_0_'
    +-[FROM] FromClause: 'from' FromClause{level=1, fromElementCounter=1, fromElements=1, fromElementByClassAlias=[], fromElementByTableAlias=[contactdat0_], fromElementsByPath=[], collectionJoinFromElementsByPath=[], impliedElements=[]}
    |  \-[FROM_FRAGMENT] FromElement: 'addressbook contactdat0_' FromElement{explicit,not a collection join,not a fetch join,fetch non-lazy properties,classAlias=null,role=null,tableName=addressbook,tableAlias=contactdat0_,origin=null,columns={,className=ru.stqa.pft.addressbook.model.ContactData}}
    \-[WHERE] SqlNode: 'where'
       \-[EQ] BinaryLogicOperatorNode: '='
          +-[IDENT] IdentNode: 'deprecated' {originalText=deprecated}
          \-[QUOTED_STRING] LiteralNode: ''0000-00-00''

17:58:00.929 [Test worker] DEBUG o.h.hql.internal.ast.ErrorCounter - throwQueryException() : no errors
17:58:00.947 [Test worker] DEBUG o.h.h.i.ast.QueryTranslatorImpl - HQL: from ru.stqa.pft.addressbook.model.ContactData where deprecated = '0000-00-00'
17:58:00.947 [Test worker] DEBUG o.h.h.i.ast.QueryTranslatorImpl - SQL: select contactdat0_.id as id1_0_, contactdat0_.address as address2_0_, contactdat0_.firstname as firstnam3_0_, contactdat0_.home as home4_0_, contactdat0_.lastname as lastname5_0_, contactdat0_.mobile as mobile6_0_, contactdat0_.photo as photo7_0_, contactdat0_.work as work8_0_ from addressbook contactdat0_ where deprecated='0000-00-00'
17:58:00.947 [Test worker] DEBUG o.h.hql.internal.ast.ErrorCounter - throwQueryException() : no errors
17:58:00.963 [Test worker] DEBUG org.hibernate.SQL - select contactdat0_.id as id1_0_, contactdat0_.address as address2_0_, contactdat0_.firstname as firstnam3_0_, contactdat0_.home as home4_0_, contactdat0_.lastname as lastname5_0_, contactdat0_.mobile as mobile6_0_, contactdat0_.photo as photo7_0_, contactdat0_.work as work8_0_ from addressbook contactdat0_ where deprecated='0000-00-00'
Hibernate: select contactdat0_.id as id1_0_, contactdat0_.address as address2_0_, contactdat0_.firstname as firstnam3_0_, contactdat0_.home as home4_0_, contactdat0_.lastname as lastname5_0_, contactdat0_.mobile as mobile6_0_, contactdat0_.photo as photo7_0_, contactdat0_.work as work8_0_ from addressbook contactdat0_ where deprecated='0000-00-00'
17:58:00.984 [Test worker] DEBUG org.hibernate.loader.Loader - Result set row: 0
17:58:00.987 [Test worker] DEBUG org.hibernate.loader.Loader - Result row: EntityKey[ru.stqa.pft.addressbook.model.ContactData#82]
17:58:00.995 [Test worker] DEBUG org.hibernate.loader.Loader - Result set row: 1
17:58:00.995 [Test worker] DEBUG org.hibernate.loader.Loader - Result row: EntityKey[ru.stqa.pft.addressbook.model.ContactData#86]
17:58:00.996 [Test worker] DEBUG org.hibernate.loader.Loader - Result set row: 2
17:58:00.996 [Test worker] DEBUG org.hibernate.loader.Loader - Result row: EntityKey[ru.stqa.pft.addressbook.model.ContactData#87]
17:58:00.998 [Test worker] DEBUG o.h.engine.internal.TwoPhaseLoad - Resolving associations for [ru.stqa.pft.addressbook.model.ContactData#82]
17:58:01.001 [Test worker] DEBUG o.h.engine.internal.TwoPhaseLoad - Done materializing entity [ru.stqa.pft.addressbook.model.ContactData#82]
17:58:01.002 [Test worker] DEBUG o.h.engine.internal.TwoPhaseLoad - Resolving associations for [ru.stqa.pft.addressbook.model.ContactData#86]
17:58:01.002 [Test worker] DEBUG o.h.engine.internal.TwoPhaseLoad - Done materializing entity [ru.stqa.pft.addressbook.model.ContactData#86]
17:58:01.002 [Test worker] DEBUG o.h.engine.internal.TwoPhaseLoad - Resolving associations for [ru.stqa.pft.addressbook.model.ContactData#87]
17:58:01.002 [Test worker] DEBUG o.h.engine.internal.TwoPhaseLoad - Done materializing entity [ru.stqa.pft.addressbook.model.ContactData#87]
ContactData{id=82, firstname='Oksana', lastname='Grigoreva'}
ContactData{id=86, firstname='Oksana 0', lastname='Grigoreva 0'}
ContactData{id=87, firstname='Oksana 1', lastname='Grigoreva 1'}
17:58:01.004 [Test worker] DEBUG o.h.e.t.internal.TransactionImpl - committing
17:58:01.005 [Test worker] DEBUG o.h.e.i.AbstractFlushingEventListener - Processing flush-time cascades
17:58:01.008 [Test worker] DEBUG o.h.e.i.AbstractFlushingEventListener - Dirty checking collections
17:58:01.010 [Test worker] DEBUG o.h.e.i.AbstractFlushingEventListener - Flushed: 0 insertions, 0 updates, 0 deletions to 3 objects
17:58:01.010 [Test worker] DEBUG o.h.e.i.AbstractFlushingEventListener - Flushed: 0 (re)creations, 0 updates, 0 removals to 0 collections
17:58:01.012 [Test worker] DEBUG o.h.internal.util.EntityPrinter - Listing entities:
17:58:01.012 [Test worker] DEBUG o.h.internal.util.EntityPrinter - ru.stqa.pft.addressbook.model.ContactData{firstname=Oksana 0, address=Saint-Petersburg 0, homephone=, mobilephone=89112999959 0, workphone=, photo=, id=86, lastname=Grigoreva 0}
17:58:01.012 [Test worker] DEBUG o.h.internal.util.EntityPrinter - ru.stqa.pft.addressbook.model.ContactData{firstname=Oksana 1, address=Saint-Petersburg 1, homephone=, mobilephone=89112999959 1, workphone=, photo=, id=87, lastname=Grigoreva 1}
17:58:01.012 [Test worker] DEBUG o.h.internal.util.EntityPrinter - ru.stqa.pft.addressbook.model.ContactData{firstname=Oksana, address=Saint-Petersburg, homephone=, mobilephone=89112999959, workphone=, photo=, id=82, lastname=Grigoreva}
]]></system-out>
  <system-err><![CDATA[]]></system-err>
</testsuite>
