<?xml version="1.0" encoding="UTF-8"?>
<testsuite name="ru.stqa.pft.addressbook.tests.ContactFromGroupDeletionTests" tests="1" skipped="0" failures="0" errors="0" timestamp="2019-10-28T05:49:07" hostname="SPB-5CD810B9KL" time="3.298">
  <properties/>
  <testcase name="TestContactFromGroupDeletion" classname="ru.stqa.pft.addressbook.tests.ContactFromGroupDeletionTests" time="3.298"/>
  <system-out><![CDATA[08:49:07.950 [Test worker] DEBUG o.h.e.t.internal.TransactionImpl - begin
08:49:07.951 [Test worker] DEBUG org.hibernate.SQL - select contactdat0_.id as id1_1_, contactdat0_.address as address2_1_, contactdat0_.firstname as firstnam3_1_, contactdat0_.home as home4_1_, contactdat0_.lastname as lastname5_1_, contactdat0_.mobile as mobile6_1_, contactdat0_.work as work7_1_ from addressbook contactdat0_ where deprecated='0000-00-00'
Hibernate: select contactdat0_.id as id1_1_, contactdat0_.address as address2_1_, contactdat0_.firstname as firstnam3_1_, contactdat0_.home as home4_1_, contactdat0_.lastname as lastname5_1_, contactdat0_.mobile as mobile6_1_, contactdat0_.work as work7_1_ from addressbook contactdat0_ where deprecated='0000-00-00'
08:49:07.953 [Test worker] DEBUG org.hibernate.loader.Loader - Result set row: 0
08:49:07.953 [Test worker] DEBUG org.hibernate.loader.Loader - Result row: EntityKey[ru.stqa.pft.addressbook.model.ContactData#86]
08:49:07.953 [Test worker] DEBUG org.hibernate.loader.Loader - Result set row: 1
08:49:07.953 [Test worker] DEBUG org.hibernate.loader.Loader - Result row: EntityKey[ru.stqa.pft.addressbook.model.ContactData#87]
08:49:07.954 [Test worker] DEBUG org.hibernate.loader.Loader - Result set row: 2
08:49:07.954 [Test worker] DEBUG org.hibernate.loader.Loader - Result row: EntityKey[ru.stqa.pft.addressbook.model.ContactData#98]
08:49:07.954 [Test worker] DEBUG org.hibernate.loader.Loader - Result set row: 3
08:49:07.954 [Test worker] DEBUG org.hibernate.loader.Loader - Result row: EntityKey[ru.stqa.pft.addressbook.model.ContactData#99]
08:49:07.954 [Test worker] DEBUG org.hibernate.loader.Loader - Result set row: 4
08:49:07.954 [Test worker] DEBUG org.hibernate.loader.Loader - Result row: EntityKey[ru.stqa.pft.addressbook.model.ContactData#102]
08:49:07.954 [Test worker] DEBUG org.hibernate.loader.Loader - Result set row: 5
08:49:07.955 [Test worker] DEBUG org.hibernate.loader.Loader - Result row: EntityKey[ru.stqa.pft.addressbook.model.ContactData#103]
08:49:07.955 [Test worker] DEBUG org.hibernate.loader.Loader - Result set row: 6
08:49:07.955 [Test worker] DEBUG org.hibernate.loader.Loader - Result row: EntityKey[ru.stqa.pft.addressbook.model.ContactData#104]
08:49:07.955 [Test worker] DEBUG org.hibernate.loader.Loader - Result set row: 7
08:49:07.955 [Test worker] DEBUG org.hibernate.loader.Loader - Result row: EntityKey[ru.stqa.pft.addressbook.model.ContactData#105]
08:49:07.955 [Test worker] DEBUG org.hibernate.loader.Loader - Result set row: 8
08:49:07.955 [Test worker] DEBUG org.hibernate.loader.Loader - Result row: EntityKey[ru.stqa.pft.addressbook.model.ContactData#106]
08:49:07.956 [Test worker] DEBUG org.hibernate.loader.Loader - Result set row: 9
08:49:07.956 [Test worker] DEBUG org.hibernate.loader.Loader - Result row: EntityKey[ru.stqa.pft.addressbook.model.ContactData#107]
08:49:07.956 [Test worker] DEBUG o.h.engine.internal.TwoPhaseLoad - Resolving associations for [ru.stqa.pft.addressbook.model.ContactData#86]
08:49:07.956 [Test worker] DEBUG o.h.engine.internal.TwoPhaseLoad - Done materializing entity [ru.stqa.pft.addressbook.model.ContactData#86]
08:49:07.956 [Test worker] DEBUG o.h.engine.internal.TwoPhaseLoad - Resolving associations for [ru.stqa.pft.addressbook.model.ContactData#87]
08:49:07.956 [Test worker] DEBUG o.h.engine.internal.TwoPhaseLoad - Done materializing entity [ru.stqa.pft.addressbook.model.ContactData#87]
08:49:07.956 [Test worker] DEBUG o.h.engine.internal.TwoPhaseLoad - Resolving associations for [ru.stqa.pft.addressbook.model.ContactData#98]
08:49:07.956 [Test worker] DEBUG o.h.engine.internal.TwoPhaseLoad - Done materializing entity [ru.stqa.pft.addressbook.model.ContactData#98]
08:49:07.956 [Test worker] DEBUG o.h.engine.internal.TwoPhaseLoad - Resolving associations for [ru.stqa.pft.addressbook.model.ContactData#99]
08:49:07.957 [Test worker] DEBUG o.h.engine.internal.TwoPhaseLoad - Done materializing entity [ru.stqa.pft.addressbook.model.ContactData#99]
08:49:07.957 [Test worker] DEBUG o.h.engine.internal.TwoPhaseLoad - Resolving associations for [ru.stqa.pft.addressbook.model.ContactData#102]
08:49:07.957 [Test worker] DEBUG o.h.engine.internal.TwoPhaseLoad - Done materializing entity [ru.stqa.pft.addressbook.model.ContactData#102]
08:49:07.957 [Test worker] DEBUG o.h.engine.internal.TwoPhaseLoad - Resolving associations for [ru.stqa.pft.addressbook.model.ContactData#103]
08:49:07.957 [Test worker] DEBUG o.h.engine.internal.TwoPhaseLoad - Done materializing entity [ru.stqa.pft.addressbook.model.ContactData#103]
08:49:07.957 [Test worker] DEBUG o.h.engine.internal.TwoPhaseLoad - Resolving associations for [ru.stqa.pft.addressbook.model.ContactData#104]
08:49:07.957 [Test worker] DEBUG o.h.engine.internal.TwoPhaseLoad - Done materializing entity [ru.stqa.pft.addressbook.model.ContactData#104]
08:49:07.957 [Test worker] DEBUG o.h.engine.internal.TwoPhaseLoad - Resolving associations for [ru.stqa.pft.addressbook.model.ContactData#105]
08:49:07.957 [Test worker] DEBUG o.h.engine.internal.TwoPhaseLoad - Done materializing entity [ru.stqa.pft.addressbook.model.ContactData#105]
08:49:07.957 [Test worker] DEBUG o.h.engine.internal.TwoPhaseLoad - Resolving associations for [ru.stqa.pft.addressbook.model.ContactData#106]
08:49:07.957 [Test worker] DEBUG o.h.engine.internal.TwoPhaseLoad - Done materializing entity [ru.stqa.pft.addressbook.model.ContactData#106]
08:49:07.957 [Test worker] DEBUG o.h.engine.internal.TwoPhaseLoad - Resolving associations for [ru.stqa.pft.addressbook.model.ContactData#107]
08:49:07.958 [Test worker] DEBUG o.h.engine.internal.TwoPhaseLoad - Done materializing entity [ru.stqa.pft.addressbook.model.ContactData#107]
08:49:07.958 [Test worker] DEBUG o.h.l.c.p.AbstractLoadPlanBasedCollectionInitializer - Loading collection: [ru.stqa.pft.addressbook.model.ContactData.groups#107]
08:49:07.958 [Test worker] DEBUG org.hibernate.SQL - select groups0_.id as id1_0_0_, groups0_.group_id as group_id2_0_0_, groupdata1_.group_id as group_id1_2_1_, groupdata1_.group_footer as group_fo2_2_1_, groupdata1_.group_header as group_he3_2_1_, groupdata1_.group_name as group_na4_2_1_ from address_in_groups groups0_ inner join group_list groupdata1_ on groups0_.group_id=groupdata1_.group_id where groups0_.id=?
Hibernate: select groups0_.id as id1_0_0_, groups0_.group_id as group_id2_0_0_, groupdata1_.group_id as group_id1_2_1_, groupdata1_.group_footer as group_fo2_2_1_, groupdata1_.group_header as group_he3_2_1_, groupdata1_.group_name as group_na4_2_1_ from address_in_groups groups0_ inner join group_list groupdata1_ on groups0_.group_id=groupdata1_.group_id where groups0_.id=?
08:49:07.960 [Test worker] DEBUG o.h.l.p.e.p.i.ResultSetProcessorImpl - Preparing collection intializer : [ru.stqa.pft.addressbook.model.ContactData.groups#107]
08:49:07.960 [Test worker] DEBUG o.h.l.p.e.p.i.ResultSetProcessorImpl - Starting ResultSet row #0
08:49:07.960 [Test worker] DEBUG o.h.l.p.e.p.i.CollectionReferenceInitializerImpl - Found row of collection: [ru.stqa.pft.addressbook.model.ContactData.groups#107]
08:49:07.961 [Test worker] DEBUG o.h.engine.internal.TwoPhaseLoad - Resolving associations for [ru.stqa.pft.addressbook.model.GroupData#44]
08:49:07.961 [Test worker] DEBUG o.h.engine.internal.TwoPhaseLoad - Done materializing entity [ru.stqa.pft.addressbook.model.GroupData#44]
08:49:07.961 [Test worker] DEBUG o.h.e.l.i.CollectionLoadContext - 1 collections were found in result set for role: ru.stqa.pft.addressbook.model.ContactData.groups
08:49:07.961 [Test worker] DEBUG o.h.e.l.i.CollectionLoadContext - Collection fully initialized: [ru.stqa.pft.addressbook.model.ContactData.groups#107]
08:49:07.961 [Test worker] DEBUG o.h.e.l.i.CollectionLoadContext - 1 collections initialized for role: ru.stqa.pft.addressbook.model.ContactData.groups
08:49:07.961 [Test worker] DEBUG o.h.r.j.i.ResourceRegistryStandardImpl - HHH000387: ResultSet's statement was not registered
08:49:07.961 [Test worker] DEBUG o.h.l.c.p.AbstractLoadPlanBasedCollectionInitializer - Done loading collection
08:49:07.961 [Test worker] DEBUG o.h.l.c.p.AbstractLoadPlanBasedCollectionInitializer - Loading collection: [ru.stqa.pft.addressbook.model.GroupData.contacts#44]
08:49:07.961 [Test worker] DEBUG org.hibernate.SQL - select contacts0_.group_id as group_id2_0_0_, contacts0_.id as id1_0_0_, contactdat1_.id as id1_1_1_, contactdat1_.address as address2_1_1_, contactdat1_.firstname as firstnam3_1_1_, contactdat1_.home as home4_1_1_, contactdat1_.lastname as lastname5_1_1_, contactdat1_.mobile as mobile6_1_1_, contactdat1_.work as work7_1_1_ from address_in_groups contacts0_ inner join addressbook contactdat1_ on contacts0_.id=contactdat1_.id where contacts0_.group_id=?
Hibernate: select contacts0_.group_id as group_id2_0_0_, contacts0_.id as id1_0_0_, contactdat1_.id as id1_1_1_, contactdat1_.address as address2_1_1_, contactdat1_.firstname as firstnam3_1_1_, contactdat1_.home as home4_1_1_, contactdat1_.lastname as lastname5_1_1_, contactdat1_.mobile as mobile6_1_1_, contactdat1_.work as work7_1_1_ from address_in_groups contacts0_ inner join addressbook contactdat1_ on contacts0_.id=contactdat1_.id where contacts0_.group_id=?
08:49:07.963 [Test worker] DEBUG o.h.l.p.e.p.i.ResultSetProcessorImpl - Preparing collection intializer : [ru.stqa.pft.addressbook.model.GroupData.contacts#44]
08:49:07.963 [Test worker] DEBUG o.h.l.p.e.p.i.ResultSetProcessorImpl - Starting ResultSet row #0
08:49:07.963 [Test worker] DEBUG o.h.l.p.e.p.i.CollectionReferenceInitializerImpl - Found row of collection: [ru.stqa.pft.addressbook.model.GroupData.contacts#44]
08:49:07.963 [Test worker] DEBUG o.h.l.p.e.p.i.ResultSetProcessorImpl - Starting ResultSet row #1
08:49:07.963 [Test worker] DEBUG o.h.l.p.e.p.i.CollectionReferenceInitializerImpl - Found row of collection: [ru.stqa.pft.addressbook.model.GroupData.contacts#44]
08:49:07.964 [Test worker] DEBUG o.h.l.p.e.p.i.ResultSetProcessorImpl - Starting ResultSet row #2
08:49:07.964 [Test worker] DEBUG o.h.l.p.e.p.i.CollectionReferenceInitializerImpl - Found row of collection: [ru.stqa.pft.addressbook.model.GroupData.contacts#44]
08:49:07.964 [Test worker] DEBUG o.h.l.p.e.p.i.ResultSetProcessorImpl - Starting ResultSet row #3
08:49:07.964 [Test worker] DEBUG o.h.l.p.e.p.i.CollectionReferenceInitializerImpl - Found row of collection: [ru.stqa.pft.addressbook.model.GroupData.contacts#44]
08:49:07.964 [Test worker] DEBUG o.h.e.l.i.CollectionLoadContext - 1 collections were found in result set for role: ru.stqa.pft.addressbook.model.GroupData.contacts
08:49:07.964 [Test worker] DEBUG o.h.e.l.i.CollectionLoadContext - Collection fully initialized: [ru.stqa.pft.addressbook.model.GroupData.contacts#44]
08:49:07.964 [Test worker] DEBUG o.h.e.l.i.CollectionLoadContext - 1 collections initialized for role: ru.stqa.pft.addressbook.model.GroupData.contacts
08:49:07.964 [Test worker] DEBUG o.h.r.j.i.ResourceRegistryStandardImpl - HHH000387: ResultSet's statement was not registered
08:49:07.964 [Test worker] DEBUG o.h.l.c.p.AbstractLoadPlanBasedCollectionInitializer - Done loading collection
08:49:07.965 [Test worker] DEBUG o.h.l.c.p.AbstractLoadPlanBasedCollectionInitializer - Loading collection: [ru.stqa.pft.addressbook.model.ContactData.groups#106]
08:49:07.965 [Test worker] DEBUG org.hibernate.SQL - select groups0_.id as id1_0_0_, groups0_.group_id as group_id2_0_0_, groupdata1_.group_id as group_id1_2_1_, groupdata1_.group_footer as group_fo2_2_1_, groupdata1_.group_header as group_he3_2_1_, groupdata1_.group_name as group_na4_2_1_ from address_in_groups groups0_ inner join group_list groupdata1_ on groups0_.group_id=groupdata1_.group_id where groups0_.id=?
Hibernate: select groups0_.id as id1_0_0_, groups0_.group_id as group_id2_0_0_, groupdata1_.group_id as group_id1_2_1_, groupdata1_.group_footer as group_fo2_2_1_, groupdata1_.group_header as group_he3_2_1_, groupdata1_.group_name as group_na4_2_1_ from address_in_groups groups0_ inner join group_list groupdata1_ on groups0_.group_id=groupdata1_.group_id where groups0_.id=?
08:49:07.966 [Test worker] DEBUG o.h.l.p.e.p.i.ResultSetProcessorImpl - Preparing collection intializer : [ru.stqa.pft.addressbook.model.ContactData.groups#106]
08:49:07.966 [Test worker] DEBUG o.h.l.p.e.p.i.ResultSetProcessorImpl - Starting ResultSet row #0
08:49:07.966 [Test worker] DEBUG o.h.l.p.e.p.i.CollectionReferenceInitializerImpl - Found row of collection: [ru.stqa.pft.addressbook.model.ContactData.groups#106]
08:49:07.967 [Test worker] DEBUG o.h.e.l.i.CollectionLoadContext - 1 collections were found in result set for role: ru.stqa.pft.addressbook.model.ContactData.groups
08:49:07.967 [Test worker] DEBUG o.h.e.l.i.CollectionLoadContext - Collection fully initialized: [ru.stqa.pft.addressbook.model.ContactData.groups#106]
08:49:07.967 [Test worker] DEBUG o.h.e.l.i.CollectionLoadContext - 1 collections initialized for role: ru.stqa.pft.addressbook.model.ContactData.groups
08:49:07.967 [Test worker] DEBUG o.h.r.j.i.ResourceRegistryStandardImpl - HHH000387: ResultSet's statement was not registered
08:49:07.967 [Test worker] DEBUG o.h.l.c.p.AbstractLoadPlanBasedCollectionInitializer - Done loading collection
08:49:07.967 [Test worker] DEBUG o.h.l.c.p.AbstractLoadPlanBasedCollectionInitializer - Loading collection: [ru.stqa.pft.addressbook.model.ContactData.groups#105]
08:49:07.967 [Test worker] DEBUG org.hibernate.SQL - select groups0_.id as id1_0_0_, groups0_.group_id as group_id2_0_0_, groupdata1_.group_id as group_id1_2_1_, groupdata1_.group_footer as group_fo2_2_1_, groupdata1_.group_header as group_he3_2_1_, groupdata1_.group_name as group_na4_2_1_ from address_in_groups groups0_ inner join group_list groupdata1_ on groups0_.group_id=groupdata1_.group_id where groups0_.id=?
Hibernate: select groups0_.id as id1_0_0_, groups0_.group_id as group_id2_0_0_, groupdata1_.group_id as group_id1_2_1_, groupdata1_.group_footer as group_fo2_2_1_, groupdata1_.group_header as group_he3_2_1_, groupdata1_.group_name as group_na4_2_1_ from address_in_groups groups0_ inner join group_list groupdata1_ on groups0_.group_id=groupdata1_.group_id where groups0_.id=?
08:49:07.968 [Test worker] DEBUG o.h.l.p.e.p.i.ResultSetProcessorImpl - Preparing collection intializer : [ru.stqa.pft.addressbook.model.ContactData.groups#105]
08:49:07.969 [Test worker] DEBUG o.h.l.p.e.p.i.ResultSetProcessorImpl - Starting ResultSet row #0
08:49:07.969 [Test worker] DEBUG o.h.l.p.e.p.i.CollectionReferenceInitializerImpl - Found row of collection: [ru.stqa.pft.addressbook.model.ContactData.groups#105]
08:49:07.969 [Test worker] DEBUG o.h.l.p.e.p.i.ResultSetProcessorImpl - Starting ResultSet row #1
08:49:07.969 [Test worker] DEBUG o.h.l.p.e.p.i.CollectionReferenceInitializerImpl - Found row of collection: [ru.stqa.pft.addressbook.model.ContactData.groups#105]
08:49:07.969 [Test worker] DEBUG o.h.l.p.e.p.i.ResultSetProcessorImpl - Starting ResultSet row #2
08:49:07.969 [Test worker] DEBUG o.h.l.p.e.p.i.CollectionReferenceInitializerImpl - Found row of collection: [ru.stqa.pft.addressbook.model.ContactData.groups#105]
08:49:07.970 [Test worker] DEBUG o.h.engine.internal.TwoPhaseLoad - Resolving associations for [ru.stqa.pft.addressbook.model.GroupData#52]
08:49:07.970 [Test worker] DEBUG o.h.engine.internal.TwoPhaseLoad - Done materializing entity [ru.stqa.pft.addressbook.model.GroupData#52]
08:49:07.970 [Test worker] DEBUG o.h.engine.internal.TwoPhaseLoad - Resolving associations for [ru.stqa.pft.addressbook.model.GroupData#91]
08:49:07.970 [Test worker] DEBUG o.h.engine.internal.TwoPhaseLoad - Done materializing entity [ru.stqa.pft.addressbook.model.GroupData#91]
08:49:07.970 [Test worker] DEBUG o.h.e.l.i.CollectionLoadContext - 1 collections were found in result set for role: ru.stqa.pft.addressbook.model.ContactData.groups
08:49:07.970 [Test worker] DEBUG o.h.e.l.i.CollectionLoadContext - Collection fully initialized: [ru.stqa.pft.addressbook.model.ContactData.groups#105]
08:49:07.970 [Test worker] DEBUG o.h.e.l.i.CollectionLoadContext - 1 collections initialized for role: ru.stqa.pft.addressbook.model.ContactData.groups
08:49:07.970 [Test worker] DEBUG o.h.r.j.i.ResourceRegistryStandardImpl - HHH000387: ResultSet's statement was not registered
08:49:07.970 [Test worker] DEBUG o.h.l.c.p.AbstractLoadPlanBasedCollectionInitializer - Done loading collection
08:49:07.972 [Test worker] DEBUG o.h.l.c.p.AbstractLoadPlanBasedCollectionInitializer - Loading collection: [ru.stqa.pft.addressbook.model.GroupData.contacts#91]
08:49:07.972 [Test worker] DEBUG org.hibernate.SQL - select contacts0_.group_id as group_id2_0_0_, contacts0_.id as id1_0_0_, contactdat1_.id as id1_1_1_, contactdat1_.address as address2_1_1_, contactdat1_.firstname as firstnam3_1_1_, contactdat1_.home as home4_1_1_, contactdat1_.lastname as lastname5_1_1_, contactdat1_.mobile as mobile6_1_1_, contactdat1_.work as work7_1_1_ from address_in_groups contacts0_ inner join addressbook contactdat1_ on contacts0_.id=contactdat1_.id where contacts0_.group_id=?
Hibernate: select contacts0_.group_id as group_id2_0_0_, contacts0_.id as id1_0_0_, contactdat1_.id as id1_1_1_, contactdat1_.address as address2_1_1_, contactdat1_.firstname as firstnam3_1_1_, contactdat1_.home as home4_1_1_, contactdat1_.lastname as lastname5_1_1_, contactdat1_.mobile as mobile6_1_1_, contactdat1_.work as work7_1_1_ from address_in_groups contacts0_ inner join addressbook contactdat1_ on contacts0_.id=contactdat1_.id where contacts0_.group_id=?
08:49:07.973 [Test worker] DEBUG o.h.l.p.e.p.i.ResultSetProcessorImpl - Preparing collection intializer : [ru.stqa.pft.addressbook.model.GroupData.contacts#91]
08:49:07.973 [Test worker] DEBUG o.h.l.p.e.p.i.ResultSetProcessorImpl - Starting ResultSet row #0
08:49:07.973 [Test worker] DEBUG o.h.l.p.e.p.i.CollectionReferenceInitializerImpl - Found row of collection: [ru.stqa.pft.addressbook.model.GroupData.contacts#91]
08:49:07.973 [Test worker] DEBUG o.h.e.l.i.CollectionLoadContext - 1 collections were found in result set for role: ru.stqa.pft.addressbook.model.GroupData.contacts
08:49:07.974 [Test worker] DEBUG o.h.e.l.i.CollectionLoadContext - Collection fully initialized: [ru.stqa.pft.addressbook.model.GroupData.contacts#91]
08:49:07.974 [Test worker] DEBUG o.h.e.l.i.CollectionLoadContext - 1 collections initialized for role: ru.stqa.pft.addressbook.model.GroupData.contacts
08:49:07.974 [Test worker] DEBUG o.h.r.j.i.ResourceRegistryStandardImpl - HHH000387: ResultSet's statement was not registered
08:49:07.974 [Test worker] DEBUG o.h.l.c.p.AbstractLoadPlanBasedCollectionInitializer - Done loading collection
08:49:07.974 [Test worker] DEBUG o.h.l.c.p.AbstractLoadPlanBasedCollectionInitializer - Loading collection: [ru.stqa.pft.addressbook.model.GroupData.contacts#52]
08:49:07.974 [Test worker] DEBUG org.hibernate.SQL - select contacts0_.group_id as group_id2_0_0_, contacts0_.id as id1_0_0_, contactdat1_.id as id1_1_1_, contactdat1_.address as address2_1_1_, contactdat1_.firstname as firstnam3_1_1_, contactdat1_.home as home4_1_1_, contactdat1_.lastname as lastname5_1_1_, contactdat1_.mobile as mobile6_1_1_, contactdat1_.work as work7_1_1_ from address_in_groups contacts0_ inner join addressbook contactdat1_ on contacts0_.id=contactdat1_.id where contacts0_.group_id=?
Hibernate: select contacts0_.group_id as group_id2_0_0_, contacts0_.id as id1_0_0_, contactdat1_.id as id1_1_1_, contactdat1_.address as address2_1_1_, contactdat1_.firstname as firstnam3_1_1_, contactdat1_.home as home4_1_1_, contactdat1_.lastname as lastname5_1_1_, contactdat1_.mobile as mobile6_1_1_, contactdat1_.work as work7_1_1_ from address_in_groups contacts0_ inner join addressbook contactdat1_ on contacts0_.id=contactdat1_.id where contacts0_.group_id=?
08:49:07.975 [Test worker] DEBUG o.h.l.p.e.p.i.ResultSetProcessorImpl - Preparing collection intializer : [ru.stqa.pft.addressbook.model.GroupData.contacts#52]
08:49:07.976 [Test worker] DEBUG o.h.l.p.e.p.i.ResultSetProcessorImpl - Starting ResultSet row #0
08:49:07.976 [Test worker] DEBUG o.h.l.p.e.p.i.CollectionReferenceInitializerImpl - Found row of collection: [ru.stqa.pft.addressbook.model.GroupData.contacts#52]
08:49:07.976 [Test worker] DEBUG o.h.l.p.e.p.i.ResultSetProcessorImpl - Starting ResultSet row #1
08:49:07.976 [Test worker] DEBUG o.h.l.p.e.p.i.CollectionReferenceInitializerImpl - Found row of collection: [ru.stqa.pft.addressbook.model.GroupData.contacts#52]
08:49:07.976 [Test worker] DEBUG o.h.e.l.i.CollectionLoadContext - 1 collections were found in result set for role: ru.stqa.pft.addressbook.model.GroupData.contacts
08:49:07.976 [Test worker] DEBUG o.h.e.l.i.CollectionLoadContext - Collection fully initialized: [ru.stqa.pft.addressbook.model.GroupData.contacts#52]
08:49:07.976 [Test worker] DEBUG o.h.e.l.i.CollectionLoadContext - 1 collections initialized for role: ru.stqa.pft.addressbook.model.GroupData.contacts
08:49:07.976 [Test worker] DEBUG o.h.r.j.i.ResourceRegistryStandardImpl - HHH000387: ResultSet's statement was not registered
08:49:07.976 [Test worker] DEBUG o.h.l.c.p.AbstractLoadPlanBasedCollectionInitializer - Done loading collection
08:49:07.976 [Test worker] DEBUG o.h.l.c.p.AbstractLoadPlanBasedCollectionInitializer - Loading collection: [ru.stqa.pft.addressbook.model.ContactData.groups#104]
08:49:07.976 [Test worker] DEBUG org.hibernate.SQL - select groups0_.id as id1_0_0_, groups0_.group_id as group_id2_0_0_, groupdata1_.group_id as group_id1_2_1_, groupdata1_.group_footer as group_fo2_2_1_, groupdata1_.group_header as group_he3_2_1_, groupdata1_.group_name as group_na4_2_1_ from address_in_groups groups0_ inner join group_list groupdata1_ on groups0_.group_id=groupdata1_.group_id where groups0_.id=?
Hibernate: select groups0_.id as id1_0_0_, groups0_.group_id as group_id2_0_0_, groupdata1_.group_id as group_id1_2_1_, groupdata1_.group_footer as group_fo2_2_1_, groupdata1_.group_header as group_he3_2_1_, groupdata1_.group_name as group_na4_2_1_ from address_in_groups groups0_ inner join group_list groupdata1_ on groups0_.group_id=groupdata1_.group_id where groups0_.id=?
08:49:07.978 [Test worker] DEBUG o.h.l.p.e.p.i.ResultSetProcessorImpl - Preparing collection intializer : [ru.stqa.pft.addressbook.model.ContactData.groups#104]
08:49:07.978 [Test worker] DEBUG o.h.e.l.i.CollectionLoadContext - 1 collections were found in result set for role: ru.stqa.pft.addressbook.model.ContactData.groups
08:49:07.978 [Test worker] DEBUG o.h.e.l.i.CollectionLoadContext - Collection fully initialized: [ru.stqa.pft.addressbook.model.ContactData.groups#104]
08:49:07.978 [Test worker] DEBUG o.h.e.l.i.CollectionLoadContext - 1 collections initialized for role: ru.stqa.pft.addressbook.model.ContactData.groups
08:49:07.978 [Test worker] DEBUG o.h.r.j.i.ResourceRegistryStandardImpl - HHH000387: ResultSet's statement was not registered
08:49:07.978 [Test worker] DEBUG o.h.l.c.p.AbstractLoadPlanBasedCollectionInitializer - Done loading collection
08:49:07.979 [Test worker] DEBUG o.h.l.c.p.AbstractLoadPlanBasedCollectionInitializer - Loading collection: [ru.stqa.pft.addressbook.model.ContactData.groups#103]
08:49:07.979 [Test worker] DEBUG org.hibernate.SQL - select groups0_.id as id1_0_0_, groups0_.group_id as group_id2_0_0_, groupdata1_.group_id as group_id1_2_1_, groupdata1_.group_footer as group_fo2_2_1_, groupdata1_.group_header as group_he3_2_1_, groupdata1_.group_name as group_na4_2_1_ from address_in_groups groups0_ inner join group_list groupdata1_ on groups0_.group_id=groupdata1_.group_id where groups0_.id=?
Hibernate: select groups0_.id as id1_0_0_, groups0_.group_id as group_id2_0_0_, groupdata1_.group_id as group_id1_2_1_, groupdata1_.group_footer as group_fo2_2_1_, groupdata1_.group_header as group_he3_2_1_, groupdata1_.group_name as group_na4_2_1_ from address_in_groups groups0_ inner join group_list groupdata1_ on groups0_.group_id=groupdata1_.group_id where groups0_.id=?
08:49:07.980 [Test worker] DEBUG o.h.l.p.e.p.i.ResultSetProcessorImpl - Preparing collection intializer : [ru.stqa.pft.addressbook.model.ContactData.groups#103]
08:49:07.980 [Test worker] DEBUG o.h.e.l.i.CollectionLoadContext - 1 collections were found in result set for role: ru.stqa.pft.addressbook.model.ContactData.groups
08:49:07.980 [Test worker] DEBUG o.h.e.l.i.CollectionLoadContext - Collection fully initialized: [ru.stqa.pft.addressbook.model.ContactData.groups#103]
08:49:07.980 [Test worker] DEBUG o.h.e.l.i.CollectionLoadContext - 1 collections initialized for role: ru.stqa.pft.addressbook.model.ContactData.groups
08:49:07.980 [Test worker] DEBUG o.h.r.j.i.ResourceRegistryStandardImpl - HHH000387: ResultSet's statement was not registered
08:49:07.981 [Test worker] DEBUG o.h.l.c.p.AbstractLoadPlanBasedCollectionInitializer - Done loading collection
08:49:07.981 [Test worker] DEBUG o.h.l.c.p.AbstractLoadPlanBasedCollectionInitializer - Loading collection: [ru.stqa.pft.addressbook.model.ContactData.groups#102]
08:49:07.981 [Test worker] DEBUG org.hibernate.SQL - select groups0_.id as id1_0_0_, groups0_.group_id as group_id2_0_0_, groupdata1_.group_id as group_id1_2_1_, groupdata1_.group_footer as group_fo2_2_1_, groupdata1_.group_header as group_he3_2_1_, groupdata1_.group_name as group_na4_2_1_ from address_in_groups groups0_ inner join group_list groupdata1_ on groups0_.group_id=groupdata1_.group_id where groups0_.id=?
Hibernate: select groups0_.id as id1_0_0_, groups0_.group_id as group_id2_0_0_, groupdata1_.group_id as group_id1_2_1_, groupdata1_.group_footer as group_fo2_2_1_, groupdata1_.group_header as group_he3_2_1_, groupdata1_.group_name as group_na4_2_1_ from address_in_groups groups0_ inner join group_list groupdata1_ on groups0_.group_id=groupdata1_.group_id where groups0_.id=?
08:49:07.982 [Test worker] DEBUG o.h.l.p.e.p.i.ResultSetProcessorImpl - Preparing collection intializer : [ru.stqa.pft.addressbook.model.ContactData.groups#102]
08:49:07.982 [Test worker] DEBUG o.h.e.l.i.CollectionLoadContext - 1 collections were found in result set for role: ru.stqa.pft.addressbook.model.ContactData.groups
08:49:07.982 [Test worker] DEBUG o.h.e.l.i.CollectionLoadContext - Collection fully initialized: [ru.stqa.pft.addressbook.model.ContactData.groups#102]
08:49:07.982 [Test worker] DEBUG o.h.e.l.i.CollectionLoadContext - 1 collections initialized for role: ru.stqa.pft.addressbook.model.ContactData.groups
08:49:07.982 [Test worker] DEBUG o.h.r.j.i.ResourceRegistryStandardImpl - HHH000387: ResultSet's statement was not registered
08:49:07.982 [Test worker] DEBUG o.h.l.c.p.AbstractLoadPlanBasedCollectionInitializer - Done loading collection
08:49:07.982 [Test worker] DEBUG o.h.l.c.p.AbstractLoadPlanBasedCollectionInitializer - Loading collection: [ru.stqa.pft.addressbook.model.ContactData.groups#99]
08:49:07.983 [Test worker] DEBUG org.hibernate.SQL - select groups0_.id as id1_0_0_, groups0_.group_id as group_id2_0_0_, groupdata1_.group_id as group_id1_2_1_, groupdata1_.group_footer as group_fo2_2_1_, groupdata1_.group_header as group_he3_2_1_, groupdata1_.group_name as group_na4_2_1_ from address_in_groups groups0_ inner join group_list groupdata1_ on groups0_.group_id=groupdata1_.group_id where groups0_.id=?
Hibernate: select groups0_.id as id1_0_0_, groups0_.group_id as group_id2_0_0_, groupdata1_.group_id as group_id1_2_1_, groupdata1_.group_footer as group_fo2_2_1_, groupdata1_.group_header as group_he3_2_1_, groupdata1_.group_name as group_na4_2_1_ from address_in_groups groups0_ inner join group_list groupdata1_ on groups0_.group_id=groupdata1_.group_id where groups0_.id=?
08:49:07.984 [Test worker] DEBUG o.h.l.p.e.p.i.ResultSetProcessorImpl - Preparing collection intializer : [ru.stqa.pft.addressbook.model.ContactData.groups#99]
08:49:07.984 [Test worker] DEBUG o.h.e.l.i.CollectionLoadContext - 1 collections were found in result set for role: ru.stqa.pft.addressbook.model.ContactData.groups
08:49:07.984 [Test worker] DEBUG o.h.e.l.i.CollectionLoadContext - Collection fully initialized: [ru.stqa.pft.addressbook.model.ContactData.groups#99]
08:49:07.984 [Test worker] DEBUG o.h.e.l.i.CollectionLoadContext - 1 collections initialized for role: ru.stqa.pft.addressbook.model.ContactData.groups
08:49:07.984 [Test worker] DEBUG o.h.r.j.i.ResourceRegistryStandardImpl - HHH000387: ResultSet's statement was not registered
08:49:07.984 [Test worker] DEBUG o.h.l.c.p.AbstractLoadPlanBasedCollectionInitializer - Done loading collection
08:49:07.984 [Test worker] DEBUG o.h.l.c.p.AbstractLoadPlanBasedCollectionInitializer - Loading collection: [ru.stqa.pft.addressbook.model.ContactData.groups#98]
08:49:07.984 [Test worker] DEBUG org.hibernate.SQL - select groups0_.id as id1_0_0_, groups0_.group_id as group_id2_0_0_, groupdata1_.group_id as group_id1_2_1_, groupdata1_.group_footer as group_fo2_2_1_, groupdata1_.group_header as group_he3_2_1_, groupdata1_.group_name as group_na4_2_1_ from address_in_groups groups0_ inner join group_list groupdata1_ on groups0_.group_id=groupdata1_.group_id where groups0_.id=?
Hibernate: select groups0_.id as id1_0_0_, groups0_.group_id as group_id2_0_0_, groupdata1_.group_id as group_id1_2_1_, groupdata1_.group_footer as group_fo2_2_1_, groupdata1_.group_header as group_he3_2_1_, groupdata1_.group_name as group_na4_2_1_ from address_in_groups groups0_ inner join group_list groupdata1_ on groups0_.group_id=groupdata1_.group_id where groups0_.id=?
08:49:07.998 [Test worker] DEBUG o.h.l.p.e.p.i.ResultSetProcessorImpl - Preparing collection intializer : [ru.stqa.pft.addressbook.model.ContactData.groups#98]
08:49:07.999 [Test worker] DEBUG o.h.l.p.e.p.i.ResultSetProcessorImpl - Starting ResultSet row #0
08:49:07.999 [Test worker] DEBUG o.h.l.p.e.p.i.CollectionReferenceInitializerImpl - Found row of collection: [ru.stqa.pft.addressbook.model.ContactData.groups#98]
08:49:07.999 [Test worker] DEBUG o.h.e.l.i.CollectionLoadContext - 1 collections were found in result set for role: ru.stqa.pft.addressbook.model.ContactData.groups
08:49:07.999 [Test worker] DEBUG o.h.e.l.i.CollectionLoadContext - Collection fully initialized: [ru.stqa.pft.addressbook.model.ContactData.groups#98]
08:49:07.999 [Test worker] DEBUG o.h.e.l.i.CollectionLoadContext - 1 collections initialized for role: ru.stqa.pft.addressbook.model.ContactData.groups
08:49:07.999 [Test worker] DEBUG o.h.r.j.i.ResourceRegistryStandardImpl - HHH000387: ResultSet's statement was not registered
08:49:07.999 [Test worker] DEBUG o.h.l.c.p.AbstractLoadPlanBasedCollectionInitializer - Done loading collection
08:49:08.000 [Test worker] DEBUG o.h.l.c.p.AbstractLoadPlanBasedCollectionInitializer - Loading collection: [ru.stqa.pft.addressbook.model.ContactData.groups#87]
08:49:08.000 [Test worker] DEBUG org.hibernate.SQL - select groups0_.id as id1_0_0_, groups0_.group_id as group_id2_0_0_, groupdata1_.group_id as group_id1_2_1_, groupdata1_.group_footer as group_fo2_2_1_, groupdata1_.group_header as group_he3_2_1_, groupdata1_.group_name as group_na4_2_1_ from address_in_groups groups0_ inner join group_list groupdata1_ on groups0_.group_id=groupdata1_.group_id where groups0_.id=?
Hibernate: select groups0_.id as id1_0_0_, groups0_.group_id as group_id2_0_0_, groupdata1_.group_id as group_id1_2_1_, groupdata1_.group_footer as group_fo2_2_1_, groupdata1_.group_header as group_he3_2_1_, groupdata1_.group_name as group_na4_2_1_ from address_in_groups groups0_ inner join group_list groupdata1_ on groups0_.group_id=groupdata1_.group_id where groups0_.id=?
08:49:08.003 [Test worker] DEBUG o.h.l.p.e.p.i.ResultSetProcessorImpl - Preparing collection intializer : [ru.stqa.pft.addressbook.model.ContactData.groups#87]
08:49:08.003 [Test worker] DEBUG o.h.l.p.e.p.i.ResultSetProcessorImpl - Starting ResultSet row #0
08:49:08.003 [Test worker] DEBUG o.h.l.p.e.p.i.CollectionReferenceInitializerImpl - Found row of collection: [ru.stqa.pft.addressbook.model.ContactData.groups#87]
08:49:08.003 [Test worker] DEBUG o.h.e.l.i.CollectionLoadContext - 1 collections were found in result set for role: ru.stqa.pft.addressbook.model.ContactData.groups
08:49:08.003 [Test worker] DEBUG o.h.e.l.i.CollectionLoadContext - Collection fully initialized: [ru.stqa.pft.addressbook.model.ContactData.groups#87]
08:49:08.003 [Test worker] DEBUG o.h.e.l.i.CollectionLoadContext - 1 collections initialized for role: ru.stqa.pft.addressbook.model.ContactData.groups
08:49:08.003 [Test worker] DEBUG o.h.r.j.i.ResourceRegistryStandardImpl - HHH000387: ResultSet's statement was not registered
08:49:08.003 [Test worker] DEBUG o.h.l.c.p.AbstractLoadPlanBasedCollectionInitializer - Done loading collection
08:49:08.004 [Test worker] DEBUG o.h.l.c.p.AbstractLoadPlanBasedCollectionInitializer - Loading collection: [ru.stqa.pft.addressbook.model.ContactData.groups#86]
08:49:08.004 [Test worker] DEBUG org.hibernate.SQL - select groups0_.id as id1_0_0_, groups0_.group_id as group_id2_0_0_, groupdata1_.group_id as group_id1_2_1_, groupdata1_.group_footer as group_fo2_2_1_, groupdata1_.group_header as group_he3_2_1_, groupdata1_.group_name as group_na4_2_1_ from address_in_groups groups0_ inner join group_list groupdata1_ on groups0_.group_id=groupdata1_.group_id where groups0_.id=?
Hibernate: select groups0_.id as id1_0_0_, groups0_.group_id as group_id2_0_0_, groupdata1_.group_id as group_id1_2_1_, groupdata1_.group_footer as group_fo2_2_1_, groupdata1_.group_header as group_he3_2_1_, groupdata1_.group_name as group_na4_2_1_ from address_in_groups groups0_ inner join group_list groupdata1_ on groups0_.group_id=groupdata1_.group_id where groups0_.id=?
08:49:08.031 [Test worker] DEBUG o.h.l.p.e.p.i.ResultSetProcessorImpl - Preparing collection intializer : [ru.stqa.pft.addressbook.model.ContactData.groups#86]
08:49:08.031 [Test worker] DEBUG o.h.e.l.i.CollectionLoadContext - 1 collections were found in result set for role: ru.stqa.pft.addressbook.model.ContactData.groups
08:49:08.031 [Test worker] DEBUG o.h.e.l.i.CollectionLoadContext - Collection fully initialized: [ru.stqa.pft.addressbook.model.ContactData.groups#86]
08:49:08.031 [Test worker] DEBUG o.h.e.l.i.CollectionLoadContext - 1 collections initialized for role: ru.stqa.pft.addressbook.model.ContactData.groups
08:49:08.031 [Test worker] DEBUG o.h.r.j.i.ResourceRegistryStandardImpl - HHH000387: ResultSet's statement was not registered
08:49:08.031 [Test worker] DEBUG o.h.l.c.p.AbstractLoadPlanBasedCollectionInitializer - Done loading collection
08:49:08.031 [Test worker] DEBUG o.h.e.t.internal.TransactionImpl - committing
08:49:08.031 [Test worker] DEBUG o.h.e.i.AbstractFlushingEventListener - Processing flush-time cascades
08:49:08.031 [Test worker] DEBUG o.h.e.i.AbstractFlushingEventListener - Dirty checking collections
08:49:08.032 [Test worker] DEBUG o.h.engine.internal.Collections - Collection found: [ru.stqa.pft.addressbook.model.ContactData.groups#86], was: [ru.stqa.pft.addressbook.model.ContactData.groups#86] (initialized)
08:49:08.032 [Test worker] DEBUG o.h.engine.internal.Collections - Collection found: [ru.stqa.pft.addressbook.model.ContactData.groups#87], was: [ru.stqa.pft.addressbook.model.ContactData.groups#87] (initialized)
08:49:08.032 [Test worker] DEBUG o.h.engine.internal.Collections - Collection found: [ru.stqa.pft.addressbook.model.ContactData.groups#98], was: [ru.stqa.pft.addressbook.model.ContactData.groups#98] (initialized)
08:49:08.033 [Test worker] DEBUG o.h.engine.internal.Collections - Collection found: [ru.stqa.pft.addressbook.model.ContactData.groups#99], was: [ru.stqa.pft.addressbook.model.ContactData.groups#99] (initialized)
08:49:08.033 [Test worker] DEBUG o.h.engine.internal.Collections - Collection found: [ru.stqa.pft.addressbook.model.ContactData.groups#102], was: [ru.stqa.pft.addressbook.model.ContactData.groups#102] (initialized)
08:49:08.033 [Test worker] DEBUG o.h.engine.internal.Collections - Collection found: [ru.stqa.pft.addressbook.model.ContactData.groups#103], was: [ru.stqa.pft.addressbook.model.ContactData.groups#103] (initialized)
08:49:08.034 [Test worker] DEBUG o.h.engine.internal.Collections - Collection found: [ru.stqa.pft.addressbook.model.ContactData.groups#104], was: [ru.stqa.pft.addressbook.model.ContactData.groups#104] (initialized)
08:49:08.034 [Test worker] DEBUG o.h.engine.internal.Collections - Collection found: [ru.stqa.pft.addressbook.model.ContactData.groups#105], was: [ru.stqa.pft.addressbook.model.ContactData.groups#105] (initialized)
08:49:08.034 [Test worker] DEBUG o.h.engine.internal.Collections - Collection found: [ru.stqa.pft.addressbook.model.ContactData.groups#106], was: [ru.stqa.pft.addressbook.model.ContactData.groups#106] (initialized)
08:49:08.034 [Test worker] DEBUG o.h.engine.internal.Collections - Collection found: [ru.stqa.pft.addressbook.model.ContactData.groups#107], was: [ru.stqa.pft.addressbook.model.ContactData.groups#107] (initialized)
08:49:08.034 [Test worker] DEBUG o.h.engine.internal.Collections - Collection found: [ru.stqa.pft.addressbook.model.GroupData.contacts#44], was: [ru.stqa.pft.addressbook.model.GroupData.contacts#44] (initialized)
08:49:08.034 [Test worker] DEBUG o.h.engine.internal.Collections - Collection found: [ru.stqa.pft.addressbook.model.GroupData.contacts#52], was: [ru.stqa.pft.addressbook.model.GroupData.contacts#52] (initialized)
08:49:08.034 [Test worker] DEBUG o.h.engine.internal.Collections - Collection found: [ru.stqa.pft.addressbook.model.GroupData.contacts#91], was: [ru.stqa.pft.addressbook.model.GroupData.contacts#91] (initialized)
08:49:08.034 [Test worker] DEBUG o.h.e.i.AbstractFlushingEventListener - Flushed: 0 insertions, 0 updates, 0 deletions to 13 objects
08:49:08.034 [Test worker] DEBUG o.h.e.i.AbstractFlushingEventListener - Flushed: 0 (re)creations, 0 updates, 0 removals to 13 collections
08:49:08.034 [Test worker] DEBUG o.h.internal.util.EntityPrinter - Listing entities:
08:49:08.034 [Test worker] DEBUG o.h.internal.util.EntityPrinter - ru.stqa.pft.addressbook.model.ContactData{firstname=Oksana, address=Saint-Petersburg, homephone=, mobilephone=, workphone=, groups=[ru.stqa.pft.addressbook.model.GroupData#44], id=107, lastname=Grigoreva}
08:49:08.034 [Test worker] DEBUG o.h.internal.util.EntityPrinter - ru.stqa.pft.addressbook.model.GroupData{footer=test2, name=the first, header=test1, id=44, contacts=[ru.stqa.pft.addressbook.model.ContactData#98, ru.stqa.pft.addressbook.model.ContactData#105, ru.stqa.pft.addressbook.model.ContactData#106, ru.stqa.pft.addressbook.model.ContactData#107]}
08:49:08.035 [Test worker] DEBUG o.h.internal.util.EntityPrinter - ru.stqa.pft.addressbook.model.GroupData{footer=footer 0, name=test 0, header=header 0, id=52, contacts=[ru.stqa.pft.addressbook.model.ContactData#105, ru.stqa.pft.addressbook.model.ContactData#87]}
08:49:08.035 [Test worker] DEBUG o.h.internal.util.EntityPrinter - ru.stqa.pft.addressbook.model.ContactData{firstname=Oksana 0, address=Saint-Petersburg 0, homephone=, mobilephone=89112999959 0, workphone=, groups=[], id=86, lastname=Grigoreva 0}
08:49:08.035 [Test worker] DEBUG o.h.internal.util.EntityPrinter - ru.stqa.pft.addressbook.model.ContactData{firstname=Oksana 1, address=Saint-Petersburg 1, homephone=, mobilephone=89112999959 1, workphone=, groups=[ru.stqa.pft.addressbook.model.GroupData#52], id=87, lastname=Grigoreva 1}
08:49:08.035 [Test worker] DEBUG o.h.internal.util.EntityPrinter - ru.stqa.pft.addressbook.model.GroupData{footer=test2, name=the first, header=test1, id=91, contacts=[ru.stqa.pft.addressbook.model.ContactData#105]}
08:49:08.035 [Test worker] DEBUG o.h.internal.util.EntityPrinter - ru.stqa.pft.addressbook.model.ContactData{firstname=Oksana 0, address=Saint-Petersburg 0, homephone=, mobilephone=89112999959 0, workphone=, groups=[ru.stqa.pft.addressbook.model.GroupData#44], id=98, lastname=Grigoreva 0}
08:49:08.035 [Test worker] DEBUG o.h.internal.util.EntityPrinter - ru.stqa.pft.addressbook.model.ContactData{firstname=Oksana 1, address=Saint-Petersburg 1, homephone=, mobilephone=89112999959 1, workphone=, groups=[], id=99, lastname=Grigoreva 1}
08:49:08.035 [Test worker] DEBUG o.h.internal.util.EntityPrinter - ru.stqa.pft.addressbook.model.ContactData{firstname=Oksana 1, address=Saint-Petersburg 1, homephone=, mobilephone=89112999959 1, workphone=, groups=[], id=102, lastname=Grigoreva 1}
08:49:08.035 [Test worker] DEBUG o.h.internal.util.EntityPrinter - ru.stqa.pft.addressbook.model.ContactData{firstname=Oksana 2, address=Saint-Petersburg 2, homephone=, mobilephone=89112999959 2, workphone=, groups=[], id=103, lastname=Grigoreva 2}
08:49:08.035 [Test worker] DEBUG o.h.internal.util.EntityPrinter - ru.stqa.pft.addressbook.model.ContactData{firstname=123, address=, homephone=, mobilephone=, workphone=, groups=[], id=104, lastname=123}
08:49:08.035 [Test worker] DEBUG o.h.internal.util.EntityPrinter - ru.stqa.pft.addressbook.model.ContactData{firstname=Oksana, address=Saint-Petersburg, homephone=, mobilephone=, workphone=, groups=[ru.stqa.pft.addressbook.model.GroupData#44, ru.stqa.pft.addressbook.model.GroupData#91, ru.stqa.pft.addressbook.model.GroupData#52], id=105, lastname=Grigoreva}
08:49:08.035 [Test worker] DEBUG o.h.internal.util.EntityPrinter - ru.stqa.pft.addressbook.model.ContactData{firstname=Oksana, address=Saint-Petersburg, homephone=, mobilephone=, workphone=, groups=[ru.stqa.pft.addressbook.model.GroupData#44], id=106, lastname=Grigoreva}
08:49:08.038 [Test worker] DEBUG o.h.e.t.internal.TransactionImpl - begin
08:49:08.042 [Test worker] DEBUG org.hibernate.SQL - select groupdata0_.group_id as group_id1_2_, groupdata0_.group_footer as group_fo2_2_, groupdata0_.group_header as group_he3_2_, groupdata0_.group_name as group_na4_2_ from group_list groupdata0_ where deprecated='0000-00-00'
Hibernate: select groupdata0_.group_id as group_id1_2_, groupdata0_.group_footer as group_fo2_2_, groupdata0_.group_header as group_he3_2_, groupdata0_.group_name as group_na4_2_ from group_list groupdata0_ where deprecated='0000-00-00'
08:49:08.044 [Test worker] DEBUG org.hibernate.loader.Loader - Result set row: 0
08:49:08.044 [Test worker] DEBUG org.hibernate.loader.Loader - Result row: EntityKey[ru.stqa.pft.addressbook.model.GroupData#44]
08:49:08.044 [Test worker] DEBUG org.hibernate.loader.Loader - Result set row: 1
08:49:08.044 [Test worker] DEBUG org.hibernate.loader.Loader - Result row: EntityKey[ru.stqa.pft.addressbook.model.GroupData#45]
08:49:08.044 [Test worker] DEBUG org.hibernate.loader.Loader - Result set row: 2
08:49:08.044 [Test worker] DEBUG org.hibernate.loader.Loader - Result row: EntityKey[ru.stqa.pft.addressbook.model.GroupData#48]
08:49:08.044 [Test worker] DEBUG org.hibernate.loader.Loader - Result set row: 3
08:49:08.045 [Test worker] DEBUG org.hibernate.loader.Loader - Result row: EntityKey[ru.stqa.pft.addressbook.model.GroupData#49]
08:49:08.045 [Test worker] DEBUG org.hibernate.loader.Loader - Result set row: 4
08:49:08.045 [Test worker] DEBUG org.hibernate.loader.Loader - Result row: EntityKey[ru.stqa.pft.addressbook.model.GroupData#50]
08:49:08.045 [Test worker] DEBUG org.hibernate.loader.Loader - Result set row: 5
08:49:08.045 [Test worker] DEBUG org.hibernate.loader.Loader - Result row: EntityKey[ru.stqa.pft.addressbook.model.GroupData#51]
08:49:08.045 [Test worker] DEBUG org.hibernate.loader.Loader - Result set row: 6
08:49:08.045 [Test worker] DEBUG org.hibernate.loader.Loader - Result row: EntityKey[ru.stqa.pft.addressbook.model.GroupData#52]
08:49:08.045 [Test worker] DEBUG org.hibernate.loader.Loader - Result set row: 7
08:49:08.045 [Test worker] DEBUG org.hibernate.loader.Loader - Result row: EntityKey[ru.stqa.pft.addressbook.model.GroupData#53]
08:49:08.045 [Test worker] DEBUG org.hibernate.loader.Loader - Result set row: 8
08:49:08.045 [Test worker] DEBUG org.hibernate.loader.Loader - Result row: EntityKey[ru.stqa.pft.addressbook.model.GroupData#54]
08:49:08.045 [Test worker] DEBUG org.hibernate.loader.Loader - Result set row: 9
08:49:08.046 [Test worker] DEBUG org.hibernate.loader.Loader - Result row: EntityKey[ru.stqa.pft.addressbook.model.GroupData#55]
08:49:08.046 [Test worker] DEBUG org.hibernate.loader.Loader - Result set row: 10
08:49:08.046 [Test worker] DEBUG org.hibernate.loader.Loader - Result row: EntityKey[ru.stqa.pft.addressbook.model.GroupData#56]
08:49:08.046 [Test worker] DEBUG org.hibernate.loader.Loader - Result set row: 11
08:49:08.046 [Test worker] DEBUG org.hibernate.loader.Loader - Result row: EntityKey[ru.stqa.pft.addressbook.model.GroupData#57]
08:49:08.046 [Test worker] DEBUG org.hibernate.loader.Loader - Result set row: 12
08:49:08.046 [Test worker] DEBUG org.hibernate.loader.Loader - Result row: EntityKey[ru.stqa.pft.addressbook.model.GroupData#58]
08:49:08.046 [Test worker] DEBUG org.hibernate.loader.Loader - Result set row: 13
08:49:08.046 [Test worker] DEBUG org.hibernate.loader.Loader - Result row: EntityKey[ru.stqa.pft.addressbook.model.GroupData#59]
08:49:08.046 [Test worker] DEBUG org.hibernate.loader.Loader - Result set row: 14
08:49:08.046 [Test worker] DEBUG org.hibernate.loader.Loader - Result row: EntityKey[ru.stqa.pft.addressbook.model.GroupData#60]
08:49:08.046 [Test worker] DEBUG org.hibernate.loader.Loader - Result set row: 15
08:49:08.046 [Test worker] DEBUG org.hibernate.loader.Loader - Result row: EntityKey[ru.stqa.pft.addressbook.model.GroupData#61]
08:49:08.047 [Test worker] DEBUG org.hibernate.loader.Loader - Result set row: 16
08:49:08.047 [Test worker] DEBUG org.hibernate.loader.Loader - Result row: EntityKey[ru.stqa.pft.addressbook.model.GroupData#62]
08:49:08.047 [Test worker] DEBUG org.hibernate.loader.Loader - Result set row: 17
08:49:08.047 [Test worker] DEBUG org.hibernate.loader.Loader - Result row: EntityKey[ru.stqa.pft.addressbook.model.GroupData#63]
08:49:08.047 [Test worker] DEBUG org.hibernate.loader.Loader - Result set row: 18
08:49:08.047 [Test worker] DEBUG org.hibernate.loader.Loader - Result row: EntityKey[ru.stqa.pft.addressbook.model.GroupData#64]
08:49:08.047 [Test worker] DEBUG org.hibernate.loader.Loader - Result set row: 19
08:49:08.047 [Test worker] DEBUG org.hibernate.loader.Loader - Result row: EntityKey[ru.stqa.pft.addressbook.model.GroupData#65]
08:49:08.047 [Test worker] DEBUG org.hibernate.loader.Loader - Result set row: 20
08:49:08.047 [Test worker] DEBUG org.hibernate.loader.Loader - Result row: EntityKey[ru.stqa.pft.addressbook.model.GroupData#66]
08:49:08.047 [Test worker] DEBUG org.hibernate.loader.Loader - Result set row: 21
08:49:08.047 [Test worker] DEBUG org.hibernate.loader.Loader - Result row: EntityKey[ru.stqa.pft.addressbook.model.GroupData#67]
08:49:08.048 [Test worker] DEBUG org.hibernate.loader.Loader - Result set row: 22
08:49:08.048 [Test worker] DEBUG org.hibernate.loader.Loader - Result row: EntityKey[ru.stqa.pft.addressbook.model.GroupData#68]
08:49:08.048 [Test worker] DEBUG org.hibernate.loader.Loader - Result set row: 23
08:49:08.048 [Test worker] DEBUG org.hibernate.loader.Loader - Result row: EntityKey[ru.stqa.pft.addressbook.model.GroupData#69]
08:49:08.048 [Test worker] DEBUG org.hibernate.loader.Loader - Result set row: 24
08:49:08.048 [Test worker] DEBUG org.hibernate.loader.Loader - Result row: EntityKey[ru.stqa.pft.addressbook.model.GroupData#70]
08:49:08.048 [Test worker] DEBUG org.hibernate.loader.Loader - Result set row: 25
08:49:08.048 [Test worker] DEBUG org.hibernate.loader.Loader - Result row: EntityKey[ru.stqa.pft.addressbook.model.GroupData#74]
08:49:08.048 [Test worker] DEBUG org.hibernate.loader.Loader - Result set row: 26
08:49:08.048 [Test worker] DEBUG org.hibernate.loader.Loader - Result row: EntityKey[ru.stqa.pft.addressbook.model.GroupData#75]
08:49:08.049 [Test worker] DEBUG org.hibernate.loader.Loader - Result set row: 27
08:49:08.049 [Test worker] DEBUG org.hibernate.loader.Loader - Result row: EntityKey[ru.stqa.pft.addressbook.model.GroupData#76]
08:49:08.049 [Test worker] DEBUG org.hibernate.loader.Loader - Result set row: 28
08:49:08.049 [Test worker] DEBUG org.hibernate.loader.Loader - Result row: EntityKey[ru.stqa.pft.addressbook.model.GroupData#77]
08:49:08.049 [Test worker] DEBUG org.hibernate.loader.Loader - Result set row: 29
08:49:08.049 [Test worker] DEBUG org.hibernate.loader.Loader - Result row: EntityKey[ru.stqa.pft.addressbook.model.GroupData#78]
08:49:08.049 [Test worker] DEBUG org.hibernate.loader.Loader - Result set row: 30
08:49:08.049 [Test worker] DEBUG org.hibernate.loader.Loader - Result row: EntityKey[ru.stqa.pft.addressbook.model.GroupData#80]
08:49:08.049 [Test worker] DEBUG org.hibernate.loader.Loader - Result set row: 31
08:49:08.049 [Test worker] DEBUG org.hibernate.loader.Loader - Result row: EntityKey[ru.stqa.pft.addressbook.model.GroupData#81]
08:49:08.049 [Test worker] DEBUG org.hibernate.loader.Loader - Result set row: 32
08:49:08.049 [Test worker] DEBUG org.hibernate.loader.Loader - Result row: EntityKey[ru.stqa.pft.addressbook.model.GroupData#82]
08:49:08.050 [Test worker] DEBUG org.hibernate.loader.Loader - Result set row: 33
08:49:08.050 [Test worker] DEBUG org.hibernate.loader.Loader - Result row: EntityKey[ru.stqa.pft.addressbook.model.GroupData#83]
08:49:08.050 [Test worker] DEBUG org.hibernate.loader.Loader - Result set row: 34
08:49:08.050 [Test worker] DEBUG org.hibernate.loader.Loader - Result row: EntityKey[ru.stqa.pft.addressbook.model.GroupData#84]
08:49:08.050 [Test worker] DEBUG org.hibernate.loader.Loader - Result set row: 35
08:49:08.050 [Test worker] DEBUG org.hibernate.loader.Loader - Result row: EntityKey[ru.stqa.pft.addressbook.model.GroupData#85]
08:49:08.050 [Test worker] DEBUG org.hibernate.loader.Loader - Result set row: 36
08:49:08.050 [Test worker] DEBUG org.hibernate.loader.Loader - Result row: EntityKey[ru.stqa.pft.addressbook.model.GroupData#86]
08:49:08.050 [Test worker] DEBUG org.hibernate.loader.Loader - Result set row: 37
08:49:08.050 [Test worker] DEBUG org.hibernate.loader.Loader - Result row: EntityKey[ru.stqa.pft.addressbook.model.GroupData#87]
08:49:08.051 [Test worker] DEBUG org.hibernate.loader.Loader - Result set row: 38
08:49:08.051 [Test worker] DEBUG org.hibernate.loader.Loader - Result row: EntityKey[ru.stqa.pft.addressbook.model.GroupData#88]
08:49:08.051 [Test worker] DEBUG org.hibernate.loader.Loader - Result set row: 39
08:49:08.051 [Test worker] DEBUG org.hibernate.loader.Loader - Result row: EntityKey[ru.stqa.pft.addressbook.model.GroupData#89]
08:49:08.051 [Test worker] DEBUG org.hibernate.loader.Loader - Result set row: 40
08:49:08.051 [Test worker] DEBUG org.hibernate.loader.Loader - Result row: EntityKey[ru.stqa.pft.addressbook.model.GroupData#90]
08:49:08.051 [Test worker] DEBUG org.hibernate.loader.Loader - Result set row: 41
08:49:08.051 [Test worker] DEBUG org.hibernate.loader.Loader - Result row: EntityKey[ru.stqa.pft.addressbook.model.GroupData#91]
08:49:08.051 [Test worker] DEBUG org.hibernate.loader.Loader - Result set row: 42
08:49:08.051 [Test worker] DEBUG org.hibernate.loader.Loader - Result row: EntityKey[ru.stqa.pft.addressbook.model.GroupData#93]
08:49:08.051 [Test worker] DEBUG org.hibernate.loader.Loader - Result set row: 43
08:49:08.051 [Test worker] DEBUG org.hibernate.loader.Loader - Result row: EntityKey[ru.stqa.pft.addressbook.model.GroupData#94]
08:49:08.052 [Test worker] DEBUG org.hibernate.loader.Loader - Result set row: 44
08:49:08.052 [Test worker] DEBUG org.hibernate.loader.Loader - Result row: EntityKey[ru.stqa.pft.addressbook.model.GroupData#95]
08:49:08.052 [Test worker] DEBUG org.hibernate.loader.Loader - Result set row: 45
08:49:08.052 [Test worker] DEBUG org.hibernate.loader.Loader - Result row: EntityKey[ru.stqa.pft.addressbook.model.GroupData#96]
08:49:08.052 [Test worker] DEBUG o.h.engine.internal.TwoPhaseLoad - Resolving associations for [ru.stqa.pft.addressbook.model.GroupData#44]
08:49:08.052 [Test worker] DEBUG o.h.engine.internal.TwoPhaseLoad - Done materializing entity [ru.stqa.pft.addressbook.model.GroupData#44]
08:49:08.052 [Test worker] DEBUG o.h.engine.internal.TwoPhaseLoad - Resolving associations for [ru.stqa.pft.addressbook.model.GroupData#45]
08:49:08.052 [Test worker] DEBUG o.h.engine.internal.TwoPhaseLoad - Done materializing entity [ru.stqa.pft.addressbook.model.GroupData#45]
08:49:08.052 [Test worker] DEBUG o.h.engine.internal.TwoPhaseLoad - Resolving associations for [ru.stqa.pft.addressbook.model.GroupData#48]
08:49:08.052 [Test worker] DEBUG o.h.engine.internal.TwoPhaseLoad - Done materializing entity [ru.stqa.pft.addressbook.model.GroupData#48]
08:49:08.052 [Test worker] DEBUG o.h.engine.internal.TwoPhaseLoad - Resolving associations for [ru.stqa.pft.addressbook.model.GroupData#49]
08:49:08.052 [Test worker] DEBUG o.h.engine.internal.TwoPhaseLoad - Done materializing entity [ru.stqa.pft.addressbook.model.GroupData#49]
08:49:08.052 [Test worker] DEBUG o.h.engine.internal.TwoPhaseLoad - Resolving associations for [ru.stqa.pft.addressbook.model.GroupData#50]
08:49:08.052 [Test worker] DEBUG o.h.engine.internal.TwoPhaseLoad - Done materializing entity [ru.stqa.pft.addressbook.model.GroupData#50]
08:49:08.052 [Test worker] DEBUG o.h.engine.internal.TwoPhaseLoad - Resolving associations for [ru.stqa.pft.addressbook.model.GroupData#51]
08:49:08.053 [Test worker] DEBUG o.h.engine.internal.TwoPhaseLoad - Done materializing entity [ru.stqa.pft.addressbook.model.GroupData#51]
08:49:08.053 [Test worker] DEBUG o.h.engine.internal.TwoPhaseLoad - Resolving associations for [ru.stqa.pft.addressbook.model.GroupData#52]
08:49:08.053 [Test worker] DEBUG o.h.engine.internal.TwoPhaseLoad - Done materializing entity [ru.stqa.pft.addressbook.model.GroupData#52]
08:49:08.053 [Test worker] DEBUG o.h.engine.internal.TwoPhaseLoad - Resolving associations for [ru.stqa.pft.addressbook.model.GroupData#53]
08:49:08.053 [Test worker] DEBUG o.h.engine.internal.TwoPhaseLoad - Done materializing entity [ru.stqa.pft.addressbook.model.GroupData#53]
08:49:08.053 [Test worker] DEBUG o.h.engine.internal.TwoPhaseLoad - Resolving associations for [ru.stqa.pft.addressbook.model.GroupData#54]
08:49:08.053 [Test worker] DEBUG o.h.engine.internal.TwoPhaseLoad - Done materializing entity [ru.stqa.pft.addressbook.model.GroupData#54]
08:49:08.053 [Test worker] DEBUG o.h.engine.internal.TwoPhaseLoad - Resolving associations for [ru.stqa.pft.addressbook.model.GroupData#55]
08:49:08.053 [Test worker] DEBUG o.h.engine.internal.TwoPhaseLoad - Done materializing entity [ru.stqa.pft.addressbook.model.GroupData#55]
08:49:08.053 [Test worker] DEBUG o.h.engine.internal.TwoPhaseLoad - Resolving associations for [ru.stqa.pft.addressbook.model.GroupData#56]
08:49:08.053 [Test worker] DEBUG o.h.engine.internal.TwoPhaseLoad - Done materializing entity [ru.stqa.pft.addressbook.model.GroupData#56]
08:49:08.053 [Test worker] DEBUG o.h.engine.internal.TwoPhaseLoad - Resolving associations for [ru.stqa.pft.addressbook.model.GroupData#57]
08:49:08.053 [Test worker] DEBUG o.h.engine.internal.TwoPhaseLoad - Done materializing entity [ru.stqa.pft.addressbook.model.GroupData#57]
08:49:08.053 [Test worker] DEBUG o.h.engine.internal.TwoPhaseLoad - Resolving associations for [ru.stqa.pft.addressbook.model.GroupData#58]
08:49:08.054 [Test worker] DEBUG o.h.engine.internal.TwoPhaseLoad - Done materializing entity [ru.stqa.pft.addressbook.model.GroupData#58]
08:49:08.054 [Test worker] DEBUG o.h.engine.internal.TwoPhaseLoad - Resolving associations for [ru.stqa.pft.addressbook.model.GroupData#59]
08:49:08.054 [Test worker] DEBUG o.h.engine.internal.TwoPhaseLoad - Done materializing entity [ru.stqa.pft.addressbook.model.GroupData#59]
08:49:08.054 [Test worker] DEBUG o.h.engine.internal.TwoPhaseLoad - Resolving associations for [ru.stqa.pft.addressbook.model.GroupData#60]
08:49:08.054 [Test worker] DEBUG o.h.engine.internal.TwoPhaseLoad - Done materializing entity [ru.stqa.pft.addressbook.model.GroupData#60]
08:49:08.054 [Test worker] DEBUG o.h.engine.internal.TwoPhaseLoad - Resolving associations for [ru.stqa.pft.addressbook.model.GroupData#61]
08:49:08.054 [Test worker] DEBUG o.h.engine.internal.TwoPhaseLoad - Done materializing entity [ru.stqa.pft.addressbook.model.GroupData#61]
08:49:08.054 [Test worker] DEBUG o.h.engine.internal.TwoPhaseLoad - Resolving associations for [ru.stqa.pft.addressbook.model.GroupData#62]
08:49:08.054 [Test worker] DEBUG o.h.engine.internal.TwoPhaseLoad - Done materializing entity [ru.stqa.pft.addressbook.model.GroupData#62]
08:49:08.054 [Test worker] DEBUG o.h.engine.internal.TwoPhaseLoad - Resolving associations for [ru.stqa.pft.addressbook.model.GroupData#63]
08:49:08.054 [Test worker] DEBUG o.h.engine.internal.TwoPhaseLoad - Done materializing entity [ru.stqa.pft.addressbook.model.GroupData#63]
08:49:08.055 [Test worker] DEBUG o.h.engine.internal.TwoPhaseLoad - Resolving associations for [ru.stqa.pft.addressbook.model.GroupData#64]
08:49:08.055 [Test worker] DEBUG o.h.engine.internal.TwoPhaseLoad - Done materializing entity [ru.stqa.pft.addressbook.model.GroupData#64]
08:49:08.055 [Test worker] DEBUG o.h.engine.internal.TwoPhaseLoad - Resolving associations for [ru.stqa.pft.addressbook.model.GroupData#65]
08:49:08.055 [Test worker] DEBUG o.h.engine.internal.TwoPhaseLoad - Done materializing entity [ru.stqa.pft.addressbook.model.GroupData#65]
08:49:08.055 [Test worker] DEBUG o.h.engine.internal.TwoPhaseLoad - Resolving associations for [ru.stqa.pft.addressbook.model.GroupData#66]
08:49:08.055 [Test worker] DEBUG o.h.engine.internal.TwoPhaseLoad - Done materializing entity [ru.stqa.pft.addressbook.model.GroupData#66]
08:49:08.055 [Test worker] DEBUG o.h.engine.internal.TwoPhaseLoad - Resolving associations for [ru.stqa.pft.addressbook.model.GroupData#67]
08:49:08.055 [Test worker] DEBUG o.h.engine.internal.TwoPhaseLoad - Done materializing entity [ru.stqa.pft.addressbook.model.GroupData#67]
08:49:08.055 [Test worker] DEBUG o.h.engine.internal.TwoPhaseLoad - Resolving associations for [ru.stqa.pft.addressbook.model.GroupData#68]
08:49:08.055 [Test worker] DEBUG o.h.engine.internal.TwoPhaseLoad - Done materializing entity [ru.stqa.pft.addressbook.model.GroupData#68]
08:49:08.055 [Test worker] DEBUG o.h.engine.internal.TwoPhaseLoad - Resolving associations for [ru.stqa.pft.addressbook.model.GroupData#69]
08:49:08.055 [Test worker] DEBUG o.h.engine.internal.TwoPhaseLoad - Done materializing entity [ru.stqa.pft.addressbook.model.GroupData#69]
08:49:08.055 [Test worker] DEBUG o.h.engine.internal.TwoPhaseLoad - Resolving associations for [ru.stqa.pft.addressbook.model.GroupData#70]
08:49:08.056 [Test worker] DEBUG o.h.engine.internal.TwoPhaseLoad - Done materializing entity [ru.stqa.pft.addressbook.model.GroupData#70]
08:49:08.056 [Test worker] DEBUG o.h.engine.internal.TwoPhaseLoad - Resolving associations for [ru.stqa.pft.addressbook.model.GroupData#74]
08:49:08.058 [Test worker] DEBUG o.h.engine.internal.TwoPhaseLoad - Done materializing entity [ru.stqa.pft.addressbook.model.GroupData#74]
08:49:08.058 [Test worker] DEBUG o.h.engine.internal.TwoPhaseLoad - Resolving associations for [ru.stqa.pft.addressbook.model.GroupData#75]
08:49:08.058 [Test worker] DEBUG o.h.engine.internal.TwoPhaseLoad - Done materializing entity [ru.stqa.pft.addressbook.model.GroupData#75]
08:49:08.058 [Test worker] DEBUG o.h.engine.internal.TwoPhaseLoad - Resolving associations for [ru.stqa.pft.addressbook.model.GroupData#76]
08:49:08.058 [Test worker] DEBUG o.h.engine.internal.TwoPhaseLoad - Done materializing entity [ru.stqa.pft.addressbook.model.GroupData#76]
08:49:08.058 [Test worker] DEBUG o.h.engine.internal.TwoPhaseLoad - Resolving associations for [ru.stqa.pft.addressbook.model.GroupData#77]
08:49:08.058 [Test worker] DEBUG o.h.engine.internal.TwoPhaseLoad - Done materializing entity [ru.stqa.pft.addressbook.model.GroupData#77]
08:49:08.058 [Test worker] DEBUG o.h.engine.internal.TwoPhaseLoad - Resolving associations for [ru.stqa.pft.addressbook.model.GroupData#78]
08:49:08.059 [Test worker] DEBUG o.h.engine.internal.TwoPhaseLoad - Done materializing entity [ru.stqa.pft.addressbook.model.GroupData#78]
08:49:08.059 [Test worker] DEBUG o.h.engine.internal.TwoPhaseLoad - Resolving associations for [ru.stqa.pft.addressbook.model.GroupData#80]
08:49:08.059 [Test worker] DEBUG o.h.engine.internal.TwoPhaseLoad - Done materializing entity [ru.stqa.pft.addressbook.model.GroupData#80]
08:49:08.059 [Test worker] DEBUG o.h.engine.internal.TwoPhaseLoad - Resolving associations for [ru.stqa.pft.addressbook.model.GroupData#81]
08:49:08.059 [Test worker] DEBUG o.h.engine.internal.TwoPhaseLoad - Done materializing entity [ru.stqa.pft.addressbook.model.GroupData#81]
08:49:08.059 [Test worker] DEBUG o.h.engine.internal.TwoPhaseLoad - Resolving associations for [ru.stqa.pft.addressbook.model.GroupData#82]
08:49:08.059 [Test worker] DEBUG o.h.engine.internal.TwoPhaseLoad - Done materializing entity [ru.stqa.pft.addressbook.model.GroupData#82]
08:49:08.059 [Test worker] DEBUG o.h.engine.internal.TwoPhaseLoad - Resolving associations for [ru.stqa.pft.addressbook.model.GroupData#83]
08:49:08.059 [Test worker] DEBUG o.h.engine.internal.TwoPhaseLoad - Done materializing entity [ru.stqa.pft.addressbook.model.GroupData#83]
08:49:08.059 [Test worker] DEBUG o.h.engine.internal.TwoPhaseLoad - Resolving associations for [ru.stqa.pft.addressbook.model.GroupData#84]
08:49:08.059 [Test worker] DEBUG o.h.engine.internal.TwoPhaseLoad - Done materializing entity [ru.stqa.pft.addressbook.model.GroupData#84]
08:49:08.059 [Test worker] DEBUG o.h.engine.internal.TwoPhaseLoad - Resolving associations for [ru.stqa.pft.addressbook.model.GroupData#85]
08:49:08.060 [Test worker] DEBUG o.h.engine.internal.TwoPhaseLoad - Done materializing entity [ru.stqa.pft.addressbook.model.GroupData#85]
08:49:08.060 [Test worker] DEBUG o.h.engine.internal.TwoPhaseLoad - Resolving associations for [ru.stqa.pft.addressbook.model.GroupData#86]
08:49:08.060 [Test worker] DEBUG o.h.engine.internal.TwoPhaseLoad - Done materializing entity [ru.stqa.pft.addressbook.model.GroupData#86]
08:49:08.060 [Test worker] DEBUG o.h.engine.internal.TwoPhaseLoad - Resolving associations for [ru.stqa.pft.addressbook.model.GroupData#87]
08:49:08.060 [Test worker] DEBUG o.h.engine.internal.TwoPhaseLoad - Done materializing entity [ru.stqa.pft.addressbook.model.GroupData#87]
08:49:08.060 [Test worker] DEBUG o.h.engine.internal.TwoPhaseLoad - Resolving associations for [ru.stqa.pft.addressbook.model.GroupData#88]
08:49:08.060 [Test worker] DEBUG o.h.engine.internal.TwoPhaseLoad - Done materializing entity [ru.stqa.pft.addressbook.model.GroupData#88]
08:49:08.060 [Test worker] DEBUG o.h.engine.internal.TwoPhaseLoad - Resolving associations for [ru.stqa.pft.addressbook.model.GroupData#89]
08:49:08.060 [Test worker] DEBUG o.h.engine.internal.TwoPhaseLoad - Done materializing entity [ru.stqa.pft.addressbook.model.GroupData#89]
08:49:08.060 [Test worker] DEBUG o.h.engine.internal.TwoPhaseLoad - Resolving associations for [ru.stqa.pft.addressbook.model.GroupData#90]
08:49:08.060 [Test worker] DEBUG o.h.engine.internal.TwoPhaseLoad - Done materializing entity [ru.stqa.pft.addressbook.model.GroupData#90]
08:49:08.060 [Test worker] DEBUG o.h.engine.internal.TwoPhaseLoad - Resolving associations for [ru.stqa.pft.addressbook.model.GroupData#91]
08:49:08.060 [Test worker] DEBUG o.h.engine.internal.TwoPhaseLoad - Done materializing entity [ru.stqa.pft.addressbook.model.GroupData#91]
08:49:08.060 [Test worker] DEBUG o.h.engine.internal.TwoPhaseLoad - Resolving associations for [ru.stqa.pft.addressbook.model.GroupData#93]
08:49:08.060 [Test worker] DEBUG o.h.engine.internal.TwoPhaseLoad - Done materializing entity [ru.stqa.pft.addressbook.model.GroupData#93]
08:49:08.061 [Test worker] DEBUG o.h.engine.internal.TwoPhaseLoad - Resolving associations for [ru.stqa.pft.addressbook.model.GroupData#94]
08:49:08.061 [Test worker] DEBUG o.h.engine.internal.TwoPhaseLoad - Done materializing entity [ru.stqa.pft.addressbook.model.GroupData#94]
08:49:08.061 [Test worker] DEBUG o.h.engine.internal.TwoPhaseLoad - Resolving associations for [ru.stqa.pft.addressbook.model.GroupData#95]
08:49:08.061 [Test worker] DEBUG o.h.engine.internal.TwoPhaseLoad - Done materializing entity [ru.stqa.pft.addressbook.model.GroupData#95]
08:49:08.061 [Test worker] DEBUG o.h.engine.internal.TwoPhaseLoad - Resolving associations for [ru.stqa.pft.addressbook.model.GroupData#96]
08:49:08.061 [Test worker] DEBUG o.h.engine.internal.TwoPhaseLoad - Done materializing entity [ru.stqa.pft.addressbook.model.GroupData#96]
08:49:08.062 [Test worker] DEBUG o.h.l.c.p.AbstractLoadPlanBasedCollectionInitializer - Loading collection: [ru.stqa.pft.addressbook.model.GroupData.contacts#96]
08:49:08.062 [Test worker] DEBUG org.hibernate.SQL - select contacts0_.group_id as group_id2_0_0_, contacts0_.id as id1_0_0_, contactdat1_.id as id1_1_1_, contactdat1_.address as address2_1_1_, contactdat1_.firstname as firstnam3_1_1_, contactdat1_.home as home4_1_1_, contactdat1_.lastname as lastname5_1_1_, contactdat1_.mobile as mobile6_1_1_, contactdat1_.work as work7_1_1_ from address_in_groups contacts0_ inner join addressbook contactdat1_ on contacts0_.id=contactdat1_.id where contacts0_.group_id=?
Hibernate: select contacts0_.group_id as group_id2_0_0_, contacts0_.id as id1_0_0_, contactdat1_.id as id1_1_1_, contactdat1_.address as address2_1_1_, contactdat1_.firstname as firstnam3_1_1_, contactdat1_.home as home4_1_1_, contactdat1_.lastname as lastname5_1_1_, contactdat1_.mobile as mobile6_1_1_, contactdat1_.work as work7_1_1_ from address_in_groups contacts0_ inner join addressbook contactdat1_ on contacts0_.id=contactdat1_.id where contacts0_.group_id=?
08:49:08.068 [Test worker] DEBUG o.h.l.p.e.p.i.ResultSetProcessorImpl - Preparing collection intializer : [ru.stqa.pft.addressbook.model.GroupData.contacts#96]
08:49:08.068 [Test worker] DEBUG o.h.e.l.i.CollectionLoadContext - 1 collections were found in result set for role: ru.stqa.pft.addressbook.model.GroupData.contacts
08:49:08.068 [Test worker] DEBUG o.h.e.l.i.CollectionLoadContext - Collection fully initialized: [ru.stqa.pft.addressbook.model.GroupData.contacts#96]
08:49:08.068 [Test worker] DEBUG o.h.e.l.i.CollectionLoadContext - 1 collections initialized for role: ru.stqa.pft.addressbook.model.GroupData.contacts
08:49:08.068 [Test worker] DEBUG o.h.r.j.i.ResourceRegistryStandardImpl - HHH000387: ResultSet's statement was not registered
08:49:08.068 [Test worker] DEBUG o.h.l.c.p.AbstractLoadPlanBasedCollectionInitializer - Done loading collection
08:49:08.068 [Test worker] DEBUG o.h.l.c.p.AbstractLoadPlanBasedCollectionInitializer - Loading collection: [ru.stqa.pft.addressbook.model.GroupData.contacts#95]
08:49:08.068 [Test worker] DEBUG org.hibernate.SQL - select contacts0_.group_id as group_id2_0_0_, contacts0_.id as id1_0_0_, contactdat1_.id as id1_1_1_, contactdat1_.address as address2_1_1_, contactdat1_.firstname as firstnam3_1_1_, contactdat1_.home as home4_1_1_, contactdat1_.lastname as lastname5_1_1_, contactdat1_.mobile as mobile6_1_1_, contactdat1_.work as work7_1_1_ from address_in_groups contacts0_ inner join addressbook contactdat1_ on contacts0_.id=contactdat1_.id where contacts0_.group_id=?
Hibernate: select contacts0_.group_id as group_id2_0_0_, contacts0_.id as id1_0_0_, contactdat1_.id as id1_1_1_, contactdat1_.address as address2_1_1_, contactdat1_.firstname as firstnam3_1_1_, contactdat1_.home as home4_1_1_, contactdat1_.lastname as lastname5_1_1_, contactdat1_.mobile as mobile6_1_1_, contactdat1_.work as work7_1_1_ from address_in_groups contacts0_ inner join addressbook contactdat1_ on contacts0_.id=contactdat1_.id where contacts0_.group_id=?
08:49:08.073 [Test worker] DEBUG o.h.l.p.e.p.i.ResultSetProcessorImpl - Preparing collection intializer : [ru.stqa.pft.addressbook.model.GroupData.contacts#95]
08:49:08.074 [Test worker] DEBUG o.h.e.l.i.CollectionLoadContext - 1 collections were found in result set for role: ru.stqa.pft.addressbook.model.GroupData.contacts
08:49:08.074 [Test worker] DEBUG o.h.e.l.i.CollectionLoadContext - Collection fully initialized: [ru.stqa.pft.addressbook.model.GroupData.contacts#95]
08:49:08.074 [Test worker] DEBUG o.h.e.l.i.CollectionLoadContext - 1 collections initialized for role: ru.stqa.pft.addressbook.model.GroupData.contacts
08:49:08.074 [Test worker] DEBUG o.h.r.j.i.ResourceRegistryStandardImpl - HHH000387: ResultSet's statement was not registered
08:49:08.074 [Test worker] DEBUG o.h.l.c.p.AbstractLoadPlanBasedCollectionInitializer - Done loading collection
08:49:08.074 [Test worker] DEBUG o.h.l.c.p.AbstractLoadPlanBasedCollectionInitializer - Loading collection: [ru.stqa.pft.addressbook.model.GroupData.contacts#94]
08:49:08.074 [Test worker] DEBUG org.hibernate.SQL - select contacts0_.group_id as group_id2_0_0_, contacts0_.id as id1_0_0_, contactdat1_.id as id1_1_1_, contactdat1_.address as address2_1_1_, contactdat1_.firstname as firstnam3_1_1_, contactdat1_.home as home4_1_1_, contactdat1_.lastname as lastname5_1_1_, contactdat1_.mobile as mobile6_1_1_, contactdat1_.work as work7_1_1_ from address_in_groups contacts0_ inner join addressbook contactdat1_ on contacts0_.id=contactdat1_.id where contacts0_.group_id=?
Hibernate: select contacts0_.group_id as group_id2_0_0_, contacts0_.id as id1_0_0_, contactdat1_.id as id1_1_1_, contactdat1_.address as address2_1_1_, contactdat1_.firstname as firstnam3_1_1_, contactdat1_.home as home4_1_1_, contactdat1_.lastname as lastname5_1_1_, contactdat1_.mobile as mobile6_1_1_, contactdat1_.work as work7_1_1_ from address_in_groups contacts0_ inner join addressbook contactdat1_ on contacts0_.id=contactdat1_.id where contacts0_.group_id=?
08:49:08.076 [Test worker] DEBUG o.h.l.p.e.p.i.ResultSetProcessorImpl - Preparing collection intializer : [ru.stqa.pft.addressbook.model.GroupData.contacts#94]
08:49:08.076 [Test worker] DEBUG o.h.e.l.i.CollectionLoadContext - 1 collections were found in result set for role: ru.stqa.pft.addressbook.model.GroupData.contacts
08:49:08.076 [Test worker] DEBUG o.h.e.l.i.CollectionLoadContext - Collection fully initialized: [ru.stqa.pft.addressbook.model.GroupData.contacts#94]
08:49:08.076 [Test worker] DEBUG o.h.e.l.i.CollectionLoadContext - 1 collections initialized for role: ru.stqa.pft.addressbook.model.GroupData.contacts
08:49:08.076 [Test worker] DEBUG o.h.r.j.i.ResourceRegistryStandardImpl - HHH000387: ResultSet's statement was not registered
08:49:08.076 [Test worker] DEBUG o.h.l.c.p.AbstractLoadPlanBasedCollectionInitializer - Done loading collection
08:49:08.076 [Test worker] DEBUG o.h.l.c.p.AbstractLoadPlanBasedCollectionInitializer - Loading collection: [ru.stqa.pft.addressbook.model.GroupData.contacts#93]
08:49:08.076 [Test worker] DEBUG org.hibernate.SQL - select contacts0_.group_id as group_id2_0_0_, contacts0_.id as id1_0_0_, contactdat1_.id as id1_1_1_, contactdat1_.address as address2_1_1_, contactdat1_.firstname as firstnam3_1_1_, contactdat1_.home as home4_1_1_, contactdat1_.lastname as lastname5_1_1_, contactdat1_.mobile as mobile6_1_1_, contactdat1_.work as work7_1_1_ from address_in_groups contacts0_ inner join addressbook contactdat1_ on contacts0_.id=contactdat1_.id where contacts0_.group_id=?
Hibernate: select contacts0_.group_id as group_id2_0_0_, contacts0_.id as id1_0_0_, contactdat1_.id as id1_1_1_, contactdat1_.address as address2_1_1_, contactdat1_.firstname as firstnam3_1_1_, contactdat1_.home as home4_1_1_, contactdat1_.lastname as lastname5_1_1_, contactdat1_.mobile as mobile6_1_1_, contactdat1_.work as work7_1_1_ from address_in_groups contacts0_ inner join addressbook contactdat1_ on contacts0_.id=contactdat1_.id where contacts0_.group_id=?
08:49:08.083 [Test worker] DEBUG o.h.l.p.e.p.i.ResultSetProcessorImpl - Preparing collection intializer : [ru.stqa.pft.addressbook.model.GroupData.contacts#93]
08:49:08.084 [Test worker] DEBUG o.h.e.l.i.CollectionLoadContext - 1 collections were found in result set for role: ru.stqa.pft.addressbook.model.GroupData.contacts
08:49:08.085 [Test worker] DEBUG o.h.e.l.i.CollectionLoadContext - Collection fully initialized: [ru.stqa.pft.addressbook.model.GroupData.contacts#93]
08:49:08.085 [Test worker] DEBUG o.h.e.l.i.CollectionLoadContext - 1 collections initialized for role: ru.stqa.pft.addressbook.model.GroupData.contacts
08:49:08.085 [Test worker] DEBUG o.h.r.j.i.ResourceRegistryStandardImpl - HHH000387: ResultSet's statement was not registered
08:49:08.085 [Test worker] DEBUG o.h.l.c.p.AbstractLoadPlanBasedCollectionInitializer - Done loading collection
08:49:08.085 [Test worker] DEBUG o.h.l.c.p.AbstractLoadPlanBasedCollectionInitializer - Loading collection: [ru.stqa.pft.addressbook.model.GroupData.contacts#91]
08:49:08.085 [Test worker] DEBUG org.hibernate.SQL - select contacts0_.group_id as group_id2_0_0_, contacts0_.id as id1_0_0_, contactdat1_.id as id1_1_1_, contactdat1_.address as address2_1_1_, contactdat1_.firstname as firstnam3_1_1_, contactdat1_.home as home4_1_1_, contactdat1_.lastname as lastname5_1_1_, contactdat1_.mobile as mobile6_1_1_, contactdat1_.work as work7_1_1_ from address_in_groups contacts0_ inner join addressbook contactdat1_ on contacts0_.id=contactdat1_.id where contacts0_.group_id=?
Hibernate: select contacts0_.group_id as group_id2_0_0_, contacts0_.id as id1_0_0_, contactdat1_.id as id1_1_1_, contactdat1_.address as address2_1_1_, contactdat1_.firstname as firstnam3_1_1_, contactdat1_.home as home4_1_1_, contactdat1_.lastname as lastname5_1_1_, contactdat1_.mobile as mobile6_1_1_, contactdat1_.work as work7_1_1_ from address_in_groups contacts0_ inner join addressbook contactdat1_ on contacts0_.id=contactdat1_.id where contacts0_.group_id=?
08:49:08.103 [Test worker] DEBUG o.h.l.p.e.p.i.ResultSetProcessorImpl - Preparing collection intializer : [ru.stqa.pft.addressbook.model.GroupData.contacts#91]
08:49:08.103 [Test worker] DEBUG o.h.l.p.e.p.i.ResultSetProcessorImpl - Starting ResultSet row #0
08:49:08.103 [Test worker] DEBUG o.h.l.p.e.p.i.CollectionReferenceInitializerImpl - Found row of collection: [ru.stqa.pft.addressbook.model.GroupData.contacts#91]
08:49:08.104 [Test worker] DEBUG o.h.engine.internal.TwoPhaseLoad - Resolving associations for [ru.stqa.pft.addressbook.model.ContactData#105]
08:49:08.104 [Test worker] DEBUG o.h.engine.internal.TwoPhaseLoad - Done materializing entity [ru.stqa.pft.addressbook.model.ContactData#105]
08:49:08.104 [Test worker] DEBUG o.h.e.l.i.CollectionLoadContext - 1 collections were found in result set for role: ru.stqa.pft.addressbook.model.GroupData.contacts
08:49:08.104 [Test worker] DEBUG o.h.e.l.i.CollectionLoadContext - Collection fully initialized: [ru.stqa.pft.addressbook.model.GroupData.contacts#91]
08:49:08.104 [Test worker] DEBUG o.h.e.l.i.CollectionLoadContext - 1 collections initialized for role: ru.stqa.pft.addressbook.model.GroupData.contacts
08:49:08.104 [Test worker] DEBUG o.h.r.j.i.ResourceRegistryStandardImpl - HHH000387: ResultSet's statement was not registered
08:49:08.104 [Test worker] DEBUG o.h.l.c.p.AbstractLoadPlanBasedCollectionInitializer - Done loading collection
08:49:08.104 [Test worker] DEBUG o.h.l.c.p.AbstractLoadPlanBasedCollectionInitializer - Loading collection: [ru.stqa.pft.addressbook.model.ContactData.groups#105]
08:49:08.104 [Test worker] DEBUG org.hibernate.SQL - select groups0_.id as id1_0_0_, groups0_.group_id as group_id2_0_0_, groupdata1_.group_id as group_id1_2_1_, groupdata1_.group_footer as group_fo2_2_1_, groupdata1_.group_header as group_he3_2_1_, groupdata1_.group_name as group_na4_2_1_ from address_in_groups groups0_ inner join group_list groupdata1_ on groups0_.group_id=groupdata1_.group_id where groups0_.id=?
Hibernate: select groups0_.id as id1_0_0_, groups0_.group_id as group_id2_0_0_, groupdata1_.group_id as group_id1_2_1_, groupdata1_.group_footer as group_fo2_2_1_, groupdata1_.group_header as group_he3_2_1_, groupdata1_.group_name as group_na4_2_1_ from address_in_groups groups0_ inner join group_list groupdata1_ on groups0_.group_id=groupdata1_.group_id where groups0_.id=?
08:49:08.110 [Test worker] DEBUG o.h.l.p.e.p.i.ResultSetProcessorImpl - Preparing collection intializer : [ru.stqa.pft.addressbook.model.ContactData.groups#105]
08:49:08.110 [Test worker] DEBUG o.h.l.p.e.p.i.ResultSetProcessorImpl - Starting ResultSet row #0
08:49:08.110 [Test worker] DEBUG o.h.l.p.e.p.i.CollectionReferenceInitializerImpl - Found row of collection: [ru.stqa.pft.addressbook.model.ContactData.groups#105]
08:49:08.111 [Test worker] DEBUG o.h.l.p.e.p.i.ResultSetProcessorImpl - Starting ResultSet row #1
08:49:08.111 [Test worker] DEBUG o.h.l.p.e.p.i.CollectionReferenceInitializerImpl - Found row of collection: [ru.stqa.pft.addressbook.model.ContactData.groups#105]
08:49:08.111 [Test worker] DEBUG o.h.l.p.e.p.i.ResultSetProcessorImpl - Starting ResultSet row #2
08:49:08.111 [Test worker] DEBUG o.h.l.p.e.p.i.CollectionReferenceInitializerImpl - Found row of collection: [ru.stqa.pft.addressbook.model.ContactData.groups#105]
08:49:08.111 [Test worker] DEBUG o.h.e.l.i.CollectionLoadContext - 1 collections were found in result set for role: ru.stqa.pft.addressbook.model.ContactData.groups
08:49:08.111 [Test worker] DEBUG o.h.e.l.i.CollectionLoadContext - Collection fully initialized: [ru.stqa.pft.addressbook.model.ContactData.groups#105]
08:49:08.111 [Test worker] DEBUG o.h.e.l.i.CollectionLoadContext - 1 collections initialized for role: ru.stqa.pft.addressbook.model.ContactData.groups
08:49:08.111 [Test worker] DEBUG o.h.r.j.i.ResourceRegistryStandardImpl - HHH000387: ResultSet's statement was not registered
08:49:08.111 [Test worker] DEBUG o.h.l.c.p.AbstractLoadPlanBasedCollectionInitializer - Done loading collection
08:49:08.111 [Test worker] DEBUG o.h.l.c.p.AbstractLoadPlanBasedCollectionInitializer - Loading collection: [ru.stqa.pft.addressbook.model.GroupData.contacts#90]
08:49:08.111 [Test worker] DEBUG org.hibernate.SQL - select contacts0_.group_id as group_id2_0_0_, contacts0_.id as id1_0_0_, contactdat1_.id as id1_1_1_, contactdat1_.address as address2_1_1_, contactdat1_.firstname as firstnam3_1_1_, contactdat1_.home as home4_1_1_, contactdat1_.lastname as lastname5_1_1_, contactdat1_.mobile as mobile6_1_1_, contactdat1_.work as work7_1_1_ from address_in_groups contacts0_ inner join addressbook contactdat1_ on contacts0_.id=contactdat1_.id where contacts0_.group_id=?
Hibernate: select contacts0_.group_id as group_id2_0_0_, contacts0_.id as id1_0_0_, contactdat1_.id as id1_1_1_, contactdat1_.address as address2_1_1_, contactdat1_.firstname as firstnam3_1_1_, contactdat1_.home as home4_1_1_, contactdat1_.lastname as lastname5_1_1_, contactdat1_.mobile as mobile6_1_1_, contactdat1_.work as work7_1_1_ from address_in_groups contacts0_ inner join addressbook contactdat1_ on contacts0_.id=contactdat1_.id where contacts0_.group_id=?
08:49:08.113 [Test worker] DEBUG o.h.l.p.e.p.i.ResultSetProcessorImpl - Preparing collection intializer : [ru.stqa.pft.addressbook.model.GroupData.contacts#90]
08:49:08.114 [Test worker] DEBUG o.h.e.l.i.CollectionLoadContext - 1 collections were found in result set for role: ru.stqa.pft.addressbook.model.GroupData.contacts
08:49:08.114 [Test worker] DEBUG o.h.e.l.i.CollectionLoadContext - Collection fully initialized: [ru.stqa.pft.addressbook.model.GroupData.contacts#90]
08:49:08.114 [Test worker] DEBUG o.h.e.l.i.CollectionLoadContext - 1 collections initialized for role: ru.stqa.pft.addressbook.model.GroupData.contacts
08:49:08.114 [Test worker] DEBUG o.h.r.j.i.ResourceRegistryStandardImpl - HHH000387: ResultSet's statement was not registered
08:49:08.114 [Test worker] DEBUG o.h.l.c.p.AbstractLoadPlanBasedCollectionInitializer - Done loading collection
08:49:08.114 [Test worker] DEBUG o.h.l.c.p.AbstractLoadPlanBasedCollectionInitializer - Loading collection: [ru.stqa.pft.addressbook.model.GroupData.contacts#89]
08:49:08.114 [Test worker] DEBUG org.hibernate.SQL - select contacts0_.group_id as group_id2_0_0_, contacts0_.id as id1_0_0_, contactdat1_.id as id1_1_1_, contactdat1_.address as address2_1_1_, contactdat1_.firstname as firstnam3_1_1_, contactdat1_.home as home4_1_1_, contactdat1_.lastname as lastname5_1_1_, contactdat1_.mobile as mobile6_1_1_, contactdat1_.work as work7_1_1_ from address_in_groups contacts0_ inner join addressbook contactdat1_ on contacts0_.id=contactdat1_.id where contacts0_.group_id=?
Hibernate: select contacts0_.group_id as group_id2_0_0_, contacts0_.id as id1_0_0_, contactdat1_.id as id1_1_1_, contactdat1_.address as address2_1_1_, contactdat1_.firstname as firstnam3_1_1_, contactdat1_.home as home4_1_1_, contactdat1_.lastname as lastname5_1_1_, contactdat1_.mobile as mobile6_1_1_, contactdat1_.work as work7_1_1_ from address_in_groups contacts0_ inner join addressbook contactdat1_ on contacts0_.id=contactdat1_.id where contacts0_.group_id=?
08:49:08.115 [Test worker] DEBUG o.h.l.p.e.p.i.ResultSetProcessorImpl - Preparing collection intializer : [ru.stqa.pft.addressbook.model.GroupData.contacts#89]
08:49:08.115 [Test worker] DEBUG o.h.e.l.i.CollectionLoadContext - 1 collections were found in result set for role: ru.stqa.pft.addressbook.model.GroupData.contacts
08:49:08.115 [Test worker] DEBUG o.h.e.l.i.CollectionLoadContext - Collection fully initialized: [ru.stqa.pft.addressbook.model.GroupData.contacts#89]
08:49:08.115 [Test worker] DEBUG o.h.e.l.i.CollectionLoadContext - 1 collections initialized for role: ru.stqa.pft.addressbook.model.GroupData.contacts
08:49:08.115 [Test worker] DEBUG o.h.r.j.i.ResourceRegistryStandardImpl - HHH000387: ResultSet's statement was not registered
08:49:08.115 [Test worker] DEBUG o.h.l.c.p.AbstractLoadPlanBasedCollectionInitializer - Done loading collection
08:49:08.116 [Test worker] DEBUG o.h.l.c.p.AbstractLoadPlanBasedCollectionInitializer - Loading collection: [ru.stqa.pft.addressbook.model.GroupData.contacts#88]
08:49:08.116 [Test worker] DEBUG org.hibernate.SQL - select contacts0_.group_id as group_id2_0_0_, contacts0_.id as id1_0_0_, contactdat1_.id as id1_1_1_, contactdat1_.address as address2_1_1_, contactdat1_.firstname as firstnam3_1_1_, contactdat1_.home as home4_1_1_, contactdat1_.lastname as lastname5_1_1_, contactdat1_.mobile as mobile6_1_1_, contactdat1_.work as work7_1_1_ from address_in_groups contacts0_ inner join addressbook contactdat1_ on contacts0_.id=contactdat1_.id where contacts0_.group_id=?
Hibernate: select contacts0_.group_id as group_id2_0_0_, contacts0_.id as id1_0_0_, contactdat1_.id as id1_1_1_, contactdat1_.address as address2_1_1_, contactdat1_.firstname as firstnam3_1_1_, contactdat1_.home as home4_1_1_, contactdat1_.lastname as lastname5_1_1_, contactdat1_.mobile as mobile6_1_1_, contactdat1_.work as work7_1_1_ from address_in_groups contacts0_ inner join addressbook contactdat1_ on contacts0_.id=contactdat1_.id where contacts0_.group_id=?
08:49:08.117 [Test worker] DEBUG o.h.l.p.e.p.i.ResultSetProcessorImpl - Preparing collection intializer : [ru.stqa.pft.addressbook.model.GroupData.contacts#88]
08:49:08.117 [Test worker] DEBUG o.h.e.l.i.CollectionLoadContext - 1 collections were found in result set for role: ru.stqa.pft.addressbook.model.GroupData.contacts
08:49:08.117 [Test worker] DEBUG o.h.e.l.i.CollectionLoadContext - Collection fully initialized: [ru.stqa.pft.addressbook.model.GroupData.contacts#88]
08:49:08.117 [Test worker] DEBUG o.h.e.l.i.CollectionLoadContext - 1 collections initialized for role: ru.stqa.pft.addressbook.model.GroupData.contacts
08:49:08.117 [Test worker] DEBUG o.h.r.j.i.ResourceRegistryStandardImpl - HHH000387: ResultSet's statement was not registered
08:49:08.117 [Test worker] DEBUG o.h.l.c.p.AbstractLoadPlanBasedCollectionInitializer - Done loading collection
08:49:08.118 [Test worker] DEBUG o.h.l.c.p.AbstractLoadPlanBasedCollectionInitializer - Loading collection: [ru.stqa.pft.addressbook.model.GroupData.contacts#87]
08:49:08.118 [Test worker] DEBUG org.hibernate.SQL - select contacts0_.group_id as group_id2_0_0_, contacts0_.id as id1_0_0_, contactdat1_.id as id1_1_1_, contactdat1_.address as address2_1_1_, contactdat1_.firstname as firstnam3_1_1_, contactdat1_.home as home4_1_1_, contactdat1_.lastname as lastname5_1_1_, contactdat1_.mobile as mobile6_1_1_, contactdat1_.work as work7_1_1_ from address_in_groups contacts0_ inner join addressbook contactdat1_ on contacts0_.id=contactdat1_.id where contacts0_.group_id=?
Hibernate: select contacts0_.group_id as group_id2_0_0_, contacts0_.id as id1_0_0_, contactdat1_.id as id1_1_1_, contactdat1_.address as address2_1_1_, contactdat1_.firstname as firstnam3_1_1_, contactdat1_.home as home4_1_1_, contactdat1_.lastname as lastname5_1_1_, contactdat1_.mobile as mobile6_1_1_, contactdat1_.work as work7_1_1_ from address_in_groups contacts0_ inner join addressbook contactdat1_ on contacts0_.id=contactdat1_.id where contacts0_.group_id=?
08:49:08.119 [Test worker] DEBUG o.h.l.p.e.p.i.ResultSetProcessorImpl - Preparing collection intializer : [ru.stqa.pft.addressbook.model.GroupData.contacts#87]
08:49:08.119 [Test worker] DEBUG o.h.e.l.i.CollectionLoadContext - 1 collections were found in result set for role: ru.stqa.pft.addressbook.model.GroupData.contacts
08:49:08.120 [Test worker] DEBUG o.h.e.l.i.CollectionLoadContext - Collection fully initialized: [ru.stqa.pft.addressbook.model.GroupData.contacts#87]
08:49:08.120 [Test worker] DEBUG o.h.e.l.i.CollectionLoadContext - 1 collections initialized for role: ru.stqa.pft.addressbook.model.GroupData.contacts
08:49:08.120 [Test worker] DEBUG o.h.r.j.i.ResourceRegistryStandardImpl - HHH000387: ResultSet's statement was not registered
08:49:08.120 [Test worker] DEBUG o.h.l.c.p.AbstractLoadPlanBasedCollectionInitializer - Done loading collection
08:49:08.120 [Test worker] DEBUG o.h.l.c.p.AbstractLoadPlanBasedCollectionInitializer - Loading collection: [ru.stqa.pft.addressbook.model.GroupData.contacts#86]
08:49:08.120 [Test worker] DEBUG org.hibernate.SQL - select contacts0_.group_id as group_id2_0_0_, contacts0_.id as id1_0_0_, contactdat1_.id as id1_1_1_, contactdat1_.address as address2_1_1_, contactdat1_.firstname as firstnam3_1_1_, contactdat1_.home as home4_1_1_, contactdat1_.lastname as lastname5_1_1_, contactdat1_.mobile as mobile6_1_1_, contactdat1_.work as work7_1_1_ from address_in_groups contacts0_ inner join addressbook contactdat1_ on contacts0_.id=contactdat1_.id where contacts0_.group_id=?
Hibernate: select contacts0_.group_id as group_id2_0_0_, contacts0_.id as id1_0_0_, contactdat1_.id as id1_1_1_, contactdat1_.address as address2_1_1_, contactdat1_.firstname as firstnam3_1_1_, contactdat1_.home as home4_1_1_, contactdat1_.lastname as lastname5_1_1_, contactdat1_.mobile as mobile6_1_1_, contactdat1_.work as work7_1_1_ from address_in_groups contacts0_ inner join addressbook contactdat1_ on contacts0_.id=contactdat1_.id where contacts0_.group_id=?
08:49:08.122 [Test worker] DEBUG o.h.l.p.e.p.i.ResultSetProcessorImpl - Preparing collection intializer : [ru.stqa.pft.addressbook.model.GroupData.contacts#86]
08:49:08.122 [Test worker] DEBUG o.h.e.l.i.CollectionLoadContext - 1 collections were found in result set for role: ru.stqa.pft.addressbook.model.GroupData.contacts
08:49:08.122 [Test worker] DEBUG o.h.e.l.i.CollectionLoadContext - Collection fully initialized: [ru.stqa.pft.addressbook.model.GroupData.contacts#86]
08:49:08.122 [Test worker] DEBUG o.h.e.l.i.CollectionLoadContext - 1 collections initialized for role: ru.stqa.pft.addressbook.model.GroupData.contacts
08:49:08.122 [Test worker] DEBUG o.h.r.j.i.ResourceRegistryStandardImpl - HHH000387: ResultSet's statement was not registered
08:49:08.122 [Test worker] DEBUG o.h.l.c.p.AbstractLoadPlanBasedCollectionInitializer - Done loading collection
08:49:08.122 [Test worker] DEBUG o.h.l.c.p.AbstractLoadPlanBasedCollectionInitializer - Loading collection: [ru.stqa.pft.addressbook.model.GroupData.contacts#85]
08:49:08.122 [Test worker] DEBUG org.hibernate.SQL - select contacts0_.group_id as group_id2_0_0_, contacts0_.id as id1_0_0_, contactdat1_.id as id1_1_1_, contactdat1_.address as address2_1_1_, contactdat1_.firstname as firstnam3_1_1_, contactdat1_.home as home4_1_1_, contactdat1_.lastname as lastname5_1_1_, contactdat1_.mobile as mobile6_1_1_, contactdat1_.work as work7_1_1_ from address_in_groups contacts0_ inner join addressbook contactdat1_ on contacts0_.id=contactdat1_.id where contacts0_.group_id=?
Hibernate: select contacts0_.group_id as group_id2_0_0_, contacts0_.id as id1_0_0_, contactdat1_.id as id1_1_1_, contactdat1_.address as address2_1_1_, contactdat1_.firstname as firstnam3_1_1_, contactdat1_.home as home4_1_1_, contactdat1_.lastname as lastname5_1_1_, contactdat1_.mobile as mobile6_1_1_, contactdat1_.work as work7_1_1_ from address_in_groups contacts0_ inner join addressbook contactdat1_ on contacts0_.id=contactdat1_.id where contacts0_.group_id=?
08:49:08.124 [Test worker] DEBUG o.h.l.p.e.p.i.ResultSetProcessorImpl - Preparing collection intializer : [ru.stqa.pft.addressbook.model.GroupData.contacts#85]
08:49:08.124 [Test worker] DEBUG o.h.e.l.i.CollectionLoadContext - 1 collections were found in result set for role: ru.stqa.pft.addressbook.model.GroupData.contacts
08:49:08.124 [Test worker] DEBUG o.h.e.l.i.CollectionLoadContext - Collection fully initialized: [ru.stqa.pft.addressbook.model.GroupData.contacts#85]
08:49:08.124 [Test worker] DEBUG o.h.e.l.i.CollectionLoadContext - 1 collections initialized for role: ru.stqa.pft.addressbook.model.GroupData.contacts
08:49:08.124 [Test worker] DEBUG o.h.r.j.i.ResourceRegistryStandardImpl - HHH000387: ResultSet's statement was not registered
08:49:08.125 [Test worker] DEBUG o.h.l.c.p.AbstractLoadPlanBasedCollectionInitializer - Done loading collection
08:49:08.125 [Test worker] DEBUG o.h.l.c.p.AbstractLoadPlanBasedCollectionInitializer - Loading collection: [ru.stqa.pft.addressbook.model.GroupData.contacts#84]
08:49:08.125 [Test worker] DEBUG org.hibernate.SQL - select contacts0_.group_id as group_id2_0_0_, contacts0_.id as id1_0_0_, contactdat1_.id as id1_1_1_, contactdat1_.address as address2_1_1_, contactdat1_.firstname as firstnam3_1_1_, contactdat1_.home as home4_1_1_, contactdat1_.lastname as lastname5_1_1_, contactdat1_.mobile as mobile6_1_1_, contactdat1_.work as work7_1_1_ from address_in_groups contacts0_ inner join addressbook contactdat1_ on contacts0_.id=contactdat1_.id where contacts0_.group_id=?
Hibernate: select contacts0_.group_id as group_id2_0_0_, contacts0_.id as id1_0_0_, contactdat1_.id as id1_1_1_, contactdat1_.address as address2_1_1_, contactdat1_.firstname as firstnam3_1_1_, contactdat1_.home as home4_1_1_, contactdat1_.lastname as lastname5_1_1_, contactdat1_.mobile as mobile6_1_1_, contactdat1_.work as work7_1_1_ from address_in_groups contacts0_ inner join addressbook contactdat1_ on contacts0_.id=contactdat1_.id where contacts0_.group_id=?
08:49:08.125 [Test worker] DEBUG o.h.l.p.e.p.i.ResultSetProcessorImpl - Preparing collection intializer : [ru.stqa.pft.addressbook.model.GroupData.contacts#84]
08:49:08.125 [Test worker] DEBUG o.h.e.l.i.CollectionLoadContext - 1 collections were found in result set for role: ru.stqa.pft.addressbook.model.GroupData.contacts
08:49:08.125 [Test worker] DEBUG o.h.e.l.i.CollectionLoadContext - Collection fully initialized: [ru.stqa.pft.addressbook.model.GroupData.contacts#84]
08:49:08.125 [Test worker] DEBUG o.h.e.l.i.CollectionLoadContext - 1 collections initialized for role: ru.stqa.pft.addressbook.model.GroupData.contacts
08:49:08.126 [Test worker] DEBUG o.h.r.j.i.ResourceRegistryStandardImpl - HHH000387: ResultSet's statement was not registered
08:49:08.126 [Test worker] DEBUG o.h.l.c.p.AbstractLoadPlanBasedCollectionInitializer - Done loading collection
08:49:08.126 [Test worker] DEBUG o.h.l.c.p.AbstractLoadPlanBasedCollectionInitializer - Loading collection: [ru.stqa.pft.addressbook.model.GroupData.contacts#83]
08:49:08.126 [Test worker] DEBUG org.hibernate.SQL - select contacts0_.group_id as group_id2_0_0_, contacts0_.id as id1_0_0_, contactdat1_.id as id1_1_1_, contactdat1_.address as address2_1_1_, contactdat1_.firstname as firstnam3_1_1_, contactdat1_.home as home4_1_1_, contactdat1_.lastname as lastname5_1_1_, contactdat1_.mobile as mobile6_1_1_, contactdat1_.work as work7_1_1_ from address_in_groups contacts0_ inner join addressbook contactdat1_ on contacts0_.id=contactdat1_.id where contacts0_.group_id=?
Hibernate: select contacts0_.group_id as group_id2_0_0_, contacts0_.id as id1_0_0_, contactdat1_.id as id1_1_1_, contactdat1_.address as address2_1_1_, contactdat1_.firstname as firstnam3_1_1_, contactdat1_.home as home4_1_1_, contactdat1_.lastname as lastname5_1_1_, contactdat1_.mobile as mobile6_1_1_, contactdat1_.work as work7_1_1_ from address_in_groups contacts0_ inner join addressbook contactdat1_ on contacts0_.id=contactdat1_.id where contacts0_.group_id=?
08:49:08.143 [Test worker] DEBUG o.h.l.p.e.p.i.ResultSetProcessorImpl - Preparing collection intializer : [ru.stqa.pft.addressbook.model.GroupData.contacts#83]
08:49:08.143 [Test worker] DEBUG o.h.e.l.i.CollectionLoadContext - 1 collections were found in result set for role: ru.stqa.pft.addressbook.model.GroupData.contacts
08:49:08.143 [Test worker] DEBUG o.h.e.l.i.CollectionLoadContext - Collection fully initialized: [ru.stqa.pft.addressbook.model.GroupData.contacts#83]
08:49:08.143 [Test worker] DEBUG o.h.e.l.i.CollectionLoadContext - 1 collections initialized for role: ru.stqa.pft.addressbook.model.GroupData.contacts
08:49:08.143 [Test worker] DEBUG o.h.r.j.i.ResourceRegistryStandardImpl - HHH000387: ResultSet's statement was not registered
08:49:08.143 [Test worker] DEBUG o.h.l.c.p.AbstractLoadPlanBasedCollectionInitializer - Done loading collection
08:49:08.143 [Test worker] DEBUG o.h.l.c.p.AbstractLoadPlanBasedCollectionInitializer - Loading collection: [ru.stqa.pft.addressbook.model.GroupData.contacts#82]
08:49:08.143 [Test worker] DEBUG org.hibernate.SQL - select contacts0_.group_id as group_id2_0_0_, contacts0_.id as id1_0_0_, contactdat1_.id as id1_1_1_, contactdat1_.address as address2_1_1_, contactdat1_.firstname as firstnam3_1_1_, contactdat1_.home as home4_1_1_, contactdat1_.lastname as lastname5_1_1_, contactdat1_.mobile as mobile6_1_1_, contactdat1_.work as work7_1_1_ from address_in_groups contacts0_ inner join addressbook contactdat1_ on contacts0_.id=contactdat1_.id where contacts0_.group_id=?
Hibernate: select contacts0_.group_id as group_id2_0_0_, contacts0_.id as id1_0_0_, contactdat1_.id as id1_1_1_, contactdat1_.address as address2_1_1_, contactdat1_.firstname as firstnam3_1_1_, contactdat1_.home as home4_1_1_, contactdat1_.lastname as lastname5_1_1_, contactdat1_.mobile as mobile6_1_1_, contactdat1_.work as work7_1_1_ from address_in_groups contacts0_ inner join addressbook contactdat1_ on contacts0_.id=contactdat1_.id where contacts0_.group_id=?
08:49:08.181 [Test worker] DEBUG o.h.l.p.e.p.i.ResultSetProcessorImpl - Preparing collection intializer : [ru.stqa.pft.addressbook.model.GroupData.contacts#82]
08:49:08.181 [Test worker] DEBUG o.h.e.l.i.CollectionLoadContext - 1 collections were found in result set for role: ru.stqa.pft.addressbook.model.GroupData.contacts
08:49:08.181 [Test worker] DEBUG o.h.e.l.i.CollectionLoadContext - Collection fully initialized: [ru.stqa.pft.addressbook.model.GroupData.contacts#82]
08:49:08.181 [Test worker] DEBUG o.h.e.l.i.CollectionLoadContext - 1 collections initialized for role: ru.stqa.pft.addressbook.model.GroupData.contacts
08:49:08.182 [Test worker] DEBUG o.h.r.j.i.ResourceRegistryStandardImpl - HHH000387: ResultSet's statement was not registered
08:49:08.182 [Test worker] DEBUG o.h.l.c.p.AbstractLoadPlanBasedCollectionInitializer - Done loading collection
08:49:08.182 [Test worker] DEBUG o.h.l.c.p.AbstractLoadPlanBasedCollectionInitializer - Loading collection: [ru.stqa.pft.addressbook.model.GroupData.contacts#81]
08:49:08.182 [Test worker] DEBUG org.hibernate.SQL - select contacts0_.group_id as group_id2_0_0_, contacts0_.id as id1_0_0_, contactdat1_.id as id1_1_1_, contactdat1_.address as address2_1_1_, contactdat1_.firstname as firstnam3_1_1_, contactdat1_.home as home4_1_1_, contactdat1_.lastname as lastname5_1_1_, contactdat1_.mobile as mobile6_1_1_, contactdat1_.work as work7_1_1_ from address_in_groups contacts0_ inner join addressbook contactdat1_ on contacts0_.id=contactdat1_.id where contacts0_.group_id=?
Hibernate: select contacts0_.group_id as group_id2_0_0_, contacts0_.id as id1_0_0_, contactdat1_.id as id1_1_1_, contactdat1_.address as address2_1_1_, contactdat1_.firstname as firstnam3_1_1_, contactdat1_.home as home4_1_1_, contactdat1_.lastname as lastname5_1_1_, contactdat1_.mobile as mobile6_1_1_, contactdat1_.work as work7_1_1_ from address_in_groups contacts0_ inner join addressbook contactdat1_ on contacts0_.id=contactdat1_.id where contacts0_.group_id=?
08:49:08.184 [Test worker] DEBUG o.h.l.p.e.p.i.ResultSetProcessorImpl - Preparing collection intializer : [ru.stqa.pft.addressbook.model.GroupData.contacts#81]
08:49:08.184 [Test worker] DEBUG o.h.e.l.i.CollectionLoadContext - 1 collections were found in result set for role: ru.stqa.pft.addressbook.model.GroupData.contacts
08:49:08.184 [Test worker] DEBUG o.h.e.l.i.CollectionLoadContext - Collection fully initialized: [ru.stqa.pft.addressbook.model.GroupData.contacts#81]
08:49:08.184 [Test worker] DEBUG o.h.e.l.i.CollectionLoadContext - 1 collections initialized for role: ru.stqa.pft.addressbook.model.GroupData.contacts
08:49:08.184 [Test worker] DEBUG o.h.r.j.i.ResourceRegistryStandardImpl - HHH000387: ResultSet's statement was not registered
08:49:08.185 [Test worker] DEBUG o.h.l.c.p.AbstractLoadPlanBasedCollectionInitializer - Done loading collection
08:49:08.185 [Test worker] DEBUG o.h.l.c.p.AbstractLoadPlanBasedCollectionInitializer - Loading collection: [ru.stqa.pft.addressbook.model.GroupData.contacts#80]
08:49:08.185 [Test worker] DEBUG org.hibernate.SQL - select contacts0_.group_id as group_id2_0_0_, contacts0_.id as id1_0_0_, contactdat1_.id as id1_1_1_, contactdat1_.address as address2_1_1_, contactdat1_.firstname as firstnam3_1_1_, contactdat1_.home as home4_1_1_, contactdat1_.lastname as lastname5_1_1_, contactdat1_.mobile as mobile6_1_1_, contactdat1_.work as work7_1_1_ from address_in_groups contacts0_ inner join addressbook contactdat1_ on contacts0_.id=contactdat1_.id where contacts0_.group_id=?
Hibernate: select contacts0_.group_id as group_id2_0_0_, contacts0_.id as id1_0_0_, contactdat1_.id as id1_1_1_, contactdat1_.address as address2_1_1_, contactdat1_.firstname as firstnam3_1_1_, contactdat1_.home as home4_1_1_, contactdat1_.lastname as lastname5_1_1_, contactdat1_.mobile as mobile6_1_1_, contactdat1_.work as work7_1_1_ from address_in_groups contacts0_ inner join addressbook contactdat1_ on contacts0_.id=contactdat1_.id where contacts0_.group_id=?
08:49:08.201 [Test worker] DEBUG o.h.l.p.e.p.i.ResultSetProcessorImpl - Preparing collection intializer : [ru.stqa.pft.addressbook.model.GroupData.contacts#80]
08:49:08.201 [Test worker] DEBUG o.h.e.l.i.CollectionLoadContext - 1 collections were found in result set for role: ru.stqa.pft.addressbook.model.GroupData.contacts
08:49:08.201 [Test worker] DEBUG o.h.e.l.i.CollectionLoadContext - Collection fully initialized: [ru.stqa.pft.addressbook.model.GroupData.contacts#80]
08:49:08.201 [Test worker] DEBUG o.h.e.l.i.CollectionLoadContext - 1 collections initialized for role: ru.stqa.pft.addressbook.model.GroupData.contacts
08:49:08.201 [Test worker] DEBUG o.h.r.j.i.ResourceRegistryStandardImpl - HHH000387: ResultSet's statement was not registered
08:49:08.201 [Test worker] DEBUG o.h.l.c.p.AbstractLoadPlanBasedCollectionInitializer - Done loading collection
08:49:08.201 [Test worker] DEBUG o.h.l.c.p.AbstractLoadPlanBasedCollectionInitializer - Loading collection: [ru.stqa.pft.addressbook.model.GroupData.contacts#78]
08:49:08.201 [Test worker] DEBUG org.hibernate.SQL - select contacts0_.group_id as group_id2_0_0_, contacts0_.id as id1_0_0_, contactdat1_.id as id1_1_1_, contactdat1_.address as address2_1_1_, contactdat1_.firstname as firstnam3_1_1_, contactdat1_.home as home4_1_1_, contactdat1_.lastname as lastname5_1_1_, contactdat1_.mobile as mobile6_1_1_, contactdat1_.work as work7_1_1_ from address_in_groups contacts0_ inner join addressbook contactdat1_ on contacts0_.id=contactdat1_.id where contacts0_.group_id=?
Hibernate: select contacts0_.group_id as group_id2_0_0_, contacts0_.id as id1_0_0_, contactdat1_.id as id1_1_1_, contactdat1_.address as address2_1_1_, contactdat1_.firstname as firstnam3_1_1_, contactdat1_.home as home4_1_1_, contactdat1_.lastname as lastname5_1_1_, contactdat1_.mobile as mobile6_1_1_, contactdat1_.work as work7_1_1_ from address_in_groups contacts0_ inner join addressbook contactdat1_ on contacts0_.id=contactdat1_.id where contacts0_.group_id=?
08:49:08.227 [Test worker] DEBUG o.h.l.p.e.p.i.ResultSetProcessorImpl - Preparing collection intializer : [ru.stqa.pft.addressbook.model.GroupData.contacts#78]
08:49:08.227 [Test worker] DEBUG o.h.e.l.i.CollectionLoadContext - 1 collections were found in result set for role: ru.stqa.pft.addressbook.model.GroupData.contacts
08:49:08.227 [Test worker] DEBUG o.h.e.l.i.CollectionLoadContext - Collection fully initialized: [ru.stqa.pft.addressbook.model.GroupData.contacts#78]
08:49:08.227 [Test worker] DEBUG o.h.e.l.i.CollectionLoadContext - 1 collections initialized for role: ru.stqa.pft.addressbook.model.GroupData.contacts
08:49:08.228 [Test worker] DEBUG o.h.r.j.i.ResourceRegistryStandardImpl - HHH000387: ResultSet's statement was not registered
08:49:08.228 [Test worker] DEBUG o.h.l.c.p.AbstractLoadPlanBasedCollectionInitializer - Done loading collection
08:49:08.228 [Test worker] DEBUG o.h.l.c.p.AbstractLoadPlanBasedCollectionInitializer - Loading collection: [ru.stqa.pft.addressbook.model.GroupData.contacts#77]
08:49:08.228 [Test worker] DEBUG org.hibernate.SQL - select contacts0_.group_id as group_id2_0_0_, contacts0_.id as id1_0_0_, contactdat1_.id as id1_1_1_, contactdat1_.address as address2_1_1_, contactdat1_.firstname as firstnam3_1_1_, contactdat1_.home as home4_1_1_, contactdat1_.lastname as lastname5_1_1_, contactdat1_.mobile as mobile6_1_1_, contactdat1_.work as work7_1_1_ from address_in_groups contacts0_ inner join addressbook contactdat1_ on contacts0_.id=contactdat1_.id where contacts0_.group_id=?
Hibernate: select contacts0_.group_id as group_id2_0_0_, contacts0_.id as id1_0_0_, contactdat1_.id as id1_1_1_, contactdat1_.address as address2_1_1_, contactdat1_.firstname as firstnam3_1_1_, contactdat1_.home as home4_1_1_, contactdat1_.lastname as lastname5_1_1_, contactdat1_.mobile as mobile6_1_1_, contactdat1_.work as work7_1_1_ from address_in_groups contacts0_ inner join addressbook contactdat1_ on contacts0_.id=contactdat1_.id where contacts0_.group_id=?
08:49:08.229 [Test worker] DEBUG o.h.l.p.e.p.i.ResultSetProcessorImpl - Preparing collection intializer : [ru.stqa.pft.addressbook.model.GroupData.contacts#77]
08:49:08.230 [Test worker] DEBUG o.h.e.l.i.CollectionLoadContext - 1 collections were found in result set for role: ru.stqa.pft.addressbook.model.GroupData.contacts
08:49:08.230 [Test worker] DEBUG o.h.e.l.i.CollectionLoadContext - Collection fully initialized: [ru.stqa.pft.addressbook.model.GroupData.contacts#77]
08:49:08.230 [Test worker] DEBUG o.h.e.l.i.CollectionLoadContext - 1 collections initialized for role: ru.stqa.pft.addressbook.model.GroupData.contacts
08:49:08.230 [Test worker] DEBUG o.h.r.j.i.ResourceRegistryStandardImpl - HHH000387: ResultSet's statement was not registered
08:49:08.230 [Test worker] DEBUG o.h.l.c.p.AbstractLoadPlanBasedCollectionInitializer - Done loading collection
08:49:08.230 [Test worker] DEBUG o.h.l.c.p.AbstractLoadPlanBasedCollectionInitializer - Loading collection: [ru.stqa.pft.addressbook.model.GroupData.contacts#76]
08:49:08.230 [Test worker] DEBUG org.hibernate.SQL - select contacts0_.group_id as group_id2_0_0_, contacts0_.id as id1_0_0_, contactdat1_.id as id1_1_1_, contactdat1_.address as address2_1_1_, contactdat1_.firstname as firstnam3_1_1_, contactdat1_.home as home4_1_1_, contactdat1_.lastname as lastname5_1_1_, contactdat1_.mobile as mobile6_1_1_, contactdat1_.work as work7_1_1_ from address_in_groups contacts0_ inner join addressbook contactdat1_ on contacts0_.id=contactdat1_.id where contacts0_.group_id=?
Hibernate: select contacts0_.group_id as group_id2_0_0_, contacts0_.id as id1_0_0_, contactdat1_.id as id1_1_1_, contactdat1_.address as address2_1_1_, contactdat1_.firstname as firstnam3_1_1_, contactdat1_.home as home4_1_1_, contactdat1_.lastname as lastname5_1_1_, contactdat1_.mobile as mobile6_1_1_, contactdat1_.work as work7_1_1_ from address_in_groups contacts0_ inner join addressbook contactdat1_ on contacts0_.id=contactdat1_.id where contacts0_.group_id=?
08:49:08.232 [Test worker] DEBUG o.h.l.p.e.p.i.ResultSetProcessorImpl - Preparing collection intializer : [ru.stqa.pft.addressbook.model.GroupData.contacts#76]
08:49:08.232 [Test worker] DEBUG o.h.e.l.i.CollectionLoadContext - 1 collections were found in result set for role: ru.stqa.pft.addressbook.model.GroupData.contacts
08:49:08.232 [Test worker] DEBUG o.h.e.l.i.CollectionLoadContext - Collection fully initialized: [ru.stqa.pft.addressbook.model.GroupData.contacts#76]
08:49:08.232 [Test worker] DEBUG o.h.e.l.i.CollectionLoadContext - 1 collections initialized for role: ru.stqa.pft.addressbook.model.GroupData.contacts
08:49:08.232 [Test worker] DEBUG o.h.r.j.i.ResourceRegistryStandardImpl - HHH000387: ResultSet's statement was not registered
08:49:08.232 [Test worker] DEBUG o.h.l.c.p.AbstractLoadPlanBasedCollectionInitializer - Done loading collection
08:49:08.232 [Test worker] DEBUG o.h.l.c.p.AbstractLoadPlanBasedCollectionInitializer - Loading collection: [ru.stqa.pft.addressbook.model.GroupData.contacts#75]
08:49:08.233 [Test worker] DEBUG org.hibernate.SQL - select contacts0_.group_id as group_id2_0_0_, contacts0_.id as id1_0_0_, contactdat1_.id as id1_1_1_, contactdat1_.address as address2_1_1_, contactdat1_.firstname as firstnam3_1_1_, contactdat1_.home as home4_1_1_, contactdat1_.lastname as lastname5_1_1_, contactdat1_.mobile as mobile6_1_1_, contactdat1_.work as work7_1_1_ from address_in_groups contacts0_ inner join addressbook contactdat1_ on contacts0_.id=contactdat1_.id where contacts0_.group_id=?
Hibernate: select contacts0_.group_id as group_id2_0_0_, contacts0_.id as id1_0_0_, contactdat1_.id as id1_1_1_, contactdat1_.address as address2_1_1_, contactdat1_.firstname as firstnam3_1_1_, contactdat1_.home as home4_1_1_, contactdat1_.lastname as lastname5_1_1_, contactdat1_.mobile as mobile6_1_1_, contactdat1_.work as work7_1_1_ from address_in_groups contacts0_ inner join addressbook contactdat1_ on contacts0_.id=contactdat1_.id where contacts0_.group_id=?
08:49:08.257 [Test worker] DEBUG o.h.l.p.e.p.i.ResultSetProcessorImpl - Preparing collection intializer : [ru.stqa.pft.addressbook.model.GroupData.contacts#75]
08:49:08.257 [Test worker] DEBUG o.h.e.l.i.CollectionLoadContext - 1 collections were found in result set for role: ru.stqa.pft.addressbook.model.GroupData.contacts
08:49:08.258 [Test worker] DEBUG o.h.e.l.i.CollectionLoadContext - Collection fully initialized: [ru.stqa.pft.addressbook.model.GroupData.contacts#75]
08:49:08.258 [Test worker] DEBUG o.h.e.l.i.CollectionLoadContext - 1 collections initialized for role: ru.stqa.pft.addressbook.model.GroupData.contacts
08:49:08.258 [Test worker] DEBUG o.h.r.j.i.ResourceRegistryStandardImpl - HHH000387: ResultSet's statement was not registered
08:49:08.258 [Test worker] DEBUG o.h.l.c.p.AbstractLoadPlanBasedCollectionInitializer - Done loading collection
08:49:08.258 [Test worker] DEBUG o.h.l.c.p.AbstractLoadPlanBasedCollectionInitializer - Loading collection: [ru.stqa.pft.addressbook.model.GroupData.contacts#74]
08:49:08.258 [Test worker] DEBUG org.hibernate.SQL - select contacts0_.group_id as group_id2_0_0_, contacts0_.id as id1_0_0_, contactdat1_.id as id1_1_1_, contactdat1_.address as address2_1_1_, contactdat1_.firstname as firstnam3_1_1_, contactdat1_.home as home4_1_1_, contactdat1_.lastname as lastname5_1_1_, contactdat1_.mobile as mobile6_1_1_, contactdat1_.work as work7_1_1_ from address_in_groups contacts0_ inner join addressbook contactdat1_ on contacts0_.id=contactdat1_.id where contacts0_.group_id=?
Hibernate: select contacts0_.group_id as group_id2_0_0_, contacts0_.id as id1_0_0_, contactdat1_.id as id1_1_1_, contactdat1_.address as address2_1_1_, contactdat1_.firstname as firstnam3_1_1_, contactdat1_.home as home4_1_1_, contactdat1_.lastname as lastname5_1_1_, contactdat1_.mobile as mobile6_1_1_, contactdat1_.work as work7_1_1_ from address_in_groups contacts0_ inner join addressbook contactdat1_ on contacts0_.id=contactdat1_.id where contacts0_.group_id=?
08:49:08.279 [Test worker] DEBUG o.h.l.p.e.p.i.ResultSetProcessorImpl - Preparing collection intializer : [ru.stqa.pft.addressbook.model.GroupData.contacts#74]
08:49:08.279 [Test worker] DEBUG o.h.e.l.i.CollectionLoadContext - 1 collections were found in result set for role: ru.stqa.pft.addressbook.model.GroupData.contacts
08:49:08.279 [Test worker] DEBUG o.h.e.l.i.CollectionLoadContext - Collection fully initialized: [ru.stqa.pft.addressbook.model.GroupData.contacts#74]
08:49:08.279 [Test worker] DEBUG o.h.e.l.i.CollectionLoadContext - 1 collections initialized for role: ru.stqa.pft.addressbook.model.GroupData.contacts
08:49:08.279 [Test worker] DEBUG o.h.r.j.i.ResourceRegistryStandardImpl - HHH000387: ResultSet's statement was not registered
08:49:08.279 [Test worker] DEBUG o.h.l.c.p.AbstractLoadPlanBasedCollectionInitializer - Done loading collection
08:49:08.279 [Test worker] DEBUG o.h.l.c.p.AbstractLoadPlanBasedCollectionInitializer - Loading collection: [ru.stqa.pft.addressbook.model.GroupData.contacts#70]
08:49:08.279 [Test worker] DEBUG org.hibernate.SQL - select contacts0_.group_id as group_id2_0_0_, contacts0_.id as id1_0_0_, contactdat1_.id as id1_1_1_, contactdat1_.address as address2_1_1_, contactdat1_.firstname as firstnam3_1_1_, contactdat1_.home as home4_1_1_, contactdat1_.lastname as lastname5_1_1_, contactdat1_.mobile as mobile6_1_1_, contactdat1_.work as work7_1_1_ from address_in_groups contacts0_ inner join addressbook contactdat1_ on contacts0_.id=contactdat1_.id where contacts0_.group_id=?
Hibernate: select contacts0_.group_id as group_id2_0_0_, contacts0_.id as id1_0_0_, contactdat1_.id as id1_1_1_, contactdat1_.address as address2_1_1_, contactdat1_.firstname as firstnam3_1_1_, contactdat1_.home as home4_1_1_, contactdat1_.lastname as lastname5_1_1_, contactdat1_.mobile as mobile6_1_1_, contactdat1_.work as work7_1_1_ from address_in_groups contacts0_ inner join addressbook contactdat1_ on contacts0_.id=contactdat1_.id where contacts0_.group_id=?
08:49:08.282 [Test worker] DEBUG o.h.l.p.e.p.i.ResultSetProcessorImpl - Preparing collection intializer : [ru.stqa.pft.addressbook.model.GroupData.contacts#70]
08:49:08.283 [Test worker] DEBUG o.h.e.l.i.CollectionLoadContext - 1 collections were found in result set for role: ru.stqa.pft.addressbook.model.GroupData.contacts
08:49:08.283 [Test worker] DEBUG o.h.e.l.i.CollectionLoadContext - Collection fully initialized: [ru.stqa.pft.addressbook.model.GroupData.contacts#70]
08:49:08.283 [Test worker] DEBUG o.h.e.l.i.CollectionLoadContext - 1 collections initialized for role: ru.stqa.pft.addressbook.model.GroupData.contacts
08:49:08.283 [Test worker] DEBUG o.h.r.j.i.ResourceRegistryStandardImpl - HHH000387: ResultSet's statement was not registered
08:49:08.283 [Test worker] DEBUG o.h.l.c.p.AbstractLoadPlanBasedCollectionInitializer - Done loading collection
08:49:08.283 [Test worker] DEBUG o.h.l.c.p.AbstractLoadPlanBasedCollectionInitializer - Loading collection: [ru.stqa.pft.addressbook.model.GroupData.contacts#69]
08:49:08.283 [Test worker] DEBUG org.hibernate.SQL - select contacts0_.group_id as group_id2_0_0_, contacts0_.id as id1_0_0_, contactdat1_.id as id1_1_1_, contactdat1_.address as address2_1_1_, contactdat1_.firstname as firstnam3_1_1_, contactdat1_.home as home4_1_1_, contactdat1_.lastname as lastname5_1_1_, contactdat1_.mobile as mobile6_1_1_, contactdat1_.work as work7_1_1_ from address_in_groups contacts0_ inner join addressbook contactdat1_ on contacts0_.id=contactdat1_.id where contacts0_.group_id=?
Hibernate: select contacts0_.group_id as group_id2_0_0_, contacts0_.id as id1_0_0_, contactdat1_.id as id1_1_1_, contactdat1_.address as address2_1_1_, contactdat1_.firstname as firstnam3_1_1_, contactdat1_.home as home4_1_1_, contactdat1_.lastname as lastname5_1_1_, contactdat1_.mobile as mobile6_1_1_, contactdat1_.work as work7_1_1_ from address_in_groups contacts0_ inner join addressbook contactdat1_ on contacts0_.id=contactdat1_.id where contacts0_.group_id=?
08:49:08.285 [Test worker] DEBUG o.h.l.p.e.p.i.ResultSetProcessorImpl - Preparing collection intializer : [ru.stqa.pft.addressbook.model.GroupData.contacts#69]
08:49:08.285 [Test worker] DEBUG o.h.e.l.i.CollectionLoadContext - 1 collections were found in result set for role: ru.stqa.pft.addressbook.model.GroupData.contacts
08:49:08.285 [Test worker] DEBUG o.h.e.l.i.CollectionLoadContext - Collection fully initialized: [ru.stqa.pft.addressbook.model.GroupData.contacts#69]
08:49:08.285 [Test worker] DEBUG o.h.e.l.i.CollectionLoadContext - 1 collections initialized for role: ru.stqa.pft.addressbook.model.GroupData.contacts
08:49:08.285 [Test worker] DEBUG o.h.r.j.i.ResourceRegistryStandardImpl - HHH000387: ResultSet's statement was not registered
08:49:08.285 [Test worker] DEBUG o.h.l.c.p.AbstractLoadPlanBasedCollectionInitializer - Done loading collection
08:49:08.285 [Test worker] DEBUG o.h.l.c.p.AbstractLoadPlanBasedCollectionInitializer - Loading collection: [ru.stqa.pft.addressbook.model.GroupData.contacts#68]
08:49:08.285 [Test worker] DEBUG org.hibernate.SQL - select contacts0_.group_id as group_id2_0_0_, contacts0_.id as id1_0_0_, contactdat1_.id as id1_1_1_, contactdat1_.address as address2_1_1_, contactdat1_.firstname as firstnam3_1_1_, contactdat1_.home as home4_1_1_, contactdat1_.lastname as lastname5_1_1_, contactdat1_.mobile as mobile6_1_1_, contactdat1_.work as work7_1_1_ from address_in_groups contacts0_ inner join addressbook contactdat1_ on contacts0_.id=contactdat1_.id where contacts0_.group_id=?
Hibernate: select contacts0_.group_id as group_id2_0_0_, contacts0_.id as id1_0_0_, contactdat1_.id as id1_1_1_, contactdat1_.address as address2_1_1_, contactdat1_.firstname as firstnam3_1_1_, contactdat1_.home as home4_1_1_, contactdat1_.lastname as lastname5_1_1_, contactdat1_.mobile as mobile6_1_1_, contactdat1_.work as work7_1_1_ from address_in_groups contacts0_ inner join addressbook contactdat1_ on contacts0_.id=contactdat1_.id where contacts0_.group_id=?
08:49:08.307 [Test worker] DEBUG o.h.l.p.e.p.i.ResultSetProcessorImpl - Preparing collection intializer : [ru.stqa.pft.addressbook.model.GroupData.contacts#68]
08:49:08.307 [Test worker] DEBUG o.h.e.l.i.CollectionLoadContext - 1 collections were found in result set for role: ru.stqa.pft.addressbook.model.GroupData.contacts
08:49:08.310 [Test worker] DEBUG o.h.e.l.i.CollectionLoadContext - Collection fully initialized: [ru.stqa.pft.addressbook.model.GroupData.contacts#68]
08:49:08.310 [Test worker] DEBUG o.h.e.l.i.CollectionLoadContext - 1 collections initialized for role: ru.stqa.pft.addressbook.model.GroupData.contacts
08:49:08.310 [Test worker] DEBUG o.h.r.j.i.ResourceRegistryStandardImpl - HHH000387: ResultSet's statement was not registered
08:49:08.310 [Test worker] DEBUG o.h.l.c.p.AbstractLoadPlanBasedCollectionInitializer - Done loading collection
08:49:08.310 [Test worker] DEBUG o.h.l.c.p.AbstractLoadPlanBasedCollectionInitializer - Loading collection: [ru.stqa.pft.addressbook.model.GroupData.contacts#67]
08:49:08.310 [Test worker] DEBUG org.hibernate.SQL - select contacts0_.group_id as group_id2_0_0_, contacts0_.id as id1_0_0_, contactdat1_.id as id1_1_1_, contactdat1_.address as address2_1_1_, contactdat1_.firstname as firstnam3_1_1_, contactdat1_.home as home4_1_1_, contactdat1_.lastname as lastname5_1_1_, contactdat1_.mobile as mobile6_1_1_, contactdat1_.work as work7_1_1_ from address_in_groups contacts0_ inner join addressbook contactdat1_ on contacts0_.id=contactdat1_.id where contacts0_.group_id=?
Hibernate: select contacts0_.group_id as group_id2_0_0_, contacts0_.id as id1_0_0_, contactdat1_.id as id1_1_1_, contactdat1_.address as address2_1_1_, contactdat1_.firstname as firstnam3_1_1_, contactdat1_.home as home4_1_1_, contactdat1_.lastname as lastname5_1_1_, contactdat1_.mobile as mobile6_1_1_, contactdat1_.work as work7_1_1_ from address_in_groups contacts0_ inner join addressbook contactdat1_ on contacts0_.id=contactdat1_.id where contacts0_.group_id=?
08:49:08.318 [Test worker] DEBUG o.h.l.p.e.p.i.ResultSetProcessorImpl - Preparing collection intializer : [ru.stqa.pft.addressbook.model.GroupData.contacts#67]
08:49:08.318 [Test worker] DEBUG o.h.e.l.i.CollectionLoadContext - 1 collections were found in result set for role: ru.stqa.pft.addressbook.model.GroupData.contacts
08:49:08.318 [Test worker] DEBUG o.h.e.l.i.CollectionLoadContext - Collection fully initialized: [ru.stqa.pft.addressbook.model.GroupData.contacts#67]
08:49:08.319 [Test worker] DEBUG o.h.e.l.i.CollectionLoadContext - 1 collections initialized for role: ru.stqa.pft.addressbook.model.GroupData.contacts
08:49:08.319 [Test worker] DEBUG o.h.r.j.i.ResourceRegistryStandardImpl - HHH000387: ResultSet's statement was not registered
08:49:08.319 [Test worker] DEBUG o.h.l.c.p.AbstractLoadPlanBasedCollectionInitializer - Done loading collection
08:49:08.319 [Test worker] DEBUG o.h.l.c.p.AbstractLoadPlanBasedCollectionInitializer - Loading collection: [ru.stqa.pft.addressbook.model.GroupData.contacts#66]
08:49:08.321 [Test worker] DEBUG org.hibernate.SQL - select contacts0_.group_id as group_id2_0_0_, contacts0_.id as id1_0_0_, contactdat1_.id as id1_1_1_, contactdat1_.address as address2_1_1_, contactdat1_.firstname as firstnam3_1_1_, contactdat1_.home as home4_1_1_, contactdat1_.lastname as lastname5_1_1_, contactdat1_.mobile as mobile6_1_1_, contactdat1_.work as work7_1_1_ from address_in_groups contacts0_ inner join addressbook contactdat1_ on contacts0_.id=contactdat1_.id where contacts0_.group_id=?
Hibernate: select contacts0_.group_id as group_id2_0_0_, contacts0_.id as id1_0_0_, contactdat1_.id as id1_1_1_, contactdat1_.address as address2_1_1_, contactdat1_.firstname as firstnam3_1_1_, contactdat1_.home as home4_1_1_, contactdat1_.lastname as lastname5_1_1_, contactdat1_.mobile as mobile6_1_1_, contactdat1_.work as work7_1_1_ from address_in_groups contacts0_ inner join addressbook contactdat1_ on contacts0_.id=contactdat1_.id where contacts0_.group_id=?
08:49:08.339 [Test worker] DEBUG o.h.l.p.e.p.i.ResultSetProcessorImpl - Preparing collection intializer : [ru.stqa.pft.addressbook.model.GroupData.contacts#66]
08:49:08.340 [Test worker] DEBUG o.h.e.l.i.CollectionLoadContext - 1 collections were found in result set for role: ru.stqa.pft.addressbook.model.GroupData.contacts
08:49:08.340 [Test worker] DEBUG o.h.e.l.i.CollectionLoadContext - Collection fully initialized: [ru.stqa.pft.addressbook.model.GroupData.contacts#66]
08:49:08.340 [Test worker] DEBUG o.h.e.l.i.CollectionLoadContext - 1 collections initialized for role: ru.stqa.pft.addressbook.model.GroupData.contacts
08:49:08.340 [Test worker] DEBUG o.h.r.j.i.ResourceRegistryStandardImpl - HHH000387: ResultSet's statement was not registered
08:49:08.340 [Test worker] DEBUG o.h.l.c.p.AbstractLoadPlanBasedCollectionInitializer - Done loading collection
08:49:08.340 [Test worker] DEBUG o.h.l.c.p.AbstractLoadPlanBasedCollectionInitializer - Loading collection: [ru.stqa.pft.addressbook.model.GroupData.contacts#65]
08:49:08.340 [Test worker] DEBUG org.hibernate.SQL - select contacts0_.group_id as group_id2_0_0_, contacts0_.id as id1_0_0_, contactdat1_.id as id1_1_1_, contactdat1_.address as address2_1_1_, contactdat1_.firstname as firstnam3_1_1_, contactdat1_.home as home4_1_1_, contactdat1_.lastname as lastname5_1_1_, contactdat1_.mobile as mobile6_1_1_, contactdat1_.work as work7_1_1_ from address_in_groups contacts0_ inner join addressbook contactdat1_ on contacts0_.id=contactdat1_.id where contacts0_.group_id=?
Hibernate: select contacts0_.group_id as group_id2_0_0_, contacts0_.id as id1_0_0_, contactdat1_.id as id1_1_1_, contactdat1_.address as address2_1_1_, contactdat1_.firstname as firstnam3_1_1_, contactdat1_.home as home4_1_1_, contactdat1_.lastname as lastname5_1_1_, contactdat1_.mobile as mobile6_1_1_, contactdat1_.work as work7_1_1_ from address_in_groups contacts0_ inner join addressbook contactdat1_ on contacts0_.id=contactdat1_.id where contacts0_.group_id=?
08:49:08.347 [Test worker] DEBUG o.h.l.p.e.p.i.ResultSetProcessorImpl - Preparing collection intializer : [ru.stqa.pft.addressbook.model.GroupData.contacts#65]
08:49:08.348 [Test worker] DEBUG o.h.e.l.i.CollectionLoadContext - 1 collections were found in result set for role: ru.stqa.pft.addressbook.model.GroupData.contacts
08:49:08.348 [Test worker] DEBUG o.h.e.l.i.CollectionLoadContext - Collection fully initialized: [ru.stqa.pft.addressbook.model.GroupData.contacts#65]
08:49:08.348 [Test worker] DEBUG o.h.e.l.i.CollectionLoadContext - 1 collections initialized for role: ru.stqa.pft.addressbook.model.GroupData.contacts
08:49:08.348 [Test worker] DEBUG o.h.r.j.i.ResourceRegistryStandardImpl - HHH000387: ResultSet's statement was not registered
08:49:08.348 [Test worker] DEBUG o.h.l.c.p.AbstractLoadPlanBasedCollectionInitializer - Done loading collection
08:49:08.348 [Test worker] DEBUG o.h.l.c.p.AbstractLoadPlanBasedCollectionInitializer - Loading collection: [ru.stqa.pft.addressbook.model.GroupData.contacts#64]
08:49:08.348 [Test worker] DEBUG org.hibernate.SQL - select contacts0_.group_id as group_id2_0_0_, contacts0_.id as id1_0_0_, contactdat1_.id as id1_1_1_, contactdat1_.address as address2_1_1_, contactdat1_.firstname as firstnam3_1_1_, contactdat1_.home as home4_1_1_, contactdat1_.lastname as lastname5_1_1_, contactdat1_.mobile as mobile6_1_1_, contactdat1_.work as work7_1_1_ from address_in_groups contacts0_ inner join addressbook contactdat1_ on contacts0_.id=contactdat1_.id where contacts0_.group_id=?
Hibernate: select contacts0_.group_id as group_id2_0_0_, contacts0_.id as id1_0_0_, contactdat1_.id as id1_1_1_, contactdat1_.address as address2_1_1_, contactdat1_.firstname as firstnam3_1_1_, contactdat1_.home as home4_1_1_, contactdat1_.lastname as lastname5_1_1_, contactdat1_.mobile as mobile6_1_1_, contactdat1_.work as work7_1_1_ from address_in_groups contacts0_ inner join addressbook contactdat1_ on contacts0_.id=contactdat1_.id where contacts0_.group_id=?
08:49:08.349 [Test worker] DEBUG o.h.l.p.e.p.i.ResultSetProcessorImpl - Preparing collection intializer : [ru.stqa.pft.addressbook.model.GroupData.contacts#64]
08:49:08.350 [Test worker] DEBUG o.h.e.l.i.CollectionLoadContext - 1 collections were found in result set for role: ru.stqa.pft.addressbook.model.GroupData.contacts
08:49:08.350 [Test worker] DEBUG o.h.e.l.i.CollectionLoadContext - Collection fully initialized: [ru.stqa.pft.addressbook.model.GroupData.contacts#64]
08:49:08.350 [Test worker] DEBUG o.h.e.l.i.CollectionLoadContext - 1 collections initialized for role: ru.stqa.pft.addressbook.model.GroupData.contacts
08:49:08.350 [Test worker] DEBUG o.h.r.j.i.ResourceRegistryStandardImpl - HHH000387: ResultSet's statement was not registered
08:49:08.350 [Test worker] DEBUG o.h.l.c.p.AbstractLoadPlanBasedCollectionInitializer - Done loading collection
08:49:08.350 [Test worker] DEBUG o.h.l.c.p.AbstractLoadPlanBasedCollectionInitializer - Loading collection: [ru.stqa.pft.addressbook.model.GroupData.contacts#63]
08:49:08.350 [Test worker] DEBUG org.hibernate.SQL - select contacts0_.group_id as group_id2_0_0_, contacts0_.id as id1_0_0_, contactdat1_.id as id1_1_1_, contactdat1_.address as address2_1_1_, contactdat1_.firstname as firstnam3_1_1_, contactdat1_.home as home4_1_1_, contactdat1_.lastname as lastname5_1_1_, contactdat1_.mobile as mobile6_1_1_, contactdat1_.work as work7_1_1_ from address_in_groups contacts0_ inner join addressbook contactdat1_ on contacts0_.id=contactdat1_.id where contacts0_.group_id=?
Hibernate: select contacts0_.group_id as group_id2_0_0_, contacts0_.id as id1_0_0_, contactdat1_.id as id1_1_1_, contactdat1_.address as address2_1_1_, contactdat1_.firstname as firstnam3_1_1_, contactdat1_.home as home4_1_1_, contactdat1_.lastname as lastname5_1_1_, contactdat1_.mobile as mobile6_1_1_, contactdat1_.work as work7_1_1_ from address_in_groups contacts0_ inner join addressbook contactdat1_ on contacts0_.id=contactdat1_.id where contacts0_.group_id=?
08:49:08.352 [Test worker] DEBUG o.h.l.p.e.p.i.ResultSetProcessorImpl - Preparing collection intializer : [ru.stqa.pft.addressbook.model.GroupData.contacts#63]
08:49:08.354 [Test worker] DEBUG o.h.e.l.i.CollectionLoadContext - 1 collections were found in result set for role: ru.stqa.pft.addressbook.model.GroupData.contacts
08:49:08.354 [Test worker] DEBUG o.h.e.l.i.CollectionLoadContext - Collection fully initialized: [ru.stqa.pft.addressbook.model.GroupData.contacts#63]
08:49:08.354 [Test worker] DEBUG o.h.e.l.i.CollectionLoadContext - 1 collections initialized for role: ru.stqa.pft.addressbook.model.GroupData.contacts
08:49:08.354 [Test worker] DEBUG o.h.r.j.i.ResourceRegistryStandardImpl - HHH000387: ResultSet's statement was not registered
08:49:08.354 [Test worker] DEBUG o.h.l.c.p.AbstractLoadPlanBasedCollectionInitializer - Done loading collection
08:49:08.354 [Test worker] DEBUG o.h.l.c.p.AbstractLoadPlanBasedCollectionInitializer - Loading collection: [ru.stqa.pft.addressbook.model.GroupData.contacts#62]
08:49:08.354 [Test worker] DEBUG org.hibernate.SQL - select contacts0_.group_id as group_id2_0_0_, contacts0_.id as id1_0_0_, contactdat1_.id as id1_1_1_, contactdat1_.address as address2_1_1_, contactdat1_.firstname as firstnam3_1_1_, contactdat1_.home as home4_1_1_, contactdat1_.lastname as lastname5_1_1_, contactdat1_.mobile as mobile6_1_1_, contactdat1_.work as work7_1_1_ from address_in_groups contacts0_ inner join addressbook contactdat1_ on contacts0_.id=contactdat1_.id where contacts0_.group_id=?
Hibernate: select contacts0_.group_id as group_id2_0_0_, contacts0_.id as id1_0_0_, contactdat1_.id as id1_1_1_, contactdat1_.address as address2_1_1_, contactdat1_.firstname as firstnam3_1_1_, contactdat1_.home as home4_1_1_, contactdat1_.lastname as lastname5_1_1_, contactdat1_.mobile as mobile6_1_1_, contactdat1_.work as work7_1_1_ from address_in_groups contacts0_ inner join addressbook contactdat1_ on contacts0_.id=contactdat1_.id where contacts0_.group_id=?
08:49:08.356 [Test worker] DEBUG o.h.l.p.e.p.i.ResultSetProcessorImpl - Preparing collection intializer : [ru.stqa.pft.addressbook.model.GroupData.contacts#62]
08:49:08.356 [Test worker] DEBUG o.h.e.l.i.CollectionLoadContext - 1 collections were found in result set for role: ru.stqa.pft.addressbook.model.GroupData.contacts
08:49:08.356 [Test worker] DEBUG o.h.e.l.i.CollectionLoadContext - Collection fully initialized: [ru.stqa.pft.addressbook.model.GroupData.contacts#62]
08:49:08.356 [Test worker] DEBUG o.h.e.l.i.CollectionLoadContext - 1 collections initialized for role: ru.stqa.pft.addressbook.model.GroupData.contacts
08:49:08.356 [Test worker] DEBUG o.h.r.j.i.ResourceRegistryStandardImpl - HHH000387: ResultSet's statement was not registered
08:49:08.356 [Test worker] DEBUG o.h.l.c.p.AbstractLoadPlanBasedCollectionInitializer - Done loading collection
08:49:08.356 [Test worker] DEBUG o.h.l.c.p.AbstractLoadPlanBasedCollectionInitializer - Loading collection: [ru.stqa.pft.addressbook.model.GroupData.contacts#61]
08:49:08.356 [Test worker] DEBUG org.hibernate.SQL - select contacts0_.group_id as group_id2_0_0_, contacts0_.id as id1_0_0_, contactdat1_.id as id1_1_1_, contactdat1_.address as address2_1_1_, contactdat1_.firstname as firstnam3_1_1_, contactdat1_.home as home4_1_1_, contactdat1_.lastname as lastname5_1_1_, contactdat1_.mobile as mobile6_1_1_, contactdat1_.work as work7_1_1_ from address_in_groups contacts0_ inner join addressbook contactdat1_ on contacts0_.id=contactdat1_.id where contacts0_.group_id=?
Hibernate: select contacts0_.group_id as group_id2_0_0_, contacts0_.id as id1_0_0_, contactdat1_.id as id1_1_1_, contactdat1_.address as address2_1_1_, contactdat1_.firstname as firstnam3_1_1_, contactdat1_.home as home4_1_1_, contactdat1_.lastname as lastname5_1_1_, contactdat1_.mobile as mobile6_1_1_, contactdat1_.work as work7_1_1_ from address_in_groups contacts0_ inner join addressbook contactdat1_ on contacts0_.id=contactdat1_.id where contacts0_.group_id=?
08:49:08.357 [Test worker] DEBUG o.h.l.p.e.p.i.ResultSetProcessorImpl - Preparing collection intializer : [ru.stqa.pft.addressbook.model.GroupData.contacts#61]
08:49:08.358 [Test worker] DEBUG o.h.e.l.i.CollectionLoadContext - 1 collections were found in result set for role: ru.stqa.pft.addressbook.model.GroupData.contacts
08:49:08.358 [Test worker] DEBUG o.h.e.l.i.CollectionLoadContext - Collection fully initialized: [ru.stqa.pft.addressbook.model.GroupData.contacts#61]
08:49:08.358 [Test worker] DEBUG o.h.e.l.i.CollectionLoadContext - 1 collections initialized for role: ru.stqa.pft.addressbook.model.GroupData.contacts
08:49:08.358 [Test worker] DEBUG o.h.r.j.i.ResourceRegistryStandardImpl - HHH000387: ResultSet's statement was not registered
08:49:08.358 [Test worker] DEBUG o.h.l.c.p.AbstractLoadPlanBasedCollectionInitializer - Done loading collection
08:49:08.358 [Test worker] DEBUG o.h.l.c.p.AbstractLoadPlanBasedCollectionInitializer - Loading collection: [ru.stqa.pft.addressbook.model.GroupData.contacts#60]
08:49:08.358 [Test worker] DEBUG org.hibernate.SQL - select contacts0_.group_id as group_id2_0_0_, contacts0_.id as id1_0_0_, contactdat1_.id as id1_1_1_, contactdat1_.address as address2_1_1_, contactdat1_.firstname as firstnam3_1_1_, contactdat1_.home as home4_1_1_, contactdat1_.lastname as lastname5_1_1_, contactdat1_.mobile as mobile6_1_1_, contactdat1_.work as work7_1_1_ from address_in_groups contacts0_ inner join addressbook contactdat1_ on contacts0_.id=contactdat1_.id where contacts0_.group_id=?
Hibernate: select contacts0_.group_id as group_id2_0_0_, contacts0_.id as id1_0_0_, contactdat1_.id as id1_1_1_, contactdat1_.address as address2_1_1_, contactdat1_.firstname as firstnam3_1_1_, contactdat1_.home as home4_1_1_, contactdat1_.lastname as lastname5_1_1_, contactdat1_.mobile as mobile6_1_1_, contactdat1_.work as work7_1_1_ from address_in_groups contacts0_ inner join addressbook contactdat1_ on contacts0_.id=contactdat1_.id where contacts0_.group_id=?
08:49:08.359 [Test worker] DEBUG o.h.l.p.e.p.i.ResultSetProcessorImpl - Preparing collection intializer : [ru.stqa.pft.addressbook.model.GroupData.contacts#60]
08:49:08.359 [Test worker] DEBUG o.h.e.l.i.CollectionLoadContext - 1 collections were found in result set for role: ru.stqa.pft.addressbook.model.GroupData.contacts
08:49:08.360 [Test worker] DEBUG o.h.e.l.i.CollectionLoadContext - Collection fully initialized: [ru.stqa.pft.addressbook.model.GroupData.contacts#60]
08:49:08.360 [Test worker] DEBUG o.h.e.l.i.CollectionLoadContext - 1 collections initialized for role: ru.stqa.pft.addressbook.model.GroupData.contacts
08:49:08.360 [Test worker] DEBUG o.h.r.j.i.ResourceRegistryStandardImpl - HHH000387: ResultSet's statement was not registered
08:49:08.360 [Test worker] DEBUG o.h.l.c.p.AbstractLoadPlanBasedCollectionInitializer - Done loading collection
08:49:08.360 [Test worker] DEBUG o.h.l.c.p.AbstractLoadPlanBasedCollectionInitializer - Loading collection: [ru.stqa.pft.addressbook.model.GroupData.contacts#59]
08:49:08.360 [Test worker] DEBUG org.hibernate.SQL - select contacts0_.group_id as group_id2_0_0_, contacts0_.id as id1_0_0_, contactdat1_.id as id1_1_1_, contactdat1_.address as address2_1_1_, contactdat1_.firstname as firstnam3_1_1_, contactdat1_.home as home4_1_1_, contactdat1_.lastname as lastname5_1_1_, contactdat1_.mobile as mobile6_1_1_, contactdat1_.work as work7_1_1_ from address_in_groups contacts0_ inner join addressbook contactdat1_ on contacts0_.id=contactdat1_.id where contacts0_.group_id=?
Hibernate: select contacts0_.group_id as group_id2_0_0_, contacts0_.id as id1_0_0_, contactdat1_.id as id1_1_1_, contactdat1_.address as address2_1_1_, contactdat1_.firstname as firstnam3_1_1_, contactdat1_.home as home4_1_1_, contactdat1_.lastname as lastname5_1_1_, contactdat1_.mobile as mobile6_1_1_, contactdat1_.work as work7_1_1_ from address_in_groups contacts0_ inner join addressbook contactdat1_ on contacts0_.id=contactdat1_.id where contacts0_.group_id=?
08:49:08.362 [Test worker] DEBUG o.h.l.p.e.p.i.ResultSetProcessorImpl - Preparing collection intializer : [ru.stqa.pft.addressbook.model.GroupData.contacts#59]
08:49:08.362 [Test worker] DEBUG o.h.e.l.i.CollectionLoadContext - 1 collections were found in result set for role: ru.stqa.pft.addressbook.model.GroupData.contacts
08:49:08.362 [Test worker] DEBUG o.h.e.l.i.CollectionLoadContext - Collection fully initialized: [ru.stqa.pft.addressbook.model.GroupData.contacts#59]
08:49:08.362 [Test worker] DEBUG o.h.e.l.i.CollectionLoadContext - 1 collections initialized for role: ru.stqa.pft.addressbook.model.GroupData.contacts
08:49:08.362 [Test worker] DEBUG o.h.r.j.i.ResourceRegistryStandardImpl - HHH000387: ResultSet's statement was not registered
08:49:08.362 [Test worker] DEBUG o.h.l.c.p.AbstractLoadPlanBasedCollectionInitializer - Done loading collection
08:49:08.362 [Test worker] DEBUG o.h.l.c.p.AbstractLoadPlanBasedCollectionInitializer - Loading collection: [ru.stqa.pft.addressbook.model.GroupData.contacts#58]
08:49:08.363 [Test worker] DEBUG org.hibernate.SQL - select contacts0_.group_id as group_id2_0_0_, contacts0_.id as id1_0_0_, contactdat1_.id as id1_1_1_, contactdat1_.address as address2_1_1_, contactdat1_.firstname as firstnam3_1_1_, contactdat1_.home as home4_1_1_, contactdat1_.lastname as lastname5_1_1_, contactdat1_.mobile as mobile6_1_1_, contactdat1_.work as work7_1_1_ from address_in_groups contacts0_ inner join addressbook contactdat1_ on contacts0_.id=contactdat1_.id where contacts0_.group_id=?
Hibernate: select contacts0_.group_id as group_id2_0_0_, contacts0_.id as id1_0_0_, contactdat1_.id as id1_1_1_, contactdat1_.address as address2_1_1_, contactdat1_.firstname as firstnam3_1_1_, contactdat1_.home as home4_1_1_, contactdat1_.lastname as lastname5_1_1_, contactdat1_.mobile as mobile6_1_1_, contactdat1_.work as work7_1_1_ from address_in_groups contacts0_ inner join addressbook contactdat1_ on contacts0_.id=contactdat1_.id where contacts0_.group_id=?
08:49:08.364 [Test worker] DEBUG o.h.l.p.e.p.i.ResultSetProcessorImpl - Preparing collection intializer : [ru.stqa.pft.addressbook.model.GroupData.contacts#58]
08:49:08.364 [Test worker] DEBUG o.h.e.l.i.CollectionLoadContext - 1 collections were found in result set for role: ru.stqa.pft.addressbook.model.GroupData.contacts
08:49:08.364 [Test worker] DEBUG o.h.e.l.i.CollectionLoadContext - Collection fully initialized: [ru.stqa.pft.addressbook.model.GroupData.contacts#58]
08:49:08.364 [Test worker] DEBUG o.h.e.l.i.CollectionLoadContext - 1 collections initialized for role: ru.stqa.pft.addressbook.model.GroupData.contacts
08:49:08.364 [Test worker] DEBUG o.h.r.j.i.ResourceRegistryStandardImpl - HHH000387: ResultSet's statement was not registered
08:49:08.364 [Test worker] DEBUG o.h.l.c.p.AbstractLoadPlanBasedCollectionInitializer - Done loading collection
08:49:08.364 [Test worker] DEBUG o.h.l.c.p.AbstractLoadPlanBasedCollectionInitializer - Loading collection: [ru.stqa.pft.addressbook.model.GroupData.contacts#57]
08:49:08.365 [Test worker] DEBUG org.hibernate.SQL - select contacts0_.group_id as group_id2_0_0_, contacts0_.id as id1_0_0_, contactdat1_.id as id1_1_1_, contactdat1_.address as address2_1_1_, contactdat1_.firstname as firstnam3_1_1_, contactdat1_.home as home4_1_1_, contactdat1_.lastname as lastname5_1_1_, contactdat1_.mobile as mobile6_1_1_, contactdat1_.work as work7_1_1_ from address_in_groups contacts0_ inner join addressbook contactdat1_ on contacts0_.id=contactdat1_.id where contacts0_.group_id=?
Hibernate: select contacts0_.group_id as group_id2_0_0_, contacts0_.id as id1_0_0_, contactdat1_.id as id1_1_1_, contactdat1_.address as address2_1_1_, contactdat1_.firstname as firstnam3_1_1_, contactdat1_.home as home4_1_1_, contactdat1_.lastname as lastname5_1_1_, contactdat1_.mobile as mobile6_1_1_, contactdat1_.work as work7_1_1_ from address_in_groups contacts0_ inner join addressbook contactdat1_ on contacts0_.id=contactdat1_.id where contacts0_.group_id=?
08:49:08.366 [Test worker] DEBUG o.h.l.p.e.p.i.ResultSetProcessorImpl - Preparing collection intializer : [ru.stqa.pft.addressbook.model.GroupData.contacts#57]
08:49:08.366 [Test worker] DEBUG o.h.e.l.i.CollectionLoadContext - 1 collections were found in result set for role: ru.stqa.pft.addressbook.model.GroupData.contacts
08:49:08.367 [Test worker] DEBUG o.h.e.l.i.CollectionLoadContext - Collection fully initialized: [ru.stqa.pft.addressbook.model.GroupData.contacts#57]
08:49:08.367 [Test worker] DEBUG o.h.e.l.i.CollectionLoadContext - 1 collections initialized for role: ru.stqa.pft.addressbook.model.GroupData.contacts
08:49:08.367 [Test worker] DEBUG o.h.r.j.i.ResourceRegistryStandardImpl - HHH000387: ResultSet's statement was not registered
08:49:08.367 [Test worker] DEBUG o.h.l.c.p.AbstractLoadPlanBasedCollectionInitializer - Done loading collection
08:49:08.367 [Test worker] DEBUG o.h.l.c.p.AbstractLoadPlanBasedCollectionInitializer - Loading collection: [ru.stqa.pft.addressbook.model.GroupData.contacts#56]
08:49:08.367 [Test worker] DEBUG org.hibernate.SQL - select contacts0_.group_id as group_id2_0_0_, contacts0_.id as id1_0_0_, contactdat1_.id as id1_1_1_, contactdat1_.address as address2_1_1_, contactdat1_.firstname as firstnam3_1_1_, contactdat1_.home as home4_1_1_, contactdat1_.lastname as lastname5_1_1_, contactdat1_.mobile as mobile6_1_1_, contactdat1_.work as work7_1_1_ from address_in_groups contacts0_ inner join addressbook contactdat1_ on contacts0_.id=contactdat1_.id where contacts0_.group_id=?
Hibernate: select contacts0_.group_id as group_id2_0_0_, contacts0_.id as id1_0_0_, contactdat1_.id as id1_1_1_, contactdat1_.address as address2_1_1_, contactdat1_.firstname as firstnam3_1_1_, contactdat1_.home as home4_1_1_, contactdat1_.lastname as lastname5_1_1_, contactdat1_.mobile as mobile6_1_1_, contactdat1_.work as work7_1_1_ from address_in_groups contacts0_ inner join addressbook contactdat1_ on contacts0_.id=contactdat1_.id where contacts0_.group_id=?
08:49:08.368 [Test worker] DEBUG o.h.l.p.e.p.i.ResultSetProcessorImpl - Preparing collection intializer : [ru.stqa.pft.addressbook.model.GroupData.contacts#56]
08:49:08.368 [Test worker] DEBUG o.h.e.l.i.CollectionLoadContext - 1 collections were found in result set for role: ru.stqa.pft.addressbook.model.GroupData.contacts
08:49:08.368 [Test worker] DEBUG o.h.e.l.i.CollectionLoadContext - Collection fully initialized: [ru.stqa.pft.addressbook.model.GroupData.contacts#56]
08:49:08.368 [Test worker] DEBUG o.h.e.l.i.CollectionLoadContext - 1 collections initialized for role: ru.stqa.pft.addressbook.model.GroupData.contacts
08:49:08.368 [Test worker] DEBUG o.h.r.j.i.ResourceRegistryStandardImpl - HHH000387: ResultSet's statement was not registered
08:49:08.368 [Test worker] DEBUG o.h.l.c.p.AbstractLoadPlanBasedCollectionInitializer - Done loading collection
08:49:08.369 [Test worker] DEBUG o.h.l.c.p.AbstractLoadPlanBasedCollectionInitializer - Loading collection: [ru.stqa.pft.addressbook.model.GroupData.contacts#55]
08:49:08.369 [Test worker] DEBUG org.hibernate.SQL - select contacts0_.group_id as group_id2_0_0_, contacts0_.id as id1_0_0_, contactdat1_.id as id1_1_1_, contactdat1_.address as address2_1_1_, contactdat1_.firstname as firstnam3_1_1_, contactdat1_.home as home4_1_1_, contactdat1_.lastname as lastname5_1_1_, contactdat1_.mobile as mobile6_1_1_, contactdat1_.work as work7_1_1_ from address_in_groups contacts0_ inner join addressbook contactdat1_ on contacts0_.id=contactdat1_.id where contacts0_.group_id=?
Hibernate: select contacts0_.group_id as group_id2_0_0_, contacts0_.id as id1_0_0_, contactdat1_.id as id1_1_1_, contactdat1_.address as address2_1_1_, contactdat1_.firstname as firstnam3_1_1_, contactdat1_.home as home4_1_1_, contactdat1_.lastname as lastname5_1_1_, contactdat1_.mobile as mobile6_1_1_, contactdat1_.work as work7_1_1_ from address_in_groups contacts0_ inner join addressbook contactdat1_ on contacts0_.id=contactdat1_.id where contacts0_.group_id=?
08:49:08.380 [Test worker] DEBUG o.h.l.p.e.p.i.ResultSetProcessorImpl - Preparing collection intializer : [ru.stqa.pft.addressbook.model.GroupData.contacts#55]
08:49:08.380 [Test worker] DEBUG o.h.e.l.i.CollectionLoadContext - 1 collections were found in result set for role: ru.stqa.pft.addressbook.model.GroupData.contacts
08:49:08.381 [Test worker] DEBUG o.h.e.l.i.CollectionLoadContext - Collection fully initialized: [ru.stqa.pft.addressbook.model.GroupData.contacts#55]
08:49:08.381 [Test worker] DEBUG o.h.e.l.i.CollectionLoadContext - 1 collections initialized for role: ru.stqa.pft.addressbook.model.GroupData.contacts
08:49:08.381 [Test worker] DEBUG o.h.r.j.i.ResourceRegistryStandardImpl - HHH000387: ResultSet's statement was not registered
08:49:08.381 [Test worker] DEBUG o.h.l.c.p.AbstractLoadPlanBasedCollectionInitializer - Done loading collection
08:49:08.381 [Test worker] DEBUG o.h.l.c.p.AbstractLoadPlanBasedCollectionInitializer - Loading collection: [ru.stqa.pft.addressbook.model.GroupData.contacts#54]
08:49:08.381 [Test worker] DEBUG org.hibernate.SQL - select contacts0_.group_id as group_id2_0_0_, contacts0_.id as id1_0_0_, contactdat1_.id as id1_1_1_, contactdat1_.address as address2_1_1_, contactdat1_.firstname as firstnam3_1_1_, contactdat1_.home as home4_1_1_, contactdat1_.lastname as lastname5_1_1_, contactdat1_.mobile as mobile6_1_1_, contactdat1_.work as work7_1_1_ from address_in_groups contacts0_ inner join addressbook contactdat1_ on contacts0_.id=contactdat1_.id where contacts0_.group_id=?
Hibernate: select contacts0_.group_id as group_id2_0_0_, contacts0_.id as id1_0_0_, contactdat1_.id as id1_1_1_, contactdat1_.address as address2_1_1_, contactdat1_.firstname as firstnam3_1_1_, contactdat1_.home as home4_1_1_, contactdat1_.lastname as lastname5_1_1_, contactdat1_.mobile as mobile6_1_1_, contactdat1_.work as work7_1_1_ from address_in_groups contacts0_ inner join addressbook contactdat1_ on contacts0_.id=contactdat1_.id where contacts0_.group_id=?
08:49:08.387 [Test worker] DEBUG o.h.l.p.e.p.i.ResultSetProcessorImpl - Preparing collection intializer : [ru.stqa.pft.addressbook.model.GroupData.contacts#54]
08:49:08.387 [Test worker] DEBUG o.h.e.l.i.CollectionLoadContext - 1 collections were found in result set for role: ru.stqa.pft.addressbook.model.GroupData.contacts
08:49:08.387 [Test worker] DEBUG o.h.e.l.i.CollectionLoadContext - Collection fully initialized: [ru.stqa.pft.addressbook.model.GroupData.contacts#54]
08:49:08.387 [Test worker] DEBUG o.h.e.l.i.CollectionLoadContext - 1 collections initialized for role: ru.stqa.pft.addressbook.model.GroupData.contacts
08:49:08.387 [Test worker] DEBUG o.h.r.j.i.ResourceRegistryStandardImpl - HHH000387: ResultSet's statement was not registered
08:49:08.388 [Test worker] DEBUG o.h.l.c.p.AbstractLoadPlanBasedCollectionInitializer - Done loading collection
08:49:08.388 [Test worker] DEBUG o.h.l.c.p.AbstractLoadPlanBasedCollectionInitializer - Loading collection: [ru.stqa.pft.addressbook.model.GroupData.contacts#53]
08:49:08.388 [Test worker] DEBUG org.hibernate.SQL - select contacts0_.group_id as group_id2_0_0_, contacts0_.id as id1_0_0_, contactdat1_.id as id1_1_1_, contactdat1_.address as address2_1_1_, contactdat1_.firstname as firstnam3_1_1_, contactdat1_.home as home4_1_1_, contactdat1_.lastname as lastname5_1_1_, contactdat1_.mobile as mobile6_1_1_, contactdat1_.work as work7_1_1_ from address_in_groups contacts0_ inner join addressbook contactdat1_ on contacts0_.id=contactdat1_.id where contacts0_.group_id=?
Hibernate: select contacts0_.group_id as group_id2_0_0_, contacts0_.id as id1_0_0_, contactdat1_.id as id1_1_1_, contactdat1_.address as address2_1_1_, contactdat1_.firstname as firstnam3_1_1_, contactdat1_.home as home4_1_1_, contactdat1_.lastname as lastname5_1_1_, contactdat1_.mobile as mobile6_1_1_, contactdat1_.work as work7_1_1_ from address_in_groups contacts0_ inner join addressbook contactdat1_ on contacts0_.id=contactdat1_.id where contacts0_.group_id=?
08:49:08.389 [Test worker] DEBUG o.h.l.p.e.p.i.ResultSetProcessorImpl - Preparing collection intializer : [ru.stqa.pft.addressbook.model.GroupData.contacts#53]
08:49:08.390 [Test worker] DEBUG o.h.e.l.i.CollectionLoadContext - 1 collections were found in result set for role: ru.stqa.pft.addressbook.model.GroupData.contacts
08:49:08.390 [Test worker] DEBUG o.h.e.l.i.CollectionLoadContext - Collection fully initialized: [ru.stqa.pft.addressbook.model.GroupData.contacts#53]
08:49:08.390 [Test worker] DEBUG o.h.e.l.i.CollectionLoadContext - 1 collections initialized for role: ru.stqa.pft.addressbook.model.GroupData.contacts
08:49:08.390 [Test worker] DEBUG o.h.r.j.i.ResourceRegistryStandardImpl - HHH000387: ResultSet's statement was not registered
08:49:08.390 [Test worker] DEBUG o.h.l.c.p.AbstractLoadPlanBasedCollectionInitializer - Done loading collection
08:49:08.390 [Test worker] DEBUG o.h.l.c.p.AbstractLoadPlanBasedCollectionInitializer - Loading collection: [ru.stqa.pft.addressbook.model.GroupData.contacts#52]
08:49:08.390 [Test worker] DEBUG org.hibernate.SQL - select contacts0_.group_id as group_id2_0_0_, contacts0_.id as id1_0_0_, contactdat1_.id as id1_1_1_, contactdat1_.address as address2_1_1_, contactdat1_.firstname as firstnam3_1_1_, contactdat1_.home as home4_1_1_, contactdat1_.lastname as lastname5_1_1_, contactdat1_.mobile as mobile6_1_1_, contactdat1_.work as work7_1_1_ from address_in_groups contacts0_ inner join addressbook contactdat1_ on contacts0_.id=contactdat1_.id where contacts0_.group_id=?
Hibernate: select contacts0_.group_id as group_id2_0_0_, contacts0_.id as id1_0_0_, contactdat1_.id as id1_1_1_, contactdat1_.address as address2_1_1_, contactdat1_.firstname as firstnam3_1_1_, contactdat1_.home as home4_1_1_, contactdat1_.lastname as lastname5_1_1_, contactdat1_.mobile as mobile6_1_1_, contactdat1_.work as work7_1_1_ from address_in_groups contacts0_ inner join addressbook contactdat1_ on contacts0_.id=contactdat1_.id where contacts0_.group_id=?
08:49:08.392 [Test worker] DEBUG o.h.l.p.e.p.i.ResultSetProcessorImpl - Preparing collection intializer : [ru.stqa.pft.addressbook.model.GroupData.contacts#52]
08:49:08.392 [Test worker] DEBUG o.h.l.p.e.p.i.ResultSetProcessorImpl - Starting ResultSet row #0
08:49:08.392 [Test worker] DEBUG o.h.l.p.e.p.i.CollectionReferenceInitializerImpl - Found row of collection: [ru.stqa.pft.addressbook.model.GroupData.contacts#52]
08:49:08.392 [Test worker] DEBUG o.h.l.p.e.p.i.ResultSetProcessorImpl - Starting ResultSet row #1
08:49:08.393 [Test worker] DEBUG o.h.l.p.e.p.i.CollectionReferenceInitializerImpl - Found row of collection: [ru.stqa.pft.addressbook.model.GroupData.contacts#52]
08:49:08.393 [Test worker] DEBUG o.h.engine.internal.TwoPhaseLoad - Resolving associations for [ru.stqa.pft.addressbook.model.ContactData#87]
08:49:08.393 [Test worker] DEBUG o.h.engine.internal.TwoPhaseLoad - Done materializing entity [ru.stqa.pft.addressbook.model.ContactData#87]
08:49:08.393 [Test worker] DEBUG o.h.e.l.i.CollectionLoadContext - 1 collections were found in result set for role: ru.stqa.pft.addressbook.model.GroupData.contacts
08:49:08.393 [Test worker] DEBUG o.h.e.l.i.CollectionLoadContext - Collection fully initialized: [ru.stqa.pft.addressbook.model.GroupData.contacts#52]
08:49:08.393 [Test worker] DEBUG o.h.e.l.i.CollectionLoadContext - 1 collections initialized for role: ru.stqa.pft.addressbook.model.GroupData.contacts
08:49:08.393 [Test worker] DEBUG o.h.r.j.i.ResourceRegistryStandardImpl - HHH000387: ResultSet's statement was not registered
08:49:08.393 [Test worker] DEBUG o.h.l.c.p.AbstractLoadPlanBasedCollectionInitializer - Done loading collection
08:49:08.393 [Test worker] DEBUG o.h.l.c.p.AbstractLoadPlanBasedCollectionInitializer - Loading collection: [ru.stqa.pft.addressbook.model.ContactData.groups#87]
08:49:08.393 [Test worker] DEBUG org.hibernate.SQL - select groups0_.id as id1_0_0_, groups0_.group_id as group_id2_0_0_, groupdata1_.group_id as group_id1_2_1_, groupdata1_.group_footer as group_fo2_2_1_, groupdata1_.group_header as group_he3_2_1_, groupdata1_.group_name as group_na4_2_1_ from address_in_groups groups0_ inner join group_list groupdata1_ on groups0_.group_id=groupdata1_.group_id where groups0_.id=?
Hibernate: select groups0_.id as id1_0_0_, groups0_.group_id as group_id2_0_0_, groupdata1_.group_id as group_id1_2_1_, groupdata1_.group_footer as group_fo2_2_1_, groupdata1_.group_header as group_he3_2_1_, groupdata1_.group_name as group_na4_2_1_ from address_in_groups groups0_ inner join group_list groupdata1_ on groups0_.group_id=groupdata1_.group_id where groups0_.id=?
08:49:08.404 [Test worker] DEBUG o.h.l.p.e.p.i.ResultSetProcessorImpl - Preparing collection intializer : [ru.stqa.pft.addressbook.model.ContactData.groups#87]
08:49:08.404 [Test worker] DEBUG o.h.l.p.e.p.i.ResultSetProcessorImpl - Starting ResultSet row #0
08:49:08.404 [Test worker] DEBUG o.h.l.p.e.p.i.CollectionReferenceInitializerImpl - Found row of collection: [ru.stqa.pft.addressbook.model.ContactData.groups#87]
08:49:08.404 [Test worker] DEBUG o.h.e.l.i.CollectionLoadContext - 1 collections were found in result set for role: ru.stqa.pft.addressbook.model.ContactData.groups
08:49:08.404 [Test worker] DEBUG o.h.e.l.i.CollectionLoadContext - Collection fully initialized: [ru.stqa.pft.addressbook.model.ContactData.groups#87]
08:49:08.404 [Test worker] DEBUG o.h.e.l.i.CollectionLoadContext - 1 collections initialized for role: ru.stqa.pft.addressbook.model.ContactData.groups
08:49:08.404 [Test worker] DEBUG o.h.r.j.i.ResourceRegistryStandardImpl - HHH000387: ResultSet's statement was not registered
08:49:08.404 [Test worker] DEBUG o.h.l.c.p.AbstractLoadPlanBasedCollectionInitializer - Done loading collection
08:49:08.404 [Test worker] DEBUG o.h.l.c.p.AbstractLoadPlanBasedCollectionInitializer - Loading collection: [ru.stqa.pft.addressbook.model.GroupData.contacts#51]
08:49:08.405 [Test worker] DEBUG org.hibernate.SQL - select contacts0_.group_id as group_id2_0_0_, contacts0_.id as id1_0_0_, contactdat1_.id as id1_1_1_, contactdat1_.address as address2_1_1_, contactdat1_.firstname as firstnam3_1_1_, contactdat1_.home as home4_1_1_, contactdat1_.lastname as lastname5_1_1_, contactdat1_.mobile as mobile6_1_1_, contactdat1_.work as work7_1_1_ from address_in_groups contacts0_ inner join addressbook contactdat1_ on contacts0_.id=contactdat1_.id where contacts0_.group_id=?
Hibernate: select contacts0_.group_id as group_id2_0_0_, contacts0_.id as id1_0_0_, contactdat1_.id as id1_1_1_, contactdat1_.address as address2_1_1_, contactdat1_.firstname as firstnam3_1_1_, contactdat1_.home as home4_1_1_, contactdat1_.lastname as lastname5_1_1_, contactdat1_.mobile as mobile6_1_1_, contactdat1_.work as work7_1_1_ from address_in_groups contacts0_ inner join addressbook contactdat1_ on contacts0_.id=contactdat1_.id where contacts0_.group_id=?
08:49:08.463 [Test worker] DEBUG o.h.l.p.e.p.i.ResultSetProcessorImpl - Preparing collection intializer : [ru.stqa.pft.addressbook.model.GroupData.contacts#51]
08:49:08.464 [Test worker] DEBUG o.h.e.l.i.CollectionLoadContext - 1 collections were found in result set for role: ru.stqa.pft.addressbook.model.GroupData.contacts
08:49:08.464 [Test worker] DEBUG o.h.e.l.i.CollectionLoadContext - Collection fully initialized: [ru.stqa.pft.addressbook.model.GroupData.contacts#51]
08:49:08.464 [Test worker] DEBUG o.h.e.l.i.CollectionLoadContext - 1 collections initialized for role: ru.stqa.pft.addressbook.model.GroupData.contacts
08:49:08.464 [Test worker] DEBUG o.h.r.j.i.ResourceRegistryStandardImpl - HHH000387: ResultSet's statement was not registered
08:49:08.464 [Test worker] DEBUG o.h.l.c.p.AbstractLoadPlanBasedCollectionInitializer - Done loading collection
08:49:08.464 [Test worker] DEBUG o.h.l.c.p.AbstractLoadPlanBasedCollectionInitializer - Loading collection: [ru.stqa.pft.addressbook.model.GroupData.contacts#50]
08:49:08.464 [Test worker] DEBUG org.hibernate.SQL - select contacts0_.group_id as group_id2_0_0_, contacts0_.id as id1_0_0_, contactdat1_.id as id1_1_1_, contactdat1_.address as address2_1_1_, contactdat1_.firstname as firstnam3_1_1_, contactdat1_.home as home4_1_1_, contactdat1_.lastname as lastname5_1_1_, contactdat1_.mobile as mobile6_1_1_, contactdat1_.work as work7_1_1_ from address_in_groups contacts0_ inner join addressbook contactdat1_ on contacts0_.id=contactdat1_.id where contacts0_.group_id=?
Hibernate: select contacts0_.group_id as group_id2_0_0_, contacts0_.id as id1_0_0_, contactdat1_.id as id1_1_1_, contactdat1_.address as address2_1_1_, contactdat1_.firstname as firstnam3_1_1_, contactdat1_.home as home4_1_1_, contactdat1_.lastname as lastname5_1_1_, contactdat1_.mobile as mobile6_1_1_, contactdat1_.work as work7_1_1_ from address_in_groups contacts0_ inner join addressbook contactdat1_ on contacts0_.id=contactdat1_.id where contacts0_.group_id=?
08:49:08.466 [Test worker] DEBUG o.h.l.p.e.p.i.ResultSetProcessorImpl - Preparing collection intializer : [ru.stqa.pft.addressbook.model.GroupData.contacts#50]
08:49:08.466 [Test worker] DEBUG o.h.e.l.i.CollectionLoadContext - 1 collections were found in result set for role: ru.stqa.pft.addressbook.model.GroupData.contacts
08:49:08.466 [Test worker] DEBUG o.h.e.l.i.CollectionLoadContext - Collection fully initialized: [ru.stqa.pft.addressbook.model.GroupData.contacts#50]
08:49:08.466 [Test worker] DEBUG o.h.e.l.i.CollectionLoadContext - 1 collections initialized for role: ru.stqa.pft.addressbook.model.GroupData.contacts
08:49:08.466 [Test worker] DEBUG o.h.r.j.i.ResourceRegistryStandardImpl - HHH000387: ResultSet's statement was not registered
08:49:08.466 [Test worker] DEBUG o.h.l.c.p.AbstractLoadPlanBasedCollectionInitializer - Done loading collection
08:49:08.466 [Test worker] DEBUG o.h.l.c.p.AbstractLoadPlanBasedCollectionInitializer - Loading collection: [ru.stqa.pft.addressbook.model.GroupData.contacts#49]
08:49:08.466 [Test worker] DEBUG org.hibernate.SQL - select contacts0_.group_id as group_id2_0_0_, contacts0_.id as id1_0_0_, contactdat1_.id as id1_1_1_, contactdat1_.address as address2_1_1_, contactdat1_.firstname as firstnam3_1_1_, contactdat1_.home as home4_1_1_, contactdat1_.lastname as lastname5_1_1_, contactdat1_.mobile as mobile6_1_1_, contactdat1_.work as work7_1_1_ from address_in_groups contacts0_ inner join addressbook contactdat1_ on contacts0_.id=contactdat1_.id where contacts0_.group_id=?
Hibernate: select contacts0_.group_id as group_id2_0_0_, contacts0_.id as id1_0_0_, contactdat1_.id as id1_1_1_, contactdat1_.address as address2_1_1_, contactdat1_.firstname as firstnam3_1_1_, contactdat1_.home as home4_1_1_, contactdat1_.lastname as lastname5_1_1_, contactdat1_.mobile as mobile6_1_1_, contactdat1_.work as work7_1_1_ from address_in_groups contacts0_ inner join addressbook contactdat1_ on contacts0_.id=contactdat1_.id where contacts0_.group_id=?
08:49:08.468 [Test worker] DEBUG o.h.l.p.e.p.i.ResultSetProcessorImpl - Preparing collection intializer : [ru.stqa.pft.addressbook.model.GroupData.contacts#49]
08:49:08.468 [Test worker] DEBUG o.h.e.l.i.CollectionLoadContext - 1 collections were found in result set for role: ru.stqa.pft.addressbook.model.GroupData.contacts
08:49:08.468 [Test worker] DEBUG o.h.e.l.i.CollectionLoadContext - Collection fully initialized: [ru.stqa.pft.addressbook.model.GroupData.contacts#49]
08:49:08.468 [Test worker] DEBUG o.h.e.l.i.CollectionLoadContext - 1 collections initialized for role: ru.stqa.pft.addressbook.model.GroupData.contacts
08:49:08.468 [Test worker] DEBUG o.h.r.j.i.ResourceRegistryStandardImpl - HHH000387: ResultSet's statement was not registered
08:49:08.468 [Test worker] DEBUG o.h.l.c.p.AbstractLoadPlanBasedCollectionInitializer - Done loading collection
08:49:08.468 [Test worker] DEBUG o.h.l.c.p.AbstractLoadPlanBasedCollectionInitializer - Loading collection: [ru.stqa.pft.addressbook.model.GroupData.contacts#48]
08:49:08.468 [Test worker] DEBUG org.hibernate.SQL - select contacts0_.group_id as group_id2_0_0_, contacts0_.id as id1_0_0_, contactdat1_.id as id1_1_1_, contactdat1_.address as address2_1_1_, contactdat1_.firstname as firstnam3_1_1_, contactdat1_.home as home4_1_1_, contactdat1_.lastname as lastname5_1_1_, contactdat1_.mobile as mobile6_1_1_, contactdat1_.work as work7_1_1_ from address_in_groups contacts0_ inner join addressbook contactdat1_ on contacts0_.id=contactdat1_.id where contacts0_.group_id=?
Hibernate: select contacts0_.group_id as group_id2_0_0_, contacts0_.id as id1_0_0_, contactdat1_.id as id1_1_1_, contactdat1_.address as address2_1_1_, contactdat1_.firstname as firstnam3_1_1_, contactdat1_.home as home4_1_1_, contactdat1_.lastname as lastname5_1_1_, contactdat1_.mobile as mobile6_1_1_, contactdat1_.work as work7_1_1_ from address_in_groups contacts0_ inner join addressbook contactdat1_ on contacts0_.id=contactdat1_.id where contacts0_.group_id=?
08:49:08.470 [Test worker] DEBUG o.h.l.p.e.p.i.ResultSetProcessorImpl - Preparing collection intializer : [ru.stqa.pft.addressbook.model.GroupData.contacts#48]
08:49:08.470 [Test worker] DEBUG o.h.e.l.i.CollectionLoadContext - 1 collections were found in result set for role: ru.stqa.pft.addressbook.model.GroupData.contacts
08:49:08.470 [Test worker] DEBUG o.h.e.l.i.CollectionLoadContext - Collection fully initialized: [ru.stqa.pft.addressbook.model.GroupData.contacts#48]
08:49:08.470 [Test worker] DEBUG o.h.e.l.i.CollectionLoadContext - 1 collections initialized for role: ru.stqa.pft.addressbook.model.GroupData.contacts
08:49:08.470 [Test worker] DEBUG o.h.r.j.i.ResourceRegistryStandardImpl - HHH000387: ResultSet's statement was not registered
08:49:08.470 [Test worker] DEBUG o.h.l.c.p.AbstractLoadPlanBasedCollectionInitializer - Done loading collection
08:49:08.470 [Test worker] DEBUG o.h.l.c.p.AbstractLoadPlanBasedCollectionInitializer - Loading collection: [ru.stqa.pft.addressbook.model.GroupData.contacts#45]
08:49:08.470 [Test worker] DEBUG org.hibernate.SQL - select contacts0_.group_id as group_id2_0_0_, contacts0_.id as id1_0_0_, contactdat1_.id as id1_1_1_, contactdat1_.address as address2_1_1_, contactdat1_.firstname as firstnam3_1_1_, contactdat1_.home as home4_1_1_, contactdat1_.lastname as lastname5_1_1_, contactdat1_.mobile as mobile6_1_1_, contactdat1_.work as work7_1_1_ from address_in_groups contacts0_ inner join addressbook contactdat1_ on contacts0_.id=contactdat1_.id where contacts0_.group_id=?
Hibernate: select contacts0_.group_id as group_id2_0_0_, contacts0_.id as id1_0_0_, contactdat1_.id as id1_1_1_, contactdat1_.address as address2_1_1_, contactdat1_.firstname as firstnam3_1_1_, contactdat1_.home as home4_1_1_, contactdat1_.lastname as lastname5_1_1_, contactdat1_.mobile as mobile6_1_1_, contactdat1_.work as work7_1_1_ from address_in_groups contacts0_ inner join addressbook contactdat1_ on contacts0_.id=contactdat1_.id where contacts0_.group_id=?
08:49:08.473 [Test worker] DEBUG o.h.l.p.e.p.i.ResultSetProcessorImpl - Preparing collection intializer : [ru.stqa.pft.addressbook.model.GroupData.contacts#45]
08:49:08.473 [Test worker] DEBUG o.h.e.l.i.CollectionLoadContext - 1 collections were found in result set for role: ru.stqa.pft.addressbook.model.GroupData.contacts
08:49:08.473 [Test worker] DEBUG o.h.e.l.i.CollectionLoadContext - Collection fully initialized: [ru.stqa.pft.addressbook.model.GroupData.contacts#45]
08:49:08.473 [Test worker] DEBUG o.h.e.l.i.CollectionLoadContext - 1 collections initialized for role: ru.stqa.pft.addressbook.model.GroupData.contacts
08:49:08.473 [Test worker] DEBUG o.h.r.j.i.ResourceRegistryStandardImpl - HHH000387: ResultSet's statement was not registered
08:49:08.473 [Test worker] DEBUG o.h.l.c.p.AbstractLoadPlanBasedCollectionInitializer - Done loading collection
08:49:08.474 [Test worker] DEBUG o.h.l.c.p.AbstractLoadPlanBasedCollectionInitializer - Loading collection: [ru.stqa.pft.addressbook.model.GroupData.contacts#44]
08:49:08.474 [Test worker] DEBUG org.hibernate.SQL - select contacts0_.group_id as group_id2_0_0_, contacts0_.id as id1_0_0_, contactdat1_.id as id1_1_1_, contactdat1_.address as address2_1_1_, contactdat1_.firstname as firstnam3_1_1_, contactdat1_.home as home4_1_1_, contactdat1_.lastname as lastname5_1_1_, contactdat1_.mobile as mobile6_1_1_, contactdat1_.work as work7_1_1_ from address_in_groups contacts0_ inner join addressbook contactdat1_ on contacts0_.id=contactdat1_.id where contacts0_.group_id=?
Hibernate: select contacts0_.group_id as group_id2_0_0_, contacts0_.id as id1_0_0_, contactdat1_.id as id1_1_1_, contactdat1_.address as address2_1_1_, contactdat1_.firstname as firstnam3_1_1_, contactdat1_.home as home4_1_1_, contactdat1_.lastname as lastname5_1_1_, contactdat1_.mobile as mobile6_1_1_, contactdat1_.work as work7_1_1_ from address_in_groups contacts0_ inner join addressbook contactdat1_ on contacts0_.id=contactdat1_.id where contacts0_.group_id=?
08:49:08.492 [Test worker] DEBUG o.h.l.p.e.p.i.ResultSetProcessorImpl - Preparing collection intializer : [ru.stqa.pft.addressbook.model.GroupData.contacts#44]
08:49:08.492 [Test worker] DEBUG o.h.l.p.e.p.i.ResultSetProcessorImpl - Starting ResultSet row #0
08:49:08.492 [Test worker] DEBUG o.h.l.p.e.p.i.CollectionReferenceInitializerImpl - Found row of collection: [ru.stqa.pft.addressbook.model.GroupData.contacts#44]
08:49:08.492 [Test worker] DEBUG o.h.l.p.e.p.i.ResultSetProcessorImpl - Starting ResultSet row #1
08:49:08.493 [Test worker] DEBUG o.h.l.p.e.p.i.CollectionReferenceInitializerImpl - Found row of collection: [ru.stqa.pft.addressbook.model.GroupData.contacts#44]
08:49:08.493 [Test worker] DEBUG o.h.l.p.e.p.i.ResultSetProcessorImpl - Starting ResultSet row #2
08:49:08.493 [Test worker] DEBUG o.h.l.p.e.p.i.CollectionReferenceInitializerImpl - Found row of collection: [ru.stqa.pft.addressbook.model.GroupData.contacts#44]
08:49:08.493 [Test worker] DEBUG o.h.l.p.e.p.i.ResultSetProcessorImpl - Starting ResultSet row #3
08:49:08.493 [Test worker] DEBUG o.h.l.p.e.p.i.CollectionReferenceInitializerImpl - Found row of collection: [ru.stqa.pft.addressbook.model.GroupData.contacts#44]
08:49:08.493 [Test worker] DEBUG o.h.engine.internal.TwoPhaseLoad - Resolving associations for [ru.stqa.pft.addressbook.model.ContactData#98]
08:49:08.493 [Test worker] DEBUG o.h.engine.internal.TwoPhaseLoad - Done materializing entity [ru.stqa.pft.addressbook.model.ContactData#98]
08:49:08.493 [Test worker] DEBUG o.h.engine.internal.TwoPhaseLoad - Resolving associations for [ru.stqa.pft.addressbook.model.ContactData#106]
08:49:08.494 [Test worker] DEBUG o.h.engine.internal.TwoPhaseLoad - Done materializing entity [ru.stqa.pft.addressbook.model.ContactData#106]
08:49:08.494 [Test worker] DEBUG o.h.engine.internal.TwoPhaseLoad - Resolving associations for [ru.stqa.pft.addressbook.model.ContactData#107]
08:49:08.494 [Test worker] DEBUG o.h.engine.internal.TwoPhaseLoad - Done materializing entity [ru.stqa.pft.addressbook.model.ContactData#107]
08:49:08.494 [Test worker] DEBUG o.h.e.l.i.CollectionLoadContext - 1 collections were found in result set for role: ru.stqa.pft.addressbook.model.GroupData.contacts
08:49:08.494 [Test worker] DEBUG o.h.e.l.i.CollectionLoadContext - Collection fully initialized: [ru.stqa.pft.addressbook.model.GroupData.contacts#44]
08:49:08.494 [Test worker] DEBUG o.h.e.l.i.CollectionLoadContext - 1 collections initialized for role: ru.stqa.pft.addressbook.model.GroupData.contacts
08:49:08.494 [Test worker] DEBUG o.h.r.j.i.ResourceRegistryStandardImpl - HHH000387: ResultSet's statement was not registered
08:49:08.494 [Test worker] DEBUG o.h.l.c.p.AbstractLoadPlanBasedCollectionInitializer - Done loading collection
08:49:08.494 [Test worker] DEBUG o.h.l.c.p.AbstractLoadPlanBasedCollectionInitializer - Loading collection: [ru.stqa.pft.addressbook.model.ContactData.groups#107]
08:49:08.494 [Test worker] DEBUG org.hibernate.SQL - select groups0_.id as id1_0_0_, groups0_.group_id as group_id2_0_0_, groupdata1_.group_id as group_id1_2_1_, groupdata1_.group_footer as group_fo2_2_1_, groupdata1_.group_header as group_he3_2_1_, groupdata1_.group_name as group_na4_2_1_ from address_in_groups groups0_ inner join group_list groupdata1_ on groups0_.group_id=groupdata1_.group_id where groups0_.id=?
Hibernate: select groups0_.id as id1_0_0_, groups0_.group_id as group_id2_0_0_, groupdata1_.group_id as group_id1_2_1_, groupdata1_.group_footer as group_fo2_2_1_, groupdata1_.group_header as group_he3_2_1_, groupdata1_.group_name as group_na4_2_1_ from address_in_groups groups0_ inner join group_list groupdata1_ on groups0_.group_id=groupdata1_.group_id where groups0_.id=?
08:49:08.515 [Test worker] DEBUG o.h.l.p.e.p.i.ResultSetProcessorImpl - Preparing collection intializer : [ru.stqa.pft.addressbook.model.ContactData.groups#107]
08:49:08.516 [Test worker] DEBUG o.h.l.p.e.p.i.ResultSetProcessorImpl - Starting ResultSet row #0
08:49:08.516 [Test worker] DEBUG o.h.l.p.e.p.i.CollectionReferenceInitializerImpl - Found row of collection: [ru.stqa.pft.addressbook.model.ContactData.groups#107]
08:49:08.516 [Test worker] DEBUG o.h.e.l.i.CollectionLoadContext - 1 collections were found in result set for role: ru.stqa.pft.addressbook.model.ContactData.groups
08:49:08.516 [Test worker] DEBUG o.h.e.l.i.CollectionLoadContext - Collection fully initialized: [ru.stqa.pft.addressbook.model.ContactData.groups#107]
08:49:08.516 [Test worker] DEBUG o.h.e.l.i.CollectionLoadContext - 1 collections initialized for role: ru.stqa.pft.addressbook.model.ContactData.groups
08:49:08.516 [Test worker] DEBUG o.h.r.j.i.ResourceRegistryStandardImpl - HHH000387: ResultSet's statement was not registered
08:49:08.516 [Test worker] DEBUG o.h.l.c.p.AbstractLoadPlanBasedCollectionInitializer - Done loading collection
08:49:08.518 [Test worker] DEBUG o.h.l.c.p.AbstractLoadPlanBasedCollectionInitializer - Loading collection: [ru.stqa.pft.addressbook.model.ContactData.groups#106]
08:49:08.518 [Test worker] DEBUG org.hibernate.SQL - select groups0_.id as id1_0_0_, groups0_.group_id as group_id2_0_0_, groupdata1_.group_id as group_id1_2_1_, groupdata1_.group_footer as group_fo2_2_1_, groupdata1_.group_header as group_he3_2_1_, groupdata1_.group_name as group_na4_2_1_ from address_in_groups groups0_ inner join group_list groupdata1_ on groups0_.group_id=groupdata1_.group_id where groups0_.id=?
Hibernate: select groups0_.id as id1_0_0_, groups0_.group_id as group_id2_0_0_, groupdata1_.group_id as group_id1_2_1_, groupdata1_.group_footer as group_fo2_2_1_, groupdata1_.group_header as group_he3_2_1_, groupdata1_.group_name as group_na4_2_1_ from address_in_groups groups0_ inner join group_list groupdata1_ on groups0_.group_id=groupdata1_.group_id where groups0_.id=?
08:49:08.545 [Test worker] DEBUG o.h.l.p.e.p.i.ResultSetProcessorImpl - Preparing collection intializer : [ru.stqa.pft.addressbook.model.ContactData.groups#106]
08:49:08.545 [Test worker] DEBUG o.h.l.p.e.p.i.ResultSetProcessorImpl - Starting ResultSet row #0
08:49:08.545 [Test worker] DEBUG o.h.l.p.e.p.i.CollectionReferenceInitializerImpl - Found row of collection: [ru.stqa.pft.addressbook.model.ContactData.groups#106]
08:49:08.545 [Test worker] DEBUG o.h.e.l.i.CollectionLoadContext - 1 collections were found in result set for role: ru.stqa.pft.addressbook.model.ContactData.groups
08:49:08.545 [Test worker] DEBUG o.h.e.l.i.CollectionLoadContext - Collection fully initialized: [ru.stqa.pft.addressbook.model.ContactData.groups#106]
08:49:08.545 [Test worker] DEBUG o.h.e.l.i.CollectionLoadContext - 1 collections initialized for role: ru.stqa.pft.addressbook.model.ContactData.groups
08:49:08.545 [Test worker] DEBUG o.h.r.j.i.ResourceRegistryStandardImpl - HHH000387: ResultSet's statement was not registered
08:49:08.545 [Test worker] DEBUG o.h.l.c.p.AbstractLoadPlanBasedCollectionInitializer - Done loading collection
08:49:08.545 [Test worker] DEBUG o.h.l.c.p.AbstractLoadPlanBasedCollectionInitializer - Loading collection: [ru.stqa.pft.addressbook.model.ContactData.groups#98]
08:49:08.545 [Test worker] DEBUG org.hibernate.SQL - select groups0_.id as id1_0_0_, groups0_.group_id as group_id2_0_0_, groupdata1_.group_id as group_id1_2_1_, groupdata1_.group_footer as group_fo2_2_1_, groupdata1_.group_header as group_he3_2_1_, groupdata1_.group_name as group_na4_2_1_ from address_in_groups groups0_ inner join group_list groupdata1_ on groups0_.group_id=groupdata1_.group_id where groups0_.id=?
Hibernate: select groups0_.id as id1_0_0_, groups0_.group_id as group_id2_0_0_, groupdata1_.group_id as group_id1_2_1_, groupdata1_.group_footer as group_fo2_2_1_, groupdata1_.group_header as group_he3_2_1_, groupdata1_.group_name as group_na4_2_1_ from address_in_groups groups0_ inner join group_list groupdata1_ on groups0_.group_id=groupdata1_.group_id where groups0_.id=?
08:49:08.551 [Test worker] DEBUG o.h.l.p.e.p.i.ResultSetProcessorImpl - Preparing collection intializer : [ru.stqa.pft.addressbook.model.ContactData.groups#98]
08:49:08.551 [Test worker] DEBUG o.h.l.p.e.p.i.ResultSetProcessorImpl - Starting ResultSet row #0
08:49:08.551 [Test worker] DEBUG o.h.l.p.e.p.i.CollectionReferenceInitializerImpl - Found row of collection: [ru.stqa.pft.addressbook.model.ContactData.groups#98]
08:49:08.551 [Test worker] DEBUG o.h.e.l.i.CollectionLoadContext - 1 collections were found in result set for role: ru.stqa.pft.addressbook.model.ContactData.groups
08:49:08.551 [Test worker] DEBUG o.h.e.l.i.CollectionLoadContext - Collection fully initialized: [ru.stqa.pft.addressbook.model.ContactData.groups#98]
08:49:08.551 [Test worker] DEBUG o.h.e.l.i.CollectionLoadContext - 1 collections initialized for role: ru.stqa.pft.addressbook.model.ContactData.groups
08:49:08.551 [Test worker] DEBUG o.h.r.j.i.ResourceRegistryStandardImpl - HHH000387: ResultSet's statement was not registered
08:49:08.552 [Test worker] DEBUG o.h.l.c.p.AbstractLoadPlanBasedCollectionInitializer - Done loading collection
08:49:08.553 [Test worker] DEBUG o.h.e.t.internal.TransactionImpl - committing
08:49:08.553 [Test worker] DEBUG o.h.e.i.AbstractFlushingEventListener - Processing flush-time cascades
08:49:08.553 [Test worker] DEBUG o.h.e.i.AbstractFlushingEventListener - Dirty checking collections
08:49:08.553 [Test worker] DEBUG o.h.engine.internal.Collections - Collection found: [ru.stqa.pft.addressbook.model.GroupData.contacts#44], was: [ru.stqa.pft.addressbook.model.GroupData.contacts#44] (initialized)
08:49:08.553 [Test worker] DEBUG o.h.engine.internal.Collections - Collection found: [ru.stqa.pft.addressbook.model.GroupData.contacts#45], was: [ru.stqa.pft.addressbook.model.GroupData.contacts#45] (initialized)
08:49:08.553 [Test worker] DEBUG o.h.engine.internal.Collections - Collection found: [ru.stqa.pft.addressbook.model.GroupData.contacts#48], was: [ru.stqa.pft.addressbook.model.GroupData.contacts#48] (initialized)
08:49:08.553 [Test worker] DEBUG o.h.engine.internal.Collections - Collection found: [ru.stqa.pft.addressbook.model.GroupData.contacts#49], was: [ru.stqa.pft.addressbook.model.GroupData.contacts#49] (initialized)
08:49:08.554 [Test worker] DEBUG o.h.engine.internal.Collections - Collection found: [ru.stqa.pft.addressbook.model.GroupData.contacts#50], was: [ru.stqa.pft.addressbook.model.GroupData.contacts#50] (initialized)
08:49:08.554 [Test worker] DEBUG o.h.engine.internal.Collections - Collection found: [ru.stqa.pft.addressbook.model.GroupData.contacts#51], was: [ru.stqa.pft.addressbook.model.GroupData.contacts#51] (initialized)
08:49:08.554 [Test worker] DEBUG o.h.engine.internal.Collections - Collection found: [ru.stqa.pft.addressbook.model.GroupData.contacts#52], was: [ru.stqa.pft.addressbook.model.GroupData.contacts#52] (initialized)
08:49:08.554 [Test worker] DEBUG o.h.engine.internal.Collections - Collection found: [ru.stqa.pft.addressbook.model.GroupData.contacts#53], was: [ru.stqa.pft.addressbook.model.GroupData.contacts#53] (initialized)
08:49:08.554 [Test worker] DEBUG o.h.engine.internal.Collections - Collection found: [ru.stqa.pft.addressbook.model.GroupData.contacts#54], was: [ru.stqa.pft.addressbook.model.GroupData.contacts#54] (initialized)
08:49:08.554 [Test worker] DEBUG o.h.engine.internal.Collections - Collection found: [ru.stqa.pft.addressbook.model.GroupData.contacts#55], was: [ru.stqa.pft.addressbook.model.GroupData.contacts#55] (initialized)
08:49:08.554 [Test worker] DEBUG o.h.engine.internal.Collections - Collection found: [ru.stqa.pft.addressbook.model.GroupData.contacts#56], was: [ru.stqa.pft.addressbook.model.GroupData.contacts#56] (initialized)
08:49:08.554 [Test worker] DEBUG o.h.engine.internal.Collections - Collection found: [ru.stqa.pft.addressbook.model.GroupData.contacts#57], was: [ru.stqa.pft.addressbook.model.GroupData.contacts#57] (initialized)
08:49:08.554 [Test worker] DEBUG o.h.engine.internal.Collections - Collection found: [ru.stqa.pft.addressbook.model.GroupData.contacts#58], was: [ru.stqa.pft.addressbook.model.GroupData.contacts#58] (initialized)
08:49:08.554 [Test worker] DEBUG o.h.engine.internal.Collections - Collection found: [ru.stqa.pft.addressbook.model.GroupData.contacts#59], was: [ru.stqa.pft.addressbook.model.GroupData.contacts#59] (initialized)
08:49:08.554 [Test worker] DEBUG o.h.engine.internal.Collections - Collection found: [ru.stqa.pft.addressbook.model.GroupData.contacts#60], was: [ru.stqa.pft.addressbook.model.GroupData.contacts#60] (initialized)
08:49:08.554 [Test worker] DEBUG o.h.engine.internal.Collections - Collection found: [ru.stqa.pft.addressbook.model.GroupData.contacts#61], was: [ru.stqa.pft.addressbook.model.GroupData.contacts#61] (initialized)
08:49:08.554 [Test worker] DEBUG o.h.engine.internal.Collections - Collection found: [ru.stqa.pft.addressbook.model.GroupData.contacts#62], was: [ru.stqa.pft.addressbook.model.GroupData.contacts#62] (initialized)
08:49:08.554 [Test worker] DEBUG o.h.engine.internal.Collections - Collection found: [ru.stqa.pft.addressbook.model.GroupData.contacts#63], was: [ru.stqa.pft.addressbook.model.GroupData.contacts#63] (initialized)
08:49:08.554 [Test worker] DEBUG o.h.engine.internal.Collections - Collection found: [ru.stqa.pft.addressbook.model.GroupData.contacts#64], was: [ru.stqa.pft.addressbook.model.GroupData.contacts#64] (initialized)
08:49:08.555 [Test worker] DEBUG o.h.engine.internal.Collections - Collection found: [ru.stqa.pft.addressbook.model.GroupData.contacts#65], was: [ru.stqa.pft.addressbook.model.GroupData.contacts#65] (initialized)
08:49:08.555 [Test worker] DEBUG o.h.engine.internal.Collections - Collection found: [ru.stqa.pft.addressbook.model.GroupData.contacts#66], was: [ru.stqa.pft.addressbook.model.GroupData.contacts#66] (initialized)
08:49:08.555 [Test worker] DEBUG o.h.engine.internal.Collections - Collection found: [ru.stqa.pft.addressbook.model.GroupData.contacts#67], was: [ru.stqa.pft.addressbook.model.GroupData.contacts#67] (initialized)
08:49:08.555 [Test worker] DEBUG o.h.engine.internal.Collections - Collection found: [ru.stqa.pft.addressbook.model.GroupData.contacts#68], was: [ru.stqa.pft.addressbook.model.GroupData.contacts#68] (initialized)
08:49:08.555 [Test worker] DEBUG o.h.engine.internal.Collections - Collection found: [ru.stqa.pft.addressbook.model.GroupData.contacts#69], was: [ru.stqa.pft.addressbook.model.GroupData.contacts#69] (initialized)
08:49:08.555 [Test worker] DEBUG o.h.engine.internal.Collections - Collection found: [ru.stqa.pft.addressbook.model.GroupData.contacts#70], was: [ru.stqa.pft.addressbook.model.GroupData.contacts#70] (initialized)
08:49:08.555 [Test worker] DEBUG o.h.engine.internal.Collections - Collection found: [ru.stqa.pft.addressbook.model.GroupData.contacts#74], was: [ru.stqa.pft.addressbook.model.GroupData.contacts#74] (initialized)
08:49:08.555 [Test worker] DEBUG o.h.engine.internal.Collections - Collection found: [ru.stqa.pft.addressbook.model.GroupData.contacts#75], was: [ru.stqa.pft.addressbook.model.GroupData.contacts#75] (initialized)
08:49:08.555 [Test worker] DEBUG o.h.engine.internal.Collections - Collection found: [ru.stqa.pft.addressbook.model.GroupData.contacts#76], was: [ru.stqa.pft.addressbook.model.GroupData.contacts#76] (initialized)
08:49:08.555 [Test worker] DEBUG o.h.engine.internal.Collections - Collection found: [ru.stqa.pft.addressbook.model.GroupData.contacts#77], was: [ru.stqa.pft.addressbook.model.GroupData.contacts#77] (initialized)
08:49:08.556 [Test worker] DEBUG o.h.engine.internal.Collections - Collection found: [ru.stqa.pft.addressbook.model.GroupData.contacts#78], was: [ru.stqa.pft.addressbook.model.GroupData.contacts#78] (initialized)
08:49:08.556 [Test worker] DEBUG o.h.engine.internal.Collections - Collection found: [ru.stqa.pft.addressbook.model.GroupData.contacts#80], was: [ru.stqa.pft.addressbook.model.GroupData.contacts#80] (initialized)
08:49:08.556 [Test worker] DEBUG o.h.engine.internal.Collections - Collection found: [ru.stqa.pft.addressbook.model.GroupData.contacts#81], was: [ru.stqa.pft.addressbook.model.GroupData.contacts#81] (initialized)
08:49:08.557 [Test worker] DEBUG o.h.engine.internal.Collections - Collection found: [ru.stqa.pft.addressbook.model.GroupData.contacts#82], was: [ru.stqa.pft.addressbook.model.GroupData.contacts#82] (initialized)
08:49:08.557 [Test worker] DEBUG o.h.engine.internal.Collections - Collection found: [ru.stqa.pft.addressbook.model.GroupData.contacts#83], was: [ru.stqa.pft.addressbook.model.GroupData.contacts#83] (initialized)
08:49:08.557 [Test worker] DEBUG o.h.engine.internal.Collections - Collection found: [ru.stqa.pft.addressbook.model.GroupData.contacts#84], was: [ru.stqa.pft.addressbook.model.GroupData.contacts#84] (initialized)
08:49:08.557 [Test worker] DEBUG o.h.engine.internal.Collections - Collection found: [ru.stqa.pft.addressbook.model.GroupData.contacts#85], was: [ru.stqa.pft.addressbook.model.GroupData.contacts#85] (initialized)
08:49:08.557 [Test worker] DEBUG o.h.engine.internal.Collections - Collection found: [ru.stqa.pft.addressbook.model.GroupData.contacts#86], was: [ru.stqa.pft.addressbook.model.GroupData.contacts#86] (initialized)
08:49:08.557 [Test worker] DEBUG o.h.engine.internal.Collections - Collection found: [ru.stqa.pft.addressbook.model.GroupData.contacts#87], was: [ru.stqa.pft.addressbook.model.GroupData.contacts#87] (initialized)
08:49:08.557 [Test worker] DEBUG o.h.engine.internal.Collections - Collection found: [ru.stqa.pft.addressbook.model.GroupData.contacts#88], was: [ru.stqa.pft.addressbook.model.GroupData.contacts#88] (initialized)
08:49:08.557 [Test worker] DEBUG o.h.engine.internal.Collections - Collection found: [ru.stqa.pft.addressbook.model.GroupData.contacts#89], was: [ru.stqa.pft.addressbook.model.GroupData.contacts#89] (initialized)
08:49:08.557 [Test worker] DEBUG o.h.engine.internal.Collections - Collection found: [ru.stqa.pft.addressbook.model.GroupData.contacts#90], was: [ru.stqa.pft.addressbook.model.GroupData.contacts#90] (initialized)
08:49:08.557 [Test worker] DEBUG o.h.engine.internal.Collections - Collection found: [ru.stqa.pft.addressbook.model.GroupData.contacts#91], was: [ru.stqa.pft.addressbook.model.GroupData.contacts#91] (initialized)
08:49:08.557 [Test worker] DEBUG o.h.engine.internal.Collections - Collection found: [ru.stqa.pft.addressbook.model.GroupData.contacts#93], was: [ru.stqa.pft.addressbook.model.GroupData.contacts#93] (initialized)
08:49:08.557 [Test worker] DEBUG o.h.engine.internal.Collections - Collection found: [ru.stqa.pft.addressbook.model.GroupData.contacts#94], was: [ru.stqa.pft.addressbook.model.GroupData.contacts#94] (initialized)
08:49:08.557 [Test worker] DEBUG o.h.engine.internal.Collections - Collection found: [ru.stqa.pft.addressbook.model.GroupData.contacts#95], was: [ru.stqa.pft.addressbook.model.GroupData.contacts#95] (initialized)
08:49:08.557 [Test worker] DEBUG o.h.engine.internal.Collections - Collection found: [ru.stqa.pft.addressbook.model.GroupData.contacts#96], was: [ru.stqa.pft.addressbook.model.GroupData.contacts#96] (initialized)
08:49:08.557 [Test worker] DEBUG o.h.engine.internal.Collections - Collection found: [ru.stqa.pft.addressbook.model.ContactData.groups#105], was: [ru.stqa.pft.addressbook.model.ContactData.groups#105] (initialized)
08:49:08.557 [Test worker] DEBUG o.h.engine.internal.Collections - Collection found: [ru.stqa.pft.addressbook.model.ContactData.groups#87], was: [ru.stqa.pft.addressbook.model.ContactData.groups#87] (initialized)
08:49:08.558 [Test worker] DEBUG o.h.engine.internal.Collections - Collection found: [ru.stqa.pft.addressbook.model.ContactData.groups#98], was: [ru.stqa.pft.addressbook.model.ContactData.groups#98] (initialized)
08:49:08.558 [Test worker] DEBUG o.h.engine.internal.Collections - Collection found: [ru.stqa.pft.addressbook.model.ContactData.groups#106], was: [ru.stqa.pft.addressbook.model.ContactData.groups#106] (initialized)
08:49:08.558 [Test worker] DEBUG o.h.engine.internal.Collections - Collection found: [ru.stqa.pft.addressbook.model.ContactData.groups#107], was: [ru.stqa.pft.addressbook.model.ContactData.groups#107] (initialized)
08:49:08.558 [Test worker] DEBUG o.h.e.i.AbstractFlushingEventListener - Flushed: 0 insertions, 0 updates, 0 deletions to 51 objects
08:49:08.558 [Test worker] DEBUG o.h.e.i.AbstractFlushingEventListener - Flushed: 0 (re)creations, 0 updates, 0 removals to 51 collections
08:49:08.558 [Test worker] DEBUG o.h.internal.util.EntityPrinter - Listing entities:
08:49:08.558 [Test worker] DEBUG o.h.internal.util.EntityPrinter - ru.stqa.pft.addressbook.model.GroupData{footer=test2, name=the first, header=test1, id=44, contacts=[ru.stqa.pft.addressbook.model.ContactData#98, ru.stqa.pft.addressbook.model.ContactData#105, ru.stqa.pft.addressbook.model.ContactData#106, ru.stqa.pft.addressbook.model.ContactData#107]}
08:49:08.558 [Test worker] DEBUG o.h.internal.util.EntityPrinter - ru.stqa.pft.addressbook.model.GroupData{footer=, name=the first, header=, id=45, contacts=[]}
08:49:08.558 [Test worker] DEBUG o.h.internal.util.EntityPrinter - ru.stqa.pft.addressbook.model.GroupData{footer=footer3, name=test3, header=header3, id=48, contacts=[]}
08:49:08.558 [Test worker] DEBUG o.h.internal.util.EntityPrinter - ru.stqa.pft.addressbook.model.GroupData{footer=footer1, name=test1, header=header1, id=49, contacts=[]}
08:49:08.558 [Test worker] DEBUG o.h.internal.util.EntityPrinter - ru.stqa.pft.addressbook.model.GroupData{footer=footer2, name=test2, header=header2, id=50, contacts=[]}
08:49:08.558 [Test worker] DEBUG o.h.internal.util.EntityPrinter - ru.stqa.pft.addressbook.model.GroupData{footer=footer3, name=test3, header=header3, id=51, contacts=[]}
08:49:08.559 [Test worker] DEBUG o.h.internal.util.EntityPrinter - ru.stqa.pft.addressbook.model.GroupData{footer=footer 0, name=test 0, header=header 0, id=52, contacts=[ru.stqa.pft.addressbook.model.ContactData#105, ru.stqa.pft.addressbook.model.ContactData#87]}
08:49:08.559 [Test worker] DEBUG o.h.internal.util.EntityPrinter - ru.stqa.pft.addressbook.model.GroupData{footer=footer 1, name=test 1, header=header 1, id=53, contacts=[]}
08:49:08.559 [Test worker] DEBUG o.h.internal.util.EntityPrinter - ru.stqa.pft.addressbook.model.GroupData{footer=footer 2, name=test 2, header=header 2, id=54, contacts=[]}
08:49:08.559 [Test worker] DEBUG o.h.internal.util.EntityPrinter - ru.stqa.pft.addressbook.model.GroupData{footer=footer 0, name=test 0, header=header 0, id=55, contacts=[]}
08:49:08.559 [Test worker] DEBUG o.h.internal.util.EntityPrinter - ru.stqa.pft.addressbook.model.GroupData{footer=footer 1, name=test 1, header=header 1, id=56, contacts=[]}
08:49:08.559 [Test worker] DEBUG o.h.internal.util.EntityPrinter - ru.stqa.pft.addressbook.model.GroupData{footer=footer 2, name=test 2, header=header 2, id=57, contacts=[]}
08:49:08.559 [Test worker] DEBUG o.h.internal.util.EntityPrinter - ru.stqa.pft.addressbook.model.GroupData{footer=footer 0, name=test 0, header=header 0, id=58, contacts=[]}
08:49:08.559 [Test worker] DEBUG o.h.internal.util.EntityPrinter - ru.stqa.pft.addressbook.model.GroupData{footer=footer 1, name=test 1, header=header 1, id=59, contacts=[]}
08:49:08.559 [Test worker] DEBUG o.h.internal.util.EntityPrinter - ru.stqa.pft.addressbook.model.GroupData{footer=footer 2, name=test 2, header=header 2, id=60, contacts=[]}
08:49:08.559 [Test worker] DEBUG o.h.internal.util.EntityPrinter - ru.stqa.pft.addressbook.model.GroupData{footer=footer 0, name=test 0, header=header 0, id=61, contacts=[]}
08:49:08.559 [Test worker] DEBUG o.h.internal.util.EntityPrinter - ru.stqa.pft.addressbook.model.GroupData{footer=footer 1, name=test 1, header=header 1, id=62, contacts=[]}
08:49:08.559 [Test worker] DEBUG o.h.internal.util.EntityPrinter - ru.stqa.pft.addressbook.model.GroupData{footer=footer 2, name=test 2, header=header 2, id=63, contacts=[]}
08:49:08.559 [Test worker] DEBUG o.h.internal.util.EntityPrinter - ru.stqa.pft.addressbook.model.GroupData{footer=footer 0, name=test 0, header=header 0, id=64, contacts=[]}
08:49:08.559 [Test worker] DEBUG o.h.internal.util.EntityPrinter - ru.stqa.pft.addressbook.model.GroupData{footer=footer 1, name=test 1, header=header 1, id=65, contacts=[]}
08:49:08.559 [Test worker] DEBUG o.h.internal.util.EntityPrinter - ru.stqa.pft.addressbook.model.GroupData{footer=footer 2, name=test 2, header=header 2, id=66, contacts=[]}
08:49:08.559 [Test worker] DEBUG o.h.internal.util.EntityPrinter - More......
]]></system-out>
  <system-err><![CDATA[]]></system-err>
</testsuite>
