<?xml version="1.0" encoding="UTF-8"?>
<testsuite name="ru.stqa.pft.addressbook.tests.DbConnectionTest" tests="1" skipped="0" failures="0" errors="0" timestamp="2019-10-18T07:36:14" hostname="SPB-5CD810B9KL" time="0.414">
  <properties/>
  <testcase name="testDbCobbection" classname="ru.stqa.pft.addressbook.tests.DbConnectionTest" time="0.414"/>
  <system-out><![CDATA[[GroupData{id='81', name='test 2'}, GroupData{id='83', name='test 1'}, GroupData{id='71', name='test 1'}, GroupData{id='73', name='test 0'}, GroupData{id='75', name='test 2'}, GroupData{id='45', name='the first'}, GroupData{id='62', name='test 1'}, GroupData{id='64', name='test 0'}, GroupData{id='66', name='test 2'}, GroupData{id='68', name='test 1'}, GroupData{id='52', name='test 0'}, GroupData{id='54', name='test 2'}, GroupData{id='56', name='test 1'}, GroupData{id='49', name='test1'}, GroupData{id='51', name='test3'}, GroupData{id='58', name='test 0'}, GroupData{id='60', name='test 2'}, GroupData{id='48', name='test3'}, GroupData{id='76', name='test 0'}, GroupData{id='78', name='test 2'}, GroupData{id='80', name='test 1'}, GroupData{id='82', name='test 0'}, GroupData{id='84', name='test 2'}, GroupData{id='70', name='test 0'}, GroupData{id='72', name='test 2'}, GroupData{id='44', name='the first'}, GroupData{id='74', name='test 1'}, GroupData{id='77', name='the first'}, GroupData{id='61', name='test 0'}, GroupData{id='63', name='test 2'}, GroupData{id='65', name='test 1'}, GroupData{id='67', name='test 0'}, GroupData{id='69', name='test 2'}, GroupData{id='53', name='test 1'}, GroupData{id='55', name='test 0'}, GroupData{id='57', name='test 2'}, GroupData{id='50', name='test2'}, GroupData{id='59', name='test 1'}]
]]></system-out>
  <system-err><![CDATA[]]></system-err>
</testsuite>
