<?xml version="1.0" encoding="UTF-8"?>
<testsuite name="ru.stqa.pft.addressbook.tests.ContactEmailTest" tests="1" skipped="0" failures="0" errors="0" timestamp="2019-10-06T17:44:12" hostname="SPB-5CD810B9KL" time="1.328">
  <properties/>
  <testcase name="testContactEmails" classname="ru.stqa.pft.addressbook.tests.ContactEmailTest" time="1.328"/>
  <system-out><![CDATA[]]></system-out>
  <system-err><![CDATA[]]></system-err>
</testsuite>
