<?xml version="1.0" encoding="UTF-8"?>
<testsuite name="ru.stqa.pft.addressbook.ContactCreationTests" tests="1" skipped="0" failures="0" errors="0" timestamp="2019-09-14T11:13:39" hostname="SPB-5CD810B9KL" time="3.39">
  <properties/>
  <testcase name="testContactCreationTests" classname="ru.stqa.pft.addressbook.ContactCreationTests" time="3.39"/>
  <system-out><![CDATA[]]></system-out>
  <system-err><![CDATA[]]></system-err>
</testsuite>
