<?xml version="1.0" encoding="UTF-8"?>
<testsuite name="ru.stqa.pft.addressbook.tests.ContactFromGroupDeletionTests" tests="1" skipped="0" failures="0" errors="0" timestamp="2019-10-29T12:30:44" hostname="SPB-5CD810B9KL" time="1.277">
  <properties/>
  <testcase name="TestContactFromGroupDeletion" classname="ru.stqa.pft.addressbook.tests.ContactFromGroupDeletionTests" time="1.277"/>
  <system-out><![CDATA[15:30:44.866 [Test worker] DEBUG o.h.e.t.internal.TransactionImpl - begin
15:30:44.867 [Test worker] DEBUG org.hibernate.SQL - select contactdat0_.id as id1_1_, contactdat0_.address as address2_1_, contactdat0_.firstname as firstnam3_1_, contactdat0_.home as home4_1_, contactdat0_.lastname as lastname5_1_, contactdat0_.mobile as mobile6_1_, contactdat0_.work as work7_1_ from addressbook contactdat0_ where deprecated='0000-00-00'
Hibernate: select contactdat0_.id as id1_1_, contactdat0_.address as address2_1_, contactdat0_.firstname as firstnam3_1_, contactdat0_.home as home4_1_, contactdat0_.lastname as lastname5_1_, contactdat0_.mobile as mobile6_1_, contactdat0_.work as work7_1_ from addressbook contactdat0_ where deprecated='0000-00-00'
15:30:44.868 [Test worker] DEBUG org.hibernate.loader.Loader - Result set row: 0
15:30:44.868 [Test worker] DEBUG org.hibernate.loader.Loader - Result row: EntityKey[ru.stqa.pft.addressbook.model.ContactData#86]
15:30:44.869 [Test worker] DEBUG org.hibernate.loader.Loader - Result set row: 1
15:30:44.869 [Test worker] DEBUG org.hibernate.loader.Loader - Result row: EntityKey[ru.stqa.pft.addressbook.model.ContactData#87]
15:30:44.869 [Test worker] DEBUG org.hibernate.loader.Loader - Result set row: 2
15:30:44.869 [Test worker] DEBUG org.hibernate.loader.Loader - Result row: EntityKey[ru.stqa.pft.addressbook.model.ContactData#98]
15:30:44.869 [Test worker] DEBUG org.hibernate.loader.Loader - Result set row: 3
15:30:44.869 [Test worker] DEBUG org.hibernate.loader.Loader - Result row: EntityKey[ru.stqa.pft.addressbook.model.ContactData#99]
15:30:44.869 [Test worker] DEBUG org.hibernate.loader.Loader - Result set row: 4
15:30:44.869 [Test worker] DEBUG org.hibernate.loader.Loader - Result row: EntityKey[ru.stqa.pft.addressbook.model.ContactData#102]
15:30:44.869 [Test worker] DEBUG org.hibernate.loader.Loader - Result set row: 5
15:30:44.869 [Test worker] DEBUG org.hibernate.loader.Loader - Result row: EntityKey[ru.stqa.pft.addressbook.model.ContactData#103]
15:30:44.870 [Test worker] DEBUG org.hibernate.loader.Loader - Result set row: 6
15:30:44.870 [Test worker] DEBUG org.hibernate.loader.Loader - Result row: EntityKey[ru.stqa.pft.addressbook.model.ContactData#104]
15:30:44.870 [Test worker] DEBUG org.hibernate.loader.Loader - Result set row: 7
15:30:44.870 [Test worker] DEBUG org.hibernate.loader.Loader - Result row: EntityKey[ru.stqa.pft.addressbook.model.ContactData#105]
15:30:44.871 [Test worker] DEBUG org.hibernate.loader.Loader - Result set row: 8
15:30:44.871 [Test worker] DEBUG org.hibernate.loader.Loader - Result row: EntityKey[ru.stqa.pft.addressbook.model.ContactData#106]
15:30:44.871 [Test worker] DEBUG org.hibernate.loader.Loader - Result set row: 9
15:30:44.871 [Test worker] DEBUG org.hibernate.loader.Loader - Result row: EntityKey[ru.stqa.pft.addressbook.model.ContactData#107]
15:30:44.871 [Test worker] DEBUG o.h.engine.internal.TwoPhaseLoad - Resolving associations for [ru.stqa.pft.addressbook.model.ContactData#86]
15:30:44.871 [Test worker] DEBUG o.h.engine.internal.TwoPhaseLoad - Done materializing entity [ru.stqa.pft.addressbook.model.ContactData#86]
15:30:44.871 [Test worker] DEBUG o.h.engine.internal.TwoPhaseLoad - Resolving associations for [ru.stqa.pft.addressbook.model.ContactData#87]
15:30:44.871 [Test worker] DEBUG o.h.engine.internal.TwoPhaseLoad - Done materializing entity [ru.stqa.pft.addressbook.model.ContactData#87]
15:30:44.871 [Test worker] DEBUG o.h.engine.internal.TwoPhaseLoad - Resolving associations for [ru.stqa.pft.addressbook.model.ContactData#98]
15:30:44.871 [Test worker] DEBUG o.h.engine.internal.TwoPhaseLoad - Done materializing entity [ru.stqa.pft.addressbook.model.ContactData#98]
15:30:44.871 [Test worker] DEBUG o.h.engine.internal.TwoPhaseLoad - Resolving associations for [ru.stqa.pft.addressbook.model.ContactData#99]
15:30:44.871 [Test worker] DEBUG o.h.engine.internal.TwoPhaseLoad - Done materializing entity [ru.stqa.pft.addressbook.model.ContactData#99]
15:30:44.872 [Test worker] DEBUG o.h.engine.internal.TwoPhaseLoad - Resolving associations for [ru.stqa.pft.addressbook.model.ContactData#102]
15:30:44.872 [Test worker] DEBUG o.h.engine.internal.TwoPhaseLoad - Done materializing entity [ru.stqa.pft.addressbook.model.ContactData#102]
15:30:44.872 [Test worker] DEBUG o.h.engine.internal.TwoPhaseLoad - Resolving associations for [ru.stqa.pft.addressbook.model.ContactData#103]
15:30:44.872 [Test worker] DEBUG o.h.engine.internal.TwoPhaseLoad - Done materializing entity [ru.stqa.pft.addressbook.model.ContactData#103]
15:30:44.872 [Test worker] DEBUG o.h.engine.internal.TwoPhaseLoad - Resolving associations for [ru.stqa.pft.addressbook.model.ContactData#104]
15:30:44.872 [Test worker] DEBUG o.h.engine.internal.TwoPhaseLoad - Done materializing entity [ru.stqa.pft.addressbook.model.ContactData#104]
15:30:44.872 [Test worker] DEBUG o.h.engine.internal.TwoPhaseLoad - Resolving associations for [ru.stqa.pft.addressbook.model.ContactData#105]
15:30:44.872 [Test worker] DEBUG o.h.engine.internal.TwoPhaseLoad - Done materializing entity [ru.stqa.pft.addressbook.model.ContactData#105]
15:30:44.872 [Test worker] DEBUG o.h.engine.internal.TwoPhaseLoad - Resolving associations for [ru.stqa.pft.addressbook.model.ContactData#106]
15:30:44.872 [Test worker] DEBUG o.h.engine.internal.TwoPhaseLoad - Done materializing entity [ru.stqa.pft.addressbook.model.ContactData#106]
15:30:44.872 [Test worker] DEBUG o.h.engine.internal.TwoPhaseLoad - Resolving associations for [ru.stqa.pft.addressbook.model.ContactData#107]
15:30:44.872 [Test worker] DEBUG o.h.engine.internal.TwoPhaseLoad - Done materializing entity [ru.stqa.pft.addressbook.model.ContactData#107]
15:30:44.872 [Test worker] DEBUG o.h.l.c.p.AbstractLoadPlanBasedCollectionInitializer - Loading collection: [ru.stqa.pft.addressbook.model.ContactData.groups#107]
15:30:44.872 [Test worker] DEBUG org.hibernate.SQL - select groups0_.id as id1_0_0_, groups0_.group_id as group_id2_0_0_, groupdata1_.group_id as group_id1_2_1_, groupdata1_.group_footer as group_fo2_2_1_, groupdata1_.group_header as group_he3_2_1_, groupdata1_.group_name as group_na4_2_1_ from address_in_groups groups0_ inner join group_list groupdata1_ on groups0_.group_id=groupdata1_.group_id where groups0_.id=?
Hibernate: select groups0_.id as id1_0_0_, groups0_.group_id as group_id2_0_0_, groupdata1_.group_id as group_id1_2_1_, groupdata1_.group_footer as group_fo2_2_1_, groupdata1_.group_header as group_he3_2_1_, groupdata1_.group_name as group_na4_2_1_ from address_in_groups groups0_ inner join group_list groupdata1_ on groups0_.group_id=groupdata1_.group_id where groups0_.id=?
15:30:44.873 [Test worker] DEBUG o.h.l.p.e.p.i.ResultSetProcessorImpl - Preparing collection intializer : [ru.stqa.pft.addressbook.model.ContactData.groups#107]
15:30:44.874 [Test worker] DEBUG o.h.e.l.i.CollectionLoadContext - 1 collections were found in result set for role: ru.stqa.pft.addressbook.model.ContactData.groups
15:30:44.874 [Test worker] DEBUG o.h.e.l.i.CollectionLoadContext - Collection fully initialized: [ru.stqa.pft.addressbook.model.ContactData.groups#107]
15:30:44.874 [Test worker] DEBUG o.h.e.l.i.CollectionLoadContext - 1 collections initialized for role: ru.stqa.pft.addressbook.model.ContactData.groups
15:30:44.874 [Test worker] DEBUG o.h.r.j.i.ResourceRegistryStandardImpl - HHH000387: ResultSet's statement was not registered
15:30:44.874 [Test worker] DEBUG o.h.l.c.p.AbstractLoadPlanBasedCollectionInitializer - Done loading collection
15:30:44.874 [Test worker] DEBUG o.h.l.c.p.AbstractLoadPlanBasedCollectionInitializer - Loading collection: [ru.stqa.pft.addressbook.model.ContactData.groups#106]
15:30:44.874 [Test worker] DEBUG org.hibernate.SQL - select groups0_.id as id1_0_0_, groups0_.group_id as group_id2_0_0_, groupdata1_.group_id as group_id1_2_1_, groupdata1_.group_footer as group_fo2_2_1_, groupdata1_.group_header as group_he3_2_1_, groupdata1_.group_name as group_na4_2_1_ from address_in_groups groups0_ inner join group_list groupdata1_ on groups0_.group_id=groupdata1_.group_id where groups0_.id=?
Hibernate: select groups0_.id as id1_0_0_, groups0_.group_id as group_id2_0_0_, groupdata1_.group_id as group_id1_2_1_, groupdata1_.group_footer as group_fo2_2_1_, groupdata1_.group_header as group_he3_2_1_, groupdata1_.group_name as group_na4_2_1_ from address_in_groups groups0_ inner join group_list groupdata1_ on groups0_.group_id=groupdata1_.group_id where groups0_.id=?
15:30:44.875 [Test worker] DEBUG o.h.l.p.e.p.i.ResultSetProcessorImpl - Preparing collection intializer : [ru.stqa.pft.addressbook.model.ContactData.groups#106]
15:30:44.875 [Test worker] DEBUG o.h.e.l.i.CollectionLoadContext - 1 collections were found in result set for role: ru.stqa.pft.addressbook.model.ContactData.groups
15:30:44.875 [Test worker] DEBUG o.h.e.l.i.CollectionLoadContext - Collection fully initialized: [ru.stqa.pft.addressbook.model.ContactData.groups#106]
15:30:44.875 [Test worker] DEBUG o.h.e.l.i.CollectionLoadContext - 1 collections initialized for role: ru.stqa.pft.addressbook.model.ContactData.groups
15:30:44.875 [Test worker] DEBUG o.h.r.j.i.ResourceRegistryStandardImpl - HHH000387: ResultSet's statement was not registered
15:30:44.875 [Test worker] DEBUG o.h.l.c.p.AbstractLoadPlanBasedCollectionInitializer - Done loading collection
15:30:44.876 [Test worker] DEBUG o.h.l.c.p.AbstractLoadPlanBasedCollectionInitializer - Loading collection: [ru.stqa.pft.addressbook.model.ContactData.groups#105]
15:30:44.876 [Test worker] DEBUG org.hibernate.SQL - select groups0_.id as id1_0_0_, groups0_.group_id as group_id2_0_0_, groupdata1_.group_id as group_id1_2_1_, groupdata1_.group_footer as group_fo2_2_1_, groupdata1_.group_header as group_he3_2_1_, groupdata1_.group_name as group_na4_2_1_ from address_in_groups groups0_ inner join group_list groupdata1_ on groups0_.group_id=groupdata1_.group_id where groups0_.id=?
Hibernate: select groups0_.id as id1_0_0_, groups0_.group_id as group_id2_0_0_, groupdata1_.group_id as group_id1_2_1_, groupdata1_.group_footer as group_fo2_2_1_, groupdata1_.group_header as group_he3_2_1_, groupdata1_.group_name as group_na4_2_1_ from address_in_groups groups0_ inner join group_list groupdata1_ on groups0_.group_id=groupdata1_.group_id where groups0_.id=?
15:30:44.877 [Test worker] DEBUG o.h.l.p.e.p.i.ResultSetProcessorImpl - Preparing collection intializer : [ru.stqa.pft.addressbook.model.ContactData.groups#105]
15:30:44.877 [Test worker] DEBUG o.h.e.l.i.CollectionLoadContext - 1 collections were found in result set for role: ru.stqa.pft.addressbook.model.ContactData.groups
15:30:44.877 [Test worker] DEBUG o.h.e.l.i.CollectionLoadContext - Collection fully initialized: [ru.stqa.pft.addressbook.model.ContactData.groups#105]
15:30:44.877 [Test worker] DEBUG o.h.e.l.i.CollectionLoadContext - 1 collections initialized for role: ru.stqa.pft.addressbook.model.ContactData.groups
15:30:44.877 [Test worker] DEBUG o.h.r.j.i.ResourceRegistryStandardImpl - HHH000387: ResultSet's statement was not registered
15:30:44.877 [Test worker] DEBUG o.h.l.c.p.AbstractLoadPlanBasedCollectionInitializer - Done loading collection
15:30:44.877 [Test worker] DEBUG o.h.l.c.p.AbstractLoadPlanBasedCollectionInitializer - Loading collection: [ru.stqa.pft.addressbook.model.ContactData.groups#104]
15:30:44.877 [Test worker] DEBUG org.hibernate.SQL - select groups0_.id as id1_0_0_, groups0_.group_id as group_id2_0_0_, groupdata1_.group_id as group_id1_2_1_, groupdata1_.group_footer as group_fo2_2_1_, groupdata1_.group_header as group_he3_2_1_, groupdata1_.group_name as group_na4_2_1_ from address_in_groups groups0_ inner join group_list groupdata1_ on groups0_.group_id=groupdata1_.group_id where groups0_.id=?
Hibernate: select groups0_.id as id1_0_0_, groups0_.group_id as group_id2_0_0_, groupdata1_.group_id as group_id1_2_1_, groupdata1_.group_footer as group_fo2_2_1_, groupdata1_.group_header as group_he3_2_1_, groupdata1_.group_name as group_na4_2_1_ from address_in_groups groups0_ inner join group_list groupdata1_ on groups0_.group_id=groupdata1_.group_id where groups0_.id=?
15:30:44.878 [Test worker] DEBUG o.h.l.p.e.p.i.ResultSetProcessorImpl - Preparing collection intializer : [ru.stqa.pft.addressbook.model.ContactData.groups#104]
15:30:44.878 [Test worker] DEBUG o.h.e.l.i.CollectionLoadContext - 1 collections were found in result set for role: ru.stqa.pft.addressbook.model.ContactData.groups
15:30:44.878 [Test worker] DEBUG o.h.e.l.i.CollectionLoadContext - Collection fully initialized: [ru.stqa.pft.addressbook.model.ContactData.groups#104]
15:30:44.879 [Test worker] DEBUG o.h.e.l.i.CollectionLoadContext - 1 collections initialized for role: ru.stqa.pft.addressbook.model.ContactData.groups
15:30:44.879 [Test worker] DEBUG o.h.r.j.i.ResourceRegistryStandardImpl - HHH000387: ResultSet's statement was not registered
15:30:44.879 [Test worker] DEBUG o.h.l.c.p.AbstractLoadPlanBasedCollectionInitializer - Done loading collection
15:30:44.879 [Test worker] DEBUG o.h.l.c.p.AbstractLoadPlanBasedCollectionInitializer - Loading collection: [ru.stqa.pft.addressbook.model.ContactData.groups#103]
15:30:44.879 [Test worker] DEBUG org.hibernate.SQL - select groups0_.id as id1_0_0_, groups0_.group_id as group_id2_0_0_, groupdata1_.group_id as group_id1_2_1_, groupdata1_.group_footer as group_fo2_2_1_, groupdata1_.group_header as group_he3_2_1_, groupdata1_.group_name as group_na4_2_1_ from address_in_groups groups0_ inner join group_list groupdata1_ on groups0_.group_id=groupdata1_.group_id where groups0_.id=?
Hibernate: select groups0_.id as id1_0_0_, groups0_.group_id as group_id2_0_0_, groupdata1_.group_id as group_id1_2_1_, groupdata1_.group_footer as group_fo2_2_1_, groupdata1_.group_header as group_he3_2_1_, groupdata1_.group_name as group_na4_2_1_ from address_in_groups groups0_ inner join group_list groupdata1_ on groups0_.group_id=groupdata1_.group_id where groups0_.id=?
15:30:44.880 [Test worker] DEBUG o.h.l.p.e.p.i.ResultSetProcessorImpl - Preparing collection intializer : [ru.stqa.pft.addressbook.model.ContactData.groups#103]
15:30:44.880 [Test worker] DEBUG o.h.e.l.i.CollectionLoadContext - 1 collections were found in result set for role: ru.stqa.pft.addressbook.model.ContactData.groups
15:30:44.880 [Test worker] DEBUG o.h.e.l.i.CollectionLoadContext - Collection fully initialized: [ru.stqa.pft.addressbook.model.ContactData.groups#103]
15:30:44.880 [Test worker] DEBUG o.h.e.l.i.CollectionLoadContext - 1 collections initialized for role: ru.stqa.pft.addressbook.model.ContactData.groups
15:30:44.881 [Test worker] DEBUG o.h.r.j.i.ResourceRegistryStandardImpl - HHH000387: ResultSet's statement was not registered
15:30:44.881 [Test worker] DEBUG o.h.l.c.p.AbstractLoadPlanBasedCollectionInitializer - Done loading collection
15:30:44.881 [Test worker] DEBUG o.h.l.c.p.AbstractLoadPlanBasedCollectionInitializer - Loading collection: [ru.stqa.pft.addressbook.model.ContactData.groups#102]
15:30:44.881 [Test worker] DEBUG org.hibernate.SQL - select groups0_.id as id1_0_0_, groups0_.group_id as group_id2_0_0_, groupdata1_.group_id as group_id1_2_1_, groupdata1_.group_footer as group_fo2_2_1_, groupdata1_.group_header as group_he3_2_1_, groupdata1_.group_name as group_na4_2_1_ from address_in_groups groups0_ inner join group_list groupdata1_ on groups0_.group_id=groupdata1_.group_id where groups0_.id=?
Hibernate: select groups0_.id as id1_0_0_, groups0_.group_id as group_id2_0_0_, groupdata1_.group_id as group_id1_2_1_, groupdata1_.group_footer as group_fo2_2_1_, groupdata1_.group_header as group_he3_2_1_, groupdata1_.group_name as group_na4_2_1_ from address_in_groups groups0_ inner join group_list groupdata1_ on groups0_.group_id=groupdata1_.group_id where groups0_.id=?
15:30:44.882 [Test worker] DEBUG o.h.l.p.e.p.i.ResultSetProcessorImpl - Preparing collection intializer : [ru.stqa.pft.addressbook.model.ContactData.groups#102]
15:30:44.882 [Test worker] DEBUG o.h.e.l.i.CollectionLoadContext - 1 collections were found in result set for role: ru.stqa.pft.addressbook.model.ContactData.groups
15:30:44.882 [Test worker] DEBUG o.h.e.l.i.CollectionLoadContext - Collection fully initialized: [ru.stqa.pft.addressbook.model.ContactData.groups#102]
15:30:44.882 [Test worker] DEBUG o.h.e.l.i.CollectionLoadContext - 1 collections initialized for role: ru.stqa.pft.addressbook.model.ContactData.groups
15:30:44.882 [Test worker] DEBUG o.h.r.j.i.ResourceRegistryStandardImpl - HHH000387: ResultSet's statement was not registered
15:30:44.882 [Test worker] DEBUG o.h.l.c.p.AbstractLoadPlanBasedCollectionInitializer - Done loading collection
15:30:44.882 [Test worker] DEBUG o.h.l.c.p.AbstractLoadPlanBasedCollectionInitializer - Loading collection: [ru.stqa.pft.addressbook.model.ContactData.groups#99]
15:30:44.882 [Test worker] DEBUG org.hibernate.SQL - select groups0_.id as id1_0_0_, groups0_.group_id as group_id2_0_0_, groupdata1_.group_id as group_id1_2_1_, groupdata1_.group_footer as group_fo2_2_1_, groupdata1_.group_header as group_he3_2_1_, groupdata1_.group_name as group_na4_2_1_ from address_in_groups groups0_ inner join group_list groupdata1_ on groups0_.group_id=groupdata1_.group_id where groups0_.id=?
Hibernate: select groups0_.id as id1_0_0_, groups0_.group_id as group_id2_0_0_, groupdata1_.group_id as group_id1_2_1_, groupdata1_.group_footer as group_fo2_2_1_, groupdata1_.group_header as group_he3_2_1_, groupdata1_.group_name as group_na4_2_1_ from address_in_groups groups0_ inner join group_list groupdata1_ on groups0_.group_id=groupdata1_.group_id where groups0_.id=?
15:30:44.883 [Test worker] DEBUG o.h.l.p.e.p.i.ResultSetProcessorImpl - Preparing collection intializer : [ru.stqa.pft.addressbook.model.ContactData.groups#99]
15:30:44.883 [Test worker] DEBUG o.h.e.l.i.CollectionLoadContext - 1 collections were found in result set for role: ru.stqa.pft.addressbook.model.ContactData.groups
15:30:44.883 [Test worker] DEBUG o.h.e.l.i.CollectionLoadContext - Collection fully initialized: [ru.stqa.pft.addressbook.model.ContactData.groups#99]
15:30:44.883 [Test worker] DEBUG o.h.e.l.i.CollectionLoadContext - 1 collections initialized for role: ru.stqa.pft.addressbook.model.ContactData.groups
15:30:44.883 [Test worker] DEBUG o.h.r.j.i.ResourceRegistryStandardImpl - HHH000387: ResultSet's statement was not registered
15:30:44.884 [Test worker] DEBUG o.h.l.c.p.AbstractLoadPlanBasedCollectionInitializer - Done loading collection
15:30:44.884 [Test worker] DEBUG o.h.l.c.p.AbstractLoadPlanBasedCollectionInitializer - Loading collection: [ru.stqa.pft.addressbook.model.ContactData.groups#98]
15:30:44.884 [Test worker] DEBUG org.hibernate.SQL - select groups0_.id as id1_0_0_, groups0_.group_id as group_id2_0_0_, groupdata1_.group_id as group_id1_2_1_, groupdata1_.group_footer as group_fo2_2_1_, groupdata1_.group_header as group_he3_2_1_, groupdata1_.group_name as group_na4_2_1_ from address_in_groups groups0_ inner join group_list groupdata1_ on groups0_.group_id=groupdata1_.group_id where groups0_.id=?
Hibernate: select groups0_.id as id1_0_0_, groups0_.group_id as group_id2_0_0_, groupdata1_.group_id as group_id1_2_1_, groupdata1_.group_footer as group_fo2_2_1_, groupdata1_.group_header as group_he3_2_1_, groupdata1_.group_name as group_na4_2_1_ from address_in_groups groups0_ inner join group_list groupdata1_ on groups0_.group_id=groupdata1_.group_id where groups0_.id=?
15:30:44.885 [Test worker] DEBUG o.h.l.p.e.p.i.ResultSetProcessorImpl - Preparing collection intializer : [ru.stqa.pft.addressbook.model.ContactData.groups#98]
15:30:44.885 [Test worker] DEBUG o.h.e.l.i.CollectionLoadContext - 1 collections were found in result set for role: ru.stqa.pft.addressbook.model.ContactData.groups
15:30:44.885 [Test worker] DEBUG o.h.e.l.i.CollectionLoadContext - Collection fully initialized: [ru.stqa.pft.addressbook.model.ContactData.groups#98]
15:30:44.885 [Test worker] DEBUG o.h.e.l.i.CollectionLoadContext - 1 collections initialized for role: ru.stqa.pft.addressbook.model.ContactData.groups
15:30:44.885 [Test worker] DEBUG o.h.r.j.i.ResourceRegistryStandardImpl - HHH000387: ResultSet's statement was not registered
15:30:44.885 [Test worker] DEBUG o.h.l.c.p.AbstractLoadPlanBasedCollectionInitializer - Done loading collection
15:30:44.885 [Test worker] DEBUG o.h.l.c.p.AbstractLoadPlanBasedCollectionInitializer - Loading collection: [ru.stqa.pft.addressbook.model.ContactData.groups#87]
15:30:44.885 [Test worker] DEBUG org.hibernate.SQL - select groups0_.id as id1_0_0_, groups0_.group_id as group_id2_0_0_, groupdata1_.group_id as group_id1_2_1_, groupdata1_.group_footer as group_fo2_2_1_, groupdata1_.group_header as group_he3_2_1_, groupdata1_.group_name as group_na4_2_1_ from address_in_groups groups0_ inner join group_list groupdata1_ on groups0_.group_id=groupdata1_.group_id where groups0_.id=?
Hibernate: select groups0_.id as id1_0_0_, groups0_.group_id as group_id2_0_0_, groupdata1_.group_id as group_id1_2_1_, groupdata1_.group_footer as group_fo2_2_1_, groupdata1_.group_header as group_he3_2_1_, groupdata1_.group_name as group_na4_2_1_ from address_in_groups groups0_ inner join group_list groupdata1_ on groups0_.group_id=groupdata1_.group_id where groups0_.id=?
15:30:44.886 [Test worker] DEBUG o.h.l.p.e.p.i.ResultSetProcessorImpl - Preparing collection intializer : [ru.stqa.pft.addressbook.model.ContactData.groups#87]
15:30:44.887 [Test worker] DEBUG o.h.e.l.i.CollectionLoadContext - 1 collections were found in result set for role: ru.stqa.pft.addressbook.model.ContactData.groups
15:30:44.887 [Test worker] DEBUG o.h.e.l.i.CollectionLoadContext - Collection fully initialized: [ru.stqa.pft.addressbook.model.ContactData.groups#87]
15:30:44.887 [Test worker] DEBUG o.h.e.l.i.CollectionLoadContext - 1 collections initialized for role: ru.stqa.pft.addressbook.model.ContactData.groups
15:30:44.887 [Test worker] DEBUG o.h.r.j.i.ResourceRegistryStandardImpl - HHH000387: ResultSet's statement was not registered
15:30:44.887 [Test worker] DEBUG o.h.l.c.p.AbstractLoadPlanBasedCollectionInitializer - Done loading collection
15:30:44.887 [Test worker] DEBUG o.h.l.c.p.AbstractLoadPlanBasedCollectionInitializer - Loading collection: [ru.stqa.pft.addressbook.model.ContactData.groups#86]
15:30:44.887 [Test worker] DEBUG org.hibernate.SQL - select groups0_.id as id1_0_0_, groups0_.group_id as group_id2_0_0_, groupdata1_.group_id as group_id1_2_1_, groupdata1_.group_footer as group_fo2_2_1_, groupdata1_.group_header as group_he3_2_1_, groupdata1_.group_name as group_na4_2_1_ from address_in_groups groups0_ inner join group_list groupdata1_ on groups0_.group_id=groupdata1_.group_id where groups0_.id=?
Hibernate: select groups0_.id as id1_0_0_, groups0_.group_id as group_id2_0_0_, groupdata1_.group_id as group_id1_2_1_, groupdata1_.group_footer as group_fo2_2_1_, groupdata1_.group_header as group_he3_2_1_, groupdata1_.group_name as group_na4_2_1_ from address_in_groups groups0_ inner join group_list groupdata1_ on groups0_.group_id=groupdata1_.group_id where groups0_.id=?
15:30:44.888 [Test worker] DEBUG o.h.l.p.e.p.i.ResultSetProcessorImpl - Preparing collection intializer : [ru.stqa.pft.addressbook.model.ContactData.groups#86]
15:30:44.888 [Test worker] DEBUG o.h.e.l.i.CollectionLoadContext - 1 collections were found in result set for role: ru.stqa.pft.addressbook.model.ContactData.groups
15:30:44.888 [Test worker] DEBUG o.h.e.l.i.CollectionLoadContext - Collection fully initialized: [ru.stqa.pft.addressbook.model.ContactData.groups#86]
15:30:44.888 [Test worker] DEBUG o.h.e.l.i.CollectionLoadContext - 1 collections initialized for role: ru.stqa.pft.addressbook.model.ContactData.groups
15:30:44.888 [Test worker] DEBUG o.h.r.j.i.ResourceRegistryStandardImpl - HHH000387: ResultSet's statement was not registered
15:30:44.888 [Test worker] DEBUG o.h.l.c.p.AbstractLoadPlanBasedCollectionInitializer - Done loading collection
15:30:44.888 [Test worker] DEBUG o.h.e.t.internal.TransactionImpl - committing
15:30:44.888 [Test worker] DEBUG o.h.e.i.AbstractFlushingEventListener - Processing flush-time cascades
15:30:44.888 [Test worker] DEBUG o.h.e.i.AbstractFlushingEventListener - Dirty checking collections
15:30:44.888 [Test worker] DEBUG o.h.engine.internal.Collections - Collection found: [ru.stqa.pft.addressbook.model.ContactData.groups#86], was: [ru.stqa.pft.addressbook.model.ContactData.groups#86] (initialized)
15:30:44.888 [Test worker] DEBUG o.h.engine.internal.Collections - Collection found: [ru.stqa.pft.addressbook.model.ContactData.groups#87], was: [ru.stqa.pft.addressbook.model.ContactData.groups#87] (initialized)
15:30:44.889 [Test worker] DEBUG o.h.engine.internal.Collections - Collection found: [ru.stqa.pft.addressbook.model.ContactData.groups#98], was: [ru.stqa.pft.addressbook.model.ContactData.groups#98] (initialized)
15:30:44.889 [Test worker] DEBUG o.h.engine.internal.Collections - Collection found: [ru.stqa.pft.addressbook.model.ContactData.groups#99], was: [ru.stqa.pft.addressbook.model.ContactData.groups#99] (initialized)
15:30:44.889 [Test worker] DEBUG o.h.engine.internal.Collections - Collection found: [ru.stqa.pft.addressbook.model.ContactData.groups#102], was: [ru.stqa.pft.addressbook.model.ContactData.groups#102] (initialized)
15:30:44.889 [Test worker] DEBUG o.h.engine.internal.Collections - Collection found: [ru.stqa.pft.addressbook.model.ContactData.groups#103], was: [ru.stqa.pft.addressbook.model.ContactData.groups#103] (initialized)
15:30:44.889 [Test worker] DEBUG o.h.engine.internal.Collections - Collection found: [ru.stqa.pft.addressbook.model.ContactData.groups#104], was: [ru.stqa.pft.addressbook.model.ContactData.groups#104] (initialized)
15:30:44.889 [Test worker] DEBUG o.h.engine.internal.Collections - Collection found: [ru.stqa.pft.addressbook.model.ContactData.groups#105], was: [ru.stqa.pft.addressbook.model.ContactData.groups#105] (initialized)
15:30:44.889 [Test worker] DEBUG o.h.engine.internal.Collections - Collection found: [ru.stqa.pft.addressbook.model.ContactData.groups#106], was: [ru.stqa.pft.addressbook.model.ContactData.groups#106] (initialized)
15:30:44.889 [Test worker] DEBUG o.h.engine.internal.Collections - Collection found: [ru.stqa.pft.addressbook.model.ContactData.groups#107], was: [ru.stqa.pft.addressbook.model.ContactData.groups#107] (initialized)
15:30:44.889 [Test worker] DEBUG o.h.e.i.AbstractFlushingEventListener - Flushed: 0 insertions, 0 updates, 0 deletions to 10 objects
15:30:44.890 [Test worker] DEBUG o.h.e.i.AbstractFlushingEventListener - Flushed: 0 (re)creations, 0 updates, 0 removals to 10 collections
15:30:44.890 [Test worker] DEBUG o.h.internal.util.EntityPrinter - Listing entities:
15:30:44.890 [Test worker] DEBUG o.h.internal.util.EntityPrinter - ru.stqa.pft.addressbook.model.ContactData{firstname=Oksana, address=Saint-Petersburg, homephone=, mobilephone=, workphone=, groups=[], id=107, lastname=Grigoreva}
15:30:44.890 [Test worker] DEBUG o.h.internal.util.EntityPrinter - ru.stqa.pft.addressbook.model.ContactData{firstname=Oksana 0, address=Saint-Petersburg 0, homephone=, mobilephone=89112999959 0, workphone=, groups=[], id=98, lastname=Grigoreva 0}
15:30:44.890 [Test worker] DEBUG o.h.internal.util.EntityPrinter - ru.stqa.pft.addressbook.model.ContactData{firstname=Oksana 1, address=Saint-Petersburg 1, homephone=, mobilephone=89112999959 1, workphone=, groups=[], id=99, lastname=Grigoreva 1}
15:30:44.890 [Test worker] DEBUG o.h.internal.util.EntityPrinter - ru.stqa.pft.addressbook.model.ContactData{firstname=Oksana 0, address=Saint-Petersburg 0, homephone=, mobilephone=89112999959 0, workphone=, groups=[], id=86, lastname=Grigoreva 0}
15:30:44.890 [Test worker] DEBUG o.h.internal.util.EntityPrinter - ru.stqa.pft.addressbook.model.ContactData{firstname=Oksana 1, address=Saint-Petersburg 1, homephone=, mobilephone=89112999959 1, workphone=, groups=[], id=102, lastname=Grigoreva 1}
15:30:44.890 [Test worker] DEBUG o.h.internal.util.EntityPrinter - ru.stqa.pft.addressbook.model.ContactData{firstname=Oksana 1, address=Saint-Petersburg 1, homephone=, mobilephone=89112999959 1, workphone=, groups=[], id=87, lastname=Grigoreva 1}
15:30:44.890 [Test worker] DEBUG o.h.internal.util.EntityPrinter - ru.stqa.pft.addressbook.model.ContactData{firstname=Oksana 2, address=Saint-Petersburg 2, homephone=, mobilephone=89112999959 2, workphone=, groups=[], id=103, lastname=Grigoreva 2}
15:30:44.890 [Test worker] DEBUG o.h.internal.util.EntityPrinter - ru.stqa.pft.addressbook.model.ContactData{firstname=123, address=, homephone=, mobilephone=, workphone=, groups=[], id=104, lastname=123}
15:30:44.890 [Test worker] DEBUG o.h.internal.util.EntityPrinter - ru.stqa.pft.addressbook.model.ContactData{firstname=Oksana, address=Saint-Petersburg, homephone=, mobilephone=, workphone=, groups=[], id=105, lastname=Grigoreva}
15:30:44.890 [Test worker] DEBUG o.h.internal.util.EntityPrinter - ru.stqa.pft.addressbook.model.ContactData{firstname=Oksana, address=Saint-Petersburg, homephone=, mobilephone=, workphone=, groups=[], id=106, lastname=Grigoreva}
15:30:44.891 [Test worker] DEBUG o.h.e.t.internal.TransactionImpl - begin
15:30:44.891 [Test worker] DEBUG org.hibernate.SQL - select groupdata0_.group_id as group_id1_2_, groupdata0_.group_footer as group_fo2_2_, groupdata0_.group_header as group_he3_2_, groupdata0_.group_name as group_na4_2_ from group_list groupdata0_ where deprecated='0000-00-00'
Hibernate: select groupdata0_.group_id as group_id1_2_, groupdata0_.group_footer as group_fo2_2_, groupdata0_.group_header as group_he3_2_, groupdata0_.group_name as group_na4_2_ from group_list groupdata0_ where deprecated='0000-00-00'
15:30:44.892 [Test worker] DEBUG org.hibernate.loader.Loader - Result set row: 0
15:30:44.892 [Test worker] DEBUG org.hibernate.loader.Loader - Result row: EntityKey[ru.stqa.pft.addressbook.model.GroupData#44]
15:30:44.892 [Test worker] DEBUG org.hibernate.loader.Loader - Result set row: 1
15:30:44.893 [Test worker] DEBUG org.hibernate.loader.Loader - Result row: EntityKey[ru.stqa.pft.addressbook.model.GroupData#48]
15:30:44.893 [Test worker] DEBUG org.hibernate.loader.Loader - Result set row: 2
15:30:44.893 [Test worker] DEBUG org.hibernate.loader.Loader - Result row: EntityKey[ru.stqa.pft.addressbook.model.GroupData#52]
15:30:44.893 [Test worker] DEBUG org.hibernate.loader.Loader - Result set row: 3
15:30:44.893 [Test worker] DEBUG org.hibernate.loader.Loader - Result row: EntityKey[ru.stqa.pft.addressbook.model.GroupData#54]
15:30:44.893 [Test worker] DEBUG o.h.engine.internal.TwoPhaseLoad - Resolving associations for [ru.stqa.pft.addressbook.model.GroupData#44]
15:30:44.893 [Test worker] DEBUG o.h.engine.internal.TwoPhaseLoad - Done materializing entity [ru.stqa.pft.addressbook.model.GroupData#44]
15:30:44.893 [Test worker] DEBUG o.h.engine.internal.TwoPhaseLoad - Resolving associations for [ru.stqa.pft.addressbook.model.GroupData#48]
15:30:44.893 [Test worker] DEBUG o.h.engine.internal.TwoPhaseLoad - Done materializing entity [ru.stqa.pft.addressbook.model.GroupData#48]
15:30:44.893 [Test worker] DEBUG o.h.engine.internal.TwoPhaseLoad - Resolving associations for [ru.stqa.pft.addressbook.model.GroupData#52]
15:30:44.894 [Test worker] DEBUG o.h.engine.internal.TwoPhaseLoad - Done materializing entity [ru.stqa.pft.addressbook.model.GroupData#52]
15:30:44.894 [Test worker] DEBUG o.h.engine.internal.TwoPhaseLoad - Resolving associations for [ru.stqa.pft.addressbook.model.GroupData#54]
15:30:44.894 [Test worker] DEBUG o.h.engine.internal.TwoPhaseLoad - Done materializing entity [ru.stqa.pft.addressbook.model.GroupData#54]
15:30:44.894 [Test worker] DEBUG o.h.l.c.p.AbstractLoadPlanBasedCollectionInitializer - Loading collection: [ru.stqa.pft.addressbook.model.GroupData.contacts#54]
15:30:44.894 [Test worker] DEBUG org.hibernate.SQL - select contacts0_.group_id as group_id2_0_0_, contacts0_.id as id1_0_0_, contactdat1_.id as id1_1_1_, contactdat1_.address as address2_1_1_, contactdat1_.firstname as firstnam3_1_1_, contactdat1_.home as home4_1_1_, contactdat1_.lastname as lastname5_1_1_, contactdat1_.mobile as mobile6_1_1_, contactdat1_.work as work7_1_1_ from address_in_groups contacts0_ inner join addressbook contactdat1_ on contacts0_.id=contactdat1_.id where contacts0_.group_id=?
Hibernate: select contacts0_.group_id as group_id2_0_0_, contacts0_.id as id1_0_0_, contactdat1_.id as id1_1_1_, contactdat1_.address as address2_1_1_, contactdat1_.firstname as firstnam3_1_1_, contactdat1_.home as home4_1_1_, contactdat1_.lastname as lastname5_1_1_, contactdat1_.mobile as mobile6_1_1_, contactdat1_.work as work7_1_1_ from address_in_groups contacts0_ inner join addressbook contactdat1_ on contacts0_.id=contactdat1_.id where contacts0_.group_id=?
15:30:44.895 [Test worker] DEBUG o.h.l.p.e.p.i.ResultSetProcessorImpl - Preparing collection intializer : [ru.stqa.pft.addressbook.model.GroupData.contacts#54]
15:30:44.895 [Test worker] DEBUG o.h.e.l.i.CollectionLoadContext - 1 collections were found in result set for role: ru.stqa.pft.addressbook.model.GroupData.contacts
15:30:44.895 [Test worker] DEBUG o.h.e.l.i.CollectionLoadContext - Collection fully initialized: [ru.stqa.pft.addressbook.model.GroupData.contacts#54]
15:30:44.895 [Test worker] DEBUG o.h.e.l.i.CollectionLoadContext - 1 collections initialized for role: ru.stqa.pft.addressbook.model.GroupData.contacts
15:30:44.895 [Test worker] DEBUG o.h.r.j.i.ResourceRegistryStandardImpl - HHH000387: ResultSet's statement was not registered
15:30:44.895 [Test worker] DEBUG o.h.l.c.p.AbstractLoadPlanBasedCollectionInitializer - Done loading collection
15:30:44.896 [Test worker] DEBUG o.h.l.c.p.AbstractLoadPlanBasedCollectionInitializer - Loading collection: [ru.stqa.pft.addressbook.model.GroupData.contacts#52]
15:30:44.896 [Test worker] DEBUG org.hibernate.SQL - select contacts0_.group_id as group_id2_0_0_, contacts0_.id as id1_0_0_, contactdat1_.id as id1_1_1_, contactdat1_.address as address2_1_1_, contactdat1_.firstname as firstnam3_1_1_, contactdat1_.home as home4_1_1_, contactdat1_.lastname as lastname5_1_1_, contactdat1_.mobile as mobile6_1_1_, contactdat1_.work as work7_1_1_ from address_in_groups contacts0_ inner join addressbook contactdat1_ on contacts0_.id=contactdat1_.id where contacts0_.group_id=?
Hibernate: select contacts0_.group_id as group_id2_0_0_, contacts0_.id as id1_0_0_, contactdat1_.id as id1_1_1_, contactdat1_.address as address2_1_1_, contactdat1_.firstname as firstnam3_1_1_, contactdat1_.home as home4_1_1_, contactdat1_.lastname as lastname5_1_1_, contactdat1_.mobile as mobile6_1_1_, contactdat1_.work as work7_1_1_ from address_in_groups contacts0_ inner join addressbook contactdat1_ on contacts0_.id=contactdat1_.id where contacts0_.group_id=?
15:30:44.897 [Test worker] DEBUG o.h.l.p.e.p.i.ResultSetProcessorImpl - Preparing collection intializer : [ru.stqa.pft.addressbook.model.GroupData.contacts#52]
15:30:44.897 [Test worker] DEBUG o.h.e.l.i.CollectionLoadContext - 1 collections were found in result set for role: ru.stqa.pft.addressbook.model.GroupData.contacts
15:30:44.897 [Test worker] DEBUG o.h.e.l.i.CollectionLoadContext - Collection fully initialized: [ru.stqa.pft.addressbook.model.GroupData.contacts#52]
15:30:44.897 [Test worker] DEBUG o.h.e.l.i.CollectionLoadContext - 1 collections initialized for role: ru.stqa.pft.addressbook.model.GroupData.contacts
15:30:44.897 [Test worker] DEBUG o.h.r.j.i.ResourceRegistryStandardImpl - HHH000387: ResultSet's statement was not registered
15:30:44.897 [Test worker] DEBUG o.h.l.c.p.AbstractLoadPlanBasedCollectionInitializer - Done loading collection
15:30:44.897 [Test worker] DEBUG o.h.l.c.p.AbstractLoadPlanBasedCollectionInitializer - Loading collection: [ru.stqa.pft.addressbook.model.GroupData.contacts#48]
15:30:44.897 [Test worker] DEBUG org.hibernate.SQL - select contacts0_.group_id as group_id2_0_0_, contacts0_.id as id1_0_0_, contactdat1_.id as id1_1_1_, contactdat1_.address as address2_1_1_, contactdat1_.firstname as firstnam3_1_1_, contactdat1_.home as home4_1_1_, contactdat1_.lastname as lastname5_1_1_, contactdat1_.mobile as mobile6_1_1_, contactdat1_.work as work7_1_1_ from address_in_groups contacts0_ inner join addressbook contactdat1_ on contacts0_.id=contactdat1_.id where contacts0_.group_id=?
Hibernate: select contacts0_.group_id as group_id2_0_0_, contacts0_.id as id1_0_0_, contactdat1_.id as id1_1_1_, contactdat1_.address as address2_1_1_, contactdat1_.firstname as firstnam3_1_1_, contactdat1_.home as home4_1_1_, contactdat1_.lastname as lastname5_1_1_, contactdat1_.mobile as mobile6_1_1_, contactdat1_.work as work7_1_1_ from address_in_groups contacts0_ inner join addressbook contactdat1_ on contacts0_.id=contactdat1_.id where contacts0_.group_id=?
15:30:44.898 [Test worker] DEBUG o.h.l.p.e.p.i.ResultSetProcessorImpl - Preparing collection intializer : [ru.stqa.pft.addressbook.model.GroupData.contacts#48]
15:30:44.898 [Test worker] DEBUG o.h.e.l.i.CollectionLoadContext - 1 collections were found in result set for role: ru.stqa.pft.addressbook.model.GroupData.contacts
15:30:44.898 [Test worker] DEBUG o.h.e.l.i.CollectionLoadContext - Collection fully initialized: [ru.stqa.pft.addressbook.model.GroupData.contacts#48]
15:30:44.899 [Test worker] DEBUG o.h.e.l.i.CollectionLoadContext - 1 collections initialized for role: ru.stqa.pft.addressbook.model.GroupData.contacts
15:30:44.899 [Test worker] DEBUG o.h.r.j.i.ResourceRegistryStandardImpl - HHH000387: ResultSet's statement was not registered
15:30:44.899 [Test worker] DEBUG o.h.l.c.p.AbstractLoadPlanBasedCollectionInitializer - Done loading collection
15:30:44.899 [Test worker] DEBUG o.h.l.c.p.AbstractLoadPlanBasedCollectionInitializer - Loading collection: [ru.stqa.pft.addressbook.model.GroupData.contacts#44]
15:30:44.899 [Test worker] DEBUG org.hibernate.SQL - select contacts0_.group_id as group_id2_0_0_, contacts0_.id as id1_0_0_, contactdat1_.id as id1_1_1_, contactdat1_.address as address2_1_1_, contactdat1_.firstname as firstnam3_1_1_, contactdat1_.home as home4_1_1_, contactdat1_.lastname as lastname5_1_1_, contactdat1_.mobile as mobile6_1_1_, contactdat1_.work as work7_1_1_ from address_in_groups contacts0_ inner join addressbook contactdat1_ on contacts0_.id=contactdat1_.id where contacts0_.group_id=?
Hibernate: select contacts0_.group_id as group_id2_0_0_, contacts0_.id as id1_0_0_, contactdat1_.id as id1_1_1_, contactdat1_.address as address2_1_1_, contactdat1_.firstname as firstnam3_1_1_, contactdat1_.home as home4_1_1_, contactdat1_.lastname as lastname5_1_1_, contactdat1_.mobile as mobile6_1_1_, contactdat1_.work as work7_1_1_ from address_in_groups contacts0_ inner join addressbook contactdat1_ on contacts0_.id=contactdat1_.id where contacts0_.group_id=?
15:30:44.900 [Test worker] DEBUG o.h.l.p.e.p.i.ResultSetProcessorImpl - Preparing collection intializer : [ru.stqa.pft.addressbook.model.GroupData.contacts#44]
15:30:44.900 [Test worker] DEBUG o.h.e.l.i.CollectionLoadContext - 1 collections were found in result set for role: ru.stqa.pft.addressbook.model.GroupData.contacts
15:30:44.900 [Test worker] DEBUG o.h.e.l.i.CollectionLoadContext - Collection fully initialized: [ru.stqa.pft.addressbook.model.GroupData.contacts#44]
15:30:44.900 [Test worker] DEBUG o.h.e.l.i.CollectionLoadContext - 1 collections initialized for role: ru.stqa.pft.addressbook.model.GroupData.contacts
15:30:44.900 [Test worker] DEBUG o.h.r.j.i.ResourceRegistryStandardImpl - HHH000387: ResultSet's statement was not registered
15:30:44.900 [Test worker] DEBUG o.h.l.c.p.AbstractLoadPlanBasedCollectionInitializer - Done loading collection
15:30:44.900 [Test worker] DEBUG o.h.e.t.internal.TransactionImpl - committing
15:30:44.900 [Test worker] DEBUG o.h.e.i.AbstractFlushingEventListener - Processing flush-time cascades
15:30:44.900 [Test worker] DEBUG o.h.e.i.AbstractFlushingEventListener - Dirty checking collections
15:30:44.901 [Test worker] DEBUG o.h.engine.internal.Collections - Collection found: [ru.stqa.pft.addressbook.model.GroupData.contacts#44], was: [ru.stqa.pft.addressbook.model.GroupData.contacts#44] (initialized)
15:30:44.901 [Test worker] DEBUG o.h.engine.internal.Collections - Collection found: [ru.stqa.pft.addressbook.model.GroupData.contacts#48], was: [ru.stqa.pft.addressbook.model.GroupData.contacts#48] (initialized)
15:30:44.901 [Test worker] DEBUG o.h.engine.internal.Collections - Collection found: [ru.stqa.pft.addressbook.model.GroupData.contacts#52], was: [ru.stqa.pft.addressbook.model.GroupData.contacts#52] (initialized)
15:30:44.901 [Test worker] DEBUG o.h.engine.internal.Collections - Collection found: [ru.stqa.pft.addressbook.model.GroupData.contacts#54], was: [ru.stqa.pft.addressbook.model.GroupData.contacts#54] (initialized)
15:30:44.901 [Test worker] DEBUG o.h.e.i.AbstractFlushingEventListener - Flushed: 0 insertions, 0 updates, 0 deletions to 4 objects
15:30:44.901 [Test worker] DEBUG o.h.e.i.AbstractFlushingEventListener - Flushed: 0 (re)creations, 0 updates, 0 removals to 4 collections
15:30:44.901 [Test worker] DEBUG o.h.internal.util.EntityPrinter - Listing entities:
15:30:44.901 [Test worker] DEBUG o.h.internal.util.EntityPrinter - ru.stqa.pft.addressbook.model.GroupData{footer=test2, name=the first, header=test1, id=44, contacts=[]}
15:30:44.901 [Test worker] DEBUG o.h.internal.util.EntityPrinter - ru.stqa.pft.addressbook.model.GroupData{footer=footer 0, name=test 0, header=header 0, id=52, contacts=[]}
15:30:44.901 [Test worker] DEBUG o.h.internal.util.EntityPrinter - ru.stqa.pft.addressbook.model.GroupData{footer=footer 2, name=test 2, header=header 2, id=54, contacts=[]}
15:30:44.901 [Test worker] DEBUG o.h.internal.util.EntityPrinter - ru.stqa.pft.addressbook.model.GroupData{footer=footer3, name=test3, header=header3, id=48, contacts=[]}
15:30:45.538 [Test worker] DEBUG o.h.e.t.internal.TransactionImpl - begin
15:30:45.539 [Test worker] DEBUG o.h.h.i.ast.QueryTranslatorImpl - parse() - HQL: from ru.stqa.pft.addressbook.model.GroupData where id=44
15:30:45.540 [Test worker] DEBUG o.h.h.i.ast.QueryTranslatorImpl - --- HQL AST ---
 \-[QUERY] Node: 'query'
    +-[SELECT_FROM] Node: 'SELECT_FROM'
    |  \-[FROM] Node: 'from'
    |     \-[RANGE] Node: 'RANGE'
    |        \-[DOT] Node: '.'
    |           +-[DOT] Node: '.'
    |           |  +-[DOT] Node: '.'
    |           |  |  +-[DOT] Node: '.'
    |           |  |  |  +-[DOT] Node: '.'
    |           |  |  |  |  +-[IDENT] Node: 'ru'
    |           |  |  |  |  \-[IDENT] Node: 'stqa'
    |           |  |  |  \-[IDENT] Node: 'pft'
    |           |  |  \-[IDENT] Node: 'addressbook'
    |           |  \-[IDENT] Node: 'model'
    |           \-[IDENT] Node: 'GroupData'
    \-[WHERE] Node: 'where'
       \-[EQ] Node: '='
          +-[IDENT] Node: 'id'
          \-[NUM_INT] Node: '44'

15:30:45.540 [Test worker] DEBUG o.h.hql.internal.ast.ErrorCounter - throwQueryException() : no errors
15:30:45.540 [Test worker] DEBUG o.h.h.i.antlr.HqlSqlBaseWalker - select << begin [level=1, statement=select]
15:30:45.541 [Test worker] DEBUG o.h.h.internal.ast.tree.FromElement - FromClause{level=1} : ru.stqa.pft.addressbook.model.GroupData (<no alias>) -> groupdata0_
15:30:45.541 [Test worker] DEBUG o.h.h.i.ast.tree.FromReferenceNode - Resolved : {synthetic-alias} -> {synthetic-alias}
15:30:45.542 [Test worker] DEBUG o.h.hql.internal.ast.tree.DotNode - getDataType() : id -> org.hibernate.type.IntegerType@6a31753e
15:30:45.543 [Test worker] DEBUG o.h.h.i.ast.tree.FromReferenceNode - Resolved : {synthetic-alias}.id -> groupdata0_.group_id
15:30:45.543 [Test worker] DEBUG o.h.h.i.antlr.HqlSqlBaseWalker - select : finishing up [level=1, statement=select]
15:30:45.544 [Test worker] DEBUG o.h.hql.internal.ast.HqlSqlWalker - processQuery() :  ( SELECT ( FromClause{level=1} group_list groupdata0_ ) ( where ( = ( groupdata0_.group_id {synthetic-alias} id ) 44 ) ) )
15:30:45.544 [Test worker] DEBUG o.h.hql.internal.ast.HqlSqlWalker - Derived SELECT clause created.
15:30:45.544 [Test worker] DEBUG o.h.h.i.ast.util.JoinProcessor - Using FROM fragment [group_list groupdata0_]
15:30:45.544 [Test worker] DEBUG o.h.h.i.antlr.HqlSqlBaseWalker - select >> end [level=1, statement=select]
15:30:45.545 [Test worker] DEBUG o.h.h.i.ast.QueryTranslatorImpl - --- SQL AST ---
 \-[SELECT] QueryNode: 'SELECT'  querySpaces (group_list)
    +-[SELECT_CLAUSE] SelectClause: '{derived select clause}'
    |  +-[SELECT_EXPR] SelectExpressionImpl: 'groupdata0_.group_id as group_id1_2_' {FromElement{explicit,not a collection join,not a fetch join,fetch non-lazy properties,classAlias=null,role=null,tableName=group_list,tableAlias=groupdata0_,origin=null,columns={,className=ru.stqa.pft.addressbook.model.GroupData}}}
    |  \-[SQL_TOKEN] SqlFragment: 'groupdata0_.group_footer as group_fo2_2_, groupdata0_.group_header as group_he3_2_, groupdata0_.group_name as group_na4_2_'
    +-[FROM] FromClause: 'from' FromClause{level=1, fromElementCounter=1, fromElements=1, fromElementByClassAlias=[], fromElementByTableAlias=[groupdata0_], fromElementsByPath=[], collectionJoinFromElementsByPath=[], impliedElements=[]}
    |  \-[FROM_FRAGMENT] FromElement: 'group_list groupdata0_' FromElement{explicit,not a collection join,not a fetch join,fetch non-lazy properties,classAlias=null,role=null,tableName=group_list,tableAlias=groupdata0_,origin=null,columns={,className=ru.stqa.pft.addressbook.model.GroupData}}
    \-[WHERE] SqlNode: 'where'
       \-[EQ] BinaryLogicOperatorNode: '='
          +-[DOT] DotNode: 'groupdata0_.group_id' {propertyName=id,dereferenceType=PRIMITIVE,getPropertyPath=id,path={synthetic-alias}.id,tableAlias=groupdata0_,className=ru.stqa.pft.addressbook.model.GroupData,classAlias=null}
          |  +-[IDENT] IdentNode: '{synthetic-alias}' {originalText={synthetic-alias}}
          |  \-[IDENT] IdentNode: 'id' {originalText=id}
          \-[NUM_INT] LiteralNode: '44'

15:30:45.545 [Test worker] DEBUG o.h.hql.internal.ast.ErrorCounter - throwQueryException() : no errors
15:30:45.545 [Test worker] DEBUG o.h.h.i.ast.QueryTranslatorImpl - HQL: from ru.stqa.pft.addressbook.model.GroupData where id=44
15:30:45.545 [Test worker] DEBUG o.h.h.i.ast.QueryTranslatorImpl - SQL: select groupdata0_.group_id as group_id1_2_, groupdata0_.group_footer as group_fo2_2_, groupdata0_.group_header as group_he3_2_, groupdata0_.group_name as group_na4_2_ from group_list groupdata0_ where groupdata0_.group_id=44
15:30:45.545 [Test worker] DEBUG o.h.hql.internal.ast.ErrorCounter - throwQueryException() : no errors
15:30:45.546 [Test worker] DEBUG org.hibernate.SQL - select groupdata0_.group_id as group_id1_2_, groupdata0_.group_footer as group_fo2_2_, groupdata0_.group_header as group_he3_2_, groupdata0_.group_name as group_na4_2_ from group_list groupdata0_ where groupdata0_.group_id=44
Hibernate: select groupdata0_.group_id as group_id1_2_, groupdata0_.group_footer as group_fo2_2_, groupdata0_.group_header as group_he3_2_, groupdata0_.group_name as group_na4_2_ from group_list groupdata0_ where groupdata0_.group_id=44
15:30:45.547 [Test worker] DEBUG org.hibernate.loader.Loader - Result set row: 0
15:30:45.547 [Test worker] DEBUG org.hibernate.loader.Loader - Result row: EntityKey[ru.stqa.pft.addressbook.model.GroupData#44]
15:30:45.547 [Test worker] DEBUG o.h.engine.internal.TwoPhaseLoad - Resolving associations for [ru.stqa.pft.addressbook.model.GroupData#44]
15:30:45.548 [Test worker] DEBUG o.h.engine.internal.TwoPhaseLoad - Done materializing entity [ru.stqa.pft.addressbook.model.GroupData#44]
15:30:45.548 [Test worker] DEBUG o.h.l.c.p.AbstractLoadPlanBasedCollectionInitializer - Loading collection: [ru.stqa.pft.addressbook.model.GroupData.contacts#44]
15:30:45.548 [Test worker] DEBUG org.hibernate.SQL - select contacts0_.group_id as group_id2_0_0_, contacts0_.id as id1_0_0_, contactdat1_.id as id1_1_1_, contactdat1_.address as address2_1_1_, contactdat1_.firstname as firstnam3_1_1_, contactdat1_.home as home4_1_1_, contactdat1_.lastname as lastname5_1_1_, contactdat1_.mobile as mobile6_1_1_, contactdat1_.work as work7_1_1_ from address_in_groups contacts0_ inner join addressbook contactdat1_ on contacts0_.id=contactdat1_.id where contacts0_.group_id=?
Hibernate: select contacts0_.group_id as group_id2_0_0_, contacts0_.id as id1_0_0_, contactdat1_.id as id1_1_1_, contactdat1_.address as address2_1_1_, contactdat1_.firstname as firstnam3_1_1_, contactdat1_.home as home4_1_1_, contactdat1_.lastname as lastname5_1_1_, contactdat1_.mobile as mobile6_1_1_, contactdat1_.work as work7_1_1_ from address_in_groups contacts0_ inner join addressbook contactdat1_ on contacts0_.id=contactdat1_.id where contacts0_.group_id=?
15:30:45.549 [Test worker] DEBUG o.h.l.p.e.p.i.ResultSetProcessorImpl - Preparing collection intializer : [ru.stqa.pft.addressbook.model.GroupData.contacts#44]
15:30:45.550 [Test worker] DEBUG o.h.l.p.e.p.i.ResultSetProcessorImpl - Starting ResultSet row #0
15:30:45.552 [Test worker] DEBUG o.h.l.p.e.p.i.CollectionReferenceInitializerImpl - Found row of collection: [ru.stqa.pft.addressbook.model.GroupData.contacts#44]
15:30:45.555 [Test worker] DEBUG o.h.engine.internal.TwoPhaseLoad - Resolving associations for [ru.stqa.pft.addressbook.model.ContactData#98]
15:30:45.555 [Test worker] DEBUG o.h.engine.internal.TwoPhaseLoad - Done materializing entity [ru.stqa.pft.addressbook.model.ContactData#98]
15:30:45.555 [Test worker] DEBUG o.h.e.l.i.CollectionLoadContext - 1 collections were found in result set for role: ru.stqa.pft.addressbook.model.GroupData.contacts
15:30:45.555 [Test worker] DEBUG o.h.e.l.i.CollectionLoadContext - Collection fully initialized: [ru.stqa.pft.addressbook.model.GroupData.contacts#44]
15:30:45.556 [Test worker] DEBUG o.h.e.l.i.CollectionLoadContext - 1 collections initialized for role: ru.stqa.pft.addressbook.model.GroupData.contacts
15:30:45.556 [Test worker] DEBUG o.h.r.j.i.ResourceRegistryStandardImpl - HHH000387: ResultSet's statement was not registered
15:30:45.556 [Test worker] DEBUG o.h.l.c.p.AbstractLoadPlanBasedCollectionInitializer - Done loading collection
15:30:45.556 [Test worker] DEBUG o.h.l.c.p.AbstractLoadPlanBasedCollectionInitializer - Loading collection: [ru.stqa.pft.addressbook.model.ContactData.groups#98]
15:30:45.556 [Test worker] DEBUG org.hibernate.SQL - select groups0_.id as id1_0_0_, groups0_.group_id as group_id2_0_0_, groupdata1_.group_id as group_id1_2_1_, groupdata1_.group_footer as group_fo2_2_1_, groupdata1_.group_header as group_he3_2_1_, groupdata1_.group_name as group_na4_2_1_ from address_in_groups groups0_ inner join group_list groupdata1_ on groups0_.group_id=groupdata1_.group_id where groups0_.id=?
Hibernate: select groups0_.id as id1_0_0_, groups0_.group_id as group_id2_0_0_, groupdata1_.group_id as group_id1_2_1_, groupdata1_.group_footer as group_fo2_2_1_, groupdata1_.group_header as group_he3_2_1_, groupdata1_.group_name as group_na4_2_1_ from address_in_groups groups0_ inner join group_list groupdata1_ on groups0_.group_id=groupdata1_.group_id where groups0_.id=?
15:30:45.557 [Test worker] DEBUG o.h.l.p.e.p.i.ResultSetProcessorImpl - Preparing collection intializer : [ru.stqa.pft.addressbook.model.ContactData.groups#98]
15:30:45.557 [Test worker] DEBUG o.h.l.p.e.p.i.ResultSetProcessorImpl - Starting ResultSet row #0
15:30:45.557 [Test worker] DEBUG o.h.l.p.e.p.i.CollectionReferenceInitializerImpl - Found row of collection: [ru.stqa.pft.addressbook.model.ContactData.groups#98]
15:30:45.557 [Test worker] DEBUG o.h.e.l.i.CollectionLoadContext - 1 collections were found in result set for role: ru.stqa.pft.addressbook.model.ContactData.groups
15:30:45.557 [Test worker] DEBUG o.h.e.l.i.CollectionLoadContext - Collection fully initialized: [ru.stqa.pft.addressbook.model.ContactData.groups#98]
15:30:45.557 [Test worker] DEBUG o.h.e.l.i.CollectionLoadContext - 1 collections initialized for role: ru.stqa.pft.addressbook.model.ContactData.groups
15:30:45.557 [Test worker] DEBUG o.h.r.j.i.ResourceRegistryStandardImpl - HHH000387: ResultSet's statement was not registered
15:30:45.557 [Test worker] DEBUG o.h.l.c.p.AbstractLoadPlanBasedCollectionInitializer - Done loading collection
15:30:45.557 [Test worker] DEBUG o.h.e.t.internal.TransactionImpl - committing
15:30:45.557 [Test worker] DEBUG o.h.e.i.AbstractFlushingEventListener - Processing flush-time cascades
15:30:45.557 [Test worker] DEBUG o.h.e.i.AbstractFlushingEventListener - Dirty checking collections
15:30:45.557 [Test worker] DEBUG o.h.engine.internal.Collections - Collection found: [ru.stqa.pft.addressbook.model.GroupData.contacts#44], was: [ru.stqa.pft.addressbook.model.GroupData.contacts#44] (initialized)
15:30:45.558 [Test worker] DEBUG o.h.engine.internal.Collections - Collection found: [ru.stqa.pft.addressbook.model.ContactData.groups#98], was: [ru.stqa.pft.addressbook.model.ContactData.groups#98] (initialized)
15:30:45.558 [Test worker] DEBUG o.h.e.i.AbstractFlushingEventListener - Flushed: 0 insertions, 0 updates, 0 deletions to 2 objects
15:30:45.558 [Test worker] DEBUG o.h.e.i.AbstractFlushingEventListener - Flushed: 0 (re)creations, 0 updates, 0 removals to 2 collections
15:30:45.558 [Test worker] DEBUG o.h.internal.util.EntityPrinter - Listing entities:
15:30:45.558 [Test worker] DEBUG o.h.internal.util.EntityPrinter - ru.stqa.pft.addressbook.model.GroupData{footer=test2, name=the first, header=test1, id=44, contacts=[ru.stqa.pft.addressbook.model.ContactData#98]}
15:30:45.558 [Test worker] DEBUG o.h.internal.util.EntityPrinter - ru.stqa.pft.addressbook.model.ContactData{firstname=Oksana 0, address=Saint-Petersburg 0, homephone=, mobilephone=89112999959 0, workphone=, groups=[ru.stqa.pft.addressbook.model.GroupData#44], id=98, lastname=Grigoreva 0}
15:30:46.137 [Test worker] DEBUG o.h.e.t.internal.TransactionImpl - begin
15:30:46.137 [Test worker] DEBUG org.hibernate.SQL - select groupdata0_.group_id as group_id1_2_, groupdata0_.group_footer as group_fo2_2_, groupdata0_.group_header as group_he3_2_, groupdata0_.group_name as group_na4_2_ from group_list groupdata0_ where groupdata0_.group_id=44
Hibernate: select groupdata0_.group_id as group_id1_2_, groupdata0_.group_footer as group_fo2_2_, groupdata0_.group_header as group_he3_2_, groupdata0_.group_name as group_na4_2_ from group_list groupdata0_ where groupdata0_.group_id=44
15:30:46.138 [Test worker] DEBUG org.hibernate.loader.Loader - Result set row: 0
15:30:46.138 [Test worker] DEBUG org.hibernate.loader.Loader - Result row: EntityKey[ru.stqa.pft.addressbook.model.GroupData#44]
15:30:46.139 [Test worker] DEBUG o.h.engine.internal.TwoPhaseLoad - Resolving associations for [ru.stqa.pft.addressbook.model.GroupData#44]
15:30:46.139 [Test worker] DEBUG o.h.engine.internal.TwoPhaseLoad - Done materializing entity [ru.stqa.pft.addressbook.model.GroupData#44]
15:30:46.139 [Test worker] DEBUG o.h.l.c.p.AbstractLoadPlanBasedCollectionInitializer - Loading collection: [ru.stqa.pft.addressbook.model.GroupData.contacts#44]
15:30:46.139 [Test worker] DEBUG org.hibernate.SQL - select contacts0_.group_id as group_id2_0_0_, contacts0_.id as id1_0_0_, contactdat1_.id as id1_1_1_, contactdat1_.address as address2_1_1_, contactdat1_.firstname as firstnam3_1_1_, contactdat1_.home as home4_1_1_, contactdat1_.lastname as lastname5_1_1_, contactdat1_.mobile as mobile6_1_1_, contactdat1_.work as work7_1_1_ from address_in_groups contacts0_ inner join addressbook contactdat1_ on contacts0_.id=contactdat1_.id where contacts0_.group_id=?
Hibernate: select contacts0_.group_id as group_id2_0_0_, contacts0_.id as id1_0_0_, contactdat1_.id as id1_1_1_, contactdat1_.address as address2_1_1_, contactdat1_.firstname as firstnam3_1_1_, contactdat1_.home as home4_1_1_, contactdat1_.lastname as lastname5_1_1_, contactdat1_.mobile as mobile6_1_1_, contactdat1_.work as work7_1_1_ from address_in_groups contacts0_ inner join addressbook contactdat1_ on contacts0_.id=contactdat1_.id where contacts0_.group_id=?
15:30:46.139 [Test worker] DEBUG o.h.l.p.e.p.i.ResultSetProcessorImpl - Preparing collection intializer : [ru.stqa.pft.addressbook.model.GroupData.contacts#44]
15:30:46.140 [Test worker] DEBUG o.h.e.l.i.CollectionLoadContext - 1 collections were found in result set for role: ru.stqa.pft.addressbook.model.GroupData.contacts
15:30:46.140 [Test worker] DEBUG o.h.e.l.i.CollectionLoadContext - Collection fully initialized: [ru.stqa.pft.addressbook.model.GroupData.contacts#44]
15:30:46.140 [Test worker] DEBUG o.h.e.l.i.CollectionLoadContext - 1 collections initialized for role: ru.stqa.pft.addressbook.model.GroupData.contacts
15:30:46.140 [Test worker] DEBUG o.h.r.j.i.ResourceRegistryStandardImpl - HHH000387: ResultSet's statement was not registered
15:30:46.140 [Test worker] DEBUG o.h.l.c.p.AbstractLoadPlanBasedCollectionInitializer - Done loading collection
15:30:46.140 [Test worker] DEBUG o.h.e.t.internal.TransactionImpl - committing
15:30:46.140 [Test worker] DEBUG o.h.e.i.AbstractFlushingEventListener - Processing flush-time cascades
15:30:46.140 [Test worker] DEBUG o.h.e.i.AbstractFlushingEventListener - Dirty checking collections
15:30:46.140 [Test worker] DEBUG o.h.engine.internal.Collections - Collection found: [ru.stqa.pft.addressbook.model.GroupData.contacts#44], was: [ru.stqa.pft.addressbook.model.GroupData.contacts#44] (initialized)
15:30:46.140 [Test worker] DEBUG o.h.e.i.AbstractFlushingEventListener - Flushed: 0 insertions, 0 updates, 0 deletions to 1 objects
15:30:46.140 [Test worker] DEBUG o.h.e.i.AbstractFlushingEventListener - Flushed: 0 (re)creations, 0 updates, 0 removals to 1 collections
15:30:46.140 [Test worker] DEBUG o.h.internal.util.EntityPrinter - Listing entities:
15:30:46.140 [Test worker] DEBUG o.h.internal.util.EntityPrinter - ru.stqa.pft.addressbook.model.GroupData{footer=test2, name=the first, header=test1, id=44, contacts=[]}
]]></system-out>
  <system-err><![CDATA[]]></system-err>
</testsuite>
