<?xml version="1.0" encoding="UTF-8"?>
<testsuite name="ru.stqa.pft.addressbook.tests.ContactFromGroupDeletionTests" tests="1" skipped="0" failures="1" errors="0" timestamp="2019-10-26T21:26:02" hostname="SPB-5CD810B9KL" time="0.821">
  <properties/>
  <testcase name="TestContactFromGroupDeletion" classname="ru.stqa.pft.addressbook.tests.ContactFromGroupDeletionTests" time="0.821">
    <failure message="org.hibernate.LazyInitializationException: failed to lazily initialize a collection of role: ru.stqa.pft.addressbook.model.GroupData.contacts, could not initialize proxy - no Session" type="org.hibernate.LazyInitializationException">org.hibernate.LazyInitializationException: failed to lazily initialize a collection of role: ru.stqa.pft.addressbook.model.GroupData.contacts, could not initialize proxy - no Session
	at org.hibernate.collection.internal.AbstractPersistentCollection.throwLazyInitializationException(AbstractPersistentCollection.java:579)
	at org.hibernate.collection.internal.AbstractPersistentCollection.withTemporarySessionIfNeeded(AbstractPersistentCollection.java:203)
	at org.hibernate.collection.internal.AbstractPersistentCollection.readSize(AbstractPersistentCollection.java:144)
	at org.hibernate.collection.internal.PersistentSet.size(PersistentSet.java:143)
	at java.util.HashSet.&lt;init&gt;(HashSet.java:119)
	at ru.stqa.pft.addressbook.model.Contacts.&lt;init&gt;(Contacts.java:21)
	at ru.stqa.pft.addressbook.model.GroupData.getContacts(GroupData.java:65)
	at ru.stqa.pft.addressbook.tests.ContactFromGroupDeletionTests.TestContactFromGroupDeletion(ContactFromGroupDeletionTests.java:37)
	at sun.reflect.NativeMethodAccessorImpl.invoke0(Native Method)
	at sun.reflect.NativeMethodAccessorImpl.invoke(NativeMethodAccessorImpl.java:62)
	at sun.reflect.DelegatingMethodAccessorImpl.invoke(DelegatingMethodAccessorImpl.java:43)
	at java.lang.reflect.Method.invoke(Method.java:498)
	at org.testng.internal.MethodInvocationHelper.invokeMethod(MethodInvocationHelper.java:86)
	at org.testng.internal.Invoker.invokeMethod(Invoker.java:643)
	at org.testng.internal.Invoker.invokeTestMethod(Invoker.java:820)
	at org.testng.internal.Invoker.invokeTestMethods(Invoker.java:1128)
	at org.testng.internal.TestMethodWorker.invokeTestMethods(TestMethodWorker.java:129)
	at org.testng.internal.TestMethodWorker.run(TestMethodWorker.java:112)
	at org.testng.TestRunner.privateRun(TestRunner.java:782)
	at org.testng.TestRunner.run(TestRunner.java:632)
	at org.testng.SuiteRunner.runTest(SuiteRunner.java:366)
	at org.testng.SuiteRunner.runSequentially(SuiteRunner.java:361)
	at org.testng.SuiteRunner.privateRun(SuiteRunner.java:319)
	at org.testng.SuiteRunner.run(SuiteRunner.java:268)
	at org.testng.SuiteRunnerWorker.runSuite(SuiteRunnerWorker.java:52)
	at org.testng.SuiteRunnerWorker.run(SuiteRunnerWorker.java:86)
	at org.testng.TestNG.runSuitesSequentially(TestNG.java:1244)
	at org.testng.TestNG.runSuitesLocally(TestNG.java:1169)
	at org.testng.TestNG.run(TestNG.java:1064)
	at org.gradle.api.internal.tasks.testing.testng.TestNGTestClassProcessor.runTests(TestNGTestClassProcessor.java:141)
	at org.gradle.api.internal.tasks.testing.testng.TestNGTestClassProcessor.stop(TestNGTestClassProcessor.java:90)
	at org.gradle.api.internal.tasks.testing.SuiteTestClassProcessor.stop(SuiteTestClassProcessor.java:61)
	at sun.reflect.NativeMethodAccessorImpl.invoke0(Native Method)
	at sun.reflect.NativeMethodAccessorImpl.invoke(NativeMethodAccessorImpl.java:62)
	at sun.reflect.DelegatingMethodAccessorImpl.invoke(DelegatingMethodAccessorImpl.java:43)
	at java.lang.reflect.Method.invoke(Method.java:498)
	at org.gradle.internal.dispatch.ReflectionDispatch.dispatch(ReflectionDispatch.java:36)
	at org.gradle.internal.dispatch.ReflectionDispatch.dispatch(ReflectionDispatch.java:24)
	at org.gradle.internal.dispatch.ContextClassLoaderDispatch.dispatch(ContextClassLoaderDispatch.java:33)
	at org.gradle.internal.dispatch.ProxyDispatchAdapter$DispatchingInvocationHandler.invoke(ProxyDispatchAdapter.java:94)
	at com.sun.proxy.$Proxy2.stop(Unknown Source)
	at org.gradle.api.internal.tasks.testing.worker.TestWorker.stop(TestWorker.java:132)
	at sun.reflect.NativeMethodAccessorImpl.invoke0(Native Method)
	at sun.reflect.NativeMethodAccessorImpl.invoke(NativeMethodAccessorImpl.java:62)
	at sun.reflect.DelegatingMethodAccessorImpl.invoke(DelegatingMethodAccessorImpl.java:43)
	at java.lang.reflect.Method.invoke(Method.java:498)
	at org.gradle.internal.dispatch.ReflectionDispatch.dispatch(ReflectionDispatch.java:36)
	at org.gradle.internal.dispatch.ReflectionDispatch.dispatch(ReflectionDispatch.java:24)
	at org.gradle.internal.remote.internal.hub.MessageHubBackedObjectConnection$DispatchWrapper.dispatch(MessageHubBackedObjectConnection.java:182)
	at org.gradle.internal.remote.internal.hub.MessageHubBackedObjectConnection$DispatchWrapper.dispatch(MessageHubBackedObjectConnection.java:164)
	at org.gradle.internal.remote.internal.hub.MessageHub$Handler.run(MessageHub.java:412)
	at org.gradle.internal.concurrent.ExecutorPolicy$CatchAndRecordFailures.onExecute(ExecutorPolicy.java:64)
	at org.gradle.internal.concurrent.ManagedExecutorImpl$1.run(ManagedExecutorImpl.java:48)
	at java.util.concurrent.ThreadPoolExecutor.runWorker(ThreadPoolExecutor.java:1149)
	at java.util.concurrent.ThreadPoolExecutor$Worker.run(ThreadPoolExecutor.java:624)
	at org.gradle.internal.concurrent.ThreadFactoryImpl$ManagedThreadRunnable.run(ThreadFactoryImpl.java:56)
	at java.lang.Thread.run(Thread.java:748)
</failure>
  </testcase>
  <system-out><![CDATA[00:26:02.960 [Test worker] DEBUG o.h.e.t.internal.TransactionImpl - begin
00:26:02.961 [Test worker] DEBUG org.hibernate.SQL - select contactdat0_.id as id1_1_, contactdat0_.address as address2_1_, contactdat0_.firstname as firstnam3_1_, contactdat0_.home as home4_1_, contactdat0_.lastname as lastname5_1_, contactdat0_.mobile as mobile6_1_, contactdat0_.work as work7_1_ from addressbook contactdat0_ where deprecated='0000-00-00'
Hibernate: select contactdat0_.id as id1_1_, contactdat0_.address as address2_1_, contactdat0_.firstname as firstnam3_1_, contactdat0_.home as home4_1_, contactdat0_.lastname as lastname5_1_, contactdat0_.mobile as mobile6_1_, contactdat0_.work as work7_1_ from addressbook contactdat0_ where deprecated='0000-00-00'
00:26:02.966 [Test worker] DEBUG org.hibernate.loader.Loader - Result set row: 0
00:26:02.966 [Test worker] DEBUG org.hibernate.loader.Loader - Result row: EntityKey[ru.stqa.pft.addressbook.model.ContactData#86]
00:26:02.966 [Test worker] DEBUG org.hibernate.loader.Loader - Result set row: 1
00:26:02.966 [Test worker] DEBUG org.hibernate.loader.Loader - Result row: EntityKey[ru.stqa.pft.addressbook.model.ContactData#87]
00:26:02.966 [Test worker] DEBUG org.hibernate.loader.Loader - Result set row: 2
00:26:02.966 [Test worker] DEBUG org.hibernate.loader.Loader - Result row: EntityKey[ru.stqa.pft.addressbook.model.ContactData#98]
00:26:02.967 [Test worker] DEBUG org.hibernate.loader.Loader - Result set row: 3
00:26:02.967 [Test worker] DEBUG org.hibernate.loader.Loader - Result row: EntityKey[ru.stqa.pft.addressbook.model.ContactData#99]
00:26:02.967 [Test worker] DEBUG org.hibernate.loader.Loader - Result set row: 4
00:26:02.967 [Test worker] DEBUG org.hibernate.loader.Loader - Result row: EntityKey[ru.stqa.pft.addressbook.model.ContactData#102]
00:26:02.967 [Test worker] DEBUG org.hibernate.loader.Loader - Result set row: 5
00:26:02.967 [Test worker] DEBUG org.hibernate.loader.Loader - Result row: EntityKey[ru.stqa.pft.addressbook.model.ContactData#103]
00:26:02.968 [Test worker] DEBUG org.hibernate.loader.Loader - Result set row: 6
00:26:02.969 [Test worker] DEBUG org.hibernate.loader.Loader - Result row: EntityKey[ru.stqa.pft.addressbook.model.ContactData#104]
00:26:02.969 [Test worker] DEBUG org.hibernate.loader.Loader - Result set row: 7
00:26:02.969 [Test worker] DEBUG org.hibernate.loader.Loader - Result row: EntityKey[ru.stqa.pft.addressbook.model.ContactData#105]
00:26:02.969 [Test worker] DEBUG org.hibernate.loader.Loader - Result set row: 8
00:26:02.969 [Test worker] DEBUG org.hibernate.loader.Loader - Result row: EntityKey[ru.stqa.pft.addressbook.model.ContactData#106]
00:26:02.969 [Test worker] DEBUG org.hibernate.loader.Loader - Result set row: 9
00:26:02.969 [Test worker] DEBUG org.hibernate.loader.Loader - Result row: EntityKey[ru.stqa.pft.addressbook.model.ContactData#107]
00:26:02.969 [Test worker] DEBUG o.h.engine.internal.TwoPhaseLoad - Resolving associations for [ru.stqa.pft.addressbook.model.ContactData#86]
00:26:02.969 [Test worker] DEBUG o.h.engine.internal.TwoPhaseLoad - Done materializing entity [ru.stqa.pft.addressbook.model.ContactData#86]
00:26:02.969 [Test worker] DEBUG o.h.engine.internal.TwoPhaseLoad - Resolving associations for [ru.stqa.pft.addressbook.model.ContactData#87]
00:26:02.969 [Test worker] DEBUG o.h.engine.internal.TwoPhaseLoad - Done materializing entity [ru.stqa.pft.addressbook.model.ContactData#87]
00:26:02.969 [Test worker] DEBUG o.h.engine.internal.TwoPhaseLoad - Resolving associations for [ru.stqa.pft.addressbook.model.ContactData#98]
00:26:02.970 [Test worker] DEBUG o.h.engine.internal.TwoPhaseLoad - Done materializing entity [ru.stqa.pft.addressbook.model.ContactData#98]
00:26:02.970 [Test worker] DEBUG o.h.engine.internal.TwoPhaseLoad - Resolving associations for [ru.stqa.pft.addressbook.model.ContactData#99]
00:26:02.970 [Test worker] DEBUG o.h.engine.internal.TwoPhaseLoad - Done materializing entity [ru.stqa.pft.addressbook.model.ContactData#99]
00:26:02.970 [Test worker] DEBUG o.h.engine.internal.TwoPhaseLoad - Resolving associations for [ru.stqa.pft.addressbook.model.ContactData#102]
00:26:02.970 [Test worker] DEBUG o.h.engine.internal.TwoPhaseLoad - Done materializing entity [ru.stqa.pft.addressbook.model.ContactData#102]
00:26:02.970 [Test worker] DEBUG o.h.engine.internal.TwoPhaseLoad - Resolving associations for [ru.stqa.pft.addressbook.model.ContactData#103]
00:26:02.970 [Test worker] DEBUG o.h.engine.internal.TwoPhaseLoad - Done materializing entity [ru.stqa.pft.addressbook.model.ContactData#103]
00:26:02.970 [Test worker] DEBUG o.h.engine.internal.TwoPhaseLoad - Resolving associations for [ru.stqa.pft.addressbook.model.ContactData#104]
00:26:02.970 [Test worker] DEBUG o.h.engine.internal.TwoPhaseLoad - Done materializing entity [ru.stqa.pft.addressbook.model.ContactData#104]
00:26:02.970 [Test worker] DEBUG o.h.engine.internal.TwoPhaseLoad - Resolving associations for [ru.stqa.pft.addressbook.model.ContactData#105]
00:26:02.971 [Test worker] DEBUG o.h.engine.internal.TwoPhaseLoad - Done materializing entity [ru.stqa.pft.addressbook.model.ContactData#105]
00:26:02.971 [Test worker] DEBUG o.h.engine.internal.TwoPhaseLoad - Resolving associations for [ru.stqa.pft.addressbook.model.ContactData#106]
00:26:02.971 [Test worker] DEBUG o.h.engine.internal.TwoPhaseLoad - Done materializing entity [ru.stqa.pft.addressbook.model.ContactData#106]
00:26:02.971 [Test worker] DEBUG o.h.engine.internal.TwoPhaseLoad - Resolving associations for [ru.stqa.pft.addressbook.model.ContactData#107]
00:26:02.971 [Test worker] DEBUG o.h.engine.internal.TwoPhaseLoad - Done materializing entity [ru.stqa.pft.addressbook.model.ContactData#107]
00:26:02.971 [Test worker] DEBUG o.h.l.c.p.AbstractLoadPlanBasedCollectionInitializer - Loading collection: [ru.stqa.pft.addressbook.model.ContactData.groups#107]
00:26:02.971 [Test worker] DEBUG org.hibernate.SQL - select groups0_.id as id1_0_0_, groups0_.group_id as group_id2_0_0_, groupdata1_.group_id as group_id1_2_1_, groupdata1_.group_footer as group_fo2_2_1_, groupdata1_.group_header as group_he3_2_1_, groupdata1_.group_name as group_na4_2_1_ from address_in_groups groups0_ inner join group_list groupdata1_ on groups0_.group_id=groupdata1_.group_id where groups0_.id=?
Hibernate: select groups0_.id as id1_0_0_, groups0_.group_id as group_id2_0_0_, groupdata1_.group_id as group_id1_2_1_, groupdata1_.group_footer as group_fo2_2_1_, groupdata1_.group_header as group_he3_2_1_, groupdata1_.group_name as group_na4_2_1_ from address_in_groups groups0_ inner join group_list groupdata1_ on groups0_.group_id=groupdata1_.group_id where groups0_.id=?
00:26:02.989 [Test worker] DEBUG o.h.l.p.e.p.i.ResultSetProcessorImpl - Preparing collection intializer : [ru.stqa.pft.addressbook.model.ContactData.groups#107]
00:26:02.989 [Test worker] DEBUG o.h.l.p.e.p.i.ResultSetProcessorImpl - Starting ResultSet row #0
00:26:02.990 [Test worker] DEBUG o.h.l.p.e.p.i.CollectionReferenceInitializerImpl - Found row of collection: [ru.stqa.pft.addressbook.model.ContactData.groups#107]
00:26:02.990 [Test worker] DEBUG o.h.engine.internal.TwoPhaseLoad - Resolving associations for [ru.stqa.pft.addressbook.model.GroupData#44]
00:26:02.990 [Test worker] DEBUG o.h.engine.internal.TwoPhaseLoad - Done materializing entity [ru.stqa.pft.addressbook.model.GroupData#44]
00:26:02.990 [Test worker] DEBUG o.h.e.l.i.CollectionLoadContext - 1 collections were found in result set for role: ru.stqa.pft.addressbook.model.ContactData.groups
00:26:02.990 [Test worker] DEBUG o.h.e.l.i.CollectionLoadContext - Collection fully initialized: [ru.stqa.pft.addressbook.model.ContactData.groups#107]
00:26:02.990 [Test worker] DEBUG o.h.e.l.i.CollectionLoadContext - 1 collections initialized for role: ru.stqa.pft.addressbook.model.ContactData.groups
00:26:02.990 [Test worker] DEBUG o.h.r.j.i.ResourceRegistryStandardImpl - HHH000387: ResultSet's statement was not registered
00:26:02.990 [Test worker] DEBUG o.h.l.c.p.AbstractLoadPlanBasedCollectionInitializer - Done loading collection
00:26:02.991 [Test worker] DEBUG o.h.l.c.p.AbstractLoadPlanBasedCollectionInitializer - Loading collection: [ru.stqa.pft.addressbook.model.ContactData.groups#106]
00:26:02.991 [Test worker] DEBUG org.hibernate.SQL - select groups0_.id as id1_0_0_, groups0_.group_id as group_id2_0_0_, groupdata1_.group_id as group_id1_2_1_, groupdata1_.group_footer as group_fo2_2_1_, groupdata1_.group_header as group_he3_2_1_, groupdata1_.group_name as group_na4_2_1_ from address_in_groups groups0_ inner join group_list groupdata1_ on groups0_.group_id=groupdata1_.group_id where groups0_.id=?
Hibernate: select groups0_.id as id1_0_0_, groups0_.group_id as group_id2_0_0_, groupdata1_.group_id as group_id1_2_1_, groupdata1_.group_footer as group_fo2_2_1_, groupdata1_.group_header as group_he3_2_1_, groupdata1_.group_name as group_na4_2_1_ from address_in_groups groups0_ inner join group_list groupdata1_ on groups0_.group_id=groupdata1_.group_id where groups0_.id=?
00:26:02.992 [Test worker] DEBUG o.h.l.p.e.p.i.ResultSetProcessorImpl - Preparing collection intializer : [ru.stqa.pft.addressbook.model.ContactData.groups#106]
00:26:02.992 [Test worker] DEBUG o.h.l.p.e.p.i.ResultSetProcessorImpl - Starting ResultSet row #0
00:26:02.993 [Test worker] DEBUG o.h.l.p.e.p.i.CollectionReferenceInitializerImpl - Found row of collection: [ru.stqa.pft.addressbook.model.ContactData.groups#106]
00:26:02.993 [Test worker] DEBUG o.h.e.l.i.CollectionLoadContext - 1 collections were found in result set for role: ru.stqa.pft.addressbook.model.ContactData.groups
00:26:02.993 [Test worker] DEBUG o.h.e.l.i.CollectionLoadContext - Collection fully initialized: [ru.stqa.pft.addressbook.model.ContactData.groups#106]
00:26:02.993 [Test worker] DEBUG o.h.e.l.i.CollectionLoadContext - 1 collections initialized for role: ru.stqa.pft.addressbook.model.ContactData.groups
00:26:02.993 [Test worker] DEBUG o.h.r.j.i.ResourceRegistryStandardImpl - HHH000387: ResultSet's statement was not registered
00:26:02.993 [Test worker] DEBUG o.h.l.c.p.AbstractLoadPlanBasedCollectionInitializer - Done loading collection
00:26:02.993 [Test worker] DEBUG o.h.l.c.p.AbstractLoadPlanBasedCollectionInitializer - Loading collection: [ru.stqa.pft.addressbook.model.ContactData.groups#105]
00:26:02.993 [Test worker] DEBUG org.hibernate.SQL - select groups0_.id as id1_0_0_, groups0_.group_id as group_id2_0_0_, groupdata1_.group_id as group_id1_2_1_, groupdata1_.group_footer as group_fo2_2_1_, groupdata1_.group_header as group_he3_2_1_, groupdata1_.group_name as group_na4_2_1_ from address_in_groups groups0_ inner join group_list groupdata1_ on groups0_.group_id=groupdata1_.group_id where groups0_.id=?
Hibernate: select groups0_.id as id1_0_0_, groups0_.group_id as group_id2_0_0_, groupdata1_.group_id as group_id1_2_1_, groupdata1_.group_footer as group_fo2_2_1_, groupdata1_.group_header as group_he3_2_1_, groupdata1_.group_name as group_na4_2_1_ from address_in_groups groups0_ inner join group_list groupdata1_ on groups0_.group_id=groupdata1_.group_id where groups0_.id=?
00:26:02.995 [Test worker] DEBUG o.h.l.p.e.p.i.ResultSetProcessorImpl - Preparing collection intializer : [ru.stqa.pft.addressbook.model.ContactData.groups#105]
00:26:02.995 [Test worker] DEBUG o.h.l.p.e.p.i.ResultSetProcessorImpl - Starting ResultSet row #0
00:26:02.995 [Test worker] DEBUG o.h.l.p.e.p.i.CollectionReferenceInitializerImpl - Found row of collection: [ru.stqa.pft.addressbook.model.ContactData.groups#105]
00:26:02.995 [Test worker] DEBUG o.h.l.p.e.p.i.ResultSetProcessorImpl - Starting ResultSet row #1
00:26:02.996 [Test worker] DEBUG o.h.l.p.e.p.i.CollectionReferenceInitializerImpl - Found row of collection: [ru.stqa.pft.addressbook.model.ContactData.groups#105]
00:26:02.996 [Test worker] DEBUG o.h.l.p.e.p.i.ResultSetProcessorImpl - Starting ResultSet row #2
00:26:02.996 [Test worker] DEBUG o.h.l.p.e.p.i.CollectionReferenceInitializerImpl - Found row of collection: [ru.stqa.pft.addressbook.model.ContactData.groups#105]
00:26:02.996 [Test worker] DEBUG o.h.engine.internal.TwoPhaseLoad - Resolving associations for [ru.stqa.pft.addressbook.model.GroupData#52]
00:26:02.996 [Test worker] DEBUG o.h.engine.internal.TwoPhaseLoad - Done materializing entity [ru.stqa.pft.addressbook.model.GroupData#52]
00:26:02.996 [Test worker] DEBUG o.h.engine.internal.TwoPhaseLoad - Resolving associations for [ru.stqa.pft.addressbook.model.GroupData#91]
00:26:02.996 [Test worker] DEBUG o.h.engine.internal.TwoPhaseLoad - Done materializing entity [ru.stqa.pft.addressbook.model.GroupData#91]
00:26:02.996 [Test worker] DEBUG o.h.e.l.i.CollectionLoadContext - 1 collections were found in result set for role: ru.stqa.pft.addressbook.model.ContactData.groups
00:26:02.997 [Test worker] DEBUG o.h.e.l.i.CollectionLoadContext - Collection fully initialized: [ru.stqa.pft.addressbook.model.ContactData.groups#105]
00:26:02.997 [Test worker] DEBUG o.h.e.l.i.CollectionLoadContext - 1 collections initialized for role: ru.stqa.pft.addressbook.model.ContactData.groups
00:26:02.997 [Test worker] DEBUG o.h.r.j.i.ResourceRegistryStandardImpl - HHH000387: ResultSet's statement was not registered
00:26:02.997 [Test worker] DEBUG o.h.l.c.p.AbstractLoadPlanBasedCollectionInitializer - Done loading collection
00:26:02.997 [Test worker] DEBUG o.h.l.c.p.AbstractLoadPlanBasedCollectionInitializer - Loading collection: [ru.stqa.pft.addressbook.model.ContactData.groups#104]
00:26:02.997 [Test worker] DEBUG org.hibernate.SQL - select groups0_.id as id1_0_0_, groups0_.group_id as group_id2_0_0_, groupdata1_.group_id as group_id1_2_1_, groupdata1_.group_footer as group_fo2_2_1_, groupdata1_.group_header as group_he3_2_1_, groupdata1_.group_name as group_na4_2_1_ from address_in_groups groups0_ inner join group_list groupdata1_ on groups0_.group_id=groupdata1_.group_id where groups0_.id=?
Hibernate: select groups0_.id as id1_0_0_, groups0_.group_id as group_id2_0_0_, groupdata1_.group_id as group_id1_2_1_, groupdata1_.group_footer as group_fo2_2_1_, groupdata1_.group_header as group_he3_2_1_, groupdata1_.group_name as group_na4_2_1_ from address_in_groups groups0_ inner join group_list groupdata1_ on groups0_.group_id=groupdata1_.group_id where groups0_.id=?
00:26:02.998 [Test worker] DEBUG o.h.l.p.e.p.i.ResultSetProcessorImpl - Preparing collection intializer : [ru.stqa.pft.addressbook.model.ContactData.groups#104]
00:26:02.999 [Test worker] DEBUG o.h.e.l.i.CollectionLoadContext - 1 collections were found in result set for role: ru.stqa.pft.addressbook.model.ContactData.groups
00:26:02.999 [Test worker] DEBUG o.h.e.l.i.CollectionLoadContext - Collection fully initialized: [ru.stqa.pft.addressbook.model.ContactData.groups#104]
00:26:02.999 [Test worker] DEBUG o.h.e.l.i.CollectionLoadContext - 1 collections initialized for role: ru.stqa.pft.addressbook.model.ContactData.groups
00:26:02.999 [Test worker] DEBUG o.h.r.j.i.ResourceRegistryStandardImpl - HHH000387: ResultSet's statement was not registered
00:26:02.999 [Test worker] DEBUG o.h.l.c.p.AbstractLoadPlanBasedCollectionInitializer - Done loading collection
00:26:02.999 [Test worker] DEBUG o.h.l.c.p.AbstractLoadPlanBasedCollectionInitializer - Loading collection: [ru.stqa.pft.addressbook.model.ContactData.groups#103]
00:26:02.999 [Test worker] DEBUG org.hibernate.SQL - select groups0_.id as id1_0_0_, groups0_.group_id as group_id2_0_0_, groupdata1_.group_id as group_id1_2_1_, groupdata1_.group_footer as group_fo2_2_1_, groupdata1_.group_header as group_he3_2_1_, groupdata1_.group_name as group_na4_2_1_ from address_in_groups groups0_ inner join group_list groupdata1_ on groups0_.group_id=groupdata1_.group_id where groups0_.id=?
Hibernate: select groups0_.id as id1_0_0_, groups0_.group_id as group_id2_0_0_, groupdata1_.group_id as group_id1_2_1_, groupdata1_.group_footer as group_fo2_2_1_, groupdata1_.group_header as group_he3_2_1_, groupdata1_.group_name as group_na4_2_1_ from address_in_groups groups0_ inner join group_list groupdata1_ on groups0_.group_id=groupdata1_.group_id where groups0_.id=?
00:26:03.000 [Test worker] DEBUG o.h.l.p.e.p.i.ResultSetProcessorImpl - Preparing collection intializer : [ru.stqa.pft.addressbook.model.ContactData.groups#103]
00:26:03.000 [Test worker] DEBUG o.h.e.l.i.CollectionLoadContext - 1 collections were found in result set for role: ru.stqa.pft.addressbook.model.ContactData.groups
00:26:03.001 [Test worker] DEBUG o.h.e.l.i.CollectionLoadContext - Collection fully initialized: [ru.stqa.pft.addressbook.model.ContactData.groups#103]
00:26:03.001 [Test worker] DEBUG o.h.e.l.i.CollectionLoadContext - 1 collections initialized for role: ru.stqa.pft.addressbook.model.ContactData.groups
00:26:03.001 [Test worker] DEBUG o.h.r.j.i.ResourceRegistryStandardImpl - HHH000387: ResultSet's statement was not registered
00:26:03.001 [Test worker] DEBUG o.h.l.c.p.AbstractLoadPlanBasedCollectionInitializer - Done loading collection
00:26:03.001 [Test worker] DEBUG o.h.l.c.p.AbstractLoadPlanBasedCollectionInitializer - Loading collection: [ru.stqa.pft.addressbook.model.ContactData.groups#102]
00:26:03.001 [Test worker] DEBUG org.hibernate.SQL - select groups0_.id as id1_0_0_, groups0_.group_id as group_id2_0_0_, groupdata1_.group_id as group_id1_2_1_, groupdata1_.group_footer as group_fo2_2_1_, groupdata1_.group_header as group_he3_2_1_, groupdata1_.group_name as group_na4_2_1_ from address_in_groups groups0_ inner join group_list groupdata1_ on groups0_.group_id=groupdata1_.group_id where groups0_.id=?
Hibernate: select groups0_.id as id1_0_0_, groups0_.group_id as group_id2_0_0_, groupdata1_.group_id as group_id1_2_1_, groupdata1_.group_footer as group_fo2_2_1_, groupdata1_.group_header as group_he3_2_1_, groupdata1_.group_name as group_na4_2_1_ from address_in_groups groups0_ inner join group_list groupdata1_ on groups0_.group_id=groupdata1_.group_id where groups0_.id=?
00:26:03.002 [Test worker] DEBUG o.h.l.p.e.p.i.ResultSetProcessorImpl - Preparing collection intializer : [ru.stqa.pft.addressbook.model.ContactData.groups#102]
00:26:03.002 [Test worker] DEBUG o.h.e.l.i.CollectionLoadContext - 1 collections were found in result set for role: ru.stqa.pft.addressbook.model.ContactData.groups
00:26:03.003 [Test worker] DEBUG o.h.e.l.i.CollectionLoadContext - Collection fully initialized: [ru.stqa.pft.addressbook.model.ContactData.groups#102]
00:26:03.003 [Test worker] DEBUG o.h.e.l.i.CollectionLoadContext - 1 collections initialized for role: ru.stqa.pft.addressbook.model.ContactData.groups
00:26:03.003 [Test worker] DEBUG o.h.r.j.i.ResourceRegistryStandardImpl - HHH000387: ResultSet's statement was not registered
00:26:03.003 [Test worker] DEBUG o.h.l.c.p.AbstractLoadPlanBasedCollectionInitializer - Done loading collection
00:26:03.003 [Test worker] DEBUG o.h.l.c.p.AbstractLoadPlanBasedCollectionInitializer - Loading collection: [ru.stqa.pft.addressbook.model.ContactData.groups#99]
00:26:03.003 [Test worker] DEBUG org.hibernate.SQL - select groups0_.id as id1_0_0_, groups0_.group_id as group_id2_0_0_, groupdata1_.group_id as group_id1_2_1_, groupdata1_.group_footer as group_fo2_2_1_, groupdata1_.group_header as group_he3_2_1_, groupdata1_.group_name as group_na4_2_1_ from address_in_groups groups0_ inner join group_list groupdata1_ on groups0_.group_id=groupdata1_.group_id where groups0_.id=?
Hibernate: select groups0_.id as id1_0_0_, groups0_.group_id as group_id2_0_0_, groupdata1_.group_id as group_id1_2_1_, groupdata1_.group_footer as group_fo2_2_1_, groupdata1_.group_header as group_he3_2_1_, groupdata1_.group_name as group_na4_2_1_ from address_in_groups groups0_ inner join group_list groupdata1_ on groups0_.group_id=groupdata1_.group_id where groups0_.id=?
00:26:03.005 [Test worker] DEBUG o.h.l.p.e.p.i.ResultSetProcessorImpl - Preparing collection intializer : [ru.stqa.pft.addressbook.model.ContactData.groups#99]
00:26:03.005 [Test worker] DEBUG o.h.e.l.i.CollectionLoadContext - 1 collections were found in result set for role: ru.stqa.pft.addressbook.model.ContactData.groups
00:26:03.005 [Test worker] DEBUG o.h.e.l.i.CollectionLoadContext - Collection fully initialized: [ru.stqa.pft.addressbook.model.ContactData.groups#99]
00:26:03.005 [Test worker] DEBUG o.h.e.l.i.CollectionLoadContext - 1 collections initialized for role: ru.stqa.pft.addressbook.model.ContactData.groups
00:26:03.005 [Test worker] DEBUG o.h.r.j.i.ResourceRegistryStandardImpl - HHH000387: ResultSet's statement was not registered
00:26:03.005 [Test worker] DEBUG o.h.l.c.p.AbstractLoadPlanBasedCollectionInitializer - Done loading collection
00:26:03.005 [Test worker] DEBUG o.h.l.c.p.AbstractLoadPlanBasedCollectionInitializer - Loading collection: [ru.stqa.pft.addressbook.model.ContactData.groups#98]
00:26:03.005 [Test worker] DEBUG org.hibernate.SQL - select groups0_.id as id1_0_0_, groups0_.group_id as group_id2_0_0_, groupdata1_.group_id as group_id1_2_1_, groupdata1_.group_footer as group_fo2_2_1_, groupdata1_.group_header as group_he3_2_1_, groupdata1_.group_name as group_na4_2_1_ from address_in_groups groups0_ inner join group_list groupdata1_ on groups0_.group_id=groupdata1_.group_id where groups0_.id=?
Hibernate: select groups0_.id as id1_0_0_, groups0_.group_id as group_id2_0_0_, groupdata1_.group_id as group_id1_2_1_, groupdata1_.group_footer as group_fo2_2_1_, groupdata1_.group_header as group_he3_2_1_, groupdata1_.group_name as group_na4_2_1_ from address_in_groups groups0_ inner join group_list groupdata1_ on groups0_.group_id=groupdata1_.group_id where groups0_.id=?
00:26:03.009 [Test worker] DEBUG o.h.l.p.e.p.i.ResultSetProcessorImpl - Preparing collection intializer : [ru.stqa.pft.addressbook.model.ContactData.groups#98]
00:26:03.009 [Test worker] DEBUG o.h.l.p.e.p.i.ResultSetProcessorImpl - Starting ResultSet row #0
00:26:03.009 [Test worker] DEBUG o.h.l.p.e.p.i.CollectionReferenceInitializerImpl - Found row of collection: [ru.stqa.pft.addressbook.model.ContactData.groups#98]
00:26:03.009 [Test worker] DEBUG o.h.l.p.e.p.i.ResultSetProcessorImpl - Starting ResultSet row #1
00:26:03.010 [Test worker] DEBUG o.h.l.p.e.p.i.CollectionReferenceInitializerImpl - Found row of collection: [ru.stqa.pft.addressbook.model.ContactData.groups#98]
00:26:03.010 [Test worker] DEBUG o.h.engine.internal.TwoPhaseLoad - Resolving associations for [ru.stqa.pft.addressbook.model.GroupData#77]
00:26:03.010 [Test worker] DEBUG o.h.engine.internal.TwoPhaseLoad - Done materializing entity [ru.stqa.pft.addressbook.model.GroupData#77]
00:26:03.010 [Test worker] DEBUG o.h.e.l.i.CollectionLoadContext - 1 collections were found in result set for role: ru.stqa.pft.addressbook.model.ContactData.groups
00:26:03.010 [Test worker] DEBUG o.h.e.l.i.CollectionLoadContext - Collection fully initialized: [ru.stqa.pft.addressbook.model.ContactData.groups#98]
00:26:03.010 [Test worker] DEBUG o.h.e.l.i.CollectionLoadContext - 1 collections initialized for role: ru.stqa.pft.addressbook.model.ContactData.groups
00:26:03.010 [Test worker] DEBUG o.h.r.j.i.ResourceRegistryStandardImpl - HHH000387: ResultSet's statement was not registered
00:26:03.010 [Test worker] DEBUG o.h.l.c.p.AbstractLoadPlanBasedCollectionInitializer - Done loading collection
00:26:03.010 [Test worker] DEBUG o.h.l.c.p.AbstractLoadPlanBasedCollectionInitializer - Loading collection: [ru.stqa.pft.addressbook.model.ContactData.groups#87]
00:26:03.011 [Test worker] DEBUG org.hibernate.SQL - select groups0_.id as id1_0_0_, groups0_.group_id as group_id2_0_0_, groupdata1_.group_id as group_id1_2_1_, groupdata1_.group_footer as group_fo2_2_1_, groupdata1_.group_header as group_he3_2_1_, groupdata1_.group_name as group_na4_2_1_ from address_in_groups groups0_ inner join group_list groupdata1_ on groups0_.group_id=groupdata1_.group_id where groups0_.id=?
Hibernate: select groups0_.id as id1_0_0_, groups0_.group_id as group_id2_0_0_, groupdata1_.group_id as group_id1_2_1_, groupdata1_.group_footer as group_fo2_2_1_, groupdata1_.group_header as group_he3_2_1_, groupdata1_.group_name as group_na4_2_1_ from address_in_groups groups0_ inner join group_list groupdata1_ on groups0_.group_id=groupdata1_.group_id where groups0_.id=?
00:26:03.012 [Test worker] DEBUG o.h.l.p.e.p.i.ResultSetProcessorImpl - Preparing collection intializer : [ru.stqa.pft.addressbook.model.ContactData.groups#87]
00:26:03.012 [Test worker] DEBUG o.h.l.p.e.p.i.ResultSetProcessorImpl - Starting ResultSet row #0
00:26:03.013 [Test worker] DEBUG o.h.l.p.e.p.i.CollectionReferenceInitializerImpl - Found row of collection: [ru.stqa.pft.addressbook.model.ContactData.groups#87]
00:26:03.013 [Test worker] DEBUG o.h.e.l.i.CollectionLoadContext - 1 collections were found in result set for role: ru.stqa.pft.addressbook.model.ContactData.groups
00:26:03.013 [Test worker] DEBUG o.h.e.l.i.CollectionLoadContext - Collection fully initialized: [ru.stqa.pft.addressbook.model.ContactData.groups#87]
00:26:03.013 [Test worker] DEBUG o.h.e.l.i.CollectionLoadContext - 1 collections initialized for role: ru.stqa.pft.addressbook.model.ContactData.groups
00:26:03.013 [Test worker] DEBUG o.h.r.j.i.ResourceRegistryStandardImpl - HHH000387: ResultSet's statement was not registered
00:26:03.013 [Test worker] DEBUG o.h.l.c.p.AbstractLoadPlanBasedCollectionInitializer - Done loading collection
00:26:03.013 [Test worker] DEBUG o.h.l.c.p.AbstractLoadPlanBasedCollectionInitializer - Loading collection: [ru.stqa.pft.addressbook.model.ContactData.groups#86]
00:26:03.013 [Test worker] DEBUG org.hibernate.SQL - select groups0_.id as id1_0_0_, groups0_.group_id as group_id2_0_0_, groupdata1_.group_id as group_id1_2_1_, groupdata1_.group_footer as group_fo2_2_1_, groupdata1_.group_header as group_he3_2_1_, groupdata1_.group_name as group_na4_2_1_ from address_in_groups groups0_ inner join group_list groupdata1_ on groups0_.group_id=groupdata1_.group_id where groups0_.id=?
Hibernate: select groups0_.id as id1_0_0_, groups0_.group_id as group_id2_0_0_, groupdata1_.group_id as group_id1_2_1_, groupdata1_.group_footer as group_fo2_2_1_, groupdata1_.group_header as group_he3_2_1_, groupdata1_.group_name as group_na4_2_1_ from address_in_groups groups0_ inner join group_list groupdata1_ on groups0_.group_id=groupdata1_.group_id where groups0_.id=?
00:26:03.015 [Test worker] DEBUG o.h.l.p.e.p.i.ResultSetProcessorImpl - Preparing collection intializer : [ru.stqa.pft.addressbook.model.ContactData.groups#86]
00:26:03.015 [Test worker] DEBUG o.h.e.l.i.CollectionLoadContext - 1 collections were found in result set for role: ru.stqa.pft.addressbook.model.ContactData.groups
00:26:03.015 [Test worker] DEBUG o.h.e.l.i.CollectionLoadContext - Collection fully initialized: [ru.stqa.pft.addressbook.model.ContactData.groups#86]
00:26:03.015 [Test worker] DEBUG o.h.e.l.i.CollectionLoadContext - 1 collections initialized for role: ru.stqa.pft.addressbook.model.ContactData.groups
00:26:03.015 [Test worker] DEBUG o.h.r.j.i.ResourceRegistryStandardImpl - HHH000387: ResultSet's statement was not registered
00:26:03.015 [Test worker] DEBUG o.h.l.c.p.AbstractLoadPlanBasedCollectionInitializer - Done loading collection
00:26:03.015 [Test worker] DEBUG o.h.e.t.internal.TransactionImpl - committing
00:26:03.015 [Test worker] DEBUG o.h.e.i.AbstractFlushingEventListener - Processing flush-time cascades
00:26:03.015 [Test worker] DEBUG o.h.e.i.AbstractFlushingEventListener - Dirty checking collections
00:26:03.016 [Test worker] DEBUG o.h.engine.internal.Collections - Collection found: [ru.stqa.pft.addressbook.model.ContactData.groups#86], was: [ru.stqa.pft.addressbook.model.ContactData.groups#86] (initialized)
00:26:03.016 [Test worker] DEBUG o.h.engine.internal.Collections - Collection found: [ru.stqa.pft.addressbook.model.ContactData.groups#87], was: [ru.stqa.pft.addressbook.model.ContactData.groups#87] (initialized)
00:26:03.016 [Test worker] DEBUG o.h.engine.internal.Collections - Collection found: [ru.stqa.pft.addressbook.model.ContactData.groups#98], was: [ru.stqa.pft.addressbook.model.ContactData.groups#98] (initialized)
00:26:03.017 [Test worker] DEBUG o.h.engine.internal.Collections - Collection found: [ru.stqa.pft.addressbook.model.ContactData.groups#99], was: [ru.stqa.pft.addressbook.model.ContactData.groups#99] (initialized)
00:26:03.017 [Test worker] DEBUG o.h.engine.internal.Collections - Collection found: [ru.stqa.pft.addressbook.model.ContactData.groups#102], was: [ru.stqa.pft.addressbook.model.ContactData.groups#102] (initialized)
00:26:03.018 [Test worker] DEBUG o.h.engine.internal.Collections - Collection found: [ru.stqa.pft.addressbook.model.ContactData.groups#103], was: [ru.stqa.pft.addressbook.model.ContactData.groups#103] (initialized)
00:26:03.018 [Test worker] DEBUG o.h.engine.internal.Collections - Collection found: [ru.stqa.pft.addressbook.model.ContactData.groups#104], was: [ru.stqa.pft.addressbook.model.ContactData.groups#104] (initialized)
00:26:03.018 [Test worker] DEBUG o.h.engine.internal.Collections - Collection found: [ru.stqa.pft.addressbook.model.ContactData.groups#105], was: [ru.stqa.pft.addressbook.model.ContactData.groups#105] (initialized)
00:26:03.018 [Test worker] DEBUG o.h.engine.internal.Collections - Collection found: [ru.stqa.pft.addressbook.model.ContactData.groups#106], was: [ru.stqa.pft.addressbook.model.ContactData.groups#106] (initialized)
00:26:03.018 [Test worker] DEBUG o.h.engine.internal.Collections - Collection found: [ru.stqa.pft.addressbook.model.ContactData.groups#107], was: [ru.stqa.pft.addressbook.model.ContactData.groups#107] (initialized)
00:26:03.018 [Test worker] DEBUG o.h.engine.internal.Collections - Collection found: [ru.stqa.pft.addressbook.model.GroupData.contacts#44], was: [ru.stqa.pft.addressbook.model.GroupData.contacts#44] (uninitialized)
00:26:03.018 [Test worker] DEBUG o.h.engine.internal.Collections - Collection found: [ru.stqa.pft.addressbook.model.GroupData.contacts#52], was: [ru.stqa.pft.addressbook.model.GroupData.contacts#52] (uninitialized)
00:26:03.018 [Test worker] DEBUG o.h.engine.internal.Collections - Collection found: [ru.stqa.pft.addressbook.model.GroupData.contacts#91], was: [ru.stqa.pft.addressbook.model.GroupData.contacts#91] (uninitialized)
00:26:03.018 [Test worker] DEBUG o.h.engine.internal.Collections - Collection found: [ru.stqa.pft.addressbook.model.GroupData.contacts#77], was: [ru.stqa.pft.addressbook.model.GroupData.contacts#77] (uninitialized)
00:26:03.019 [Test worker] DEBUG o.h.e.i.AbstractFlushingEventListener - Flushed: 0 insertions, 0 updates, 0 deletions to 14 objects
00:26:03.019 [Test worker] DEBUG o.h.e.i.AbstractFlushingEventListener - Flushed: 0 (re)creations, 0 updates, 0 removals to 14 collections
00:26:03.019 [Test worker] DEBUG o.h.internal.util.EntityPrinter - Listing entities:
00:26:03.019 [Test worker] DEBUG o.h.internal.util.EntityPrinter - ru.stqa.pft.addressbook.model.ContactData{firstname=Oksana, address=Saint-Petersburg, homephone=, mobilephone=, workphone=, groups=[ru.stqa.pft.addressbook.model.GroupData#44], id=107, lastname=Grigoreva}
00:26:03.019 [Test worker] DEBUG o.h.internal.util.EntityPrinter - ru.stqa.pft.addressbook.model.GroupData{footer=test2, name=the first, header=test1, id=44, contacts=<uninitialized>}
00:26:03.019 [Test worker] DEBUG o.h.internal.util.EntityPrinter - ru.stqa.pft.addressbook.model.GroupData{footer=test2, name=the first, header=test1, id=77, contacts=<uninitialized>}
00:26:03.019 [Test worker] DEBUG o.h.internal.util.EntityPrinter - ru.stqa.pft.addressbook.model.GroupData{footer=footer 0, name=test 0, header=header 0, id=52, contacts=<uninitialized>}
00:26:03.019 [Test worker] DEBUG o.h.internal.util.EntityPrinter - ru.stqa.pft.addressbook.model.ContactData{firstname=Oksana 0, address=Saint-Petersburg 0, homephone=, mobilephone=89112999959 0, workphone=, groups=[], id=86, lastname=Grigoreva 0}
00:26:03.019 [Test worker] DEBUG o.h.internal.util.EntityPrinter - ru.stqa.pft.addressbook.model.ContactData{firstname=Oksana 1, address=Saint-Petersburg 1, homephone=, mobilephone=89112999959 1, workphone=, groups=[ru.stqa.pft.addressbook.model.GroupData#52], id=87, lastname=Grigoreva 1}
00:26:03.019 [Test worker] DEBUG o.h.internal.util.EntityPrinter - ru.stqa.pft.addressbook.model.GroupData{footer=test2, name=the first, header=test1, id=91, contacts=<uninitialized>}
00:26:03.019 [Test worker] DEBUG o.h.internal.util.EntityPrinter - ru.stqa.pft.addressbook.model.ContactData{firstname=Oksana 0, address=Saint-Petersburg 0, homephone=, mobilephone=89112999959 0, workphone=, groups=[ru.stqa.pft.addressbook.model.GroupData#44, ru.stqa.pft.addressbook.model.GroupData#77], id=98, lastname=Grigoreva 0}
00:26:03.019 [Test worker] DEBUG o.h.internal.util.EntityPrinter - ru.stqa.pft.addressbook.model.ContactData{firstname=Oksana 1, address=Saint-Petersburg 1, homephone=, mobilephone=89112999959 1, workphone=, groups=[], id=99, lastname=Grigoreva 1}
00:26:03.019 [Test worker] DEBUG o.h.internal.util.EntityPrinter - ru.stqa.pft.addressbook.model.ContactData{firstname=Oksana 1, address=Saint-Petersburg 1, homephone=, mobilephone=89112999959 1, workphone=, groups=[], id=102, lastname=Grigoreva 1}
00:26:03.019 [Test worker] DEBUG o.h.internal.util.EntityPrinter - ru.stqa.pft.addressbook.model.ContactData{firstname=Oksana 2, address=Saint-Petersburg 2, homephone=, mobilephone=89112999959 2, workphone=, groups=[], id=103, lastname=Grigoreva 2}
00:26:03.019 [Test worker] DEBUG o.h.internal.util.EntityPrinter - ru.stqa.pft.addressbook.model.ContactData{firstname=123, address=, homephone=, mobilephone=, workphone=, groups=[], id=104, lastname=123}
00:26:03.019 [Test worker] DEBUG o.h.internal.util.EntityPrinter - ru.stqa.pft.addressbook.model.ContactData{firstname=Oksana, address=Saint-Petersburg, homephone=, mobilephone=, workphone=, groups=[ru.stqa.pft.addressbook.model.GroupData#44, ru.stqa.pft.addressbook.model.GroupData#91, ru.stqa.pft.addressbook.model.GroupData#52], id=105, lastname=Grigoreva}
00:26:03.019 [Test worker] DEBUG o.h.internal.util.EntityPrinter - ru.stqa.pft.addressbook.model.ContactData{firstname=Oksana, address=Saint-Petersburg, homephone=, mobilephone=, workphone=, groups=[ru.stqa.pft.addressbook.model.GroupData#44], id=106, lastname=Grigoreva}
00:26:03.025 [Test worker] DEBUG o.h.e.t.internal.TransactionImpl - begin
00:26:03.026 [Test worker] DEBUG org.hibernate.SQL - select groupdata0_.group_id as group_id1_2_, groupdata0_.group_footer as group_fo2_2_, groupdata0_.group_header as group_he3_2_, groupdata0_.group_name as group_na4_2_ from group_list groupdata0_ where deprecated='0000-00-00'
Hibernate: select groupdata0_.group_id as group_id1_2_, groupdata0_.group_footer as group_fo2_2_, groupdata0_.group_header as group_he3_2_, groupdata0_.group_name as group_na4_2_ from group_list groupdata0_ where deprecated='0000-00-00'
00:26:03.027 [Test worker] DEBUG org.hibernate.loader.Loader - Result set row: 0
00:26:03.027 [Test worker] DEBUG org.hibernate.loader.Loader - Result row: EntityKey[ru.stqa.pft.addressbook.model.GroupData#44]
00:26:03.028 [Test worker] DEBUG org.hibernate.loader.Loader - Result set row: 1
00:26:03.028 [Test worker] DEBUG org.hibernate.loader.Loader - Result row: EntityKey[ru.stqa.pft.addressbook.model.GroupData#45]
00:26:03.028 [Test worker] DEBUG org.hibernate.loader.Loader - Result set row: 2
00:26:03.028 [Test worker] DEBUG org.hibernate.loader.Loader - Result row: EntityKey[ru.stqa.pft.addressbook.model.GroupData#48]
00:26:03.028 [Test worker] DEBUG org.hibernate.loader.Loader - Result set row: 3
00:26:03.028 [Test worker] DEBUG org.hibernate.loader.Loader - Result row: EntityKey[ru.stqa.pft.addressbook.model.GroupData#49]
00:26:03.028 [Test worker] DEBUG org.hibernate.loader.Loader - Result set row: 4
00:26:03.028 [Test worker] DEBUG org.hibernate.loader.Loader - Result row: EntityKey[ru.stqa.pft.addressbook.model.GroupData#50]
00:26:03.028 [Test worker] DEBUG org.hibernate.loader.Loader - Result set row: 5
00:26:03.028 [Test worker] DEBUG org.hibernate.loader.Loader - Result row: EntityKey[ru.stqa.pft.addressbook.model.GroupData#51]
00:26:03.028 [Test worker] DEBUG org.hibernate.loader.Loader - Result set row: 6
00:26:03.028 [Test worker] DEBUG org.hibernate.loader.Loader - Result row: EntityKey[ru.stqa.pft.addressbook.model.GroupData#52]
00:26:03.029 [Test worker] DEBUG org.hibernate.loader.Loader - Result set row: 7
00:26:03.029 [Test worker] DEBUG org.hibernate.loader.Loader - Result row: EntityKey[ru.stqa.pft.addressbook.model.GroupData#53]
00:26:03.029 [Test worker] DEBUG org.hibernate.loader.Loader - Result set row: 8
00:26:03.029 [Test worker] DEBUG org.hibernate.loader.Loader - Result row: EntityKey[ru.stqa.pft.addressbook.model.GroupData#54]
00:26:03.029 [Test worker] DEBUG org.hibernate.loader.Loader - Result set row: 9
00:26:03.029 [Test worker] DEBUG org.hibernate.loader.Loader - Result row: EntityKey[ru.stqa.pft.addressbook.model.GroupData#55]
00:26:03.029 [Test worker] DEBUG org.hibernate.loader.Loader - Result set row: 10
00:26:03.029 [Test worker] DEBUG org.hibernate.loader.Loader - Result row: EntityKey[ru.stqa.pft.addressbook.model.GroupData#56]
00:26:03.029 [Test worker] DEBUG org.hibernate.loader.Loader - Result set row: 11
00:26:03.029 [Test worker] DEBUG org.hibernate.loader.Loader - Result row: EntityKey[ru.stqa.pft.addressbook.model.GroupData#57]
00:26:03.030 [Test worker] DEBUG org.hibernate.loader.Loader - Result set row: 12
00:26:03.030 [Test worker] DEBUG org.hibernate.loader.Loader - Result row: EntityKey[ru.stqa.pft.addressbook.model.GroupData#58]
00:26:03.030 [Test worker] DEBUG org.hibernate.loader.Loader - Result set row: 13
00:26:03.030 [Test worker] DEBUG org.hibernate.loader.Loader - Result row: EntityKey[ru.stqa.pft.addressbook.model.GroupData#59]
00:26:03.030 [Test worker] DEBUG org.hibernate.loader.Loader - Result set row: 14
00:26:03.030 [Test worker] DEBUG org.hibernate.loader.Loader - Result row: EntityKey[ru.stqa.pft.addressbook.model.GroupData#60]
00:26:03.030 [Test worker] DEBUG org.hibernate.loader.Loader - Result set row: 15
00:26:03.030 [Test worker] DEBUG org.hibernate.loader.Loader - Result row: EntityKey[ru.stqa.pft.addressbook.model.GroupData#61]
00:26:03.030 [Test worker] DEBUG org.hibernate.loader.Loader - Result set row: 16
00:26:03.030 [Test worker] DEBUG org.hibernate.loader.Loader - Result row: EntityKey[ru.stqa.pft.addressbook.model.GroupData#62]
00:26:03.031 [Test worker] DEBUG org.hibernate.loader.Loader - Result set row: 17
00:26:03.031 [Test worker] DEBUG org.hibernate.loader.Loader - Result row: EntityKey[ru.stqa.pft.addressbook.model.GroupData#63]
00:26:03.031 [Test worker] DEBUG org.hibernate.loader.Loader - Result set row: 18
00:26:03.031 [Test worker] DEBUG org.hibernate.loader.Loader - Result row: EntityKey[ru.stqa.pft.addressbook.model.GroupData#64]
00:26:03.031 [Test worker] DEBUG org.hibernate.loader.Loader - Result set row: 19
00:26:03.031 [Test worker] DEBUG org.hibernate.loader.Loader - Result row: EntityKey[ru.stqa.pft.addressbook.model.GroupData#65]
00:26:03.031 [Test worker] DEBUG org.hibernate.loader.Loader - Result set row: 20
00:26:03.031 [Test worker] DEBUG org.hibernate.loader.Loader - Result row: EntityKey[ru.stqa.pft.addressbook.model.GroupData#66]
00:26:03.031 [Test worker] DEBUG org.hibernate.loader.Loader - Result set row: 21
00:26:03.031 [Test worker] DEBUG org.hibernate.loader.Loader - Result row: EntityKey[ru.stqa.pft.addressbook.model.GroupData#67]
00:26:03.031 [Test worker] DEBUG org.hibernate.loader.Loader - Result set row: 22
00:26:03.032 [Test worker] DEBUG org.hibernate.loader.Loader - Result row: EntityKey[ru.stqa.pft.addressbook.model.GroupData#68]
00:26:03.032 [Test worker] DEBUG org.hibernate.loader.Loader - Result set row: 23
00:26:03.032 [Test worker] DEBUG org.hibernate.loader.Loader - Result row: EntityKey[ru.stqa.pft.addressbook.model.GroupData#69]
00:26:03.032 [Test worker] DEBUG org.hibernate.loader.Loader - Result set row: 24
00:26:03.032 [Test worker] DEBUG org.hibernate.loader.Loader - Result row: EntityKey[ru.stqa.pft.addressbook.model.GroupData#70]
00:26:03.032 [Test worker] DEBUG org.hibernate.loader.Loader - Result set row: 25
00:26:03.032 [Test worker] DEBUG org.hibernate.loader.Loader - Result row: EntityKey[ru.stqa.pft.addressbook.model.GroupData#74]
00:26:03.032 [Test worker] DEBUG org.hibernate.loader.Loader - Result set row: 26
00:26:03.032 [Test worker] DEBUG org.hibernate.loader.Loader - Result row: EntityKey[ru.stqa.pft.addressbook.model.GroupData#75]
00:26:03.033 [Test worker] DEBUG org.hibernate.loader.Loader - Result set row: 27
00:26:03.033 [Test worker] DEBUG org.hibernate.loader.Loader - Result row: EntityKey[ru.stqa.pft.addressbook.model.GroupData#76]
00:26:03.033 [Test worker] DEBUG org.hibernate.loader.Loader - Result set row: 28
00:26:03.033 [Test worker] DEBUG org.hibernate.loader.Loader - Result row: EntityKey[ru.stqa.pft.addressbook.model.GroupData#77]
00:26:03.033 [Test worker] DEBUG org.hibernate.loader.Loader - Result set row: 29
00:26:03.033 [Test worker] DEBUG org.hibernate.loader.Loader - Result row: EntityKey[ru.stqa.pft.addressbook.model.GroupData#78]
00:26:03.033 [Test worker] DEBUG org.hibernate.loader.Loader - Result set row: 30
00:26:03.033 [Test worker] DEBUG org.hibernate.loader.Loader - Result row: EntityKey[ru.stqa.pft.addressbook.model.GroupData#80]
00:26:03.033 [Test worker] DEBUG org.hibernate.loader.Loader - Result set row: 31
00:26:03.033 [Test worker] DEBUG org.hibernate.loader.Loader - Result row: EntityKey[ru.stqa.pft.addressbook.model.GroupData#81]
00:26:03.033 [Test worker] DEBUG org.hibernate.loader.Loader - Result set row: 32
00:26:03.034 [Test worker] DEBUG org.hibernate.loader.Loader - Result row: EntityKey[ru.stqa.pft.addressbook.model.GroupData#82]
00:26:03.034 [Test worker] DEBUG org.hibernate.loader.Loader - Result set row: 33
00:26:03.034 [Test worker] DEBUG org.hibernate.loader.Loader - Result row: EntityKey[ru.stqa.pft.addressbook.model.GroupData#83]
00:26:03.034 [Test worker] DEBUG org.hibernate.loader.Loader - Result set row: 34
00:26:03.034 [Test worker] DEBUG org.hibernate.loader.Loader - Result row: EntityKey[ru.stqa.pft.addressbook.model.GroupData#84]
00:26:03.034 [Test worker] DEBUG org.hibernate.loader.Loader - Result set row: 35
00:26:03.034 [Test worker] DEBUG org.hibernate.loader.Loader - Result row: EntityKey[ru.stqa.pft.addressbook.model.GroupData#85]
00:26:03.034 [Test worker] DEBUG org.hibernate.loader.Loader - Result set row: 36
00:26:03.034 [Test worker] DEBUG org.hibernate.loader.Loader - Result row: EntityKey[ru.stqa.pft.addressbook.model.GroupData#86]
00:26:03.034 [Test worker] DEBUG org.hibernate.loader.Loader - Result set row: 37
00:26:03.034 [Test worker] DEBUG org.hibernate.loader.Loader - Result row: EntityKey[ru.stqa.pft.addressbook.model.GroupData#87]
00:26:03.035 [Test worker] DEBUG org.hibernate.loader.Loader - Result set row: 38
00:26:03.035 [Test worker] DEBUG org.hibernate.loader.Loader - Result row: EntityKey[ru.stqa.pft.addressbook.model.GroupData#88]
00:26:03.035 [Test worker] DEBUG org.hibernate.loader.Loader - Result set row: 39
00:26:03.035 [Test worker] DEBUG org.hibernate.loader.Loader - Result row: EntityKey[ru.stqa.pft.addressbook.model.GroupData#89]
00:26:03.035 [Test worker] DEBUG org.hibernate.loader.Loader - Result set row: 40
00:26:03.035 [Test worker] DEBUG org.hibernate.loader.Loader - Result row: EntityKey[ru.stqa.pft.addressbook.model.GroupData#90]
00:26:03.035 [Test worker] DEBUG org.hibernate.loader.Loader - Result set row: 41
00:26:03.035 [Test worker] DEBUG org.hibernate.loader.Loader - Result row: EntityKey[ru.stqa.pft.addressbook.model.GroupData#91]
00:26:03.035 [Test worker] DEBUG org.hibernate.loader.Loader - Result set row: 42
00:26:03.035 [Test worker] DEBUG org.hibernate.loader.Loader - Result row: EntityKey[ru.stqa.pft.addressbook.model.GroupData#93]
00:26:03.035 [Test worker] DEBUG org.hibernate.loader.Loader - Result set row: 43
00:26:03.035 [Test worker] DEBUG org.hibernate.loader.Loader - Result row: EntityKey[ru.stqa.pft.addressbook.model.GroupData#94]
00:26:03.036 [Test worker] DEBUG org.hibernate.loader.Loader - Result set row: 44
00:26:03.036 [Test worker] DEBUG org.hibernate.loader.Loader - Result row: EntityKey[ru.stqa.pft.addressbook.model.GroupData#95]
00:26:03.036 [Test worker] DEBUG org.hibernate.loader.Loader - Result set row: 45
00:26:03.036 [Test worker] DEBUG org.hibernate.loader.Loader - Result row: EntityKey[ru.stqa.pft.addressbook.model.GroupData#96]
00:26:03.036 [Test worker] DEBUG o.h.engine.internal.TwoPhaseLoad - Resolving associations for [ru.stqa.pft.addressbook.model.GroupData#44]
00:26:03.036 [Test worker] DEBUG o.h.engine.internal.TwoPhaseLoad - Done materializing entity [ru.stqa.pft.addressbook.model.GroupData#44]
00:26:03.036 [Test worker] DEBUG o.h.engine.internal.TwoPhaseLoad - Resolving associations for [ru.stqa.pft.addressbook.model.GroupData#45]
00:26:03.036 [Test worker] DEBUG o.h.engine.internal.TwoPhaseLoad - Done materializing entity [ru.stqa.pft.addressbook.model.GroupData#45]
00:26:03.036 [Test worker] DEBUG o.h.engine.internal.TwoPhaseLoad - Resolving associations for [ru.stqa.pft.addressbook.model.GroupData#48]
00:26:03.037 [Test worker] DEBUG o.h.engine.internal.TwoPhaseLoad - Done materializing entity [ru.stqa.pft.addressbook.model.GroupData#48]
00:26:03.037 [Test worker] DEBUG o.h.engine.internal.TwoPhaseLoad - Resolving associations for [ru.stqa.pft.addressbook.model.GroupData#49]
00:26:03.037 [Test worker] DEBUG o.h.engine.internal.TwoPhaseLoad - Done materializing entity [ru.stqa.pft.addressbook.model.GroupData#49]
00:26:03.037 [Test worker] DEBUG o.h.engine.internal.TwoPhaseLoad - Resolving associations for [ru.stqa.pft.addressbook.model.GroupData#50]
00:26:03.037 [Test worker] DEBUG o.h.engine.internal.TwoPhaseLoad - Done materializing entity [ru.stqa.pft.addressbook.model.GroupData#50]
00:26:03.037 [Test worker] DEBUG o.h.engine.internal.TwoPhaseLoad - Resolving associations for [ru.stqa.pft.addressbook.model.GroupData#51]
00:26:03.037 [Test worker] DEBUG o.h.engine.internal.TwoPhaseLoad - Done materializing entity [ru.stqa.pft.addressbook.model.GroupData#51]
00:26:03.037 [Test worker] DEBUG o.h.engine.internal.TwoPhaseLoad - Resolving associations for [ru.stqa.pft.addressbook.model.GroupData#52]
00:26:03.037 [Test worker] DEBUG o.h.engine.internal.TwoPhaseLoad - Done materializing entity [ru.stqa.pft.addressbook.model.GroupData#52]
00:26:03.037 [Test worker] DEBUG o.h.engine.internal.TwoPhaseLoad - Resolving associations for [ru.stqa.pft.addressbook.model.GroupData#53]
00:26:03.037 [Test worker] DEBUG o.h.engine.internal.TwoPhaseLoad - Done materializing entity [ru.stqa.pft.addressbook.model.GroupData#53]
00:26:03.037 [Test worker] DEBUG o.h.engine.internal.TwoPhaseLoad - Resolving associations for [ru.stqa.pft.addressbook.model.GroupData#54]
00:26:03.037 [Test worker] DEBUG o.h.engine.internal.TwoPhaseLoad - Done materializing entity [ru.stqa.pft.addressbook.model.GroupData#54]
00:26:03.038 [Test worker] DEBUG o.h.engine.internal.TwoPhaseLoad - Resolving associations for [ru.stqa.pft.addressbook.model.GroupData#55]
00:26:03.038 [Test worker] DEBUG o.h.engine.internal.TwoPhaseLoad - Done materializing entity [ru.stqa.pft.addressbook.model.GroupData#55]
00:26:03.038 [Test worker] DEBUG o.h.engine.internal.TwoPhaseLoad - Resolving associations for [ru.stqa.pft.addressbook.model.GroupData#56]
00:26:03.038 [Test worker] DEBUG o.h.engine.internal.TwoPhaseLoad - Done materializing entity [ru.stqa.pft.addressbook.model.GroupData#56]
00:26:03.038 [Test worker] DEBUG o.h.engine.internal.TwoPhaseLoad - Resolving associations for [ru.stqa.pft.addressbook.model.GroupData#57]
00:26:03.038 [Test worker] DEBUG o.h.engine.internal.TwoPhaseLoad - Done materializing entity [ru.stqa.pft.addressbook.model.GroupData#57]
00:26:03.038 [Test worker] DEBUG o.h.engine.internal.TwoPhaseLoad - Resolving associations for [ru.stqa.pft.addressbook.model.GroupData#58]
00:26:03.038 [Test worker] DEBUG o.h.engine.internal.TwoPhaseLoad - Done materializing entity [ru.stqa.pft.addressbook.model.GroupData#58]
00:26:03.038 [Test worker] DEBUG o.h.engine.internal.TwoPhaseLoad - Resolving associations for [ru.stqa.pft.addressbook.model.GroupData#59]
00:26:03.038 [Test worker] DEBUG o.h.engine.internal.TwoPhaseLoad - Done materializing entity [ru.stqa.pft.addressbook.model.GroupData#59]
00:26:03.038 [Test worker] DEBUG o.h.engine.internal.TwoPhaseLoad - Resolving associations for [ru.stqa.pft.addressbook.model.GroupData#60]
00:26:03.038 [Test worker] DEBUG o.h.engine.internal.TwoPhaseLoad - Done materializing entity [ru.stqa.pft.addressbook.model.GroupData#60]
00:26:03.038 [Test worker] DEBUG o.h.engine.internal.TwoPhaseLoad - Resolving associations for [ru.stqa.pft.addressbook.model.GroupData#61]
00:26:03.038 [Test worker] DEBUG o.h.engine.internal.TwoPhaseLoad - Done materializing entity [ru.stqa.pft.addressbook.model.GroupData#61]
00:26:03.038 [Test worker] DEBUG o.h.engine.internal.TwoPhaseLoad - Resolving associations for [ru.stqa.pft.addressbook.model.GroupData#62]
00:26:03.038 [Test worker] DEBUG o.h.engine.internal.TwoPhaseLoad - Done materializing entity [ru.stqa.pft.addressbook.model.GroupData#62]
00:26:03.039 [Test worker] DEBUG o.h.engine.internal.TwoPhaseLoad - Resolving associations for [ru.stqa.pft.addressbook.model.GroupData#63]
00:26:03.039 [Test worker] DEBUG o.h.engine.internal.TwoPhaseLoad - Done materializing entity [ru.stqa.pft.addressbook.model.GroupData#63]
00:26:03.039 [Test worker] DEBUG o.h.engine.internal.TwoPhaseLoad - Resolving associations for [ru.stqa.pft.addressbook.model.GroupData#64]
00:26:03.039 [Test worker] DEBUG o.h.engine.internal.TwoPhaseLoad - Done materializing entity [ru.stqa.pft.addressbook.model.GroupData#64]
00:26:03.039 [Test worker] DEBUG o.h.engine.internal.TwoPhaseLoad - Resolving associations for [ru.stqa.pft.addressbook.model.GroupData#65]
00:26:03.039 [Test worker] DEBUG o.h.engine.internal.TwoPhaseLoad - Done materializing entity [ru.stqa.pft.addressbook.model.GroupData#65]
00:26:03.039 [Test worker] DEBUG o.h.engine.internal.TwoPhaseLoad - Resolving associations for [ru.stqa.pft.addressbook.model.GroupData#66]
00:26:03.039 [Test worker] DEBUG o.h.engine.internal.TwoPhaseLoad - Done materializing entity [ru.stqa.pft.addressbook.model.GroupData#66]
00:26:03.039 [Test worker] DEBUG o.h.engine.internal.TwoPhaseLoad - Resolving associations for [ru.stqa.pft.addressbook.model.GroupData#67]
00:26:03.039 [Test worker] DEBUG o.h.engine.internal.TwoPhaseLoad - Done materializing entity [ru.stqa.pft.addressbook.model.GroupData#67]
00:26:03.039 [Test worker] DEBUG o.h.engine.internal.TwoPhaseLoad - Resolving associations for [ru.stqa.pft.addressbook.model.GroupData#68]
00:26:03.039 [Test worker] DEBUG o.h.engine.internal.TwoPhaseLoad - Done materializing entity [ru.stqa.pft.addressbook.model.GroupData#68]
00:26:03.039 [Test worker] DEBUG o.h.engine.internal.TwoPhaseLoad - Resolving associations for [ru.stqa.pft.addressbook.model.GroupData#69]
00:26:03.040 [Test worker] DEBUG o.h.engine.internal.TwoPhaseLoad - Done materializing entity [ru.stqa.pft.addressbook.model.GroupData#69]
00:26:03.040 [Test worker] DEBUG o.h.engine.internal.TwoPhaseLoad - Resolving associations for [ru.stqa.pft.addressbook.model.GroupData#70]
00:26:03.040 [Test worker] DEBUG o.h.engine.internal.TwoPhaseLoad - Done materializing entity [ru.stqa.pft.addressbook.model.GroupData#70]
00:26:03.040 [Test worker] DEBUG o.h.engine.internal.TwoPhaseLoad - Resolving associations for [ru.stqa.pft.addressbook.model.GroupData#74]
00:26:03.040 [Test worker] DEBUG o.h.engine.internal.TwoPhaseLoad - Done materializing entity [ru.stqa.pft.addressbook.model.GroupData#74]
00:26:03.040 [Test worker] DEBUG o.h.engine.internal.TwoPhaseLoad - Resolving associations for [ru.stqa.pft.addressbook.model.GroupData#75]
00:26:03.041 [Test worker] DEBUG o.h.engine.internal.TwoPhaseLoad - Done materializing entity [ru.stqa.pft.addressbook.model.GroupData#75]
00:26:03.041 [Test worker] DEBUG o.h.engine.internal.TwoPhaseLoad - Resolving associations for [ru.stqa.pft.addressbook.model.GroupData#76]
00:26:03.041 [Test worker] DEBUG o.h.engine.internal.TwoPhaseLoad - Done materializing entity [ru.stqa.pft.addressbook.model.GroupData#76]
00:26:03.041 [Test worker] DEBUG o.h.engine.internal.TwoPhaseLoad - Resolving associations for [ru.stqa.pft.addressbook.model.GroupData#77]
00:26:03.041 [Test worker] DEBUG o.h.engine.internal.TwoPhaseLoad - Done materializing entity [ru.stqa.pft.addressbook.model.GroupData#77]
00:26:03.041 [Test worker] DEBUG o.h.engine.internal.TwoPhaseLoad - Resolving associations for [ru.stqa.pft.addressbook.model.GroupData#78]
00:26:03.041 [Test worker] DEBUG o.h.engine.internal.TwoPhaseLoad - Done materializing entity [ru.stqa.pft.addressbook.model.GroupData#78]
00:26:03.041 [Test worker] DEBUG o.h.engine.internal.TwoPhaseLoad - Resolving associations for [ru.stqa.pft.addressbook.model.GroupData#80]
00:26:03.041 [Test worker] DEBUG o.h.engine.internal.TwoPhaseLoad - Done materializing entity [ru.stqa.pft.addressbook.model.GroupData#80]
00:26:03.041 [Test worker] DEBUG o.h.engine.internal.TwoPhaseLoad - Resolving associations for [ru.stqa.pft.addressbook.model.GroupData#81]
00:26:03.041 [Test worker] DEBUG o.h.engine.internal.TwoPhaseLoad - Done materializing entity [ru.stqa.pft.addressbook.model.GroupData#81]
00:26:03.041 [Test worker] DEBUG o.h.engine.internal.TwoPhaseLoad - Resolving associations for [ru.stqa.pft.addressbook.model.GroupData#82]
00:26:03.041 [Test worker] DEBUG o.h.engine.internal.TwoPhaseLoad - Done materializing entity [ru.stqa.pft.addressbook.model.GroupData#82]
00:26:03.041 [Test worker] DEBUG o.h.engine.internal.TwoPhaseLoad - Resolving associations for [ru.stqa.pft.addressbook.model.GroupData#83]
00:26:03.042 [Test worker] DEBUG o.h.engine.internal.TwoPhaseLoad - Done materializing entity [ru.stqa.pft.addressbook.model.GroupData#83]
00:26:03.042 [Test worker] DEBUG o.h.engine.internal.TwoPhaseLoad - Resolving associations for [ru.stqa.pft.addressbook.model.GroupData#84]
00:26:03.042 [Test worker] DEBUG o.h.engine.internal.TwoPhaseLoad - Done materializing entity [ru.stqa.pft.addressbook.model.GroupData#84]
00:26:03.042 [Test worker] DEBUG o.h.engine.internal.TwoPhaseLoad - Resolving associations for [ru.stqa.pft.addressbook.model.GroupData#85]
00:26:03.042 [Test worker] DEBUG o.h.engine.internal.TwoPhaseLoad - Done materializing entity [ru.stqa.pft.addressbook.model.GroupData#85]
00:26:03.042 [Test worker] DEBUG o.h.engine.internal.TwoPhaseLoad - Resolving associations for [ru.stqa.pft.addressbook.model.GroupData#86]
00:26:03.042 [Test worker] DEBUG o.h.engine.internal.TwoPhaseLoad - Done materializing entity [ru.stqa.pft.addressbook.model.GroupData#86]
00:26:03.042 [Test worker] DEBUG o.h.engine.internal.TwoPhaseLoad - Resolving associations for [ru.stqa.pft.addressbook.model.GroupData#87]
00:26:03.042 [Test worker] DEBUG o.h.engine.internal.TwoPhaseLoad - Done materializing entity [ru.stqa.pft.addressbook.model.GroupData#87]
00:26:03.042 [Test worker] DEBUG o.h.engine.internal.TwoPhaseLoad - Resolving associations for [ru.stqa.pft.addressbook.model.GroupData#88]
00:26:03.042 [Test worker] DEBUG o.h.engine.internal.TwoPhaseLoad - Done materializing entity [ru.stqa.pft.addressbook.model.GroupData#88]
00:26:03.042 [Test worker] DEBUG o.h.engine.internal.TwoPhaseLoad - Resolving associations for [ru.stqa.pft.addressbook.model.GroupData#89]
00:26:03.042 [Test worker] DEBUG o.h.engine.internal.TwoPhaseLoad - Done materializing entity [ru.stqa.pft.addressbook.model.GroupData#89]
00:26:03.042 [Test worker] DEBUG o.h.engine.internal.TwoPhaseLoad - Resolving associations for [ru.stqa.pft.addressbook.model.GroupData#90]
00:26:03.042 [Test worker] DEBUG o.h.engine.internal.TwoPhaseLoad - Done materializing entity [ru.stqa.pft.addressbook.model.GroupData#90]
00:26:03.042 [Test worker] DEBUG o.h.engine.internal.TwoPhaseLoad - Resolving associations for [ru.stqa.pft.addressbook.model.GroupData#91]
00:26:03.043 [Test worker] DEBUG o.h.engine.internal.TwoPhaseLoad - Done materializing entity [ru.stqa.pft.addressbook.model.GroupData#91]
00:26:03.043 [Test worker] DEBUG o.h.engine.internal.TwoPhaseLoad - Resolving associations for [ru.stqa.pft.addressbook.model.GroupData#93]
00:26:03.043 [Test worker] DEBUG o.h.engine.internal.TwoPhaseLoad - Done materializing entity [ru.stqa.pft.addressbook.model.GroupData#93]
00:26:03.043 [Test worker] DEBUG o.h.engine.internal.TwoPhaseLoad - Resolving associations for [ru.stqa.pft.addressbook.model.GroupData#94]
00:26:03.043 [Test worker] DEBUG o.h.engine.internal.TwoPhaseLoad - Done materializing entity [ru.stqa.pft.addressbook.model.GroupData#94]
00:26:03.043 [Test worker] DEBUG o.h.engine.internal.TwoPhaseLoad - Resolving associations for [ru.stqa.pft.addressbook.model.GroupData#95]
00:26:03.043 [Test worker] DEBUG o.h.engine.internal.TwoPhaseLoad - Done materializing entity [ru.stqa.pft.addressbook.model.GroupData#95]
00:26:03.043 [Test worker] DEBUG o.h.engine.internal.TwoPhaseLoad - Resolving associations for [ru.stqa.pft.addressbook.model.GroupData#96]
00:26:03.043 [Test worker] DEBUG o.h.engine.internal.TwoPhaseLoad - Done materializing entity [ru.stqa.pft.addressbook.model.GroupData#96]
00:26:03.043 [Test worker] DEBUG o.h.e.t.internal.TransactionImpl - committing
00:26:03.044 [Test worker] DEBUG o.h.e.i.AbstractFlushingEventListener - Processing flush-time cascades
00:26:03.044 [Test worker] DEBUG o.h.e.i.AbstractFlushingEventListener - Dirty checking collections
00:26:03.044 [Test worker] DEBUG o.h.engine.internal.Collections - Collection found: [ru.stqa.pft.addressbook.model.GroupData.contacts#44], was: [ru.stqa.pft.addressbook.model.GroupData.contacts#44] (uninitialized)
00:26:03.044 [Test worker] DEBUG o.h.engine.internal.Collections - Collection found: [ru.stqa.pft.addressbook.model.GroupData.contacts#45], was: [ru.stqa.pft.addressbook.model.GroupData.contacts#45] (uninitialized)
00:26:03.044 [Test worker] DEBUG o.h.engine.internal.Collections - Collection found: [ru.stqa.pft.addressbook.model.GroupData.contacts#48], was: [ru.stqa.pft.addressbook.model.GroupData.contacts#48] (uninitialized)
00:26:03.044 [Test worker] DEBUG o.h.engine.internal.Collections - Collection found: [ru.stqa.pft.addressbook.model.GroupData.contacts#49], was: [ru.stqa.pft.addressbook.model.GroupData.contacts#49] (uninitialized)
00:26:03.044 [Test worker] DEBUG o.h.engine.internal.Collections - Collection found: [ru.stqa.pft.addressbook.model.GroupData.contacts#50], was: [ru.stqa.pft.addressbook.model.GroupData.contacts#50] (uninitialized)
00:26:03.045 [Test worker] DEBUG o.h.engine.internal.Collections - Collection found: [ru.stqa.pft.addressbook.model.GroupData.contacts#51], was: [ru.stqa.pft.addressbook.model.GroupData.contacts#51] (uninitialized)
00:26:03.045 [Test worker] DEBUG o.h.engine.internal.Collections - Collection found: [ru.stqa.pft.addressbook.model.GroupData.contacts#52], was: [ru.stqa.pft.addressbook.model.GroupData.contacts#52] (uninitialized)
00:26:03.045 [Test worker] DEBUG o.h.engine.internal.Collections - Collection found: [ru.stqa.pft.addressbook.model.GroupData.contacts#53], was: [ru.stqa.pft.addressbook.model.GroupData.contacts#53] (uninitialized)
00:26:03.045 [Test worker] DEBUG o.h.engine.internal.Collections - Collection found: [ru.stqa.pft.addressbook.model.GroupData.contacts#54], was: [ru.stqa.pft.addressbook.model.GroupData.contacts#54] (uninitialized)
00:26:03.045 [Test worker] DEBUG o.h.engine.internal.Collections - Collection found: [ru.stqa.pft.addressbook.model.GroupData.contacts#55], was: [ru.stqa.pft.addressbook.model.GroupData.contacts#55] (uninitialized)
00:26:03.045 [Test worker] DEBUG o.h.engine.internal.Collections - Collection found: [ru.stqa.pft.addressbook.model.GroupData.contacts#56], was: [ru.stqa.pft.addressbook.model.GroupData.contacts#56] (uninitialized)
00:26:03.046 [Test worker] DEBUG o.h.engine.internal.Collections - Collection found: [ru.stqa.pft.addressbook.model.GroupData.contacts#57], was: [ru.stqa.pft.addressbook.model.GroupData.contacts#57] (uninitialized)
00:26:03.047 [Test worker] DEBUG o.h.engine.internal.Collections - Collection found: [ru.stqa.pft.addressbook.model.GroupData.contacts#58], was: [ru.stqa.pft.addressbook.model.GroupData.contacts#58] (uninitialized)
00:26:03.047 [Test worker] DEBUG o.h.engine.internal.Collections - Collection found: [ru.stqa.pft.addressbook.model.GroupData.contacts#59], was: [ru.stqa.pft.addressbook.model.GroupData.contacts#59] (uninitialized)
00:26:03.047 [Test worker] DEBUG o.h.engine.internal.Collections - Collection found: [ru.stqa.pft.addressbook.model.GroupData.contacts#60], was: [ru.stqa.pft.addressbook.model.GroupData.contacts#60] (uninitialized)
00:26:03.047 [Test worker] DEBUG o.h.engine.internal.Collections - Collection found: [ru.stqa.pft.addressbook.model.GroupData.contacts#61], was: [ru.stqa.pft.addressbook.model.GroupData.contacts#61] (uninitialized)
00:26:03.047 [Test worker] DEBUG o.h.engine.internal.Collections - Collection found: [ru.stqa.pft.addressbook.model.GroupData.contacts#62], was: [ru.stqa.pft.addressbook.model.GroupData.contacts#62] (uninitialized)
00:26:03.048 [Test worker] DEBUG o.h.engine.internal.Collections - Collection found: [ru.stqa.pft.addressbook.model.GroupData.contacts#63], was: [ru.stqa.pft.addressbook.model.GroupData.contacts#63] (uninitialized)
00:26:03.048 [Test worker] DEBUG o.h.engine.internal.Collections - Collection found: [ru.stqa.pft.addressbook.model.GroupData.contacts#64], was: [ru.stqa.pft.addressbook.model.GroupData.contacts#64] (uninitialized)
00:26:03.048 [Test worker] DEBUG o.h.engine.internal.Collections - Collection found: [ru.stqa.pft.addressbook.model.GroupData.contacts#65], was: [ru.stqa.pft.addressbook.model.GroupData.contacts#65] (uninitialized)
00:26:03.048 [Test worker] DEBUG o.h.engine.internal.Collections - Collection found: [ru.stqa.pft.addressbook.model.GroupData.contacts#66], was: [ru.stqa.pft.addressbook.model.GroupData.contacts#66] (uninitialized)
00:26:03.048 [Test worker] DEBUG o.h.engine.internal.Collections - Collection found: [ru.stqa.pft.addressbook.model.GroupData.contacts#67], was: [ru.stqa.pft.addressbook.model.GroupData.contacts#67] (uninitialized)
00:26:03.048 [Test worker] DEBUG o.h.engine.internal.Collections - Collection found: [ru.stqa.pft.addressbook.model.GroupData.contacts#68], was: [ru.stqa.pft.addressbook.model.GroupData.contacts#68] (uninitialized)
00:26:03.048 [Test worker] DEBUG o.h.engine.internal.Collections - Collection found: [ru.stqa.pft.addressbook.model.GroupData.contacts#69], was: [ru.stqa.pft.addressbook.model.GroupData.contacts#69] (uninitialized)
00:26:03.048 [Test worker] DEBUG o.h.engine.internal.Collections - Collection found: [ru.stqa.pft.addressbook.model.GroupData.contacts#70], was: [ru.stqa.pft.addressbook.model.GroupData.contacts#70] (uninitialized)
00:26:03.048 [Test worker] DEBUG o.h.engine.internal.Collections - Collection found: [ru.stqa.pft.addressbook.model.GroupData.contacts#74], was: [ru.stqa.pft.addressbook.model.GroupData.contacts#74] (uninitialized)
00:26:03.048 [Test worker] DEBUG o.h.engine.internal.Collections - Collection found: [ru.stqa.pft.addressbook.model.GroupData.contacts#75], was: [ru.stqa.pft.addressbook.model.GroupData.contacts#75] (uninitialized)
00:26:03.048 [Test worker] DEBUG o.h.engine.internal.Collections - Collection found: [ru.stqa.pft.addressbook.model.GroupData.contacts#76], was: [ru.stqa.pft.addressbook.model.GroupData.contacts#76] (uninitialized)
00:26:03.048 [Test worker] DEBUG o.h.engine.internal.Collections - Collection found: [ru.stqa.pft.addressbook.model.GroupData.contacts#77], was: [ru.stqa.pft.addressbook.model.GroupData.contacts#77] (uninitialized)
00:26:03.049 [Test worker] DEBUG o.h.engine.internal.Collections - Collection found: [ru.stqa.pft.addressbook.model.GroupData.contacts#78], was: [ru.stqa.pft.addressbook.model.GroupData.contacts#78] (uninitialized)
00:26:03.049 [Test worker] DEBUG o.h.engine.internal.Collections - Collection found: [ru.stqa.pft.addressbook.model.GroupData.contacts#80], was: [ru.stqa.pft.addressbook.model.GroupData.contacts#80] (uninitialized)
00:26:03.049 [Test worker] DEBUG o.h.engine.internal.Collections - Collection found: [ru.stqa.pft.addressbook.model.GroupData.contacts#81], was: [ru.stqa.pft.addressbook.model.GroupData.contacts#81] (uninitialized)
00:26:03.049 [Test worker] DEBUG o.h.engine.internal.Collections - Collection found: [ru.stqa.pft.addressbook.model.GroupData.contacts#82], was: [ru.stqa.pft.addressbook.model.GroupData.contacts#82] (uninitialized)
00:26:03.049 [Test worker] DEBUG o.h.engine.internal.Collections - Collection found: [ru.stqa.pft.addressbook.model.GroupData.contacts#83], was: [ru.stqa.pft.addressbook.model.GroupData.contacts#83] (uninitialized)
00:26:03.049 [Test worker] DEBUG o.h.engine.internal.Collections - Collection found: [ru.stqa.pft.addressbook.model.GroupData.contacts#84], was: [ru.stqa.pft.addressbook.model.GroupData.contacts#84] (uninitialized)
00:26:03.049 [Test worker] DEBUG o.h.engine.internal.Collections - Collection found: [ru.stqa.pft.addressbook.model.GroupData.contacts#85], was: [ru.stqa.pft.addressbook.model.GroupData.contacts#85] (uninitialized)
00:26:03.049 [Test worker] DEBUG o.h.engine.internal.Collections - Collection found: [ru.stqa.pft.addressbook.model.GroupData.contacts#86], was: [ru.stqa.pft.addressbook.model.GroupData.contacts#86] (uninitialized)
00:26:03.049 [Test worker] DEBUG o.h.engine.internal.Collections - Collection found: [ru.stqa.pft.addressbook.model.GroupData.contacts#87], was: [ru.stqa.pft.addressbook.model.GroupData.contacts#87] (uninitialized)
00:26:03.050 [Test worker] DEBUG o.h.engine.internal.Collections - Collection found: [ru.stqa.pft.addressbook.model.GroupData.contacts#88], was: [ru.stqa.pft.addressbook.model.GroupData.contacts#88] (uninitialized)
00:26:03.050 [Test worker] DEBUG o.h.engine.internal.Collections - Collection found: [ru.stqa.pft.addressbook.model.GroupData.contacts#89], was: [ru.stqa.pft.addressbook.model.GroupData.contacts#89] (uninitialized)
00:26:03.050 [Test worker] DEBUG o.h.engine.internal.Collections - Collection found: [ru.stqa.pft.addressbook.model.GroupData.contacts#90], was: [ru.stqa.pft.addressbook.model.GroupData.contacts#90] (uninitialized)
00:26:03.050 [Test worker] DEBUG o.h.engine.internal.Collections - Collection found: [ru.stqa.pft.addressbook.model.GroupData.contacts#91], was: [ru.stqa.pft.addressbook.model.GroupData.contacts#91] (uninitialized)
00:26:03.050 [Test worker] DEBUG o.h.engine.internal.Collections - Collection found: [ru.stqa.pft.addressbook.model.GroupData.contacts#93], was: [ru.stqa.pft.addressbook.model.GroupData.contacts#93] (uninitialized)
00:26:03.050 [Test worker] DEBUG o.h.engine.internal.Collections - Collection found: [ru.stqa.pft.addressbook.model.GroupData.contacts#94], was: [ru.stqa.pft.addressbook.model.GroupData.contacts#94] (uninitialized)
00:26:03.050 [Test worker] DEBUG o.h.engine.internal.Collections - Collection found: [ru.stqa.pft.addressbook.model.GroupData.contacts#95], was: [ru.stqa.pft.addressbook.model.GroupData.contacts#95] (uninitialized)
00:26:03.050 [Test worker] DEBUG o.h.engine.internal.Collections - Collection found: [ru.stqa.pft.addressbook.model.GroupData.contacts#96], was: [ru.stqa.pft.addressbook.model.GroupData.contacts#96] (uninitialized)
00:26:03.050 [Test worker] DEBUG o.h.e.i.AbstractFlushingEventListener - Flushed: 0 insertions, 0 updates, 0 deletions to 46 objects
00:26:03.051 [Test worker] DEBUG o.h.e.i.AbstractFlushingEventListener - Flushed: 0 (re)creations, 0 updates, 0 removals to 46 collections
00:26:03.051 [Test worker] DEBUG o.h.internal.util.EntityPrinter - Listing entities:
00:26:03.051 [Test worker] DEBUG o.h.internal.util.EntityPrinter - ru.stqa.pft.addressbook.model.GroupData{footer=footer 2, name=test 2, header=header 2, id=75, contacts=<uninitialized>}
00:26:03.051 [Test worker] DEBUG o.h.internal.util.EntityPrinter - ru.stqa.pft.addressbook.model.GroupData{footer=test2, name=the first, header=test1, id=76, contacts=<uninitialized>}
00:26:03.051 [Test worker] DEBUG o.h.internal.util.EntityPrinter - ru.stqa.pft.addressbook.model.GroupData{footer=test2, name=the first, header=test1, id=77, contacts=<uninitialized>}
00:26:03.051 [Test worker] DEBUG o.h.internal.util.EntityPrinter - ru.stqa.pft.addressbook.model.GroupData{footer=footer 2, name=test 2, header=header 2, id=78, contacts=<uninitialized>}
00:26:03.051 [Test worker] DEBUG o.h.internal.util.EntityPrinter - ru.stqa.pft.addressbook.model.GroupData{footer=footer 1, name=test 1, header=header 1, id=80, contacts=<uninitialized>}
00:26:03.051 [Test worker] DEBUG o.h.internal.util.EntityPrinter - ru.stqa.pft.addressbook.model.GroupData{footer=test2, name=the first, header=test1, id=81, contacts=<uninitialized>}
00:26:03.051 [Test worker] DEBUG o.h.internal.util.EntityPrinter - ru.stqa.pft.addressbook.model.GroupData{footer=footer 0, name=test 0, header=header 0, id=82, contacts=<uninitialized>}
00:26:03.051 [Test worker] DEBUG o.h.internal.util.EntityPrinter - ru.stqa.pft.addressbook.model.GroupData{footer=footer 1, name=test 1, header=header 1, id=83, contacts=<uninitialized>}
00:26:03.051 [Test worker] DEBUG o.h.internal.util.EntityPrinter - ru.stqa.pft.addressbook.model.GroupData{footer=footer 2, name=test 2, header=header 2, id=84, contacts=<uninitialized>}
00:26:03.051 [Test worker] DEBUG o.h.internal.util.EntityPrinter - ru.stqa.pft.addressbook.model.GroupData{footer=footer 0, name=test 0, header=header 0, id=85, contacts=<uninitialized>}
00:26:03.051 [Test worker] DEBUG o.h.internal.util.EntityPrinter - ru.stqa.pft.addressbook.model.GroupData{footer=footer 1, name=test 1, header=header 1, id=86, contacts=<uninitialized>}
00:26:03.051 [Test worker] DEBUG o.h.internal.util.EntityPrinter - ru.stqa.pft.addressbook.model.GroupData{footer=footer 2, name=test 2, header=header 2, id=87, contacts=<uninitialized>}
00:26:03.051 [Test worker] DEBUG o.h.internal.util.EntityPrinter - ru.stqa.pft.addressbook.model.GroupData{footer=footer 0, name=test 0, header=header 0, id=88, contacts=<uninitialized>}
00:26:03.051 [Test worker] DEBUG o.h.internal.util.EntityPrinter - ru.stqa.pft.addressbook.model.GroupData{footer=footer 1, name=test 1, header=header 1, id=89, contacts=<uninitialized>}
00:26:03.051 [Test worker] DEBUG o.h.internal.util.EntityPrinter - ru.stqa.pft.addressbook.model.GroupData{footer=footer 2, name=test 2, header=header 2, id=90, contacts=<uninitialized>}
00:26:03.051 [Test worker] DEBUG o.h.internal.util.EntityPrinter - ru.stqa.pft.addressbook.model.GroupData{footer=test2, name=the first, header=test1, id=91, contacts=<uninitialized>}
00:26:03.051 [Test worker] DEBUG o.h.internal.util.EntityPrinter - ru.stqa.pft.addressbook.model.GroupData{footer=test2, name=the first, header=test1, id=93, contacts=<uninitialized>}
00:26:03.051 [Test worker] DEBUG o.h.internal.util.EntityPrinter - ru.stqa.pft.addressbook.model.GroupData{footer=footer 0, name=test 0, header=header 0, id=94, contacts=<uninitialized>}
00:26:03.051 [Test worker] DEBUG o.h.internal.util.EntityPrinter - ru.stqa.pft.addressbook.model.GroupData{footer=footer 1, name=test 1, header=header 1, id=95, contacts=<uninitialized>}
00:26:03.051 [Test worker] DEBUG o.h.internal.util.EntityPrinter - ru.stqa.pft.addressbook.model.GroupData{footer=footer 2, name=test 2, header=header 2, id=96, contacts=<uninitialized>}
00:26:03.051 [Test worker] DEBUG o.h.internal.util.EntityPrinter - ru.stqa.pft.addressbook.model.GroupData{footer=test2, name=the first, header=test1, id=44, contacts=<uninitialized>}
00:26:03.051 [Test worker] DEBUG o.h.internal.util.EntityPrinter - More......
]]></system-out>
  <system-err><![CDATA[]]></system-err>
</testsuite>
